[0.026s] Invoking command in '/home/eternal/ros2_ws/build/bag_reading_cpp': CMAKE_PREFIX_PATH=/opt/ros/humble /usr/bin/cmake --build /home/eternal/ros2_ws/build/bag_reading_cpp -- -j16 -l16
[0.109s] [35m[1mConsolidate compiler generated dependencies of target simple_bag_reader_test[0m
[0.125s] [ 33%] Built target simple_bag_reader
[0.125s] [ 66%] Built target imu_filter_node
[0.127s] [ 83%] [32mBuilding CXX object CMakeFiles/simple_bag_reader_test.dir/src/simple_bag_reader_test.cpp.o[0m
[2.485s] [100%] [32m[1mLinking CXX executable simple_bag_reader_test[0m
[2.656s] [100%] Built target simple_bag_reader_test
[2.666s] Invoked command in '/home/eternal/ros2_ws/build/bag_reading_cpp' returned '0': CMAKE_PREFIX_PATH=/opt/ros/humble /usr/bin/cmake --build /home/eternal/ros2_ws/build/bag_reading_cpp -- -j16 -l16
[2.693s] Invoking command in '/home/eternal/ros2_ws/build/bag_reading_cpp': CMAKE_PREFIX_PATH=/opt/ros/humble /usr/bin/cmake --install /home/eternal/ros2_ws/build/bag_reading_cpp
[2.698s] -- Install configuration: ""
[2.699s] -- Execute custom install script
[2.699s] -- Up-to-date symlink: /home/eternal/ros2_ws/install/bag_reading_cpp/lib/bag_reading_cpp/simple_bag_reader
[2.699s] -- Up-to-date symlink: /home/eternal/ros2_ws/install/bag_reading_cpp/lib/bag_reading_cpp/simple_bag_reader_test
[2.699s] -- Up-to-date symlink: /home/eternal/ros2_ws/install/bag_reading_cpp/lib/bag_reading_cpp/imu_filter_node
[2.699s] -- Up-to-date symlink: /home/eternal/ros2_ws/install/bag_reading_cpp/share/ament_index/resource_index/package_run_dependencies/bag_reading_cpp
[2.699s] -- Up-to-date symlink: /home/eternal/ros2_ws/install/bag_reading_cpp/share/ament_index/resource_index/parent_prefix_path/bag_reading_cpp
[2.700s] -- Up-to-date symlink: /home/eternal/ros2_ws/install/bag_reading_cpp/share/bag_reading_cpp/environment/ament_prefix_path.sh
[2.700s] -- Up-to-date symlink: /home/eternal/ros2_ws/install/bag_reading_cpp/share/bag_reading_cpp/environment/ament_prefix_path.dsv
[2.700s] -- Up-to-date symlink: /home/eternal/ros2_ws/install/bag_reading_cpp/share/bag_reading_cpp/environment/path.sh
[2.700s] -- Up-to-date symlink: /home/eternal/ros2_ws/install/bag_reading_cpp/share/bag_reading_cpp/environment/path.dsv
[2.700s] -- Up-to-date symlink: /home/eternal/ros2_ws/install/bag_reading_cpp/share/bag_reading_cpp/local_setup.bash
[2.700s] -- Up-to-date symlink: /home/eternal/ros2_ws/install/bag_reading_cpp/share/bag_reading_cpp/local_setup.sh
[2.700s] -- Up-to-date symlink: /home/eternal/ros2_ws/install/bag_reading_cpp/share/bag_reading_cpp/local_setup.zsh
[2.700s] -- Up-to-date symlink: /home/eternal/ros2_ws/install/bag_reading_cpp/share/bag_reading_cpp/local_setup.dsv
[2.701s] -- Symlinking: /home/eternal/ros2_ws/install/bag_reading_cpp/share/bag_reading_cpp/package.dsv
[2.706s] -- Up-to-date symlink: /home/eternal/ros2_ws/install/bag_reading_cpp/share/ament_index/resource_index/packages/bag_reading_cpp
[2.707s] -- Up-to-date symlink: /home/eternal/ros2_ws/install/bag_reading_cpp/share/bag_reading_cpp/cmake/bag_reading_cppConfig.cmake
[2.707s] -- Up-to-date symlink: /home/eternal/ros2_ws/install/bag_reading_cpp/share/bag_reading_cpp/cmake/bag_reading_cppConfig-version.cmake
[2.707s] -- Up-to-date symlink: /home/eternal/ros2_ws/install/bag_reading_cpp/share/bag_reading_cpp/package.xml
[2.709s] Invoked command in '/home/eternal/ros2_ws/build/bag_reading_cpp' returned '0': CMAKE_PREFIX_PATH=/opt/ros/humble /usr/bin/cmake --install /home/eternal/ros2_ws/build/bag_reading_cpp
