[0.058s] Invoking command in '/home/eternal/ros2_ws/build/action_tutorials_cpp': CMAKE_PREFIX_PATH=/opt/ros/humble /usr/bin/cmake --build /home/eternal/ros2_ws/build/action_tutorials_cpp -- -j16 -l16
[0.192s] [ 25%] Built target fibonacci_action_client
[0.195s] [ 50%] Built target fibonacci_action_server
[0.196s] [ 75%] Built target action_server
[0.197s] [100%] Built target action_client
[0.229s] Invoked command in '/home/eternal/ros2_ws/build/action_tutorials_cpp' returned '0': CMAKE_PREFIX_PATH=/opt/ros/humble /usr/bin/cmake --build /home/eternal/ros2_ws/build/action_tutorials_cpp -- -j16 -l16
[0.320s] Invoking command in '/home/eternal/ros2_ws/build/action_tutorials_cpp': CMAKE_PREFIX_PATH=/opt/ros/humble /usr/bin/cmake --install /home/eternal/ros2_ws/build/action_tutorials_cpp
[0.338s] -- Install configuration: ""
[0.340s] -- Execute custom install script
[0.340s] -- Up-to-date symlink: /home/eternal/ros2_ws/install/action_tutorials_cpp/lib/action_tutorials_cpp/fibonacci_action_client
[0.340s] -- Up-to-date symlink: /home/eternal/ros2_ws/install/action_tutorials_cpp/lib/libaction_client.so
[0.340s] -- Up-to-date symlink: /home/eternal/ros2_ws/install/action_tutorials_cpp/lib/action_tutorials_cpp/fibonacci_action_server
[0.341s] -- Up-to-date symlink: /home/eternal/ros2_ws/install/action_tutorials_cpp/lib/libaction_server.so
[0.342s] -- Up-to-date symlink: /home/eternal/ros2_ws/install/action_tutorials_cpp/share/ament_index/resource_index/package_run_dependencies/action_tutorials_cpp
[0.342s] -- Up-to-date symlink: /home/eternal/ros2_ws/install/action_tutorials_cpp/share/ament_index/resource_index/parent_prefix_path/action_tutorials_cpp
[0.342s] -- Up-to-date symlink: /home/eternal/ros2_ws/install/action_tutorials_cpp/share/action_tutorials_cpp/environment/ament_prefix_path.sh
[0.343s] -- Up-to-date symlink: /home/eternal/ros2_ws/install/action_tutorials_cpp/share/action_tutorials_cpp/environment/ament_prefix_path.dsv
[0.343s] -- Up-to-date symlink: /home/eternal/ros2_ws/install/action_tutorials_cpp/share/action_tutorials_cpp/environment/path.sh
[0.343s] -- Up-to-date symlink: /home/eternal/ros2_ws/install/action_tutorials_cpp/share/action_tutorials_cpp/environment/path.dsv
[0.343s] -- Up-to-date symlink: /home/eternal/ros2_ws/install/action_tutorials_cpp/share/action_tutorials_cpp/local_setup.bash
[0.343s] -- Up-to-date symlink: /home/eternal/ros2_ws/install/action_tutorials_cpp/share/action_tutorials_cpp/local_setup.sh
[0.343s] -- Up-to-date symlink: /home/eternal/ros2_ws/install/action_tutorials_cpp/share/action_tutorials_cpp/local_setup.zsh
[0.343s] -- Up-to-date symlink: /home/eternal/ros2_ws/install/action_tutorials_cpp/share/action_tutorials_cpp/local_setup.dsv
[0.343s] -- Symlinking: /home/eternal/ros2_ws/install/action_tutorials_cpp/share/action_tutorials_cpp/package.dsv
[0.358s] -- Up-to-date symlink: /home/eternal/ros2_ws/install/action_tutorials_cpp/share/ament_index/resource_index/packages/action_tutorials_cpp
[0.359s] -- Up-to-date symlink: /home/eternal/ros2_ws/install/action_tutorials_cpp/share/ament_index/resource_index/rclcpp_components/action_tutorials_cpp
[0.359s] -- Up-to-date symlink: /home/eternal/ros2_ws/install/action_tutorials_cpp/share/action_tutorials_cpp/cmake/action_tutorials_cppConfig.cmake
[0.362s] -- Up-to-date symlink: /home/eternal/ros2_ws/install/action_tutorials_cpp/share/action_tutorials_cpp/cmake/action_tutorials_cppConfig-version.cmake
[0.362s] -- Up-to-date symlink: /home/eternal/ros2_ws/install/action_tutorials_cpp/share/action_tutorials_cpp/package.xml
[0.444s] Invoked command in '/home/eternal/ros2_ws/build/action_tutorials_cpp' returned '0': CMAKE_PREFIX_PATH=/opt/ros/humble /usr/bin/cmake --install /home/eternal/ros2_ws/build/action_tutorials_cpp
