[0.068s] Invoking command in '/home/eternal/ros2_ws/build/polygon_base': CMAKE_PREFIX_PATH=/opt/ros/humble /usr/bin/cmake --build /home/eternal/ros2_ws/build/polygon_base -- -j16 -l16
[0.204s] [100%] Built target area_node
[0.245s] Invoked command in '/home/eternal/ros2_ws/build/polygon_base' returned '0': CMAKE_PREFIX_PATH=/opt/ros/humble /usr/bin/cmake --build /home/eternal/ros2_ws/build/polygon_base -- -j16 -l16
[0.342s] Invoking command in '/home/eternal/ros2_ws/build/polygon_base': CMAKE_PREFIX_PATH=/opt/ros/humble /usr/bin/cmake --install /home/eternal/ros2_ws/build/polygon_base
[0.361s] -- Install configuration: ""
[0.363s] -- Execute custom install script
[0.364s] -- Up-to-date symlink: /home/eternal/ros2_ws/install/polygon_base/include/polygon_base/regular_polygon.hpp
[0.365s] -- Up-to-date symlink: /home/eternal/ros2_ws/install/polygon_base/lib/polygon_base/area_node
[0.366s] -- Up-to-date symlink: /home/eternal/ros2_ws/install/polygon_base/share/ament_index/resource_index/package_run_dependencies/polygon_base
[0.366s] -- Up-to-date symlink: /home/eternal/ros2_ws/install/polygon_base/share/ament_index/resource_index/parent_prefix_path/polygon_base
[0.366s] -- Up-to-date symlink: /home/eternal/ros2_ws/install/polygon_base/share/polygon_base/environment/ament_prefix_path.sh
[0.367s] -- Up-to-date symlink: /home/eternal/ros2_ws/install/polygon_base/share/polygon_base/environment/ament_prefix_path.dsv
[0.369s] -- Up-to-date symlink: /home/eternal/ros2_ws/install/polygon_base/share/polygon_base/environment/path.sh
[0.369s] -- Up-to-date symlink: /home/eternal/ros2_ws/install/polygon_base/share/polygon_base/environment/path.dsv
[0.369s] -- Up-to-date symlink: /home/eternal/ros2_ws/install/polygon_base/share/polygon_base/local_setup.bash
[0.369s] -- Up-to-date symlink: /home/eternal/ros2_ws/install/polygon_base/share/polygon_base/local_setup.sh
[0.370s] -- Up-to-date symlink: /home/eternal/ros2_ws/install/polygon_base/share/polygon_base/local_setup.zsh
[0.371s] -- Up-to-date symlink: /home/eternal/ros2_ws/install/polygon_base/share/polygon_base/local_setup.dsv
[0.372s] -- Symlinking: /home/eternal/ros2_ws/install/polygon_base/share/polygon_base/package.dsv
[0.393s] -- Up-to-date symlink: /home/eternal/ros2_ws/install/polygon_base/share/ament_index/resource_index/packages/polygon_base
[0.394s] -- Up-to-date symlink: /home/eternal/ros2_ws/install/polygon_base/share/polygon_base/cmake/ament_cmake_export_include_directories-extras.cmake
[0.394s] -- Up-to-date symlink: /home/eternal/ros2_ws/install/polygon_base/share/polygon_base/cmake/polygon_baseConfig.cmake
[0.394s] -- Up-to-date symlink: /home/eternal/ros2_ws/install/polygon_base/share/polygon_base/cmake/polygon_baseConfig-version.cmake
[0.395s] -- Up-to-date symlink: /home/eternal/ros2_ws/install/polygon_base/share/polygon_base/package.xml
[0.410s] Invoked command in '/home/eternal/ros2_ws/build/polygon_base' returned '0': CMAKE_PREFIX_PATH=/opt/ros/humble /usr/bin/cmake --install /home/eternal/ros2_ws/build/polygon_base
