[2.805s] Invoking command in '/home/eternal/ros2_ws/build/turtlesim': CMAKE_PREFIX_PATH=/opt/ros/humble /usr/bin/cmake /home/eternal/ros2_ws/src/ros_tutorials/turtlesim -DCMAKE_INSTALL_PREFIX=/home/eternal/ros2_ws/install/turtlesim
[2.856s] -- The C compiler identification is GNU 11.4.0
[2.897s] -- The CXX compiler identification is GNU 11.4.0
[2.904s] -- Detecting C compiler ABI info
[2.969s] -- Detecting C compiler ABI info - done
[2.978s] -- Check for working C compiler: /usr/bin/cc - skipped
[2.978s] -- Detecting C compile features
[2.979s] -- Detecting C compile features - done
[2.982s] -- Detecting CXX compiler ABI info
[3.066s] -- Detecting CXX compiler ABI info - done
[3.075s] -- Check for working CXX compiler: /usr/bin/c++ - skipped
[3.076s] -- Detecting CXX compile features
[3.076s] -- Detecting CXX compile features - done
[3.078s] -- Found ament_cmake: 1.3.10 (/opt/ros/humble/share/ament_cmake/cmake)
[3.635s] -- Found Python3: /usr/bin/python3 (found version "3.10.12") found components: Interpreter 
[3.689s] -- Found ament_index_cpp: 1.4.0 (/opt/ros/humble/share/ament_index_cpp/cmake)
[3.691s] -- Found geometry_msgs: 4.2.4 (/opt/ros/humble/share/geometry_msgs/cmake)
[3.714s] -- Found rosidl_generator_c: 3.1.5 (/opt/ros/humble/share/rosidl_generator_c/cmake)
[3.717s] -- Found rosidl_adapter: 3.1.5 (/opt/ros/humble/share/rosidl_adapter/cmake)
[3.722s] -- Found rosidl_generator_cpp: 3.1.5 (/opt/ros/humble/share/rosidl_generator_cpp/cmake)
[3.729s] -- Using all available rosidl_typesupport_c: rosidl_typesupport_fastrtps_c;rosidl_typesupport_introspection_c
[3.738s] -- Using all available rosidl_typesupport_cpp: rosidl_typesupport_fastrtps_cpp;rosidl_typesupport_introspection_cpp
[3.767s] -- Found rclcpp: 16.0.10 (/opt/ros/humble/share/rclcpp/cmake)
[3.787s] -- Found rmw_implementation_cmake: 6.1.2 (/opt/ros/humble/share/rmw_implementation_cmake/cmake)
[3.788s] -- Found rmw_fastrtps_cpp: 6.2.7 (/opt/ros/humble/share/rmw_fastrtps_cpp/cmake)
[3.870s] -- Found OpenSSL: /usr/lib/x86_64-linux-gnu/libcrypto.so (found version "3.0.2")  
[3.896s] -- Found FastRTPS: /opt/ros/humble/include  
[3.926s] -- Using RMW implementation 'rmw_fastrtps_cpp' as default
[3.930s] -- Looking for pthread.h
[4.011s] -- Looking for pthread.h - found
[4.011s] -- Performing Test CMAKE_HAVE_LIBC_PTHREAD
[4.102s] -- Performing Test CMAKE_HAVE_LIBC_PTHREAD - Success
[4.104s] -- Found Threads: TRUE  
[4.138s] -- Found rclcpp_action: 16.0.10 (/opt/ros/humble/share/rclcpp_action/cmake)
[4.159s] -- Found rosidl_default_generators: 1.2.0 (/opt/ros/humble/share/rosidl_default_generators/cmake)
[4.164s] -- Found std_srvs: 4.2.4 (/opt/ros/humble/share/std_srvs/cmake)
[4.390s] -- Found ament_cmake_ros: 0.10.0 (/opt/ros/humble/share/ament_cmake_ros/cmake)
[4.650s] -- Using all available rosidl_typesupport_c: rosidl_typesupport_fastrtps_c;rosidl_typesupport_introspection_c
[4.778s] -- Using all available rosidl_typesupport_cpp: rosidl_typesupport_fastrtps_cpp;rosidl_typesupport_introspection_cpp
[4.794s] -- Found PythonInterp: /usr/bin/python3 (found suitable version "3.10.12", minimum required is "3.6") 
[4.795s] -- Found python_cmake_module: 0.10.0 (/opt/ros/humble/share/python_cmake_module/cmake)
[4.829s] -- Found PythonLibs: /usr/lib/x86_64-linux-gnu/libpython3.10.so (found suitable version "3.10.12", minimum required is "3.5") 
[4.829s] -- Using PYTHON_EXECUTABLE: /usr/bin/python3
[4.829s] -- Using PYTHON_INCLUDE_DIRS: /usr/include/python3.10
[4.829s] -- Using PYTHON_LIBRARIES: /usr/lib/x86_64-linux-gnu/libpython3.10.so
[4.856s] -- Found PythonExtra: .so  
[4.897s] -- Configuring done
[4.933s] -- Generating done
[4.935s] -- Build files have been written to: /home/eternal/ros2_ws/build/turtlesim
