[0.056s] Invoking command in '/home/eternal/ros2_ws/build/action_tutorials_cpp': CMAKE_PREFIX_PATH=/opt/ros/humble /usr/bin/cmake --build /home/eternal/ros2_ws/build/action_tutorials_cpp -- -j16 -l16
[0.212s] [ 25%] Built target fibonacci_action_server
[0.214s] [ 50%] Built target fibonacci_action_client
[0.223s] [ 75%] Built target action_client
[0.224s] [100%] Built target action_server
[0.262s] Invoked command in '/home/eternal/ros2_ws/build/action_tutorials_cpp' returned '0': CMAKE_PREFIX_PATH=/opt/ros/humble /usr/bin/cmake --build /home/eternal/ros2_ws/build/action_tutorials_cpp -- -j16 -l16
[0.354s] Invoking command in '/home/eternal/ros2_ws/build/action_tutorials_cpp': CMAKE_PREFIX_PATH=/opt/ros/humble /usr/bin/cmake --install /home/eternal/ros2_ws/build/action_tutorials_cpp
[0.367s] -- Install configuration: ""
[0.367s] -- Execute custom install script
[0.367s] -- Up-to-date symlink: /home/eternal/ros2_ws/install/action_tutorials_cpp/lib/action_tutorials_cpp/fibonacci_action_client
[0.367s] -- Up-to-date symlink: /home/eternal/ros2_ws/install/action_tutorials_cpp/lib/libaction_client.so
[0.369s] -- Up-to-date symlink: /home/eternal/ros2_ws/install/action_tutorials_cpp/lib/action_tutorials_cpp/fibonacci_action_server
[0.370s] -- Up-to-date symlink: /home/eternal/ros2_ws/install/action_tutorials_cpp/lib/libaction_server.so
[0.370s] -- Up-to-date symlink: /home/eternal/ros2_ws/install/action_tutorials_cpp/share/ament_index/resource_index/package_run_dependencies/action_tutorials_cpp
[0.371s] -- Up-to-date symlink: /home/eternal/ros2_ws/install/action_tutorials_cpp/share/ament_index/resource_index/parent_prefix_path/action_tutorials_cpp
[0.371s] -- Up-to-date symlink: /home/eternal/ros2_ws/install/action_tutorials_cpp/share/action_tutorials_cpp/environment/ament_prefix_path.sh
[0.371s] -- Up-to-date symlink: /home/eternal/ros2_ws/install/action_tutorials_cpp/share/action_tutorials_cpp/environment/ament_prefix_path.dsv
[0.372s] -- Up-to-date symlink: /home/eternal/ros2_ws/install/action_tutorials_cpp/share/action_tutorials_cpp/environment/path.sh
[0.372s] -- Up-to-date symlink: /home/eternal/ros2_ws/install/action_tutorials_cpp/share/action_tutorials_cpp/environment/path.dsv
[0.373s] -- Up-to-date symlink: /home/eternal/ros2_ws/install/action_tutorials_cpp/share/action_tutorials_cpp/local_setup.bash
[0.373s] -- Up-to-date symlink: /home/eternal/ros2_ws/install/action_tutorials_cpp/share/action_tutorials_cpp/local_setup.sh
[0.373s] -- Up-to-date symlink: /home/eternal/ros2_ws/install/action_tutorials_cpp/share/action_tutorials_cpp/local_setup.zsh
[0.373s] -- Up-to-date symlink: /home/eternal/ros2_ws/install/action_tutorials_cpp/share/action_tutorials_cpp/local_setup.dsv
[0.374s] -- Symlinking: /home/eternal/ros2_ws/install/action_tutorials_cpp/share/action_tutorials_cpp/package.dsv
[0.391s] -- Up-to-date symlink: /home/eternal/ros2_ws/install/action_tutorials_cpp/share/ament_index/resource_index/packages/action_tutorials_cpp
[0.392s] -- Up-to-date symlink: /home/eternal/ros2_ws/install/action_tutorials_cpp/share/ament_index/resource_index/rclcpp_components/action_tutorials_cpp
[0.392s] -- Up-to-date symlink: /home/eternal/ros2_ws/install/action_tutorials_cpp/share/action_tutorials_cpp/cmake/action_tutorials_cppConfig.cmake
[0.392s] -- Up-to-date symlink: /home/eternal/ros2_ws/install/action_tutorials_cpp/share/action_tutorials_cpp/cmake/action_tutorials_cppConfig-version.cmake
[0.392s] -- Up-to-date symlink: /home/eternal/ros2_ws/install/action_tutorials_cpp/share/action_tutorials_cpp/package.xml
[0.444s] Invoked command in '/home/eternal/ros2_ws/build/action_tutorials_cpp' returned '0': CMAKE_PREFIX_PATH=/opt/ros/humble /usr/bin/cmake --install /home/eternal/ros2_ws/build/action_tutorials_cpp
