[0.021s] Invoking command in '/home/eternal/ros2_ws/build/polygon_plugins': CMAKE_PREFIX_PATH=/home/eternal/ros2_ws/install/polygon_base:/home/eternal/ros2_ws/install/cpp_srvcli:/home/eternal/ros2_ws/install/cpp_pubsub:/home/eternal/ros2_ws/install/tutorial_interfaces:/home/eternal/ros2_ws/install/learning_tf2_cpp:/home/eternal/ros2_ws/install/turtlesim:/home/eternal/ros2_ws/install/polygon_plugins:/home/eternal/ros2_ws/install/my_package:/home/eternal/ros2_ws/install/more_interfaces:/home/eternal/ros2_ws/install/cpp_parameters:/home/eternal/ros2_ws/install/cpp_parameter_event_handler:/home/eternal/ros2_ws/install/bag_reading_cpp:/home/eternal/ros2_ws/install/action_tutorials_cpp:/home/eternal/ros2_ws/install/action_tutorials_interfaces:/home/eternal/ros2_ws/install/learning_tf2_py:/home/eternal/ros2_ws/install/python_parameters:/home/eternal/ros2_ws/install/py_srvcli:/home/eternal/ros2_ws/install/py_pubsub:/home/eternal/ros2_ws/install/py_launch_example:/home/eternal/ros2_ws/install/launch_tutorial:/home/eternal/ros2_ws/install/imu_filter_pkg:/opt/ros/humble /usr/bin/cmake --build /home/eternal/ros2_ws/build/polygon_plugins -- -j16 -l16
[0.076s] [100%] Built target polygon_plugins
[0.088s] Invoked command in '/home/eternal/ros2_ws/build/polygon_plugins' returned '0': CMAKE_PREFIX_PATH=/home/eternal/ros2_ws/install/polygon_base:/home/eternal/ros2_ws/install/cpp_srvcli:/home/eternal/ros2_ws/install/cpp_pubsub:/home/eternal/ros2_ws/install/tutorial_interfaces:/home/eternal/ros2_ws/install/learning_tf2_cpp:/home/eternal/ros2_ws/install/turtlesim:/home/eternal/ros2_ws/install/polygon_plugins:/home/eternal/ros2_ws/install/my_package:/home/eternal/ros2_ws/install/more_interfaces:/home/eternal/ros2_ws/install/cpp_parameters:/home/eternal/ros2_ws/install/cpp_parameter_event_handler:/home/eternal/ros2_ws/install/bag_reading_cpp:/home/eternal/ros2_ws/install/action_tutorials_cpp:/home/eternal/ros2_ws/install/action_tutorials_interfaces:/home/eternal/ros2_ws/install/learning_tf2_py:/home/eternal/ros2_ws/install/python_parameters:/home/eternal/ros2_ws/install/py_srvcli:/home/eternal/ros2_ws/install/py_pubsub:/home/eternal/ros2_ws/install/py_launch_example:/home/eternal/ros2_ws/install/launch_tutorial:/home/eternal/ros2_ws/install/imu_filter_pkg:/opt/ros/humble /usr/bin/cmake --build /home/eternal/ros2_ws/build/polygon_plugins -- -j16 -l16
[0.115s] Invoking command in '/home/eternal/ros2_ws/build/polygon_plugins': CMAKE_PREFIX_PATH=/home/eternal/ros2_ws/install/polygon_base:/home/eternal/ros2_ws/install/cpp_srvcli:/home/eternal/ros2_ws/install/cpp_pubsub:/home/eternal/ros2_ws/install/tutorial_interfaces:/home/eternal/ros2_ws/install/learning_tf2_cpp:/home/eternal/ros2_ws/install/turtlesim:/home/eternal/ros2_ws/install/polygon_plugins:/home/eternal/ros2_ws/install/my_package:/home/eternal/ros2_ws/install/more_interfaces:/home/eternal/ros2_ws/install/cpp_parameters:/home/eternal/ros2_ws/install/cpp_parameter_event_handler:/home/eternal/ros2_ws/install/bag_reading_cpp:/home/eternal/ros2_ws/install/action_tutorials_cpp:/home/eternal/ros2_ws/install/action_tutorials_interfaces:/home/eternal/ros2_ws/install/learning_tf2_py:/home/eternal/ros2_ws/install/python_parameters:/home/eternal/ros2_ws/install/py_srvcli:/home/eternal/ros2_ws/install/py_pubsub:/home/eternal/ros2_ws/install/py_launch_example:/home/eternal/ros2_ws/install/launch_tutorial:/home/eternal/ros2_ws/install/imu_filter_pkg:/opt/ros/humble /usr/bin/cmake --install /home/eternal/ros2_ws/build/polygon_plugins
[0.124s] -- Install configuration: ""
[0.124s] -- Execute custom install script
[0.124s] -- Up-to-date symlink: /home/eternal/ros2_ws/install/polygon_plugins/share/polygon_plugins//plugins.xml
[0.124s] -- Up-to-date symlink: /home/eternal/ros2_ws/install/polygon_plugins/include/polygon_plugins/polygon_plugins.hpp
[0.124s] -- Up-to-date symlink: /home/eternal/ros2_ws/install/polygon_plugins/include/polygon_plugins/visibility_control.h
[0.124s] -- Up-to-date symlink: /home/eternal/ros2_ws/install/polygon_plugins/share/polygon_plugins/environment/library_path.sh
[0.125s] -- Up-to-date symlink: /home/eternal/ros2_ws/install/polygon_plugins/share/polygon_plugins/environment/library_path.dsv
[0.125s] -- Up-to-date symlink: /home/eternal/ros2_ws/install/polygon_plugins/share/ament_index/resource_index/package_run_dependencies/polygon_plugins
[0.125s] -- Up-to-date symlink: /home/eternal/ros2_ws/install/polygon_plugins/share/ament_index/resource_index/parent_prefix_path/polygon_plugins
[0.125s] -- Up-to-date symlink: /home/eternal/ros2_ws/install/polygon_plugins/share/polygon_plugins/environment/ament_prefix_path.sh
[0.125s] -- Up-to-date symlink: /home/eternal/ros2_ws/install/polygon_plugins/share/polygon_plugins/environment/ament_prefix_path.dsv
[0.125s] -- Up-to-date symlink: /home/eternal/ros2_ws/install/polygon_plugins/share/polygon_plugins/environment/path.sh
[0.125s] -- Up-to-date symlink: /home/eternal/ros2_ws/install/polygon_plugins/share/polygon_plugins/environment/path.dsv
[0.125s] -- Up-to-date symlink: /home/eternal/ros2_ws/install/polygon_plugins/share/polygon_plugins/local_setup.bash
[0.125s] -- Up-to-date symlink: /home/eternal/ros2_ws/install/polygon_plugins/share/polygon_plugins/local_setup.sh
[0.125s] -- Up-to-date symlink: /home/eternal/ros2_ws/install/polygon_plugins/share/polygon_plugins/local_setup.zsh
[0.125s] -- Up-to-date symlink: /home/eternal/ros2_ws/install/polygon_plugins/share/polygon_plugins/local_setup.dsv
[0.126s] -- Symlinking: /home/eternal/ros2_ws/install/polygon_plugins/share/polygon_plugins/package.dsv
[0.136s] -- Up-to-date symlink: /home/eternal/ros2_ws/install/polygon_plugins/share/ament_index/resource_index/packages/polygon_plugins
[0.137s] -- Up-to-date symlink: /home/eternal/ros2_ws/install/polygon_plugins/share/ament_index/resource_index/polygon_base__pluginlib__plugin/polygon_plugins
[0.137s] -- Up-to-date symlink: /home/eternal/ros2_ws/install/polygon_plugins/share/polygon_plugins/cmake/ament_cmake_export_include_directories-extras.cmake
[0.137s] -- Up-to-date symlink: /home/eternal/ros2_ws/install/polygon_plugins/share/polygon_plugins/cmake/ament_cmake_export_libraries-extras.cmake
[0.137s] -- Up-to-date symlink: /home/eternal/ros2_ws/install/polygon_plugins/share/polygon_plugins/cmake/ament_cmake_export_targets-extras.cmake
[0.138s] -- Up-to-date symlink: /home/eternal/ros2_ws/install/polygon_plugins/share/polygon_plugins/cmake/polygon_pluginsConfig.cmake
[0.138s] -- Up-to-date symlink: /home/eternal/ros2_ws/install/polygon_plugins/share/polygon_plugins/cmake/polygon_pluginsConfig-version.cmake
[0.138s] -- Up-to-date symlink: /home/eternal/ros2_ws/install/polygon_plugins/share/polygon_plugins/package.xml
[0.138s] -- Up-to-date: /home/eternal/ros2_ws/install/polygon_plugins/lib/libpolygon_plugins.so
[0.138s] -- Up-to-date: /home/eternal/ros2_ws/install/polygon_plugins/share/polygon_plugins/cmake/export_polygon_pluginsExport.cmake
[0.138s] -- Up-to-date: /home/eternal/ros2_ws/install/polygon_plugins/share/polygon_plugins/cmake/export_polygon_pluginsExport-noconfig.cmake
[0.140s] Invoked command in '/home/eternal/ros2_ws/build/polygon_plugins' returned '0': CMAKE_PREFIX_PATH=/home/eternal/ros2_ws/install/polygon_base:/home/eternal/ros2_ws/install/cpp_srvcli:/home/eternal/ros2_ws/install/cpp_pubsub:/home/eternal/ros2_ws/install/tutorial_interfaces:/home/eternal/ros2_ws/install/learning_tf2_cpp:/home/eternal/ros2_ws/install/turtlesim:/home/eternal/ros2_ws/install/polygon_plugins:/home/eternal/ros2_ws/install/my_package:/home/eternal/ros2_ws/install/more_interfaces:/home/eternal/ros2_ws/install/cpp_parameters:/home/eternal/ros2_ws/install/cpp_parameter_event_handler:/home/eternal/ros2_ws/install/bag_reading_cpp:/home/eternal/ros2_ws/install/action_tutorials_cpp:/home/eternal/ros2_ws/install/action_tutorials_interfaces:/home/eternal/ros2_ws/install/learning_tf2_py:/home/eternal/ros2_ws/install/python_parameters:/home/eternal/ros2_ws/install/py_srvcli:/home/eternal/ros2_ws/install/py_pubsub:/home/eternal/ros2_ws/install/py_launch_example:/home/eternal/ros2_ws/install/launch_tutorial:/home/eternal/ros2_ws/install/imu_filter_pkg:/opt/ros/humble /usr/bin/cmake --install /home/eternal/ros2_ws/build/polygon_plugins
