[0.035s] Invoking command in '/home/eternal/ros2_ws/build/cpp_parameters': CMAKE_PREFIX_PATH=/opt/ros/humble /usr/bin/cmake /home/eternal/ros2_ws/src/cpp_parameters -DCMAKE_INSTALL_PREFIX=/home/eternal/ros2_ws/install/cpp_parameters
[3.036s] -- The C compiler identification is GNU 11.4.0
[3.036s] -- The CXX compiler identification is GNU 11.4.0
[3.037s] -- Detecting C compiler ABI info
[3.037s] -- Detecting C compiler ABI info - done
[3.037s] -- Check for working C compiler: /usr/bin/cc - skipped
[3.037s] -- Detecting C compile features
[3.037s] -- Detecting C compile features - done
[3.037s] -- Detecting CXX compiler ABI info
[3.037s] -- Detecting CXX compiler ABI info - done
[3.037s] -- Check for working CXX compiler: /usr/bin/c++ - skipped
[3.038s] -- Detecting CXX compile features
[3.038s] -- Detecting CXX compile features - done
[3.038s] -- Found ament_cmake: 1.3.10 (/opt/ros/humble/share/ament_cmake/cmake)
[3.038s] -- Found Python3: /usr/bin/python3 (found version "3.10.12") found components: Interpreter 
[3.038s] -- Found rclcpp: 16.0.10 (/opt/ros/humble/share/rclcpp/cmake)
[3.038s] -- Found rosidl_generator_c: 3.1.5 (/opt/ros/humble/share/rosidl_generator_c/cmake)
[3.038s] -- Found rosidl_adapter: 3.1.5 (/opt/ros/humble/share/rosidl_adapter/cmake)
[3.038s] -- Found rosidl_generator_cpp: 3.1.5 (/opt/ros/humble/share/rosidl_generator_cpp/cmake)
[3.039s] -- Using all available rosidl_typesupport_c: rosidl_typesupport_fastrtps_c;rosidl_typesupport_introspection_c
[3.039s] -- Using all available rosidl_typesupport_cpp: rosidl_typesupport_fastrtps_cpp;rosidl_typesupport_introspection_cpp
[3.039s] -- Found rmw_implementation_cmake: 6.1.2 (/opt/ros/humble/share/rmw_implementation_cmake/cmake)
[3.039s] -- Found rmw_fastrtps_cpp: 6.2.7 (/opt/ros/humble/share/rmw_fastrtps_cpp/cmake)
[3.039s] -- Found OpenSSL: /usr/lib/x86_64-linux-gnu/libcrypto.so (found version "3.0.2")  
[3.039s] -- Found FastRTPS: /opt/ros/humble/include  
[3.039s] -- Using RMW implementation 'rmw_fastrtps_cpp' as default
[3.039s] -- Looking for pthread.h
[3.039s] -- Looking for pthread.h - found
[3.040s] -- Performing Test CMAKE_HAVE_LIBC_PTHREAD
[3.040s] -- Performing Test CMAKE_HAVE_LIBC_PTHREAD - Success
[3.040s] -- Found Threads: TRUE  
[3.040s] -- Configuring done
[3.040s] -- Generating done
[3.040s] -- Build files have been written to: /home/eternal/ros2_ws/build/cpp_parameters
[3.067s] Invoked command in '/home/eternal/ros2_ws/build/cpp_parameters' returned '0': CMAKE_PREFIX_PATH=/opt/ros/humble /usr/bin/cmake /home/eternal/ros2_ws/src/cpp_parameters -DCMAKE_INSTALL_PREFIX=/home/eternal/ros2_ws/install/cpp_parameters
[3.069s] Invoking command in '/home/eternal/ros2_ws/build/cpp_parameters': CMAKE_PREFIX_PATH=/opt/ros/humble /usr/bin/cmake --build /home/eternal/ros2_ws/build/cpp_parameters -- -j16 -l16
[3.092s] [ 50%] [32mBuilding CXX object CMakeFiles/minimal_param_node.dir/src/cpp_parameters_node.cpp.o[0m
[7.951s] [100%] [32m[1mLinking CXX executable minimal_param_node[0m
[8.109s] [100%] Built target minimal_param_node
[8.123s] Invoked command in '/home/eternal/ros2_ws/build/cpp_parameters' returned '0': CMAKE_PREFIX_PATH=/opt/ros/humble /usr/bin/cmake --build /home/eternal/ros2_ws/build/cpp_parameters -- -j16 -l16
[8.146s] Invoking command in '/home/eternal/ros2_ws/build/cpp_parameters': CMAKE_PREFIX_PATH=/opt/ros/humble /usr/bin/cmake --install /home/eternal/ros2_ws/build/cpp_parameters
[8.154s] -- Install configuration: ""
[8.154s] -- Installing: /home/eternal/ros2_ws/install/cpp_parameters/lib/cpp_parameters/minimal_param_node
[8.154s] -- Set runtime path of "/home/eternal/ros2_ws/install/cpp_parameters/lib/cpp_parameters/minimal_param_node" to ""
[8.154s] -- Installing: /home/eternal/ros2_ws/install/cpp_parameters/share/cpp_parameters/launch
[8.155s] -- Installing: /home/eternal/ros2_ws/install/cpp_parameters/share/cpp_parameters/launch/cpp_parameters_launch.py
[8.155s] -- Installing: /home/eternal/ros2_ws/install/cpp_parameters/share/ament_index/resource_index/package_run_dependencies/cpp_parameters
[8.155s] -- Installing: /home/eternal/ros2_ws/install/cpp_parameters/share/ament_index/resource_index/parent_prefix_path/cpp_parameters
[8.155s] -- Installing: /home/eternal/ros2_ws/install/cpp_parameters/share/cpp_parameters/environment/ament_prefix_path.sh
[8.155s] -- Installing: /home/eternal/ros2_ws/install/cpp_parameters/share/cpp_parameters/environment/ament_prefix_path.dsv
[8.155s] -- Installing: /home/eternal/ros2_ws/install/cpp_parameters/share/cpp_parameters/environment/path.sh
[8.156s] -- Installing: /home/eternal/ros2_ws/install/cpp_parameters/share/cpp_parameters/environment/path.dsv
[8.156s] -- Installing: /home/eternal/ros2_ws/install/cpp_parameters/share/cpp_parameters/local_setup.bash
[8.156s] -- Installing: /home/eternal/ros2_ws/install/cpp_parameters/share/cpp_parameters/local_setup.sh
[8.156s] -- Installing: /home/eternal/ros2_ws/install/cpp_parameters/share/cpp_parameters/local_setup.zsh
[8.156s] -- Installing: /home/eternal/ros2_ws/install/cpp_parameters/share/cpp_parameters/local_setup.dsv
[8.156s] -- Installing: /home/eternal/ros2_ws/install/cpp_parameters/share/cpp_parameters/package.dsv
[8.156s] -- Installing: /home/eternal/ros2_ws/install/cpp_parameters/share/ament_index/resource_index/packages/cpp_parameters
[8.156s] -- Installing: /home/eternal/ros2_ws/install/cpp_parameters/share/cpp_parameters/cmake/cpp_parametersConfig.cmake
[8.156s] -- Installing: /home/eternal/ros2_ws/install/cpp_parameters/share/cpp_parameters/cmake/cpp_parametersConfig-version.cmake
[8.156s] -- Installing: /home/eternal/ros2_ws/install/cpp_parameters/share/cpp_parameters/package.xml
[8.159s] Invoked command in '/home/eternal/ros2_ws/build/cpp_parameters' returned '0': CMAKE_PREFIX_PATH=/opt/ros/humble /usr/bin/cmake --install /home/eternal/ros2_ws/build/cpp_parameters
