[3.658s] Invoking command in '/home/eternal/ros2_ws/src/py_pubsub': PYTHONPATH=/home/eternal/ros2_ws/build/py_pubsub/prefix_override:/usr/lib/python3/dist-packages/colcon_core/task/python/colcon_distutils_commands:/home/eternal/ros2_ws/install/py_pubsub/lib/python3.10/site-packages:${PYTHONPATH} /usr/bin/python3 -W ignore:setup.py install is deprecated setup.py egg_info --egg-base ../../build/py_pubsub build --build-base /home/eternal/ros2_ws/build/py_pubsub/build install --record /home/eternal/ros2_ws/build/py_pubsub/install.log --single-version-externally-managed install_data
[4.224s] running egg_info
[4.264s] writing ../../build/py_pubsub/py_pubsub.egg-info/PKG-INFO
[4.300s] writing dependency_links to ../../build/py_pubsub/py_pubsub.egg-info/dependency_links.txt
[4.396s] writing entry points to ../../build/py_pubsub/py_pubsub.egg-info/entry_points.txt
[4.459s] writing requirements to ../../build/py_pubsub/py_pubsub.egg-info/requires.txt
[4.499s] writing top-level names to ../../build/py_pubsub/py_pubsub.egg-info/top_level.txt
[4.567s] listing git files failed - pretending there aren't any
[4.647s] reading manifest file '../../build/py_pubsub/py_pubsub.egg-info/SOURCES.txt'
[4.647s] adding license file 'LICENSE'
[4.648s] writing manifest file '../../build/py_pubsub/py_pubsub.egg-info/SOURCES.txt'
[4.648s] running build
[4.648s] running build_py
[4.649s] running install
[4.655s] running install_lib
[4.704s] running install_data
[4.704s] running install_egg_info
[4.756s] removing '/home/eternal/ros2_ws/install/py_pubsub/lib/python3.10/site-packages/py_pubsub-0.0.0-py3.10.egg-info' (and everything under it)
[4.756s] Copying ../../build/py_pubsub/py_pubsub.egg-info to /home/eternal/ros2_ws/install/py_pubsub/lib/python3.10/site-packages/py_pubsub-0.0.0-py3.10.egg-info
[4.757s] running install_scripts
[4.871s] Installing listener script to /home/eternal/ros2_ws/install/py_pubsub/lib/py_pubsub
[4.871s] Installing talker script to /home/eternal/ros2_ws/install/py_pubsub/lib/py_pubsub
[4.871s] writing list of installed files to '/home/eternal/ros2_ws/build/py_pubsub/install.log'
[4.896s] Invoked command in '/home/eternal/ros2_ws/src/py_pubsub' returned '0': PYTHONPATH=/home/eternal/ros2_ws/build/py_pubsub/prefix_override:/usr/lib/python3/dist-packages/colcon_core/task/python/colcon_distutils_commands:/home/eternal/ros2_ws/install/py_pubsub/lib/python3.10/site-packages:${PYTHONPATH} /usr/bin/python3 -W ignore:setup.py install is deprecated setup.py egg_info --egg-base ../../build/py_pubsub build --build-base /home/eternal/ros2_ws/build/py_pubsub/build install --record /home/eternal/ros2_ws/build/py_pubsub/install.log --single-version-externally-managed install_data
