[0.069s] Invoking command in '/home/eternal/ros2_ws/build/cpp_parameters': CMAKE_PREFIX_PATH=/opt/ros/humble /usr/bin/cmake --build /home/eternal/ros2_ws/build/cpp_parameters -- -j16 -l16
[2.942s] [35m[1mConsolidate compiler generated dependencies of target minimal_param_node[0m
[2.942s] [100%] Built target minimal_param_node
[2.951s] Invoked command in '/home/eternal/ros2_ws/build/cpp_parameters' returned '0': CMAKE_PREFIX_PATH=/opt/ros/humble /usr/bin/cmake --build /home/eternal/ros2_ws/build/cpp_parameters -- -j16 -l16
[2.993s] Invoking command in '/home/eternal/ros2_ws/build/cpp_parameters': CMAKE_PREFIX_PATH=/opt/ros/humble /usr/bin/cmake --install /home/eternal/ros2_ws/build/cpp_parameters
[3.007s] -- Install configuration: ""
[3.007s] -- Up-to-date: /home/eternal/ros2_ws/install/cpp_parameters/lib/cpp_parameters/minimal_param_node
[3.008s] -- Up-to-date: /home/eternal/ros2_ws/install/cpp_parameters/share/cpp_parameters/launch
[3.008s] -- Up-to-date: /home/eternal/ros2_ws/install/cpp_parameters/share/cpp_parameters/launch/cpp_parameters_launch.py
[3.008s] -- Up-to-date: /home/eternal/ros2_ws/install/cpp_parameters/share/ament_index/resource_index/package_run_dependencies/cpp_parameters
[3.008s] -- Up-to-date: /home/eternal/ros2_ws/install/cpp_parameters/share/ament_index/resource_index/parent_prefix_path/cpp_parameters
[3.008s] -- Up-to-date: /home/eternal/ros2_ws/install/cpp_parameters/share/cpp_parameters/environment/ament_prefix_path.sh
[3.008s] -- Up-to-date: /home/eternal/ros2_ws/install/cpp_parameters/share/cpp_parameters/environment/ament_prefix_path.dsv
[3.008s] -- Up-to-date: /home/eternal/ros2_ws/install/cpp_parameters/share/cpp_parameters/environment/path.sh
[3.008s] -- Up-to-date: /home/eternal/ros2_ws/install/cpp_parameters/share/cpp_parameters/environment/path.dsv
[3.008s] -- Up-to-date: /home/eternal/ros2_ws/install/cpp_parameters/share/cpp_parameters/local_setup.bash
[3.008s] -- Up-to-date: /home/eternal/ros2_ws/install/cpp_parameters/share/cpp_parameters/local_setup.sh
[3.008s] -- Up-to-date: /home/eternal/ros2_ws/install/cpp_parameters/share/cpp_parameters/local_setup.zsh
[3.008s] -- Up-to-date: /home/eternal/ros2_ws/install/cpp_parameters/share/cpp_parameters/local_setup.dsv
[3.008s] -- Installing: /home/eternal/ros2_ws/install/cpp_parameters/share/cpp_parameters/package.dsv
[3.008s] -- Up-to-date: /home/eternal/ros2_ws/install/cpp_parameters/share/ament_index/resource_index/packages/cpp_parameters
[3.008s] -- Up-to-date: /home/eternal/ros2_ws/install/cpp_parameters/share/cpp_parameters/cmake/cpp_parametersConfig.cmake
[3.008s] -- Up-to-date: /home/eternal/ros2_ws/install/cpp_parameters/share/cpp_parameters/cmake/cpp_parametersConfig-version.cmake
[3.008s] -- Up-to-date: /home/eternal/ros2_ws/install/cpp_parameters/share/cpp_parameters/package.xml
[3.041s] Invoked command in '/home/eternal/ros2_ws/build/cpp_parameters' returned '0': CMAKE_PREFIX_PATH=/opt/ros/humble /usr/bin/cmake --install /home/eternal/ros2_ws/build/cpp_parameters
