[0.028s] Invoking command in '/home/eternal/ros2_ws/build/bag_reading_cpp': CMAKE_PREFIX_PATH=/opt/ros/humble /usr/bin/cmake --build /home/eternal/ros2_ws/build/bag_reading_cpp -- -j16 -l16
[0.109s] [35m[1mConsolidate compiler generated dependencies of target simple_bag_reader_test[0m
[0.126s] [ 33%] Built target imu_filter_node
[0.127s] [ 66%] Built target simple_bag_reader
[0.132s] [ 83%] [32mBuilding CXX object CMakeFiles/simple_bag_reader_test.dir/src/simple_bag_reader_test.cpp.o[0m
[3.114s] [100%] [32m[1mLinking CXX executable simple_bag_reader_test[0m
[3.331s] [100%] Built target simple_bag_reader_test
[3.348s] Invoked command in '/home/eternal/ros2_ws/build/bag_reading_cpp' returned '0': CMAKE_PREFIX_PATH=/opt/ros/humble /usr/bin/cmake --build /home/eternal/ros2_ws/build/bag_reading_cpp -- -j16 -l16
[3.429s] Invoking command in '/home/eternal/ros2_ws/build/bag_reading_cpp': CMAKE_PREFIX_PATH=/opt/ros/humble /usr/bin/cmake --install /home/eternal/ros2_ws/build/bag_reading_cpp
[3.452s] -- Install configuration: ""
[3.454s] -- Execute custom install script
[3.455s] -- Up-to-date symlink: /home/eternal/ros2_ws/install/bag_reading_cpp/lib/bag_reading_cpp/simple_bag_reader
[3.456s] -- Up-to-date symlink: /home/eternal/ros2_ws/install/bag_reading_cpp/lib/bag_reading_cpp/simple_bag_reader_test
[3.456s] -- Up-to-date symlink: /home/eternal/ros2_ws/install/bag_reading_cpp/lib/bag_reading_cpp/imu_filter_node
[3.457s] -- Up-to-date symlink: /home/eternal/ros2_ws/install/bag_reading_cpp/share/ament_index/resource_index/package_run_dependencies/bag_reading_cpp
[3.458s] -- Up-to-date symlink: /home/eternal/ros2_ws/install/bag_reading_cpp/share/ament_index/resource_index/parent_prefix_path/bag_reading_cpp
[3.458s] -- Up-to-date symlink: /home/eternal/ros2_ws/install/bag_reading_cpp/share/bag_reading_cpp/environment/ament_prefix_path.sh
[3.459s] -- Up-to-date symlink: /home/eternal/ros2_ws/install/bag_reading_cpp/share/bag_reading_cpp/environment/ament_prefix_path.dsv
[3.460s] -- Up-to-date symlink: /home/eternal/ros2_ws/install/bag_reading_cpp/share/bag_reading_cpp/environment/path.sh
[3.460s] -- Up-to-date symlink: /home/eternal/ros2_ws/install/bag_reading_cpp/share/bag_reading_cpp/environment/path.dsv
[3.461s] -- Up-to-date symlink: /home/eternal/ros2_ws/install/bag_reading_cpp/share/bag_reading_cpp/local_setup.bash
[3.461s] -- Up-to-date symlink: /home/eternal/ros2_ws/install/bag_reading_cpp/share/bag_reading_cpp/local_setup.sh
[3.462s] -- Up-to-date symlink: /home/eternal/ros2_ws/install/bag_reading_cpp/share/bag_reading_cpp/local_setup.zsh
[3.463s] -- Up-to-date symlink: /home/eternal/ros2_ws/install/bag_reading_cpp/share/bag_reading_cpp/local_setup.dsv
[3.463s] -- Symlinking: /home/eternal/ros2_ws/install/bag_reading_cpp/share/bag_reading_cpp/package.dsv
[3.483s] -- Up-to-date symlink: /home/eternal/ros2_ws/install/bag_reading_cpp/share/ament_index/resource_index/packages/bag_reading_cpp
[3.483s] -- Up-to-date symlink: /home/eternal/ros2_ws/install/bag_reading_cpp/share/bag_reading_cpp/cmake/bag_reading_cppConfig.cmake
[3.483s] -- Up-to-date symlink: /home/eternal/ros2_ws/install/bag_reading_cpp/share/bag_reading_cpp/cmake/bag_reading_cppConfig-version.cmake
[3.484s] -- Up-to-date symlink: /home/eternal/ros2_ws/install/bag_reading_cpp/share/bag_reading_cpp/package.xml
[3.488s] Invoked command in '/home/eternal/ros2_ws/build/bag_reading_cpp' returned '0': CMAKE_PREFIX_PATH=/opt/ros/humble /usr/bin/cmake --install /home/eternal/ros2_ws/build/bag_reading_cpp
