[5.629s] Invoking command in '/home/eternal/ros2_ws/src/py_srvcli': PYTHONPATH=/home/eternal/ros2_ws/build/py_srvcli/prefix_override:/usr/lib/python3/dist-packages/colcon_core/task/python/colcon_distutils_commands:/home/eternal/ros2_ws/install/py_srvcli/lib/python3.10/site-packages:${PYTHONPATH} /usr/bin/python3 -W ignore:setup.py install is deprecated setup.py egg_info --egg-base ../../build/py_srvcli build --build-base /home/eternal/ros2_ws/build/py_srvcli/build install --record /home/eternal/ros2_ws/build/py_srvcli/install.log --single-version-externally-managed install_data
[7.421s] running egg_info
[7.422s] creating ../../build/py_srvcli/py_srvcli.egg-info
[7.422s] writing ../../build/py_srvcli/py_srvcli.egg-info/PKG-INFO
[7.422s] writing dependency_links to ../../build/py_srvcli/py_srvcli.egg-info/dependency_links.txt
[7.422s] writing entry points to ../../build/py_srvcli/py_srvcli.egg-info/entry_points.txt
[7.453s] writing requirements to ../../build/py_srvcli/py_srvcli.egg-info/requires.txt
[7.540s] writing top-level names to ../../build/py_srvcli/py_srvcli.egg-info/top_level.txt
[7.543s] writing manifest file '../../build/py_srvcli/py_srvcli.egg-info/SOURCES.txt'
[7.699s] listing git files failed - pretending there aren't any
[7.830s] reading manifest file '../../build/py_srvcli/py_srvcli.egg-info/SOURCES.txt'
[7.830s] adding license file 'LICENSE'
[7.832s] writing manifest file '../../build/py_srvcli/py_srvcli.egg-info/SOURCES.txt'
[7.832s] running build
[7.832s] running build_py
[7.832s] creating /home/eternal/ros2_ws/build/py_srvcli/build
[7.832s] creating /home/eternal/ros2_ws/build/py_srvcli/build/lib
[7.832s] creating /home/eternal/ros2_ws/build/py_srvcli/build/lib/py_srvcli
[7.832s] copying py_srvcli/__init__.py -> /home/eternal/ros2_ws/build/py_srvcli/build/lib/py_srvcli
[7.832s] copying py_srvcli/client_member_function.py -> /home/eternal/ros2_ws/build/py_srvcli/build/lib/py_srvcli
[7.833s] copying py_srvcli/service_member_function.py -> /home/eternal/ros2_ws/build/py_srvcli/build/lib/py_srvcli
[7.833s] running install
[7.839s] running install_lib
[7.939s] creating /home/eternal/ros2_ws/install/py_srvcli/lib/python3.10/site-packages/py_srvcli
[7.939s] copying /home/eternal/ros2_ws/build/py_srvcli/build/lib/py_srvcli/__init__.py -> /home/eternal/ros2_ws/install/py_srvcli/lib/python3.10/site-packages/py_srvcli
[7.939s] copying /home/eternal/ros2_ws/build/py_srvcli/build/lib/py_srvcli/client_member_function.py -> /home/eternal/ros2_ws/install/py_srvcli/lib/python3.10/site-packages/py_srvcli
[7.939s] copying /home/eternal/ros2_ws/build/py_srvcli/build/lib/py_srvcli/service_member_function.py -> /home/eternal/ros2_ws/install/py_srvcli/lib/python3.10/site-packages/py_srvcli
[7.943s] byte-compiling /home/eternal/ros2_ws/install/py_srvcli/lib/python3.10/site-packages/py_srvcli/__init__.py to __init__.cpython-310.pyc
[7.943s] byte-compiling /home/eternal/ros2_ws/install/py_srvcli/lib/python3.10/site-packages/py_srvcli/client_member_function.py to client_member_function.cpython-310.pyc
[7.943s] byte-compiling /home/eternal/ros2_ws/install/py_srvcli/lib/python3.10/site-packages/py_srvcli/service_member_function.py to service_member_function.cpython-310.pyc
[7.943s] running install_data
[7.943s] creating /home/eternal/ros2_ws/install/py_srvcli/share/ament_index
[7.943s] creating /home/eternal/ros2_ws/install/py_srvcli/share/ament_index/resource_index
[7.943s] creating /home/eternal/ros2_ws/install/py_srvcli/share/ament_index/resource_index/packages
[7.943s] copying resource/py_srvcli -> /home/eternal/ros2_ws/install/py_srvcli/share/ament_index/resource_index/packages
[7.944s] copying package.xml -> /home/eternal/ros2_ws/install/py_srvcli/share/py_srvcli
[7.944s] running install_egg_info
[8.031s] Copying ../../build/py_srvcli/py_srvcli.egg-info to /home/eternal/ros2_ws/install/py_srvcli/lib/python3.10/site-packages/py_srvcli-0.0.0-py3.10.egg-info
[8.032s] running install_scripts
[8.204s] Installing client script to /home/eternal/ros2_ws/install/py_srvcli/lib/py_srvcli
[8.204s] Installing service script to /home/eternal/ros2_ws/install/py_srvcli/lib/py_srvcli
[8.205s] writing list of installed files to '/home/eternal/ros2_ws/build/py_srvcli/install.log'
[8.255s] Invoked command in '/home/eternal/ros2_ws/src/py_srvcli' returned '0': PYTHONPATH=/home/eternal/ros2_ws/build/py_srvcli/prefix_override:/usr/lib/python3/dist-packages/colcon_core/task/python/colcon_distutils_commands:/home/eternal/ros2_ws/install/py_srvcli/lib/python3.10/site-packages:${PYTHONPATH} /usr/bin/python3 -W ignore:setup.py install is deprecated setup.py egg_info --egg-base ../../build/py_srvcli build --build-base /home/eternal/ros2_ws/build/py_srvcli/build install --record /home/eternal/ros2_ws/build/py_srvcli/install.log --single-version-externally-managed install_data
