[0.037s] Invoking command in '/home/eternal/ros2_ws/build/cpp_parameters': CMAKE_PREFIX_PATH=/opt/ros/humble /usr/bin/cmake --build /home/eternal/ros2_ws/build/cpp_parameters -- -j16 -l16
[2.836s] [100%] Built target minimal_param_node
[2.840s] Invoked command in '/home/eternal/ros2_ws/build/cpp_parameters' returned '0': CMAKE_PREFIX_PATH=/opt/ros/humble /usr/bin/cmake --build /home/eternal/ros2_ws/build/cpp_parameters -- -j16 -l16
[2.879s] Invoking command in '/home/eternal/ros2_ws/build/cpp_parameters': CMAKE_PREFIX_PATH=/opt/ros/humble /usr/bin/cmake --install /home/eternal/ros2_ws/build/cpp_parameters
[2.895s] -- Install configuration: ""
[2.895s] -- Up-to-date: /home/eternal/ros2_ws/install/cpp_parameters/lib/cpp_parameters/minimal_param_node
[2.896s] -- Up-to-date: /home/eternal/ros2_ws/install/cpp_parameters/share/cpp_parameters/launch
[2.896s] -- Up-to-date: /home/eternal/ros2_ws/install/cpp_parameters/share/cpp_parameters/launch/cpp_parameters_launch.py
[2.896s] -- Up-to-date: /home/eternal/ros2_ws/install/cpp_parameters/share/ament_index/resource_index/package_run_dependencies/cpp_parameters
[2.896s] -- Up-to-date: /home/eternal/ros2_ws/install/cpp_parameters/share/ament_index/resource_index/parent_prefix_path/cpp_parameters
[2.896s] -- Up-to-date: /home/eternal/ros2_ws/install/cpp_parameters/share/cpp_parameters/environment/ament_prefix_path.sh
[2.896s] -- Up-to-date: /home/eternal/ros2_ws/install/cpp_parameters/share/cpp_parameters/environment/ament_prefix_path.dsv
[2.896s] -- Up-to-date: /home/eternal/ros2_ws/install/cpp_parameters/share/cpp_parameters/environment/path.sh
[2.896s] -- Up-to-date: /home/eternal/ros2_ws/install/cpp_parameters/share/cpp_parameters/environment/path.dsv
[2.896s] -- Up-to-date: /home/eternal/ros2_ws/install/cpp_parameters/share/cpp_parameters/local_setup.bash
[2.897s] -- Up-to-date: /home/eternal/ros2_ws/install/cpp_parameters/share/cpp_parameters/local_setup.sh
[2.897s] -- Up-to-date: /home/eternal/ros2_ws/install/cpp_parameters/share/cpp_parameters/local_setup.zsh
[2.897s] -- Up-to-date: /home/eternal/ros2_ws/install/cpp_parameters/share/cpp_parameters/local_setup.dsv
[2.897s] -- Up-to-date: /home/eternal/ros2_ws/install/cpp_parameters/share/cpp_parameters/package.dsv
[2.897s] -- Up-to-date: /home/eternal/ros2_ws/install/cpp_parameters/share/ament_index/resource_index/packages/cpp_parameters
[2.897s] -- Up-to-date: /home/eternal/ros2_ws/install/cpp_parameters/share/cpp_parameters/cmake/cpp_parametersConfig.cmake
[2.897s] -- Up-to-date: /home/eternal/ros2_ws/install/cpp_parameters/share/cpp_parameters/cmake/cpp_parametersConfig-version.cmake
[2.897s] -- Up-to-date: /home/eternal/ros2_ws/install/cpp_parameters/share/cpp_parameters/package.xml
