[0.062s] Invoking command in '/home/eternal/ros2_ws/build/action_tutorials_interfaces': CMAKE_PREFIX_PATH=${CMAKE_PREFIX_PATH}:/home/eternal/ros2_ws/install/python_parameters:/home/eternal/ros2_ws/install/py_srvcli:/home/eternal/ros2_ws/install/py_pubsub:/home/eternal/ros2_ws/install/py_launch_example:/home/eternal/ros2_ws/install/my_package:/home/eternal/ros2_ws/install/launch_tutorial:/home/eternal/ros2_ws/install/imu_filter_pkg:/home/eternal/ros2_ws/install/cpp_parameters:/opt/ros/humble /usr/bin/cmake --build /home/eternal/ros2_ws/build/action_tutorials_interfaces -- -j16 -l16
[2.908s] [  6%] Built target action_tutorials_interfaces__cpp
[2.909s] [ 12%] Built target action_tutorials_interfaces__rosidl_generator_c
[2.909s] [ 12%] Built target ament_cmake_python_copy_action_tutorials_interfaces
[2.909s] [ 22%] Built target action_tutorials_interfaces__rosidl_typesupport_introspection_c
[2.909s] [ 32%] Built target action_tutorials_interfaces__rosidl_typesupport_fastrtps_cpp
[2.909s] [ 51%] Built target action_tutorials_interfaces__rosidl_typesupport_fastrtps_c
[2.909s] [ 51%] Built target action_tutorials_interfaces__rosidl_typesupport_c
[2.909s] [ 61%] Built target action_tutorials_interfaces__rosidl_typesupport_introspection_cpp
[2.909s] [ 70%] Built target action_tutorials_interfaces__rosidl_typesupport_cpp
[2.909s] [ 70%] Built target action_tutorials_interfaces
[2.909s] [ 74%] Built target action_tutorials_interfaces__py
[2.909s] [ 80%] Built target action_tutorials_interfaces__rosidl_generator_py
[2.909s] [ 87%] Built target action_tutorials_interfaces__rosidl_typesupport_c__pyext
[2.909s] [ 93%] Built target action_tutorials_interfaces__rosidl_typesupport_introspection_c__pyext
[2.909s] [100%] Built target action_tutorials_interfaces__rosidl_typesupport_fastrtps_c__pyext
[2.909s] running egg_info
[2.909s] writing action_tutorials_interfaces.egg-info/PKG-INFO
[2.909s] writing dependency_links to action_tutorials_interfaces.egg-info/dependency_links.txt
[2.909s] writing top-level names to action_tutorials_interfaces.egg-info/top_level.txt
[2.909s] reading manifest file 'action_tutorials_interfaces.egg-info/SOURCES.txt'
[2.910s] writing manifest file 'action_tutorials_interfaces.egg-info/SOURCES.txt'
[2.910s] [100%] Built target ament_cmake_python_build_action_tutorials_interfaces_egg
[2.910s] listing git files failed - pretending there aren't any
[2.925s] Invoked command in '/home/eternal/ros2_ws/build/action_tutorials_interfaces' returned '0': CMAKE_PREFIX_PATH=${CMAKE_PREFIX_PATH}:/home/eternal/ros2_ws/install/python_parameters:/home/eternal/ros2_ws/install/py_srvcli:/home/eternal/ros2_ws/install/py_pubsub:/home/eternal/ros2_ws/install/py_launch_example:/home/eternal/ros2_ws/install/my_package:/home/eternal/ros2_ws/install/launch_tutorial:/home/eternal/ros2_ws/install/imu_filter_pkg:/home/eternal/ros2_ws/install/cpp_parameters:/opt/ros/humble /usr/bin/cmake --build /home/eternal/ros2_ws/build/action_tutorials_interfaces -- -j16 -l16
