[3.677s] Invoking command in '/home/eternal/ros2_ws/src/imu_filter_pkg': PYTHONPATH=/home/eternal/ros2_ws/build/imu_filter_pkg/prefix_override:/usr/lib/python3/dist-packages/colcon_core/task/python/colcon_distutils_commands:/home/eternal/ros2_ws/install/imu_filter_pkg/lib/python3.10/site-packages:${PYTHONPATH} /usr/bin/python3 -W ignore:setup.py install is deprecated setup.py egg_info --egg-base ../../build/imu_filter_pkg build --build-base /home/eternal/ros2_ws/build/imu_filter_pkg/build install --record /home/eternal/ros2_ws/build/imu_filter_pkg/install.log --single-version-externally-managed install_data
[4.226s] running egg_info
[4.266s] writing ../../build/imu_filter_pkg/imu_filter_pkg.egg-info/PKG-INFO
[4.298s] writing dependency_links to ../../build/imu_filter_pkg/imu_filter_pkg.egg-info/dependency_links.txt
[4.396s] writing entry points to ../../build/imu_filter_pkg/imu_filter_pkg.egg-info/entry_points.txt
[4.459s] writing requirements to ../../build/imu_filter_pkg/imu_filter_pkg.egg-info/requires.txt
[4.497s] writing top-level names to ../../build/imu_filter_pkg/imu_filter_pkg.egg-info/top_level.txt
[4.564s] listing git files failed - pretending there aren't any
[4.643s] reading manifest file '../../build/imu_filter_pkg/imu_filter_pkg.egg-info/SOURCES.txt'
[4.644s] adding license file 'LICENSE'
[4.644s] writing manifest file '../../build/imu_filter_pkg/imu_filter_pkg.egg-info/SOURCES.txt'
[4.644s] running build
[4.644s] running build_py
[4.645s] running install
[4.649s] running install_lib
[4.689s] running install_data
[4.689s] running install_egg_info
[4.728s] removing '/home/eternal/ros2_ws/install/imu_filter_pkg/lib/python3.10/site-packages/imu_filter_pkg-0.0.0-py3.10.egg-info' (and everything under it)
[4.728s] Copying ../../build/imu_filter_pkg/imu_filter_pkg.egg-info to /home/eternal/ros2_ws/install/imu_filter_pkg/lib/python3.10/site-packages/imu_filter_pkg-0.0.0-py3.10.egg-info
[4.728s] running install_scripts
[4.809s] Installing imu_filter_node script to /home/eternal/ros2_ws/install/imu_filter_pkg/lib/imu_filter_pkg
[4.809s] writing list of installed files to '/home/eternal/ros2_ws/build/imu_filter_pkg/install.log'
[4.833s] Invoked command in '/home/eternal/ros2_ws/src/imu_filter_pkg' returned '0': PYTHONPATH=/home/eternal/ros2_ws/build/imu_filter_pkg/prefix_override:/usr/lib/python3/dist-packages/colcon_core/task/python/colcon_distutils_commands:/home/eternal/ros2_ws/install/imu_filter_pkg/lib/python3.10/site-packages:${PYTHONPATH} /usr/bin/python3 -W ignore:setup.py install is deprecated setup.py egg_info --egg-base ../../build/imu_filter_pkg build --build-base /home/eternal/ros2_ws/build/imu_filter_pkg/build install --record /home/eternal/ros2_ws/build/imu_filter_pkg/install.log --single-version-externally-managed install_data
