[0.026s] Invoking command in '/home/eternal/ros2_ws/build/action_tutorials_cpp': CMAKE_PREFIX_PATH=/opt/ros/humble /usr/bin/cmake --build /home/eternal/ros2_ws/build/action_tutorials_cpp -- -j16 -l16
[0.128s] [ 37%] Built target action_server
[0.128s] [ 62%] Built target action_client
[0.128s] [ 75%] Built target fibonacci_action_client
[0.128s] [100%] Built target fibonacci_action_server
[0.613s] Invoked command in '/home/eternal/ros2_ws/build/action_tutorials_cpp' returned '0': CMAKE_PREFIX_PATH=/opt/ros/humble /usr/bin/cmake --build /home/eternal/ros2_ws/build/action_tutorials_cpp -- -j16 -l16
[0.644s] Invoking command in '/home/eternal/ros2_ws/build/action_tutorials_cpp': CMAKE_PREFIX_PATH=/opt/ros/humble /usr/bin/cmake --install /home/eternal/ros2_ws/build/action_tutorials_cpp
[0.651s] -- Install configuration: ""
[0.652s] -- Execute custom install script
[0.652s] -- Up-to-date symlink: /home/eternal/ros2_ws/install/action_tutorials_cpp/lib/action_tutorials_cpp/fibonacci_action_client
[0.652s] -- Up-to-date symlink: /home/eternal/ros2_ws/install/action_tutorials_cpp/lib/libaction_client.so
[0.652s] -- Up-to-date symlink: /home/eternal/ros2_ws/install/action_tutorials_cpp/lib/action_tutorials_cpp/fibonacci_action_server
[0.654s] -- Up-to-date symlink: /home/eternal/ros2_ws/install/action_tutorials_cpp/lib/libaction_server.so
[0.654s] -- Up-to-date symlink: /home/eternal/ros2_ws/install/action_tutorials_cpp/share/ament_index/resource_index/package_run_dependencies/action_tutorials_cpp
[0.656s] -- Up-to-date symlink: /home/eternal/ros2_ws/install/action_tutorials_cpp/share/ament_index/resource_index/parent_prefix_path/action_tutorials_cpp
[0.656s] -- Up-to-date symlink: /home/eternal/ros2_ws/install/action_tutorials_cpp/share/action_tutorials_cpp/environment/ament_prefix_path.sh
[0.656s] -- Up-to-date symlink: /home/eternal/ros2_ws/install/action_tutorials_cpp/share/action_tutorials_cpp/environment/ament_prefix_path.dsv
[0.657s] -- Up-to-date symlink: /home/eternal/ros2_ws/install/action_tutorials_cpp/share/action_tutorials_cpp/environment/path.sh
[0.657s] -- Up-to-date symlink: /home/eternal/ros2_ws/install/action_tutorials_cpp/share/action_tutorials_cpp/environment/path.dsv
[0.657s] -- Up-to-date symlink: /home/eternal/ros2_ws/install/action_tutorials_cpp/share/action_tutorials_cpp/local_setup.bash
[0.657s] -- Up-to-date symlink: /home/eternal/ros2_ws/install/action_tutorials_cpp/share/action_tutorials_cpp/local_setup.sh
[0.657s] -- Up-to-date symlink: /home/eternal/ros2_ws/install/action_tutorials_cpp/share/action_tutorials_cpp/local_setup.zsh
[0.657s] -- Up-to-date symlink: /home/eternal/ros2_ws/install/action_tutorials_cpp/share/action_tutorials_cpp/local_setup.dsv
[0.657s] -- Symlinking: /home/eternal/ros2_ws/install/action_tutorials_cpp/share/action_tutorials_cpp/package.dsv
[0.660s] -- Up-to-date symlink: /home/eternal/ros2_ws/install/action_tutorials_cpp/share/ament_index/resource_index/packages/action_tutorials_cpp
[0.660s] -- Up-to-date symlink: /home/eternal/ros2_ws/install/action_tutorials_cpp/share/ament_index/resource_index/rclcpp_components/action_tutorials_cpp
[0.660s] -- Up-to-date symlink: /home/eternal/ros2_ws/install/action_tutorials_cpp/share/action_tutorials_cpp/cmake/action_tutorials_cppConfig.cmake
[0.660s] -- Up-to-date symlink: /home/eternal/ros2_ws/install/action_tutorials_cpp/share/action_tutorials_cpp/cmake/action_tutorials_cppConfig-version.cmake
[0.660s] -- Up-to-date symlink: /home/eternal/ros2_ws/install/action_tutorials_cpp/share/action_tutorials_cpp/package.xml
[0.696s] Invoked command in '/home/eternal/ros2_ws/build/action_tutorials_cpp' returned '0': CMAKE_PREFIX_PATH=/opt/ros/humble /usr/bin/cmake --install /home/eternal/ros2_ws/build/action_tutorials_cpp
