[0.024s] Invoking command in '/home/eternal/ros2_ws/build/cpp_pubsub': CMAKE_PREFIX_PATH=/opt/ros/humble /usr/bin/cmake --build /home/eternal/ros2_ws/build/cpp_pubsub -- -j16 -l16
[0.065s] [ 50%] Built target listener
[0.065s] [100%] Built target talker
[0.551s] Invoked command in '/home/eternal/ros2_ws/build/cpp_pubsub' returned '0': CMAKE_PREFIX_PATH=/opt/ros/humble /usr/bin/cmake --build /home/eternal/ros2_ws/build/cpp_pubsub -- -j16 -l16
[0.585s] Invoking command in '/home/eternal/ros2_ws/build/cpp_pubsub': CMAKE_PREFIX_PATH=/opt/ros/humble /usr/bin/cmake --install /home/eternal/ros2_ws/build/cpp_pubsub
[0.602s] -- Install configuration: ""
[0.603s] -- Execute custom install script
[0.604s] -- Up-to-date symlink: /home/eternal/ros2_ws/install/cpp_pubsub/lib/cpp_pubsub/talker
[0.604s] -- Up-to-date symlink: /home/eternal/ros2_ws/install/cpp_pubsub/lib/cpp_pubsub/listener
[0.604s] -- Up-to-date symlink: /home/eternal/ros2_ws/install/cpp_pubsub/share/ament_index/resource_index/package_run_dependencies/cpp_pubsub
[0.604s] -- Up-to-date symlink: /home/eternal/ros2_ws/install/cpp_pubsub/share/ament_index/resource_index/parent_prefix_path/cpp_pubsub
[0.604s] -- Up-to-date symlink: /home/eternal/ros2_ws/install/cpp_pubsub/share/cpp_pubsub/environment/ament_prefix_path.sh
[0.605s] -- Up-to-date symlink: /home/eternal/ros2_ws/install/cpp_pubsub/share/cpp_pubsub/environment/ament_prefix_path.dsv
[0.605s] -- Up-to-date symlink: /home/eternal/ros2_ws/install/cpp_pubsub/share/cpp_pubsub/environment/path.sh
[0.605s] -- Up-to-date symlink: /home/eternal/ros2_ws/install/cpp_pubsub/share/cpp_pubsub/environment/path.dsv
[0.605s] -- Up-to-date symlink: /home/eternal/ros2_ws/install/cpp_pubsub/share/cpp_pubsub/local_setup.bash
[0.605s] -- Up-to-date symlink: /home/eternal/ros2_ws/install/cpp_pubsub/share/cpp_pubsub/local_setup.sh
[0.606s] -- Up-to-date symlink: /home/eternal/ros2_ws/install/cpp_pubsub/share/cpp_pubsub/local_setup.zsh
[0.606s] -- Up-to-date symlink: /home/eternal/ros2_ws/install/cpp_pubsub/share/cpp_pubsub/local_setup.dsv
[0.606s] -- Symlinking: /home/eternal/ros2_ws/install/cpp_pubsub/share/cpp_pubsub/package.dsv
[0.616s] -- Up-to-date symlink: /home/eternal/ros2_ws/install/cpp_pubsub/share/ament_index/resource_index/packages/cpp_pubsub
[0.617s] -- Up-to-date symlink: /home/eternal/ros2_ws/install/cpp_pubsub/share/cpp_pubsub/cmake/cpp_pubsubConfig.cmake
[0.617s] -- Up-to-date symlink: /home/eternal/ros2_ws/install/cpp_pubsub/share/cpp_pubsub/cmake/cpp_pubsubConfig-version.cmake
[0.617s] -- Up-to-date symlink: /home/eternal/ros2_ws/install/cpp_pubsub/share/cpp_pubsub/package.xml
[0.636s] Invoked command in '/home/eternal/ros2_ws/build/cpp_pubsub' returned '0': CMAKE_PREFIX_PATH=/opt/ros/humble /usr/bin/cmake --install /home/eternal/ros2_ws/build/cpp_pubsub
