[0.062s] Invoking command in '/home/eternal/ros2_ws/build/cpp_pubsub': CMAKE_PREFIX_PATH=/opt/ros/humble /usr/bin/cmake --build /home/eternal/ros2_ws/build/cpp_pubsub -- -j16 -l16
[0.196s] [ 50%] Built target listener
[0.199s] [100%] Built target talker
[0.231s] Invoked command in '/home/eternal/ros2_ws/build/cpp_pubsub' returned '0': CMAKE_PREFIX_PATH=/opt/ros/humble /usr/bin/cmake --build /home/eternal/ros2_ws/build/cpp_pubsub -- -j16 -l16
[0.322s] Invoking command in '/home/eternal/ros2_ws/build/cpp_pubsub': CMAKE_PREFIX_PATH=/opt/ros/humble /usr/bin/cmake --install /home/eternal/ros2_ws/build/cpp_pubsub
[0.351s] -- Install configuration: ""
[0.351s] -- Execute custom install script
[0.352s] -- Up-to-date symlink: /home/eternal/ros2_ws/install/cpp_pubsub/lib/cpp_pubsub/talker
[0.352s] -- Up-to-date symlink: /home/eternal/ros2_ws/install/cpp_pubsub/lib/cpp_pubsub/listener
[0.352s] -- Up-to-date symlink: /home/eternal/ros2_ws/install/cpp_pubsub/share/ament_index/resource_index/package_run_dependencies/cpp_pubsub
[0.352s] -- Up-to-date symlink: /home/eternal/ros2_ws/install/cpp_pubsub/share/ament_index/resource_index/parent_prefix_path/cpp_pubsub
[0.352s] -- Up-to-date symlink: /home/eternal/ros2_ws/install/cpp_pubsub/share/cpp_pubsub/environment/ament_prefix_path.sh
[0.353s] -- Up-to-date symlink: /home/eternal/ros2_ws/install/cpp_pubsub/share/cpp_pubsub/environment/ament_prefix_path.dsv
[0.353s] -- Up-to-date symlink: /home/eternal/ros2_ws/install/cpp_pubsub/share/cpp_pubsub/environment/path.sh
[0.353s] -- Up-to-date symlink: /home/eternal/ros2_ws/install/cpp_pubsub/share/cpp_pubsub/environment/path.dsv
[0.353s] -- Up-to-date symlink: /home/eternal/ros2_ws/install/cpp_pubsub/share/cpp_pubsub/local_setup.bash
[0.353s] -- Up-to-date symlink: /home/eternal/ros2_ws/install/cpp_pubsub/share/cpp_pubsub/local_setup.sh
[0.354s] -- Up-to-date symlink: /home/eternal/ros2_ws/install/cpp_pubsub/share/cpp_pubsub/local_setup.zsh
[0.354s] -- Up-to-date symlink: /home/eternal/ros2_ws/install/cpp_pubsub/share/cpp_pubsub/local_setup.dsv
[0.354s] -- Symlinking: /home/eternal/ros2_ws/install/cpp_pubsub/share/cpp_pubsub/package.dsv
[0.371s] -- Up-to-date symlink: /home/eternal/ros2_ws/install/cpp_pubsub/share/ament_index/resource_index/packages/cpp_pubsub
[0.373s] -- Up-to-date symlink: /home/eternal/ros2_ws/install/cpp_pubsub/share/cpp_pubsub/cmake/cpp_pubsubConfig.cmake
[0.375s] -- Up-to-date symlink: /home/eternal/ros2_ws/install/cpp_pubsub/share/cpp_pubsub/cmake/cpp_pubsubConfig-version.cmake
[0.375s] -- Up-to-date symlink: /home/eternal/ros2_ws/install/cpp_pubsub/share/cpp_pubsub/package.xml
[0.439s] Invoked command in '/home/eternal/ros2_ws/build/cpp_pubsub' returned '0': CMAKE_PREFIX_PATH=/opt/ros/humble /usr/bin/cmake --install /home/eternal/ros2_ws/build/cpp_pubsub
