[0.049s] Invoking command in '/home/eternal/ros2_ws/build/cpp_parameters': CMAKE_PREFIX_PATH=/opt/ros/humble /usr/bin/cmake --build /home/eternal/ros2_ws/build/cpp_parameters -- -j16 -l16
[0.156s] [100%] Built target minimal_param_node
[0.670s] Invoked command in '/home/eternal/ros2_ws/build/cpp_parameters' returned '0': CMAKE_PREFIX_PATH=/opt/ros/humble /usr/bin/cmake --build /home/eternal/ros2_ws/build/cpp_parameters -- -j16 -l16
[0.706s] Invoking command in '/home/eternal/ros2_ws/build/cpp_parameters': CMAKE_PREFIX_PATH=/opt/ros/humble /usr/bin/cmake --install /home/eternal/ros2_ws/build/cpp_parameters
[0.723s] -- Install configuration: ""
[0.723s] -- Execute custom install script
[0.730s] -- Up-to-date symlink: /home/eternal/ros2_ws/install/cpp_parameters/lib/cpp_parameters/minimal_param_node
[0.731s] -- Up-to-date symlink: /home/eternal/ros2_ws/install/cpp_parameters/share/cpp_parameters/launch/cpp_parameters_launch.py
[0.732s] -- Up-to-date symlink: /home/eternal/ros2_ws/install/cpp_parameters/share/ament_index/resource_index/package_run_dependencies/cpp_parameters
[0.732s] -- Up-to-date symlink: /home/eternal/ros2_ws/install/cpp_parameters/share/ament_index/resource_index/parent_prefix_path/cpp_parameters
[0.732s] -- Up-to-date symlink: /home/eternal/ros2_ws/install/cpp_parameters/share/cpp_parameters/environment/ament_prefix_path.sh
[0.732s] -- Up-to-date symlink: /home/eternal/ros2_ws/install/cpp_parameters/share/cpp_parameters/environment/ament_prefix_path.dsv
[0.732s] -- Up-to-date symlink: /home/eternal/ros2_ws/install/cpp_parameters/share/cpp_parameters/environment/path.sh
[0.734s] -- Up-to-date symlink: /home/eternal/ros2_ws/install/cpp_parameters/share/cpp_parameters/environment/path.dsv
[0.734s] -- Up-to-date symlink: /home/eternal/ros2_ws/install/cpp_parameters/share/cpp_parameters/local_setup.bash
[0.734s] -- Up-to-date symlink: /home/eternal/ros2_ws/install/cpp_parameters/share/cpp_parameters/local_setup.sh
[0.735s] -- Up-to-date symlink: /home/eternal/ros2_ws/install/cpp_parameters/share/cpp_parameters/local_setup.zsh
[0.735s] -- Up-to-date symlink: /home/eternal/ros2_ws/install/cpp_parameters/share/cpp_parameters/local_setup.dsv
[0.735s] -- Symlinking: /home/eternal/ros2_ws/install/cpp_parameters/share/cpp_parameters/package.dsv
[0.749s] -- Up-to-date symlink: /home/eternal/ros2_ws/install/cpp_parameters/share/ament_index/resource_index/packages/cpp_parameters
[0.749s] -- Up-to-date symlink: /home/eternal/ros2_ws/install/cpp_parameters/share/cpp_parameters/cmake/cpp_parametersConfig.cmake
[0.751s] -- Up-to-date symlink: /home/eternal/ros2_ws/install/cpp_parameters/share/cpp_parameters/cmake/cpp_parametersConfig-version.cmake
[0.752s] -- Up-to-date symlink: /home/eternal/ros2_ws/install/cpp_parameters/share/cpp_parameters/package.xml
[0.772s] Invoked command in '/home/eternal/ros2_ws/build/cpp_parameters' returned '0': CMAKE_PREFIX_PATH=/opt/ros/humble /usr/bin/cmake --install /home/eternal/ros2_ws/build/cpp_parameters
