[0.973s] Invoking command in '/home/eternal/ros2_ws/build/my_package': CMAKE_PREFIX_PATH=/opt/ros/humble /usr/bin/cmake --build /home/eternal/ros2_ws/build/my_package -- -j16 -l16
[2.827s] [100%] Built target my_node
[2.834s] Invoked command in '/home/eternal/ros2_ws/build/my_package' returned '0': CMAKE_PREFIX_PATH=/opt/ros/humble /usr/bin/cmake --build /home/eternal/ros2_ws/build/my_package -- -j16 -l16
[2.873s] Invoking command in '/home/eternal/ros2_ws/build/my_package': CMAKE_PREFIX_PATH=/opt/ros/humble /usr/bin/cmake --install /home/eternal/ros2_ws/build/my_package
[2.887s] -- Install configuration: ""
[2.887s] -- Up-to-date: /home/eternal/ros2_ws/install/my_package/lib/my_package/my_node
[2.888s] -- Up-to-date: /home/eternal/ros2_ws/install/my_package/share/ament_index/resource_index/package_run_dependencies/my_package
[2.888s] -- Up-to-date: /home/eternal/ros2_ws/install/my_package/share/ament_index/resource_index/parent_prefix_path/my_package
[2.888s] -- Up-to-date: /home/eternal/ros2_ws/install/my_package/share/my_package/environment/ament_prefix_path.sh
[2.888s] -- Up-to-date: /home/eternal/ros2_ws/install/my_package/share/my_package/environment/ament_prefix_path.dsv
[2.888s] -- Up-to-date: /home/eternal/ros2_ws/install/my_package/share/my_package/environment/path.sh
[2.888s] -- Up-to-date: /home/eternal/ros2_ws/install/my_package/share/my_package/environment/path.dsv
[2.888s] -- Up-to-date: /home/eternal/ros2_ws/install/my_package/share/my_package/local_setup.bash
[2.888s] -- Up-to-date: /home/eternal/ros2_ws/install/my_package/share/my_package/local_setup.sh
[2.889s] -- Up-to-date: /home/eternal/ros2_ws/install/my_package/share/my_package/local_setup.zsh
[2.889s] -- Up-to-date: /home/eternal/ros2_ws/install/my_package/share/my_package/local_setup.dsv
[2.889s] -- Up-to-date: /home/eternal/ros2_ws/install/my_package/share/my_package/package.dsv
[2.889s] -- Up-to-date: /home/eternal/ros2_ws/install/my_package/share/ament_index/resource_index/packages/my_package
[2.889s] -- Up-to-date: /home/eternal/ros2_ws/install/my_package/share/my_package/cmake/my_packageConfig.cmake
[2.889s] -- Up-to-date: /home/eternal/ros2_ws/install/my_package/share/my_package/cmake/my_packageConfig-version.cmake
[2.889s] -- Up-to-date: /home/eternal/ros2_ws/install/my_package/share/my_package/package.xml
