[0.071s] Invoking command in '/home/eternal/ros2_ws/build/learning_tf2_cpp': CMAKE_PREFIX_PATH=/opt/ros/humble /usr/bin/cmake --build /home/eternal/ros2_ws/build/learning_tf2_cpp -- -j16 -l16
[0.656s] Invoked command in '/home/eternal/ros2_ws/build/learning_tf2_cpp' returned '0': CMAKE_PREFIX_PATH=/opt/ros/humble /usr/bin/cmake --build /home/eternal/ros2_ws/build/learning_tf2_cpp -- -j16 -l16
[0.693s] Invoking command in '/home/eternal/ros2_ws/build/learning_tf2_cpp': CMAKE_PREFIX_PATH=/opt/ros/humble /usr/bin/cmake --install /home/eternal/ros2_ws/build/learning_tf2_cpp
[0.712s] -- Install configuration: ""
[0.712s] -- Up-to-date: /home/eternal/ros2_ws/install/learning_tf2_cpp/share/ament_index/resource_index/package_run_dependencies/learning_tf2_cpp
[0.713s] -- Up-to-date: /home/eternal/ros2_ws/install/learning_tf2_cpp/share/ament_index/resource_index/parent_prefix_path/learning_tf2_cpp
[0.713s] -- Up-to-date: /home/eternal/ros2_ws/install/learning_tf2_cpp/share/learning_tf2_cpp/environment/ament_prefix_path.sh
[0.713s] -- Up-to-date: /home/eternal/ros2_ws/install/learning_tf2_cpp/share/learning_tf2_cpp/environment/ament_prefix_path.dsv
[0.714s] -- Up-to-date: /home/eternal/ros2_ws/install/learning_tf2_cpp/share/learning_tf2_cpp/environment/path.sh
[0.714s] -- Up-to-date: /home/eternal/ros2_ws/install/learning_tf2_cpp/share/learning_tf2_cpp/environment/path.dsv
[0.714s] -- Up-to-date: /home/eternal/ros2_ws/install/learning_tf2_cpp/share/learning_tf2_cpp/local_setup.bash
[0.714s] -- Up-to-date: /home/eternal/ros2_ws/install/learning_tf2_cpp/share/learning_tf2_cpp/local_setup.sh
[0.714s] -- Up-to-date: /home/eternal/ros2_ws/install/learning_tf2_cpp/share/learning_tf2_cpp/local_setup.zsh
[0.714s] -- Up-to-date: /home/eternal/ros2_ws/install/learning_tf2_cpp/share/learning_tf2_cpp/local_setup.dsv
[0.714s] -- Installing: /home/eternal/ros2_ws/install/learning_tf2_cpp/share/learning_tf2_cpp/package.dsv
[0.714s] -- Up-to-date: /home/eternal/ros2_ws/install/learning_tf2_cpp/share/ament_index/resource_index/packages/learning_tf2_cpp
[0.715s] -- Up-to-date: /home/eternal/ros2_ws/install/learning_tf2_cpp/share/learning_tf2_cpp/cmake/learning_tf2_cppConfig.cmake
[0.715s] -- Up-to-date: /home/eternal/ros2_ws/install/learning_tf2_cpp/share/learning_tf2_cpp/cmake/learning_tf2_cppConfig-version.cmake
[0.716s] -- Up-to-date: /home/eternal/ros2_ws/install/learning_tf2_cpp/share/learning_tf2_cpp/package.xml
[0.722s] Invoked command in '/home/eternal/ros2_ws/build/learning_tf2_cpp' returned '0': CMAKE_PREFIX_PATH=/opt/ros/humble /usr/bin/cmake --install /home/eternal/ros2_ws/build/learning_tf2_cpp
