[1.063s] Invoking command in '/home/eternal/ros2_ws/src/py_srvcli': PYTHONPATH=/home/eternal/ros2_ws/build/py_srvcli/prefix_override:/usr/lib/python3/dist-packages/colcon_core/task/python/colcon_distutils_commands:/home/eternal/ros2_ws/install/py_srvcli/lib/python3.10/site-packages:${PYTHONPATH} /usr/bin/python3 -W ignore:setup.py install is deprecated setup.py egg_info --egg-base ../../build/py_srvcli build --build-base /home/eternal/ros2_ws/build/py_srvcli/build install --record /home/eternal/ros2_ws/build/py_srvcli/install.log --single-version-externally-managed install_data
[1.608s] running egg_info
[1.647s] writing ../../build/py_srvcli/py_srvcli.egg-info/PKG-INFO
[1.678s] writing dependency_links to ../../build/py_srvcli/py_srvcli.egg-info/dependency_links.txt
[1.772s] writing entry points to ../../build/py_srvcli/py_srvcli.egg-info/entry_points.txt
[1.834s] writing requirements to ../../build/py_srvcli/py_srvcli.egg-info/requires.txt
[1.870s] writing top-level names to ../../build/py_srvcli/py_srvcli.egg-info/top_level.txt
[1.935s] listing git files failed - pretending there aren't any
[2.012s] reading manifest file '../../build/py_srvcli/py_srvcli.egg-info/SOURCES.txt'
[2.012s] adding license file 'LICENSE'
[2.013s] writing manifest file '../../build/py_srvcli/py_srvcli.egg-info/SOURCES.txt'
[2.013s] running build
[2.013s] running build_py
[2.014s] running install
[2.018s] running install_lib
[2.059s] running install_data
[2.059s] running install_egg_info
[2.098s] removing '/home/eternal/ros2_ws/install/py_srvcli/lib/python3.10/site-packages/py_srvcli-0.0.0-py3.10.egg-info' (and everything under it)
[2.098s] Copying ../../build/py_srvcli/py_srvcli.egg-info to /home/eternal/ros2_ws/install/py_srvcli/lib/python3.10/site-packages/py_srvcli-0.0.0-py3.10.egg-info
[2.099s] running install_scripts
[2.173s] Installing client script to /home/eternal/ros2_ws/install/py_srvcli/lib/py_srvcli
[2.173s] Installing service script to /home/eternal/ros2_ws/install/py_srvcli/lib/py_srvcli
[2.173s] writing list of installed files to '/home/eternal/ros2_ws/build/py_srvcli/install.log'
[2.191s] Invoked command in '/home/eternal/ros2_ws/src/py_srvcli' returned '0': PYTHONPATH=/home/eternal/ros2_ws/build/py_srvcli/prefix_override:/usr/lib/python3/dist-packages/colcon_core/task/python/colcon_distutils_commands:/home/eternal/ros2_ws/install/py_srvcli/lib/python3.10/site-packages:${PYTHONPATH} /usr/bin/python3 -W ignore:setup.py install is deprecated setup.py egg_info --egg-base ../../build/py_srvcli build --build-base /home/eternal/ros2_ws/build/py_srvcli/build install --record /home/eternal/ros2_ws/build/py_srvcli/install.log --single-version-externally-managed install_data
