[0.037s] Invoking command in '/home/eternal/ros2_ws/build/cpp_srvcli': CMAKE_PREFIX_PATH=${CMAKE_PREFIX_PATH}:/home/eternal/ros2_ws/install/learning_tf2_py:/home/eternal/ros2_ws/install/python_parameters:/home/eternal/ros2_ws/install/py_srvcli:/home/eternal/ros2_ws/install/py_pubsub:/home/eternal/ros2_ws/install/py_launch_example:/home/eternal/ros2_ws/install/launch_tutorial:/home/eternal/ros2_ws/install/imu_filter_pkg:/opt/ros/humble /usr/bin/cmake --build /home/eternal/ros2_ws/build/cpp_srvcli -- -j16 -l16
[0.101s] [ 50%] Built target server
[0.103s] [100%] Built target client
[0.560s] Invoked command in '/home/eternal/ros2_ws/build/cpp_srvcli' returned '0': CMAKE_PREFIX_PATH=${CMAKE_PREFIX_PATH}:/home/eternal/ros2_ws/install/learning_tf2_py:/home/eternal/ros2_ws/install/python_parameters:/home/eternal/ros2_ws/install/py_srvcli:/home/eternal/ros2_ws/install/py_pubsub:/home/eternal/ros2_ws/install/py_launch_example:/home/eternal/ros2_ws/install/launch_tutorial:/home/eternal/ros2_ws/install/imu_filter_pkg:/opt/ros/humble /usr/bin/cmake --build /home/eternal/ros2_ws/build/cpp_srvcli -- -j16 -l16
[0.591s] Invoking command in '/home/eternal/ros2_ws/build/cpp_srvcli': CMAKE_PREFIX_PATH=${CMAKE_PREFIX_PATH}:/home/eternal/ros2_ws/install/learning_tf2_py:/home/eternal/ros2_ws/install/python_parameters:/home/eternal/ros2_ws/install/py_srvcli:/home/eternal/ros2_ws/install/py_pubsub:/home/eternal/ros2_ws/install/py_launch_example:/home/eternal/ros2_ws/install/launch_tutorial:/home/eternal/ros2_ws/install/imu_filter_pkg:/opt/ros/humble /usr/bin/cmake --install /home/eternal/ros2_ws/build/cpp_srvcli
[0.604s] -- Install configuration: ""
[0.604s] -- Execute custom install script
[0.605s] -- Up-to-date symlink: /home/eternal/ros2_ws/install/cpp_srvcli/lib/cpp_srvcli/server
[0.605s] -- Up-to-date symlink: /home/eternal/ros2_ws/install/cpp_srvcli/lib/cpp_srvcli/client
[0.606s] -- Up-to-date symlink: /home/eternal/ros2_ws/install/cpp_srvcli/share/ament_index/resource_index/package_run_dependencies/cpp_srvcli
[0.606s] -- Up-to-date symlink: /home/eternal/ros2_ws/install/cpp_srvcli/share/ament_index/resource_index/parent_prefix_path/cpp_srvcli
[0.607s] -- Up-to-date symlink: /home/eternal/ros2_ws/install/cpp_srvcli/share/cpp_srvcli/environment/ament_prefix_path.sh
[0.608s] -- Up-to-date symlink: /home/eternal/ros2_ws/install/cpp_srvcli/share/cpp_srvcli/environment/ament_prefix_path.dsv
[0.608s] -- Up-to-date symlink: /home/eternal/ros2_ws/install/cpp_srvcli/share/cpp_srvcli/environment/path.sh
[0.608s] -- Up-to-date symlink: /home/eternal/ros2_ws/install/cpp_srvcli/share/cpp_srvcli/environment/path.dsv
[0.608s] -- Up-to-date symlink: /home/eternal/ros2_ws/install/cpp_srvcli/share/cpp_srvcli/local_setup.bash
[0.608s] -- Up-to-date symlink: /home/eternal/ros2_ws/install/cpp_srvcli/share/cpp_srvcli/local_setup.sh
[0.609s] -- Up-to-date symlink: /home/eternal/ros2_ws/install/cpp_srvcli/share/cpp_srvcli/local_setup.zsh
[0.609s] -- Up-to-date symlink: /home/eternal/ros2_ws/install/cpp_srvcli/share/cpp_srvcli/local_setup.dsv
[0.609s] -- Symlinking: /home/eternal/ros2_ws/install/cpp_srvcli/share/cpp_srvcli/package.dsv
[0.612s] -- Up-to-date symlink: /home/eternal/ros2_ws/install/cpp_srvcli/share/ament_index/resource_index/packages/cpp_srvcli
[0.612s] -- Up-to-date symlink: /home/eternal/ros2_ws/install/cpp_srvcli/share/cpp_srvcli/cmake/cpp_srvcliConfig.cmake
[0.613s] -- Up-to-date symlink: /home/eternal/ros2_ws/install/cpp_srvcli/share/cpp_srvcli/cmake/cpp_srvcliConfig-version.cmake
[0.613s] -- Up-to-date symlink: /home/eternal/ros2_ws/install/cpp_srvcli/share/cpp_srvcli/package.xml
[0.627s] Invoked command in '/home/eternal/ros2_ws/build/cpp_srvcli' returned '0': CMAKE_PREFIX_PATH=${CMAKE_PREFIX_PATH}:/home/eternal/ros2_ws/install/learning_tf2_py:/home/eternal/ros2_ws/install/python_parameters:/home/eternal/ros2_ws/install/py_srvcli:/home/eternal/ros2_ws/install/py_pubsub:/home/eternal/ros2_ws/install/py_launch_example:/home/eternal/ros2_ws/install/launch_tutorial:/home/eternal/ros2_ws/install/imu_filter_pkg:/opt/ros/humble /usr/bin/cmake --install /home/eternal/ros2_ws/build/cpp_srvcli
