[0.036s] Invoking command in '/home/eternal/ros2_ws/build/tutorial_interfaces': CMAKE_PREFIX_PATH=/opt/ros/humble /usr/bin/cmake --build /home/eternal/ros2_ws/build/tutorial_interfaces -- -j16 -l16
[2.828s] [  2%] Built target tutorial_interfaces__cpp
[2.828s] [ 12%] Built target tutorial_interfaces__rosidl_generator_c
[2.828s] [ 12%] Built target ament_cmake_python_copy_tutorial_interfaces
[2.828s] [ 23%] Built target tutorial_interfaces__rosidl_typesupport_fastrtps_cpp
[2.828s] [ 34%] Built target tutorial_interfaces__rosidl_typesupport_introspection_c
[2.828s] [ 44%] Built target tutorial_interfaces__rosidl_typesupport_introspection_cpp
[2.828s] [ 65%] Built target tutorial_interfaces__rosidl_typesupport_c
[2.828s] [ 65%] Built target tutorial_interfaces__rosidl_typesupport_cpp
[2.828s] [ 76%] Built target tutorial_interfaces__rosidl_typesupport_fastrtps_c
[2.828s] [ 76%] Built target tutorial_interfaces
[2.828s] [ 78%] Built target tutorial_interfaces__py
[2.828s] [ 87%] Built target tutorial_interfaces__rosidl_generator_py
[2.828s] [ 91%] Built target tutorial_interfaces__rosidl_typesupport_c__pyext
[2.828s] [ 95%] Built target tutorial_interfaces__rosidl_typesupport_fastrtps_c__pyext
[2.828s] [100%] Built target tutorial_interfaces__rosidl_typesupport_introspection_c__pyext
[2.828s] running egg_info
[2.828s] writing tutorial_interfaces.egg-info/PKG-INFO
[2.828s] writing dependency_links to tutorial_interfaces.egg-info/dependency_links.txt
[2.829s] writing top-level names to tutorial_interfaces.egg-info/top_level.txt
[2.829s] reading manifest file 'tutorial_interfaces.egg-info/SOURCES.txt'
[2.829s] writing manifest file 'tutorial_interfaces.egg-info/SOURCES.txt'
[2.829s] [100%] Built target ament_cmake_python_build_tutorial_interfaces_egg
[2.829s] listing git files failed - pretending there aren't any
[2.839s] Invoked command in '/home/eternal/ros2_ws/build/tutorial_interfaces' returned '0': CMAKE_PREFIX_PATH=/opt/ros/humble /usr/bin/cmake --build /home/eternal/ros2_ws/build/tutorial_interfaces -- -j16 -l16
