[0.036s] Invoking command in '/home/eternal/ros2_ws/build/polygon_base': CMAKE_PREFIX_PATH=/opt/ros/humble /usr/bin/cmake /home/eternal/ros2_ws/src/polygon_base -DCMAKE_INSTALL_PREFIX=/home/eternal/ros2_ws/install/polygon_base
[2.985s] -- The C compiler identification is GNU 11.4.0
[2.985s] -- The CXX compiler identification is GNU 11.4.0
[2.985s] -- Detecting C compiler ABI info
[2.985s] -- Detecting C compiler ABI info - done
[2.986s] -- Check for working C compiler: /usr/bin/cc - skipped
[2.986s] -- Detecting C compile features
[2.986s] -- Detecting C compile features - done
[2.986s] -- Detecting CXX compiler ABI info
[2.986s] -- Detecting CXX compiler ABI info - done
[2.986s] -- Check for working CXX compiler: /usr/bin/c++ - skipped
[2.987s] -- Detecting CXX compile features
[2.987s] -- Detecting CXX compile features - done
[2.987s] -- Found ament_cmake: 1.3.10 (/opt/ros/humble/share/ament_cmake/cmake)
[2.987s] -- Found Python3: /usr/bin/python3 (found version "3.10.12") found components: Interpreter 
[2.987s] -- Found pluginlib: 5.1.0 (/opt/ros/humble/share/pluginlib/cmake)
[2.988s] -- Found ament_lint_auto: 0.12.11 (/opt/ros/humble/share/ament_lint_auto/cmake)
[2.988s] -- Added test 'cppcheck' to perform static code analysis on C / C++ code
[2.988s] -- Configured cppcheck include dirs: $<BUILD_INTERFACE:/home/eternal/ros2_ws/src/polygon_base/include>
[2.992s] -- Configured cppcheck exclude dirs and/or files: 
[2.993s] -- Added test 'lint_cmake' to check CMake code style
[2.997s] -- Added test 'uncrustify' to check C / C++ code style
[2.997s] -- Configured uncrustify additional arguments: 
[2.998s] -- Added test 'xmllint' to check XML markup files
[2.999s] -- Configuring done
[2.999s] -- Generating done
[2.999s] -- Build files have been written to: /home/eternal/ros2_ws/build/polygon_base
[3.064s] Invoked command in '/home/eternal/ros2_ws/build/polygon_base' returned '0': CMAKE_PREFIX_PATH=/opt/ros/humble /usr/bin/cmake /home/eternal/ros2_ws/src/polygon_base -DCMAKE_INSTALL_PREFIX=/home/eternal/ros2_ws/install/polygon_base
[3.066s] Invoking command in '/home/eternal/ros2_ws/build/polygon_base': CMAKE_PREFIX_PATH=/opt/ros/humble /usr/bin/cmake --build /home/eternal/ros2_ws/build/polygon_base -- -j16 -l16
[3.080s] [ 50%] [32mBuilding CXX object CMakeFiles/area_node.dir/src/area_node.cpp.o[0m
[8.189s] [100%] [32m[1mLinking CXX executable area_node[0m
[8.305s] [100%] Built target area_node
[8.320s] Invoked command in '/home/eternal/ros2_ws/build/polygon_base' returned '0': CMAKE_PREFIX_PATH=/opt/ros/humble /usr/bin/cmake --build /home/eternal/ros2_ws/build/polygon_base -- -j16 -l16
[8.339s] Invoking command in '/home/eternal/ros2_ws/build/polygon_base': CMAKE_PREFIX_PATH=/opt/ros/humble /usr/bin/cmake --install /home/eternal/ros2_ws/build/polygon_base
[8.345s] -- Install configuration: ""
[8.345s] -- Installing: /home/eternal/ros2_ws/install/polygon_base/include
[8.345s] -- Installing: /home/eternal/ros2_ws/install/polygon_base/include/polygon_base
[8.345s] -- Installing: /home/eternal/ros2_ws/install/polygon_base/include/polygon_base/regular_polygon.hpp
[8.345s] -- Installing: /home/eternal/ros2_ws/install/polygon_base/lib/polygon_base/area_node
[8.346s] -- Set runtime path of "/home/eternal/ros2_ws/install/polygon_base/lib/polygon_base/area_node" to ""
[8.346s] -- Installing: /home/eternal/ros2_ws/install/polygon_base/share/ament_index/resource_index/package_run_dependencies/polygon_base
[8.346s] -- Installing: /home/eternal/ros2_ws/install/polygon_base/share/ament_index/resource_index/parent_prefix_path/polygon_base
[8.346s] -- Installing: /home/eternal/ros2_ws/install/polygon_base/share/polygon_base/environment/ament_prefix_path.sh
[8.347s] -- Installing: /home/eternal/ros2_ws/install/polygon_base/share/polygon_base/environment/ament_prefix_path.dsv
[8.347s] -- Installing: /home/eternal/ros2_ws/install/polygon_base/share/polygon_base/environment/path.sh
[8.347s] -- Installing: /home/eternal/ros2_ws/install/polygon_base/share/polygon_base/environment/path.dsv
[8.347s] -- Installing: /home/eternal/ros2_ws/install/polygon_base/share/polygon_base/local_setup.bash
[8.347s] -- Installing: /home/eternal/ros2_ws/install/polygon_base/share/polygon_base/local_setup.sh
[8.347s] -- Installing: /home/eternal/ros2_ws/install/polygon_base/share/polygon_base/local_setup.zsh
[8.347s] -- Installing: /home/eternal/ros2_ws/install/polygon_base/share/polygon_base/local_setup.dsv
[8.347s] -- Installing: /home/eternal/ros2_ws/install/polygon_base/share/polygon_base/package.dsv
[8.347s] -- Installing: /home/eternal/ros2_ws/install/polygon_base/share/ament_index/resource_index/packages/polygon_base
[8.347s] -- Installing: /home/eternal/ros2_ws/install/polygon_base/share/polygon_base/cmake/ament_cmake_export_include_directories-extras.cmake
[8.347s] -- Installing: /home/eternal/ros2_ws/install/polygon_base/share/polygon_base/cmake/polygon_baseConfig.cmake
[8.347s] -- Installing: /home/eternal/ros2_ws/install/polygon_base/share/polygon_base/cmake/polygon_baseConfig-version.cmake
[8.347s] -- Installing: /home/eternal/ros2_ws/install/polygon_base/share/polygon_base/package.xml
[8.350s] Invoked command in '/home/eternal/ros2_ws/build/polygon_base' returned '0': CMAKE_PREFIX_PATH=/opt/ros/humble /usr/bin/cmake --install /home/eternal/ros2_ws/build/polygon_base
