[1.124s] Invoking command in '/home/eternal/ros2_ws/src/learning_tf2_py': PYTHONPATH=/home/eternal/ros2_ws/build/learning_tf2_py/prefix_override:/usr/lib/python3/dist-packages/colcon_core/task/python/colcon_distutils_commands:/home/eternal/ros2_ws/install/learning_tf2_py/lib/python3.10/site-packages:${PYTHONPATH} /usr/bin/python3 -W ignore:setup.py install is deprecated setup.py egg_info --egg-base ../../build/learning_tf2_py build --build-base /home/eternal/ros2_ws/build/learning_tf2_py/build install --record /home/eternal/ros2_ws/build/learning_tf2_py/install.log --single-version-externally-managed install_data
[1.674s] running egg_info
[1.675s] creating ../../build/learning_tf2_py/learning_tf2_py.egg-info
[1.716s] writing ../../build/learning_tf2_py/learning_tf2_py.egg-info/PKG-INFO
[1.749s] writing dependency_links to ../../build/learning_tf2_py/learning_tf2_py.egg-info/dependency_links.txt
[1.848s] writing entry points to ../../build/learning_tf2_py/learning_tf2_py.egg-info/entry_points.txt
[1.914s] writing requirements to ../../build/learning_tf2_py/learning_tf2_py.egg-info/requires.txt
[1.948s] writing top-level names to ../../build/learning_tf2_py/learning_tf2_py.egg-info/top_level.txt
[1.948s] writing manifest file '../../build/learning_tf2_py/learning_tf2_py.egg-info/SOURCES.txt'
[2.639s] reading manifest file '../../build/learning_tf2_py/learning_tf2_py.egg-info/SOURCES.txt'
[2.639s] adding license file 'LICENSE'
[2.640s] writing manifest file '../../build/learning_tf2_py/learning_tf2_py.egg-info/SOURCES.txt'
[2.640s] running build
[2.640s] running build_py
[2.640s] creating /home/eternal/ros2_ws/build/learning_tf2_py/build
[2.640s] creating /home/eternal/ros2_ws/build/learning_tf2_py/build/lib
[2.640s] creating /home/eternal/ros2_ws/build/learning_tf2_py/build/lib/learning_tf2_py
[2.640s] copying learning_tf2_py/__init__.py -> /home/eternal/ros2_ws/build/learning_tf2_py/build/lib/learning_tf2_py
[2.640s] copying learning_tf2_py/static_turtle_tf2_broadcaster.py -> /home/eternal/ros2_ws/build/learning_tf2_py/build/lib/learning_tf2_py
[2.640s] running install
[2.644s] running install_lib
[2.684s] creating /home/eternal/ros2_ws/install/learning_tf2_py/lib/python3.10/site-packages/learning_tf2_py
[2.684s] copying /home/eternal/ros2_ws/build/learning_tf2_py/build/lib/learning_tf2_py/__init__.py -> /home/eternal/ros2_ws/install/learning_tf2_py/lib/python3.10/site-packages/learning_tf2_py
[2.684s] copying /home/eternal/ros2_ws/build/learning_tf2_py/build/lib/learning_tf2_py/static_turtle_tf2_broadcaster.py -> /home/eternal/ros2_ws/install/learning_tf2_py/lib/python3.10/site-packages/learning_tf2_py
[2.684s] byte-compiling /home/eternal/ros2_ws/install/learning_tf2_py/lib/python3.10/site-packages/learning_tf2_py/__init__.py to __init__.cpython-310.pyc
[2.684s] byte-compiling /home/eternal/ros2_ws/install/learning_tf2_py/lib/python3.10/site-packages/learning_tf2_py/static_turtle_tf2_broadcaster.py to static_turtle_tf2_broadcaster.cpython-310.pyc
[2.685s] running install_data
[2.685s] creating /home/eternal/ros2_ws/install/learning_tf2_py/share/ament_index
[2.685s] creating /home/eternal/ros2_ws/install/learning_tf2_py/share/ament_index/resource_index
[2.685s] creating /home/eternal/ros2_ws/install/learning_tf2_py/share/ament_index/resource_index/packages
[2.685s] copying resource/learning_tf2_py -> /home/eternal/ros2_ws/install/learning_tf2_py/share/ament_index/resource_index/packages
[2.685s] copying package.xml -> /home/eternal/ros2_ws/install/learning_tf2_py/share/learning_tf2_py
[2.685s] running install_egg_info
[2.725s] Copying ../../build/learning_tf2_py/learning_tf2_py.egg-info to /home/eternal/ros2_ws/install/learning_tf2_py/lib/python3.10/site-packages/learning_tf2_py-0.0.0-py3.10.egg-info
[2.725s] running install_scripts
[2.800s] Installing static_turtle_tf2_broadcaster script to /home/eternal/ros2_ws/install/learning_tf2_py/lib/learning_tf2_py
[2.800s] writing list of installed files to '/home/eternal/ros2_ws/build/learning_tf2_py/install.log'
[2.818s] Invoked command in '/home/eternal/ros2_ws/src/learning_tf2_py' returned '0': PYTHONPATH=/home/eternal/ros2_ws/build/learning_tf2_py/prefix_override:/usr/lib/python3/dist-packages/colcon_core/task/python/colcon_distutils_commands:/home/eternal/ros2_ws/install/learning_tf2_py/lib/python3.10/site-packages:${PYTHONPATH} /usr/bin/python3 -W ignore:setup.py install is deprecated setup.py egg_info --egg-base ../../build/learning_tf2_py build --build-base /home/eternal/ros2_ws/build/learning_tf2_py/build install --record /home/eternal/ros2_ws/build/learning_tf2_py/install.log --single-version-externally-managed install_data
