[0.022s] Invoking command in '/home/eternal/ros2_ws/build/cpp_parameter_event_handler': CMAKE_PREFIX_PATH=${CMAKE_PREFIX_PATH}:/home/eternal/ros2_ws/install/python_parameters:/home/eternal/ros2_ws/install/py_srvcli:/home/eternal/ros2_ws/install/py_pubsub:/home/eternal/ros2_ws/install/py_launch_example:/home/eternal/ros2_ws/install/launch_tutorial:/home/eternal/ros2_ws/install/imu_filter_pkg:/opt/ros/humble /usr/bin/cmake --build /home/eternal/ros2_ws/build/cpp_parameter_event_handler -- -j16 -l16
[0.109s] [100%] Built target parameter_event_handler
[0.117s] Invoked command in '/home/eternal/ros2_ws/build/cpp_parameter_event_handler' returned '0': CMAKE_PREFIX_PATH=${CMAKE_PREFIX_PATH}:/home/eternal/ros2_ws/install/python_parameters:/home/eternal/ros2_ws/install/py_srvcli:/home/eternal/ros2_ws/install/py_pubsub:/home/eternal/ros2_ws/install/py_launch_example:/home/eternal/ros2_ws/install/launch_tutorial:/home/eternal/ros2_ws/install/imu_filter_pkg:/opt/ros/humble /usr/bin/cmake --build /home/eternal/ros2_ws/build/cpp_parameter_event_handler -- -j16 -l16
[0.141s] Invoking command in '/home/eternal/ros2_ws/build/cpp_parameter_event_handler': CMAKE_PREFIX_PATH=${CMAKE_PREFIX_PATH}:/home/eternal/ros2_ws/install/python_parameters:/home/eternal/ros2_ws/install/py_srvcli:/home/eternal/ros2_ws/install/py_pubsub:/home/eternal/ros2_ws/install/py_launch_example:/home/eternal/ros2_ws/install/launch_tutorial:/home/eternal/ros2_ws/install/imu_filter_pkg:/opt/ros/humble /usr/bin/cmake --install /home/eternal/ros2_ws/build/cpp_parameter_event_handler
[0.149s] -- Install configuration: ""
[0.149s] -- Execute custom install script
[0.150s] -- Up-to-date symlink: /home/eternal/ros2_ws/install/cpp_parameter_event_handler/lib/cpp_parameter_event_handler/parameter_event_handler
[0.150s] -- Up-to-date symlink: /home/eternal/ros2_ws/install/cpp_parameter_event_handler/share/ament_index/resource_index/package_run_dependencies/cpp_parameter_event_handler
[0.150s] -- Up-to-date symlink: /home/eternal/ros2_ws/install/cpp_parameter_event_handler/share/ament_index/resource_index/parent_prefix_path/cpp_parameter_event_handler
[0.152s] -- Up-to-date symlink: /home/eternal/ros2_ws/install/cpp_parameter_event_handler/share/cpp_parameter_event_handler/environment/ament_prefix_path.sh
[0.152s] -- Up-to-date symlink: /home/eternal/ros2_ws/install/cpp_parameter_event_handler/share/cpp_parameter_event_handler/environment/ament_prefix_path.dsv
[0.152s] -- Up-to-date symlink: /home/eternal/ros2_ws/install/cpp_parameter_event_handler/share/cpp_parameter_event_handler/environment/path.sh
[0.152s] -- Up-to-date symlink: /home/eternal/ros2_ws/install/cpp_parameter_event_handler/share/cpp_parameter_event_handler/environment/path.dsv
[0.152s] -- Up-to-date symlink: /home/eternal/ros2_ws/install/cpp_parameter_event_handler/share/cpp_parameter_event_handler/local_setup.bash
[0.152s] -- Up-to-date symlink: /home/eternal/ros2_ws/install/cpp_parameter_event_handler/share/cpp_parameter_event_handler/local_setup.sh
[0.153s] -- Up-to-date symlink: /home/eternal/ros2_ws/install/cpp_parameter_event_handler/share/cpp_parameter_event_handler/local_setup.zsh
[0.154s] -- Up-to-date symlink: /home/eternal/ros2_ws/install/cpp_parameter_event_handler/share/cpp_parameter_event_handler/local_setup.dsv
[0.154s] -- Symlinking: /home/eternal/ros2_ws/install/cpp_parameter_event_handler/share/cpp_parameter_event_handler/package.dsv
[0.157s] -- Up-to-date symlink: /home/eternal/ros2_ws/install/cpp_parameter_event_handler/share/ament_index/resource_index/packages/cpp_parameter_event_handler
[0.157s] -- Up-to-date symlink: /home/eternal/ros2_ws/install/cpp_parameter_event_handler/share/cpp_parameter_event_handler/cmake/cpp_parameter_event_handlerConfig.cmake
[0.157s] -- Up-to-date symlink: /home/eternal/ros2_ws/install/cpp_parameter_event_handler/share/cpp_parameter_event_handler/cmake/cpp_parameter_event_handlerConfig-version.cmake
[0.157s] -- Up-to-date symlink: /home/eternal/ros2_ws/install/cpp_parameter_event_handler/share/cpp_parameter_event_handler/package.xml
[0.166s] Invoked command in '/home/eternal/ros2_ws/build/cpp_parameter_event_handler' returned '0': CMAKE_PREFIX_PATH=${CMAKE_PREFIX_PATH}:/home/eternal/ros2_ws/install/python_parameters:/home/eternal/ros2_ws/install/py_srvcli:/home/eternal/ros2_ws/install/py_pubsub:/home/eternal/ros2_ws/install/py_launch_example:/home/eternal/ros2_ws/install/launch_tutorial:/home/eternal/ros2_ws/install/imu_filter_pkg:/opt/ros/humble /usr/bin/cmake --install /home/eternal/ros2_ws/build/cpp_parameter_event_handler
