[4.182s] Invoking command in '/home/eternal/ros2_ws/src/py_srvcli': PYTHONPATH=/home/eternal/ros2_ws/build/py_srvcli/prefix_override:/usr/lib/python3/dist-packages/colcon_core/task/python/colcon_distutils_commands:/home/eternal/ros2_ws/install/py_srvcli/lib/python3.10/site-packages:${PYTHONPATH} /usr/bin/python3 -W ignore:setup.py install is deprecated setup.py egg_info --egg-base ../../build/py_srvcli build --build-base /home/eternal/ros2_ws/build/py_srvcli/build install --record /home/eternal/ros2_ws/build/py_srvcli/install.log --single-version-externally-managed install_data
[4.731s] running egg_info
[4.771s] writing ../../build/py_srvcli/py_srvcli.egg-info/PKG-INFO
[4.803s] writing dependency_links to ../../build/py_srvcli/py_srvcli.egg-info/dependency_links.txt
[4.898s] writing entry points to ../../build/py_srvcli/py_srvcli.egg-info/entry_points.txt
[4.962s] writing requirements to ../../build/py_srvcli/py_srvcli.egg-info/requires.txt
[5.002s] writing top-level names to ../../build/py_srvcli/py_srvcli.egg-info/top_level.txt
[5.067s] listing git files failed - pretending there aren't any
[5.150s] reading manifest file '../../build/py_srvcli/py_srvcli.egg-info/SOURCES.txt'
[5.150s] adding license file 'LICENSE'
[5.150s] writing manifest file '../../build/py_srvcli/py_srvcli.egg-info/SOURCES.txt'
[5.151s] running build
[5.151s] running build_py
[5.151s] running install
[5.155s] running install_lib
[5.196s] running install_data
[5.196s] running install_egg_info
[5.235s] removing '/home/eternal/ros2_ws/install/py_srvcli/lib/python3.10/site-packages/py_srvcli-0.0.0-py3.10.egg-info' (and everything under it)
[5.235s] Copying ../../build/py_srvcli/py_srvcli.egg-info to /home/eternal/ros2_ws/install/py_srvcli/lib/python3.10/site-packages/py_srvcli-0.0.0-py3.10.egg-info
[5.235s] running install_scripts
[5.311s] Installing client script to /home/eternal/ros2_ws/install/py_srvcli/lib/py_srvcli
[5.311s] Installing service script to /home/eternal/ros2_ws/install/py_srvcli/lib/py_srvcli
[5.311s] writing list of installed files to '/home/eternal/ros2_ws/build/py_srvcli/install.log'
[5.332s] Invoked command in '/home/eternal/ros2_ws/src/py_srvcli' returned '0': PYTHONPATH=/home/eternal/ros2_ws/build/py_srvcli/prefix_override:/usr/lib/python3/dist-packages/colcon_core/task/python/colcon_distutils_commands:/home/eternal/ros2_ws/install/py_srvcli/lib/python3.10/site-packages:${PYTHONPATH} /usr/bin/python3 -W ignore:setup.py install is deprecated setup.py egg_info --egg-base ../../build/py_srvcli build --build-base /home/eternal/ros2_ws/build/py_srvcli/build install --record /home/eternal/ros2_ws/build/py_srvcli/install.log --single-version-externally-managed install_data
