[0.049s] Invoking command in '/home/eternal/ros2_ws/build/action_tutorials_cpp': CMAKE_PREFIX_PATH=/opt/ros/humble /usr/bin/cmake --build /home/eternal/ros2_ws/build/action_tutorials_cpp -- -j16 -l16
[0.170s] [ 25%] Built target fibonacci_action_client
[0.178s] [ 50%] Built target fibonacci_action_server
[0.180s] [ 75%] Built target action_client
[0.187s] [100%] Built target action_server
[0.210s] Invoked command in '/home/eternal/ros2_ws/build/action_tutorials_cpp' returned '0': CMAKE_PREFIX_PATH=/opt/ros/humble /usr/bin/cmake --build /home/eternal/ros2_ws/build/action_tutorials_cpp -- -j16 -l16
[0.291s] Invoking command in '/home/eternal/ros2_ws/build/action_tutorials_cpp': CMAKE_PREFIX_PATH=/opt/ros/humble /usr/bin/cmake --install /home/eternal/ros2_ws/build/action_tutorials_cpp
[0.315s] -- Install configuration: ""
[0.315s] -- Execute custom install script
[0.315s] -- Up-to-date symlink: /home/eternal/ros2_ws/install/action_tutorials_cpp/lib/action_tutorials_cpp/fibonacci_action_client
[0.316s] -- Up-to-date symlink: /home/eternal/ros2_ws/install/action_tutorials_cpp/lib/libaction_client.so
[0.316s] -- Up-to-date symlink: /home/eternal/ros2_ws/install/action_tutorials_cpp/lib/action_tutorials_cpp/fibonacci_action_server
[0.316s] -- Up-to-date symlink: /home/eternal/ros2_ws/install/action_tutorials_cpp/lib/libaction_server.so
[0.316s] -- Up-to-date symlink: /home/eternal/ros2_ws/install/action_tutorials_cpp/share/ament_index/resource_index/package_run_dependencies/action_tutorials_cpp
[0.316s] -- Up-to-date symlink: /home/eternal/ros2_ws/install/action_tutorials_cpp/share/ament_index/resource_index/parent_prefix_path/action_tutorials_cpp
[0.316s] -- Up-to-date symlink: /home/eternal/ros2_ws/install/action_tutorials_cpp/share/action_tutorials_cpp/environment/ament_prefix_path.sh
[0.317s] -- Up-to-date symlink: /home/eternal/ros2_ws/install/action_tutorials_cpp/share/action_tutorials_cpp/environment/ament_prefix_path.dsv
[0.319s] -- Up-to-date symlink: /home/eternal/ros2_ws/install/action_tutorials_cpp/share/action_tutorials_cpp/environment/path.sh
[0.319s] -- Up-to-date symlink: /home/eternal/ros2_ws/install/action_tutorials_cpp/share/action_tutorials_cpp/environment/path.dsv
[0.320s] -- Up-to-date symlink: /home/eternal/ros2_ws/install/action_tutorials_cpp/share/action_tutorials_cpp/local_setup.bash
[0.322s] -- Up-to-date symlink: /home/eternal/ros2_ws/install/action_tutorials_cpp/share/action_tutorials_cpp/local_setup.sh
[0.324s] -- Up-to-date symlink: /home/eternal/ros2_ws/install/action_tutorials_cpp/share/action_tutorials_cpp/local_setup.zsh
[0.325s] -- Up-to-date symlink: /home/eternal/ros2_ws/install/action_tutorials_cpp/share/action_tutorials_cpp/local_setup.dsv
[0.326s] -- Symlinking: /home/eternal/ros2_ws/install/action_tutorials_cpp/share/action_tutorials_cpp/package.dsv
[0.337s] -- Up-to-date symlink: /home/eternal/ros2_ws/install/action_tutorials_cpp/share/ament_index/resource_index/packages/action_tutorials_cpp
[0.337s] -- Up-to-date symlink: /home/eternal/ros2_ws/install/action_tutorials_cpp/share/ament_index/resource_index/rclcpp_components/action_tutorials_cpp
[0.337s] -- Up-to-date symlink: /home/eternal/ros2_ws/install/action_tutorials_cpp/share/action_tutorials_cpp/cmake/action_tutorials_cppConfig.cmake
[0.337s] -- Up-to-date symlink: /home/eternal/ros2_ws/install/action_tutorials_cpp/share/action_tutorials_cpp/cmake/action_tutorials_cppConfig-version.cmake
[0.337s] -- Up-to-date symlink: /home/eternal/ros2_ws/install/action_tutorials_cpp/share/action_tutorials_cpp/package.xml
[0.418s] Invoked command in '/home/eternal/ros2_ws/build/action_tutorials_cpp' returned '0': CMAKE_PREFIX_PATH=/opt/ros/humble /usr/bin/cmake --install /home/eternal/ros2_ws/build/action_tutorials_cpp
