[1.404s] Invoking command in '/home/eternal/ros2_ws/src/learning_tf2_py': PYTHONPATH=/home/eternal/ros2_ws/build/learning_tf2_py/prefix_override:/usr/lib/python3/dist-packages/colcon_core/task/python/colcon_distutils_commands:/home/eternal/ros2_ws/install/learning_tf2_py/lib/python3.10/site-packages:${PYTHONPATH} /usr/bin/python3 -W ignore:setup.py install is deprecated setup.py egg_info --egg-base ../../build/learning_tf2_py build --build-base /home/eternal/ros2_ws/build/learning_tf2_py/build install --record /home/eternal/ros2_ws/build/learning_tf2_py/install.log --single-version-externally-managed install_data
[1.984s] running egg_info
[2.025s] writing ../../build/learning_tf2_py/learning_tf2_py.egg-info/PKG-INFO
[2.057s] writing dependency_links to ../../build/learning_tf2_py/learning_tf2_py.egg-info/dependency_links.txt
[2.153s] writing entry points to ../../build/learning_tf2_py/learning_tf2_py.egg-info/entry_points.txt
[2.217s] writing requirements to ../../build/learning_tf2_py/learning_tf2_py.egg-info/requires.txt
[2.248s] writing top-level names to ../../build/learning_tf2_py/learning_tf2_py.egg-info/top_level.txt
[2.745s] reading manifest file '../../build/learning_tf2_py/learning_tf2_py.egg-info/SOURCES.txt'
[2.745s] adding license file 'LICENSE'
[2.746s] writing manifest file '../../build/learning_tf2_py/learning_tf2_py.egg-info/SOURCES.txt'
[2.746s] running build
[2.746s] running build_py
[2.746s] running install
[2.750s] running install_lib
[2.792s] running install_data
[2.792s] running install_egg_info
[2.834s] removing '/home/eternal/ros2_ws/install/learning_tf2_py/lib/python3.10/site-packages/learning_tf2_py-0.0.0-py3.10.egg-info' (and everything under it)
[2.834s] Copying ../../build/learning_tf2_py/learning_tf2_py.egg-info to /home/eternal/ros2_ws/install/learning_tf2_py/lib/python3.10/site-packages/learning_tf2_py-0.0.0-py3.10.egg-info
[2.835s] running install_scripts
[2.918s] Installing static_turtle_tf2_broadcaster script to /home/eternal/ros2_ws/install/learning_tf2_py/lib/learning_tf2_py
[2.918s] writing list of installed files to '/home/eternal/ros2_ws/build/learning_tf2_py/install.log'
[2.959s] Invoked command in '/home/eternal/ros2_ws/src/learning_tf2_py' returned '0': PYTHONPATH=/home/eternal/ros2_ws/build/learning_tf2_py/prefix_override:/usr/lib/python3/dist-packages/colcon_core/task/python/colcon_distutils_commands:/home/eternal/ros2_ws/install/learning_tf2_py/lib/python3.10/site-packages:${PYTHONPATH} /usr/bin/python3 -W ignore:setup.py install is deprecated setup.py egg_info --egg-base ../../build/learning_tf2_py build --build-base /home/eternal/ros2_ws/build/learning_tf2_py/build install --record /home/eternal/ros2_ws/build/learning_tf2_py/install.log --single-version-externally-managed install_data
