[0.033s] Invoking command in '/home/eternal/ros2_ws/build/bag_reading_cpp': CMAKE_PREFIX_PATH=${CMAKE_PREFIX_PATH}:/home/eternal/ros2_ws/install/learning_tf2_py:/home/eternal/ros2_ws/install/python_parameters:/home/eternal/ros2_ws/install/py_srvcli:/home/eternal/ros2_ws/install/py_pubsub:/home/eternal/ros2_ws/install/py_launch_example:/home/eternal/ros2_ws/install/launch_tutorial:/home/eternal/ros2_ws/install/imu_filter_pkg:/opt/ros/humble /usr/bin/cmake --build /home/eternal/ros2_ws/build/bag_reading_cpp -- -j16 -l16
[0.104s] [35m[1mConsolidate compiler generated dependencies of target simple_bag_reader_test[0m
[0.121s] [ 33%] Built target imu_filter_node
[0.122s] [ 50%] [32mBuilding CXX object CMakeFiles/simple_bag_reader_test.dir/src/simple_bag_reader_test.cpp.o[0m
[0.124s] [ 83%] Built target simple_bag_reader
[2.859s] [100%] [32m[1mLinking CXX executable simple_bag_reader_test[0m
[2.978s] [100%] Built target simple_bag_reader_test
[2.990s] Invoked command in '/home/eternal/ros2_ws/build/bag_reading_cpp' returned '0': CMAKE_PREFIX_PATH=${CMAKE_PREFIX_PATH}:/home/eternal/ros2_ws/install/learning_tf2_py:/home/eternal/ros2_ws/install/python_parameters:/home/eternal/ros2_ws/install/py_srvcli:/home/eternal/ros2_ws/install/py_pubsub:/home/eternal/ros2_ws/install/py_launch_example:/home/eternal/ros2_ws/install/launch_tutorial:/home/eternal/ros2_ws/install/imu_filter_pkg:/opt/ros/humble /usr/bin/cmake --build /home/eternal/ros2_ws/build/bag_reading_cpp -- -j16 -l16
[3.078s] Invoking command in '/home/eternal/ros2_ws/build/bag_reading_cpp': CMAKE_PREFIX_PATH=${CMAKE_PREFIX_PATH}:/home/eternal/ros2_ws/install/learning_tf2_py:/home/eternal/ros2_ws/install/python_parameters:/home/eternal/ros2_ws/install/py_srvcli:/home/eternal/ros2_ws/install/py_pubsub:/home/eternal/ros2_ws/install/py_launch_example:/home/eternal/ros2_ws/install/launch_tutorial:/home/eternal/ros2_ws/install/imu_filter_pkg:/opt/ros/humble /usr/bin/cmake --install /home/eternal/ros2_ws/build/bag_reading_cpp
[3.095s] -- Install configuration: ""
[3.095s] -- Execute custom install script
[3.096s] -- Up-to-date symlink: /home/eternal/ros2_ws/install/bag_reading_cpp/lib/bag_reading_cpp/simple_bag_reader
[3.096s] -- Up-to-date symlink: /home/eternal/ros2_ws/install/bag_reading_cpp/lib/bag_reading_cpp/simple_bag_reader_test
[3.096s] -- Up-to-date symlink: /home/eternal/ros2_ws/install/bag_reading_cpp/lib/bag_reading_cpp/imu_filter_node
[3.096s] -- Up-to-date symlink: /home/eternal/ros2_ws/install/bag_reading_cpp/share/ament_index/resource_index/package_run_dependencies/bag_reading_cpp
[3.096s] -- Up-to-date symlink: /home/eternal/ros2_ws/install/bag_reading_cpp/share/ament_index/resource_index/parent_prefix_path/bag_reading_cpp
[3.096s] -- Up-to-date symlink: /home/eternal/ros2_ws/install/bag_reading_cpp/share/bag_reading_cpp/environment/ament_prefix_path.sh
[3.097s] -- Up-to-date symlink: /home/eternal/ros2_ws/install/bag_reading_cpp/share/bag_reading_cpp/environment/ament_prefix_path.dsv
[3.097s] -- Up-to-date symlink: /home/eternal/ros2_ws/install/bag_reading_cpp/share/bag_reading_cpp/environment/path.sh
[3.097s] -- Up-to-date symlink: /home/eternal/ros2_ws/install/bag_reading_cpp/share/bag_reading_cpp/environment/path.dsv
[3.097s] -- Up-to-date symlink: /home/eternal/ros2_ws/install/bag_reading_cpp/share/bag_reading_cpp/local_setup.bash
[3.097s] -- Up-to-date symlink: /home/eternal/ros2_ws/install/bag_reading_cpp/share/bag_reading_cpp/local_setup.sh
[3.097s] -- Up-to-date symlink: /home/eternal/ros2_ws/install/bag_reading_cpp/share/bag_reading_cpp/local_setup.zsh
[3.097s] -- Up-to-date symlink: /home/eternal/ros2_ws/install/bag_reading_cpp/share/bag_reading_cpp/local_setup.dsv
[3.097s] -- Symlinking: /home/eternal/ros2_ws/install/bag_reading_cpp/share/bag_reading_cpp/package.dsv
[3.106s] -- Up-to-date symlink: /home/eternal/ros2_ws/install/bag_reading_cpp/share/ament_index/resource_index/packages/bag_reading_cpp
[3.106s] -- Up-to-date symlink: /home/eternal/ros2_ws/install/bag_reading_cpp/share/bag_reading_cpp/cmake/bag_reading_cppConfig.cmake
[3.106s] -- Up-to-date symlink: /home/eternal/ros2_ws/install/bag_reading_cpp/share/bag_reading_cpp/cmake/bag_reading_cppConfig-version.cmake
[3.107s] -- Up-to-date symlink: /home/eternal/ros2_ws/install/bag_reading_cpp/share/bag_reading_cpp/package.xml
[3.109s] Invoked command in '/home/eternal/ros2_ws/build/bag_reading_cpp' returned '0': CMAKE_PREFIX_PATH=${CMAKE_PREFIX_PATH}:/home/eternal/ros2_ws/install/learning_tf2_py:/home/eternal/ros2_ws/install/python_parameters:/home/eternal/ros2_ws/install/py_srvcli:/home/eternal/ros2_ws/install/py_pubsub:/home/eternal/ros2_ws/install/py_launch_example:/home/eternal/ros2_ws/install/launch_tutorial:/home/eternal/ros2_ws/install/imu_filter_pkg:/opt/ros/humble /usr/bin/cmake --install /home/eternal/ros2_ws/build/bag_reading_cpp
