[0.004s] Invoking command in '/home/eternal/ros2_ws/build/action_tutorials_cpp': AMENT_PREFIX_PATH=/home/eternal/ros2_ws/install/action_tutorials_interfaces:${AMENT_PREFIX_PATH} CMAKE_PREFIX_PATH=/home/eternal/ros2_ws/install/action_tutorials_interfaces:/opt/ros/humble LD_LIBRARY_PATH=/home/eternal/ros2_ws/install/action_tutorials_interfaces/lib:${LD_LIBRARY_PATH} PYTHONPATH=/home/eternal/ros2_ws/install/action_tutorials_interfaces/local/lib/python3.10/dist-packages:${PYTHONPATH} /usr/bin/cmake /home/eternal/ros2_ws/src/action_tutorials_cpp -DCMAKE_INSTALL_PREFIX=/home/eternal/ros2_ws/install/action_tutorials_cpp
[0.064s] -- The C compiler identification is GNU 11.4.0
[0.128s] -- The CXX compiler identification is GNU 11.4.0
[0.138s] -- Detecting C compiler ABI info
[0.218s] -- Detecting C compiler ABI info - done
[0.226s] -- Check for working C compiler: /usr/bin/cc - skipped
[0.226s] -- Detecting C compile features
[0.227s] -- Detecting C compile features - done
[0.230s] -- Detecting CXX compiler ABI info
[0.313s] -- Detecting CXX compiler ABI info - done
[0.323s] -- Check for working CXX compiler: /usr/bin/c++ - skipped
[0.323s] -- Detecting CXX compile features
[0.323s] -- Detecting CXX compile features - done
[0.325s] -- Found ament_cmake: 1.3.10 (/opt/ros/humble/share/ament_cmake/cmake)
[0.989s] -- Found Python3: /usr/bin/python3 (found version "3.10.12") found components: Interpreter 
[1.094s] -- Found action_tutorials_interfaces: 0.0.0 (/home/eternal/ros2_ws/install/action_tutorials_interfaces/share/action_tutorials_interfaces/cmake)
[1.133s] -- Found rosidl_generator_c: 3.1.5 (/opt/ros/humble/share/rosidl_generator_c/cmake)
[1.142s] -- Found rosidl_adapter: 3.1.5 (/opt/ros/humble/share/rosidl_adapter/cmake)
[1.151s] -- Found rosidl_generator_cpp: 3.1.5 (/opt/ros/humble/share/rosidl_generator_cpp/cmake)
[1.172s] -- Using all available rosidl_typesupport_c: rosidl_typesupport_fastrtps_c;rosidl_typesupport_introspection_c
[1.202s] -- Using all available rosidl_typesupport_cpp: rosidl_typesupport_fastrtps_cpp;rosidl_typesupport_introspection_cpp
[1.351s] -- Found rclcpp: 16.0.10 (/opt/ros/humble/share/rclcpp/cmake)
[1.449s] -- Found rmw_implementation_cmake: 6.1.2 (/opt/ros/humble/share/rmw_implementation_cmake/cmake)
[1.456s] -- Found rmw_fastrtps_cpp: 6.2.7 (/opt/ros/humble/share/rmw_fastrtps_cpp/cmake)
[1.685s] -- Found OpenSSL: /usr/lib/x86_64-linux-gnu/libcrypto.so (found version "3.0.2")  
[1.757s] -- Found FastRTPS: /opt/ros/humble/include  
[1.839s] -- Using RMW implementation 'rmw_fastrtps_cpp' as default
[1.863s] -- Looking for pthread.h
[2.021s] -- Looking for pthread.h - found
[2.021s] -- Performing Test CMAKE_HAVE_LIBC_PTHREAD
[2.153s] -- Performing Test CMAKE_HAVE_LIBC_PTHREAD - Success
[2.154s] -- Found Threads: TRUE  
[2.249s] -- Found rclcpp_action: 16.0.10 (/opt/ros/humble/share/rclcpp_action/cmake)
[2.279s] -- Found rclcpp_components: 16.0.10 (/opt/ros/humble/share/rclcpp_components/cmake)
[2.548s] -- Configuring done
[2.612s] -- Generating done
[2.621s] -- Build files have been written to: /home/eternal/ros2_ws/build/action_tutorials_cpp
[2.659s] Invoked command in '/home/eternal/ros2_ws/build/action_tutorials_cpp' returned '0': AMENT_PREFIX_PATH=/home/eternal/ros2_ws/install/action_tutorials_interfaces:${AMENT_PREFIX_PATH} CMAKE_PREFIX_PATH=/home/eternal/ros2_ws/install/action_tutorials_interfaces:/opt/ros/humble LD_LIBRARY_PATH=/home/eternal/ros2_ws/install/action_tutorials_interfaces/lib:${LD_LIBRARY_PATH} PYTHONPATH=/home/eternal/ros2_ws/install/action_tutorials_interfaces/local/lib/python3.10/dist-packages:${PYTHONPATH} /usr/bin/cmake /home/eternal/ros2_ws/src/action_tutorials_cpp -DCMAKE_INSTALL_PREFIX=/home/eternal/ros2_ws/install/action_tutorials_cpp
[2.659s] Invoking command in '/home/eternal/ros2_ws/build/action_tutorials_cpp': AMENT_PREFIX_PATH=/home/eternal/ros2_ws/install/action_tutorials_interfaces:${AMENT_PREFIX_PATH} CMAKE_PREFIX_PATH=/home/eternal/ros2_ws/install/action_tutorials_interfaces:/opt/ros/humble LD_LIBRARY_PATH=/home/eternal/ros2_ws/install/action_tutorials_interfaces/lib:${LD_LIBRARY_PATH} PYTHONPATH=/home/eternal/ros2_ws/install/action_tutorials_interfaces/local/lib/python3.10/dist-packages:${PYTHONPATH} /usr/bin/cmake --build /home/eternal/ros2_ws/build/action_tutorials_cpp -- -j16 -l16
[2.767s] [ 12%] [32mBuilding CXX object CMakeFiles/action_client.dir/src/fibonacci_action_client.cpp.o[0m
[2.774s] [ 25%] [32mBuilding CXX object CMakeFiles/fibonacci_action_client.dir/rclcpp_components/node_main_fibonacci_action_client.cpp.o[0m
[2.799s] [ 50%] [32mBuilding CXX object CMakeFiles/fibonacci_action_server.dir/rclcpp_components/node_main_fibonacci_action_server.cpp.o[0m
[2.799s] [ 50%] [32mBuilding CXX object CMakeFiles/action_server.dir/src/fibonacci_action_server.cpp.o[0m
[6.867s] [ 62%] [32m[1mLinking CXX executable fibonacci_action_client[0m
[7.105s] [ 75%] [32m[1mLinking CXX executable fibonacci_action_server[0m
[7.122s] [ 75%] Built target fibonacci_action_client
[7.342s] [ 75%] Built target fibonacci_action_server
[8.299s] [ 87%] [32m[1mLinking CXX shared library libaction_server.so[0m
[8.434s] [ 87%] Built target action_server
[8.867s] [100%] [32m[1mLinking CXX shared library libaction_client.so[0m
[9.081s] [100%] Built target action_client
[9.090s] Invoked command in '/home/eternal/ros2_ws/build/action_tutorials_cpp' returned '0': AMENT_PREFIX_PATH=/home/eternal/ros2_ws/install/action_tutorials_interfaces:${AMENT_PREFIX_PATH} CMAKE_PREFIX_PATH=/home/eternal/ros2_ws/install/action_tutorials_interfaces:/opt/ros/humble LD_LIBRARY_PATH=/home/eternal/ros2_ws/install/action_tutorials_interfaces/lib:${LD_LIBRARY_PATH} PYTHONPATH=/home/eternal/ros2_ws/install/action_tutorials_interfaces/local/lib/python3.10/dist-packages:${PYTHONPATH} /usr/bin/cmake --build /home/eternal/ros2_ws/build/action_tutorials_cpp -- -j16 -l16
[9.130s] Invoking command in '/home/eternal/ros2_ws/build/action_tutorials_cpp': AMENT_PREFIX_PATH=/home/eternal/ros2_ws/install/action_tutorials_interfaces:${AMENT_PREFIX_PATH} CMAKE_PREFIX_PATH=/home/eternal/ros2_ws/install/action_tutorials_interfaces:/opt/ros/humble LD_LIBRARY_PATH=/home/eternal/ros2_ws/install/action_tutorials_interfaces/lib:${LD_LIBRARY_PATH} PYTHONPATH=/home/eternal/ros2_ws/install/action_tutorials_interfaces/local/lib/python3.10/dist-packages:${PYTHONPATH} /usr/bin/cmake --install /home/eternal/ros2_ws/build/action_tutorials_cpp
[9.142s] -- Install configuration: ""
[9.142s] -- Installing: /home/eternal/ros2_ws/install/action_tutorials_cpp/lib/action_tutorials_cpp/fibonacci_action_client
[9.142s] -- Set runtime path of "/home/eternal/ros2_ws/install/action_tutorials_cpp/lib/action_tutorials_cpp/fibonacci_action_client" to ""
[9.143s] -- Installing: /home/eternal/ros2_ws/install/action_tutorials_cpp/lib/libaction_client.so
[9.145s] -- Set runtime path of "/home/eternal/ros2_ws/install/action_tutorials_cpp/lib/libaction_client.so" to ""
[9.145s] -- Installing: /home/eternal/ros2_ws/install/action_tutorials_cpp/lib/action_tutorials_cpp/fibonacci_action_server
[9.145s] -- Set runtime path of "/home/eternal/ros2_ws/install/action_tutorials_cpp/lib/action_tutorials_cpp/fibonacci_action_server" to ""
[9.145s] -- Installing: /home/eternal/ros2_ws/install/action_tutorials_cpp/lib/libaction_server.so
[9.148s] -- Set runtime path of "/home/eternal/ros2_ws/install/action_tutorials_cpp/lib/libaction_server.so" to ""
[9.148s] -- Installing: /home/eternal/ros2_ws/install/action_tutorials_cpp/share/ament_index/resource_index/package_run_dependencies/action_tutorials_cpp
[9.148s] -- Installing: /home/eternal/ros2_ws/install/action_tutorials_cpp/share/ament_index/resource_index/parent_prefix_path/action_tutorials_cpp
[9.148s] -- Installing: /home/eternal/ros2_ws/install/action_tutorials_cpp/share/action_tutorials_cpp/environment/ament_prefix_path.sh
[9.149s] -- Installing: /home/eternal/ros2_ws/install/action_tutorials_cpp/share/action_tutorials_cpp/environment/ament_prefix_path.dsv
[9.149s] -- Installing: /home/eternal/ros2_ws/install/action_tutorials_cpp/share/action_tutorials_cpp/environment/path.sh
[9.149s] -- Installing: /home/eternal/ros2_ws/install/action_tutorials_cpp/share/action_tutorials_cpp/environment/path.dsv
[9.149s] -- Installing: /home/eternal/ros2_ws/install/action_tutorials_cpp/share/action_tutorials_cpp/local_setup.bash
[9.149s] -- Installing: /home/eternal/ros2_ws/install/action_tutorials_cpp/share/action_tutorials_cpp/local_setup.sh
[9.149s] -- Installing: /home/eternal/ros2_ws/install/action_tutorials_cpp/share/action_tutorials_cpp/local_setup.zsh
[9.149s] -- Installing: /home/eternal/ros2_ws/install/action_tutorials_cpp/share/action_tutorials_cpp/local_setup.dsv
[9.150s] -- Installing: /home/eternal/ros2_ws/install/action_tutorials_cpp/share/action_tutorials_cpp/package.dsv
[9.150s] -- Installing: /home/eternal/ros2_ws/install/action_tutorials_cpp/share/ament_index/resource_index/packages/action_tutorials_cpp
[9.150s] -- Installing: /home/eternal/ros2_ws/install/action_tutorials_cpp/share/ament_index/resource_index/rclcpp_components/action_tutorials_cpp
[9.150s] -- Installing: /home/eternal/ros2_ws/install/action_tutorials_cpp/share/action_tutorials_cpp/cmake/action_tutorials_cppConfig.cmake
[9.150s] -- Installing: /home/eternal/ros2_ws/install/action_tutorials_cpp/share/action_tutorials_cpp/cmake/action_tutorials_cppConfig-version.cmake
[9.151s] -- Installing: /home/eternal/ros2_ws/install/action_tutorials_cpp/share/action_tutorials_cpp/package.xml
[9.154s] Invoked command in '/home/eternal/ros2_ws/build/action_tutorials_cpp' returned '0': AMENT_PREFIX_PATH=/home/eternal/ros2_ws/install/action_tutorials_interfaces:${AMENT_PREFIX_PATH} CMAKE_PREFIX_PATH=/home/eternal/ros2_ws/install/action_tutorials_interfaces:/opt/ros/humble LD_LIBRARY_PATH=/home/eternal/ros2_ws/install/action_tutorials_interfaces/lib:${LD_LIBRARY_PATH} PYTHONPATH=/home/eternal/ros2_ws/install/action_tutorials_interfaces/local/lib/python3.10/dist-packages:${PYTHONPATH} /usr/bin/cmake --install /home/eternal/ros2_ws/build/action_tutorials_cpp
