[0.059s] Invoking command in '/home/eternal/ros2_ws/build/cpp_pubsub': CMAKE_PREFIX_PATH=/opt/ros/humble /usr/bin/cmake --build /home/eternal/ros2_ws/build/cpp_pubsub -- -j16 -l16
[0.190s] [ 50%] Built target talker
[0.192s] [100%] Built target listener
[0.229s] Invoked command in '/home/eternal/ros2_ws/build/cpp_pubsub' returned '0': CMAKE_PREFIX_PATH=/opt/ros/humble /usr/bin/cmake --build /home/eternal/ros2_ws/build/cpp_pubsub -- -j16 -l16
[0.310s] Invoking command in '/home/eternal/ros2_ws/build/cpp_pubsub': CMAKE_PREFIX_PATH=/opt/ros/humble /usr/bin/cmake --install /home/eternal/ros2_ws/build/cpp_pubsub
[0.328s] -- Install configuration: ""
[0.331s] -- Execute custom install script
[0.332s] -- Up-to-date symlink: /home/eternal/ros2_ws/install/cpp_pubsub/lib/cpp_pubsub/talker
[0.333s] -- Up-to-date symlink: /home/eternal/ros2_ws/install/cpp_pubsub/lib/cpp_pubsub/listener
[0.336s] -- Up-to-date symlink: /home/eternal/ros2_ws/install/cpp_pubsub/share/ament_index/resource_index/package_run_dependencies/cpp_pubsub
[0.336s] -- Up-to-date symlink: /home/eternal/ros2_ws/install/cpp_pubsub/share/ament_index/resource_index/parent_prefix_path/cpp_pubsub
[0.336s] -- Up-to-date symlink: /home/eternal/ros2_ws/install/cpp_pubsub/share/cpp_pubsub/environment/ament_prefix_path.sh
[0.336s] -- Up-to-date symlink: /home/eternal/ros2_ws/install/cpp_pubsub/share/cpp_pubsub/environment/ament_prefix_path.dsv
[0.337s] -- Up-to-date symlink: /home/eternal/ros2_ws/install/cpp_pubsub/share/cpp_pubsub/environment/path.sh
[0.338s] -- Up-to-date symlink: /home/eternal/ros2_ws/install/cpp_pubsub/share/cpp_pubsub/environment/path.dsv
[0.339s] -- Up-to-date symlink: /home/eternal/ros2_ws/install/cpp_pubsub/share/cpp_pubsub/local_setup.bash
[0.343s] -- Up-to-date symlink: /home/eternal/ros2_ws/install/cpp_pubsub/share/cpp_pubsub/local_setup.sh
[0.344s] -- Up-to-date symlink: /home/eternal/ros2_ws/install/cpp_pubsub/share/cpp_pubsub/local_setup.zsh
[0.344s] -- Up-to-date symlink: /home/eternal/ros2_ws/install/cpp_pubsub/share/cpp_pubsub/local_setup.dsv
[0.345s] -- Symlinking: /home/eternal/ros2_ws/install/cpp_pubsub/share/cpp_pubsub/package.dsv
[0.360s] -- Up-to-date symlink: /home/eternal/ros2_ws/install/cpp_pubsub/share/ament_index/resource_index/packages/cpp_pubsub
[0.360s] -- Up-to-date symlink: /home/eternal/ros2_ws/install/cpp_pubsub/share/cpp_pubsub/cmake/cpp_pubsubConfig.cmake
[0.361s] -- Up-to-date symlink: /home/eternal/ros2_ws/install/cpp_pubsub/share/cpp_pubsub/cmake/cpp_pubsubConfig-version.cmake
[0.361s] -- Up-to-date symlink: /home/eternal/ros2_ws/install/cpp_pubsub/share/cpp_pubsub/package.xml
[0.459s] Invoked command in '/home/eternal/ros2_ws/build/cpp_pubsub' returned '0': CMAKE_PREFIX_PATH=/opt/ros/humble /usr/bin/cmake --install /home/eternal/ros2_ws/build/cpp_pubsub
