[0.037s] Invoking command in '/home/eternal/ros2_ws/build/cpp_pubsub': CMAKE_PREFIX_PATH=/opt/ros/humble /usr/bin/cmake --build /home/eternal/ros2_ws/build/cpp_pubsub -- -j16 -l16
[2.835s] [ 50%] Built target talker
[2.835s] [100%] Built target listener
[2.841s] Invoked command in '/home/eternal/ros2_ws/build/cpp_pubsub' returned '0': CMAKE_PREFIX_PATH=/opt/ros/humble /usr/bin/cmake --build /home/eternal/ros2_ws/build/cpp_pubsub -- -j16 -l16
[2.879s] Invoking command in '/home/eternal/ros2_ws/build/cpp_pubsub': CMAKE_PREFIX_PATH=/opt/ros/humble /usr/bin/cmake --install /home/eternal/ros2_ws/build/cpp_pubsub
[2.889s] -- Install configuration: ""
[2.889s] -- Up-to-date: /home/eternal/ros2_ws/install/cpp_pubsub/lib/cpp_pubsub/talker
[2.889s] -- Up-to-date: /home/eternal/ros2_ws/install/cpp_pubsub/lib/cpp_pubsub/listener
[2.889s] -- Up-to-date: /home/eternal/ros2_ws/install/cpp_pubsub/share/ament_index/resource_index/package_run_dependencies/cpp_pubsub
[2.889s] -- Up-to-date: /home/eternal/ros2_ws/install/cpp_pubsub/share/ament_index/resource_index/parent_prefix_path/cpp_pubsub
[2.889s] -- Up-to-date: /home/eternal/ros2_ws/install/cpp_pubsub/share/cpp_pubsub/environment/ament_prefix_path.sh
[2.889s] -- Up-to-date: /home/eternal/ros2_ws/install/cpp_pubsub/share/cpp_pubsub/environment/ament_prefix_path.dsv
[2.889s] -- Up-to-date: /home/eternal/ros2_ws/install/cpp_pubsub/share/cpp_pubsub/environment/path.sh
[2.889s] -- Up-to-date: /home/eternal/ros2_ws/install/cpp_pubsub/share/cpp_pubsub/environment/path.dsv
[2.889s] -- Up-to-date: /home/eternal/ros2_ws/install/cpp_pubsub/share/cpp_pubsub/local_setup.bash
[2.890s] -- Up-to-date: /home/eternal/ros2_ws/install/cpp_pubsub/share/cpp_pubsub/local_setup.sh
[2.890s] -- Up-to-date: /home/eternal/ros2_ws/install/cpp_pubsub/share/cpp_pubsub/local_setup.zsh
[2.890s] -- Up-to-date: /home/eternal/ros2_ws/install/cpp_pubsub/share/cpp_pubsub/local_setup.dsv
[2.896s] -- Installing: /home/eternal/ros2_ws/install/cpp_pubsub/share/cpp_pubsub/package.dsv
[2.896s] -- Up-to-date: /home/eternal/ros2_ws/install/cpp_pubsub/share/ament_index/resource_index/packages/cpp_pubsub
[2.896s] -- Up-to-date: /home/eternal/ros2_ws/install/cpp_pubsub/share/cpp_pubsub/cmake/cpp_pubsubConfig.cmake
[2.896s] -- Up-to-date: /home/eternal/ros2_ws/install/cpp_pubsub/share/cpp_pubsub/cmake/cpp_pubsubConfig-version.cmake
[2.896s] -- Up-to-date: /home/eternal/ros2_ws/install/cpp_pubsub/share/cpp_pubsub/package.xml
