[0.068s] Invoking command in '/home/eternal/ros2_ws/build/cpp_pubsub': CMAKE_PREFIX_PATH=${CMAKE_PREFIX_PATH}:/home/eternal/ros2_ws/install/python_parameters:/home/eternal/ros2_ws/install/py_srvcli:/home/eternal/ros2_ws/install/py_pubsub:/home/eternal/ros2_ws/install/py_launch_example:/home/eternal/ros2_ws/install/my_package:/home/eternal/ros2_ws/install/launch_tutorial:/home/eternal/ros2_ws/install/imu_filter_pkg:/home/eternal/ros2_ws/install/cpp_parameters:/opt/ros/humble /usr/bin/cmake --build /home/eternal/ros2_ws/build/cpp_pubsub -- -j16 -l16
[2.901s] [ 50%] Built target listener
[2.901s] [100%] Built target talker
[2.906s] Invoked command in '/home/eternal/ros2_ws/build/cpp_pubsub' returned '0': CMAKE_PREFIX_PATH=${CMAKE_PREFIX_PATH}:/home/eternal/ros2_ws/install/python_parameters:/home/eternal/ros2_ws/install/py_srvcli:/home/eternal/ros2_ws/install/py_pubsub:/home/eternal/ros2_ws/install/py_launch_example:/home/eternal/ros2_ws/install/my_package:/home/eternal/ros2_ws/install/launch_tutorial:/home/eternal/ros2_ws/install/imu_filter_pkg:/home/eternal/ros2_ws/install/cpp_parameters:/opt/ros/humble /usr/bin/cmake --build /home/eternal/ros2_ws/build/cpp_pubsub -- -j16 -l16
[2.940s] Invoking command in '/home/eternal/ros2_ws/build/cpp_pubsub': CMAKE_PREFIX_PATH=${CMAKE_PREFIX_PATH}:/home/eternal/ros2_ws/install/python_parameters:/home/eternal/ros2_ws/install/py_srvcli:/home/eternal/ros2_ws/install/py_pubsub:/home/eternal/ros2_ws/install/py_launch_example:/home/eternal/ros2_ws/install/my_package:/home/eternal/ros2_ws/install/launch_tutorial:/home/eternal/ros2_ws/install/imu_filter_pkg:/home/eternal/ros2_ws/install/cpp_parameters:/opt/ros/humble /usr/bin/cmake --install /home/eternal/ros2_ws/build/cpp_pubsub
[2.965s] -- Install configuration: ""
[2.966s] -- Up-to-date: /home/eternal/ros2_ws/install/cpp_pubsub/lib/cpp_pubsub/talker
[2.967s] -- Up-to-date: /home/eternal/ros2_ws/install/cpp_pubsub/lib/cpp_pubsub/listener
[2.967s] -- Up-to-date: /home/eternal/ros2_ws/install/cpp_pubsub/share/ament_index/resource_index/package_run_dependencies/cpp_pubsub
[2.967s] -- Up-to-date: /home/eternal/ros2_ws/install/cpp_pubsub/share/ament_index/resource_index/parent_prefix_path/cpp_pubsub
[2.967s] -- Up-to-date: /home/eternal/ros2_ws/install/cpp_pubsub/share/cpp_pubsub/environment/ament_prefix_path.sh
[2.967s] -- Up-to-date: /home/eternal/ros2_ws/install/cpp_pubsub/share/cpp_pubsub/environment/ament_prefix_path.dsv
[2.967s] -- Up-to-date: /home/eternal/ros2_ws/install/cpp_pubsub/share/cpp_pubsub/environment/path.sh
[2.967s] -- Up-to-date: /home/eternal/ros2_ws/install/cpp_pubsub/share/cpp_pubsub/environment/path.dsv
[2.967s] -- Up-to-date: /home/eternal/ros2_ws/install/cpp_pubsub/share/cpp_pubsub/local_setup.bash
[2.967s] -- Up-to-date: /home/eternal/ros2_ws/install/cpp_pubsub/share/cpp_pubsub/local_setup.sh
[2.967s] -- Up-to-date: /home/eternal/ros2_ws/install/cpp_pubsub/share/cpp_pubsub/local_setup.zsh
[2.967s] -- Up-to-date: /home/eternal/ros2_ws/install/cpp_pubsub/share/cpp_pubsub/local_setup.dsv
[2.967s] -- Installing: /home/eternal/ros2_ws/install/cpp_pubsub/share/cpp_pubsub/package.dsv
[2.967s] -- Up-to-date: /home/eternal/ros2_ws/install/cpp_pubsub/share/ament_index/resource_index/packages/cpp_pubsub
[2.967s] -- Up-to-date: /home/eternal/ros2_ws/install/cpp_pubsub/share/cpp_pubsub/cmake/cpp_pubsubConfig.cmake
[2.967s] -- Up-to-date: /home/eternal/ros2_ws/install/cpp_pubsub/share/cpp_pubsub/cmake/cpp_pubsubConfig-version.cmake
[2.967s] -- Up-to-date: /home/eternal/ros2_ws/install/cpp_pubsub/share/cpp_pubsub/package.xml
