[0.056s] Invoking command in '/home/eternal/ros2_ws/build/cpp_parameter_event_handler': CMAKE_PREFIX_PATH=/opt/ros/humble /usr/bin/cmake --build /home/eternal/ros2_ws/build/cpp_parameter_event_handler -- -j16 -l16
[0.185s] [100%] Built target parameter_event_handler
[0.212s] Invoked command in '/home/eternal/ros2_ws/build/cpp_parameter_event_handler' returned '0': CMAKE_PREFIX_PATH=/opt/ros/humble /usr/bin/cmake --build /home/eternal/ros2_ws/build/cpp_parameter_event_handler -- -j16 -l16
[0.276s] Invoking command in '/home/eternal/ros2_ws/build/cpp_parameter_event_handler': CMAKE_PREFIX_PATH=/opt/ros/humble /usr/bin/cmake --install /home/eternal/ros2_ws/build/cpp_parameter_event_handler
[0.302s] -- Install configuration: ""
[0.307s] -- Execute custom install script
[0.310s] -- Up-to-date symlink: /home/eternal/ros2_ws/install/cpp_parameter_event_handler/lib/cpp_parameter_event_handler/parameter_event_handler
[0.311s] -- Up-to-date symlink: /home/eternal/ros2_ws/install/cpp_parameter_event_handler/share/ament_index/resource_index/package_run_dependencies/cpp_parameter_event_handler
[0.311s] -- Up-to-date symlink: /home/eternal/ros2_ws/install/cpp_parameter_event_handler/share/ament_index/resource_index/parent_prefix_path/cpp_parameter_event_handler
[0.314s] -- Up-to-date symlink: /home/eternal/ros2_ws/install/cpp_parameter_event_handler/share/cpp_parameter_event_handler/environment/ament_prefix_path.sh
[0.315s] -- Up-to-date symlink: /home/eternal/ros2_ws/install/cpp_parameter_event_handler/share/cpp_parameter_event_handler/environment/ament_prefix_path.dsv
[0.316s] -- Up-to-date symlink: /home/eternal/ros2_ws/install/cpp_parameter_event_handler/share/cpp_parameter_event_handler/environment/path.sh
[0.316s] -- Up-to-date symlink: /home/eternal/ros2_ws/install/cpp_parameter_event_handler/share/cpp_parameter_event_handler/environment/path.dsv
[0.316s] -- Up-to-date symlink: /home/eternal/ros2_ws/install/cpp_parameter_event_handler/share/cpp_parameter_event_handler/local_setup.bash
[0.317s] -- Up-to-date symlink: /home/eternal/ros2_ws/install/cpp_parameter_event_handler/share/cpp_parameter_event_handler/local_setup.sh
[0.317s] -- Up-to-date symlink: /home/eternal/ros2_ws/install/cpp_parameter_event_handler/share/cpp_parameter_event_handler/local_setup.zsh
[0.317s] -- Up-to-date symlink: /home/eternal/ros2_ws/install/cpp_parameter_event_handler/share/cpp_parameter_event_handler/local_setup.dsv
[0.317s] -- Symlinking: /home/eternal/ros2_ws/install/cpp_parameter_event_handler/share/cpp_parameter_event_handler/package.dsv
[0.342s] -- Up-to-date symlink: /home/eternal/ros2_ws/install/cpp_parameter_event_handler/share/ament_index/resource_index/packages/cpp_parameter_event_handler
[0.342s] -- Up-to-date symlink: /home/eternal/ros2_ws/install/cpp_parameter_event_handler/share/cpp_parameter_event_handler/cmake/cpp_parameter_event_handlerConfig.cmake
[0.342s] -- Up-to-date symlink: /home/eternal/ros2_ws/install/cpp_parameter_event_handler/share/cpp_parameter_event_handler/cmake/cpp_parameter_event_handlerConfig-version.cmake
[0.342s] -- Up-to-date symlink: /home/eternal/ros2_ws/install/cpp_parameter_event_handler/share/cpp_parameter_event_handler/package.xml
[0.386s] Invoked command in '/home/eternal/ros2_ws/build/cpp_parameter_event_handler' returned '0': CMAKE_PREFIX_PATH=/opt/ros/humble /usr/bin/cmake --install /home/eternal/ros2_ws/build/cpp_parameter_event_handler
