[0.020s] Invoking command in '/home/eternal/ros2_ws/build/cpp_srvcli': AMENT_PREFIX_PATH=/home/eternal/ros2_ws/install/tutorial_interfaces:${AMENT_PREFIX_PATH} CMAKE_PREFIX_PATH=/home/eternal/ros2_ws/install/tutorial_interfaces:/opt/ros/humble LD_LIBRARY_PATH=/home/eternal/ros2_ws/install/tutorial_interfaces/lib:${LD_LIBRARY_PATH} PYTHONPATH=/home/eternal/ros2_ws/install/tutorial_interfaces/local/lib/python3.10/dist-packages:${PYTHONPATH} /usr/bin/cmake --build /home/eternal/ros2_ws/build/cpp_srvcli -- -j16 -l16
[0.059s] [35m[1mConsolidate compiler generated dependencies of target server[0m
[0.060s] [35m[1mConsolidate compiler generated dependencies of target client[0m
[0.074s] [ 50%] Built target server
[0.077s] [100%] Built target client
[0.093s] Invoked command in '/home/eternal/ros2_ws/build/cpp_srvcli' returned '0': AMENT_PREFIX_PATH=/home/eternal/ros2_ws/install/tutorial_interfaces:${AMENT_PREFIX_PATH} CMAKE_PREFIX_PATH=/home/eternal/ros2_ws/install/tutorial_interfaces:/opt/ros/humble LD_LIBRARY_PATH=/home/eternal/ros2_ws/install/tutorial_interfaces/lib:${LD_LIBRARY_PATH} PYTHONPATH=/home/eternal/ros2_ws/install/tutorial_interfaces/local/lib/python3.10/dist-packages:${PYTHONPATH} /usr/bin/cmake --build /home/eternal/ros2_ws/build/cpp_srvcli -- -j16 -l16
[0.113s] Invoking command in '/home/eternal/ros2_ws/build/cpp_srvcli': AMENT_PREFIX_PATH=/home/eternal/ros2_ws/install/tutorial_interfaces:${AMENT_PREFIX_PATH} CMAKE_PREFIX_PATH=/home/eternal/ros2_ws/install/tutorial_interfaces:/opt/ros/humble LD_LIBRARY_PATH=/home/eternal/ros2_ws/install/tutorial_interfaces/lib:${LD_LIBRARY_PATH} PYTHONPATH=/home/eternal/ros2_ws/install/tutorial_interfaces/local/lib/python3.10/dist-packages:${PYTHONPATH} /usr/bin/cmake --install /home/eternal/ros2_ws/build/cpp_srvcli
[0.118s] -- Install configuration: ""
[0.118s] -- Up-to-date: /home/eternal/ros2_ws/install/cpp_srvcli/lib/cpp_srvcli/server
[0.118s] -- Up-to-date: /home/eternal/ros2_ws/install/cpp_srvcli/lib/cpp_srvcli/client
[0.119s] -- Up-to-date: /home/eternal/ros2_ws/install/cpp_srvcli/share/ament_index/resource_index/package_run_dependencies/cpp_srvcli
[0.119s] -- Up-to-date: /home/eternal/ros2_ws/install/cpp_srvcli/share/ament_index/resource_index/parent_prefix_path/cpp_srvcli
[0.119s] -- Up-to-date: /home/eternal/ros2_ws/install/cpp_srvcli/share/cpp_srvcli/environment/ament_prefix_path.sh
[0.119s] -- Up-to-date: /home/eternal/ros2_ws/install/cpp_srvcli/share/cpp_srvcli/environment/ament_prefix_path.dsv
[0.119s] -- Up-to-date: /home/eternal/ros2_ws/install/cpp_srvcli/share/cpp_srvcli/environment/path.sh
[0.119s] -- Up-to-date: /home/eternal/ros2_ws/install/cpp_srvcli/share/cpp_srvcli/environment/path.dsv
[0.119s] -- Up-to-date: /home/eternal/ros2_ws/install/cpp_srvcli/share/cpp_srvcli/local_setup.bash
[0.119s] -- Up-to-date: /home/eternal/ros2_ws/install/cpp_srvcli/share/cpp_srvcli/local_setup.sh
[0.119s] -- Up-to-date: /home/eternal/ros2_ws/install/cpp_srvcli/share/cpp_srvcli/local_setup.zsh
[0.119s] -- Up-to-date: /home/eternal/ros2_ws/install/cpp_srvcli/share/cpp_srvcli/local_setup.dsv
[0.119s] -- Installing: /home/eternal/ros2_ws/install/cpp_srvcli/share/cpp_srvcli/package.dsv
[0.119s] -- Up-to-date: /home/eternal/ros2_ws/install/cpp_srvcli/share/ament_index/resource_index/packages/cpp_srvcli
[0.119s] -- Up-to-date: /home/eternal/ros2_ws/install/cpp_srvcli/share/cpp_srvcli/cmake/cpp_srvcliConfig.cmake
[0.119s] -- Up-to-date: /home/eternal/ros2_ws/install/cpp_srvcli/share/cpp_srvcli/cmake/cpp_srvcliConfig-version.cmake
[0.120s] -- Up-to-date: /home/eternal/ros2_ws/install/cpp_srvcli/share/cpp_srvcli/package.xml
[0.129s] Invoked command in '/home/eternal/ros2_ws/build/cpp_srvcli' returned '0': AMENT_PREFIX_PATH=/home/eternal/ros2_ws/install/tutorial_interfaces:${AMENT_PREFIX_PATH} CMAKE_PREFIX_PATH=/home/eternal/ros2_ws/install/tutorial_interfaces:/opt/ros/humble LD_LIBRARY_PATH=/home/eternal/ros2_ws/install/tutorial_interfaces/lib:${LD_LIBRARY_PATH} PYTHONPATH=/home/eternal/ros2_ws/install/tutorial_interfaces/local/lib/python3.10/dist-packages:${PYTHONPATH} /usr/bin/cmake --install /home/eternal/ros2_ws/build/cpp_srvcli
