-- Found ament_cmake: 1.3.10 (/opt/ros/humble/share/ament_cmake/cmake)
-- Override CMake install command with custom implementation using symlinks instead of copying resources
-- Found rclcpp: 16.0.10 (/opt/ros/humble/share/rclcpp/cmake)
-- Found rosidl_generator_c: 3.1.5 (/opt/ros/humble/share/rosidl_generator_c/cmake)
-- Found rosidl_adapter: 3.1.5 (/opt/ros/humble/share/rosidl_adapter/cmake)
-- Found rosidl_generator_cpp: 3.1.5 (/opt/ros/humble/share/rosidl_generator_cpp/cmake)
-- Using all available rosidl_typesupport_c: rosidl_typesupport_fastrtps_c;rosidl_typesupport_introspection_c
-- Using all available rosidl_typesupport_cpp: rosidl_typesupport_fastrtps_cpp;rosidl_typesupport_introspection_cpp
-- Found rmw_implementation_cmake: 6.1.2 (/opt/ros/humble/share/rmw_implementation_cmake/cmake)
-- Found rmw_fastrtps_cpp: 6.2.7 (/opt/ros/humble/share/rmw_fastrtps_cpp/cmake)
-- Using RMW implementation 'rmw_fastrtps_cpp' as default
-- Configuring done
-- Generating done
-- Build files have been written to: /home/eternal/ros2_ws/build/cpp_parameters
[35m[1mConsolidate compiler generated dependencies of target minimal_param_node[0m
[ 50%] [32m[1mLinking CXX executable minimal_param_node[0m
[100%] Built target minimal_param_node
-- Install configuration: ""
-- Execute custom install script
-- Symlinking: /home/eternal/ros2_ws/install/cpp_parameters/lib/cpp_parameters/minimal_param_node
-- Symlinking: /home/eternal/ros2_ws/install/cpp_parameters/share/cpp_parameters/launch/cpp_parameters_launch.py
-- Symlinking: /home/eternal/ros2_ws/install/cpp_parameters/share/ament_index/resource_index/package_run_dependencies/cpp_parameters
-- Symlinking: /home/eternal/ros2_ws/install/cpp_parameters/share/ament_index/resource_index/parent_prefix_path/cpp_parameters
-- Symlinking: /home/eternal/ros2_ws/install/cpp_parameters/share/cpp_parameters/environment/ament_prefix_path.sh
-- Symlinking: /home/eternal/ros2_ws/install/cpp_parameters/share/cpp_parameters/environment/ament_prefix_path.dsv
-- Symlinking: /home/eternal/ros2_ws/install/cpp_parameters/share/cpp_parameters/environment/path.sh
-- Symlinking: /home/eternal/ros2_ws/install/cpp_parameters/share/cpp_parameters/environment/path.dsv
-- Symlinking: /home/eternal/ros2_ws/install/cpp_parameters/share/cpp_parameters/local_setup.bash
-- Symlinking: /home/eternal/ros2_ws/install/cpp_parameters/share/cpp_parameters/local_setup.sh
-- Symlinking: /home/eternal/ros2_ws/install/cpp_parameters/share/cpp_parameters/local_setup.zsh
-- Symlinking: /home/eternal/ros2_ws/install/cpp_parameters/share/cpp_parameters/local_setup.dsv
-- Symlinking: /home/eternal/ros2_ws/install/cpp_parameters/share/cpp_parameters/package.dsv
-- Symlinking: /home/eternal/ros2_ws/install/cpp_parameters/share/ament_index/resource_index/packages/cpp_parameters
-- Symlinking: /home/eternal/ros2_ws/install/cpp_parameters/share/cpp_parameters/cmake/cpp_parametersConfig.cmake
-- Symlinking: /home/eternal/ros2_ws/install/cpp_parameters/share/cpp_parameters/cmake/cpp_parametersConfig-version.cmake
-- Symlinking: /home/eternal/ros2_ws/install/cpp_parameters/share/cpp_parameters/package.xml
