[0.069s] Invoking command in '/home/eternal/ros2_ws/build/cpp_parameters': CMAKE_PREFIX_PATH=${CMAKE_PREFIX_PATH}:/home/eternal/ros2_ws/install/python_parameters:/home/eternal/ros2_ws/install/py_srvcli:/home/eternal/ros2_ws/install/py_pubsub:/home/eternal/ros2_ws/install/py_launch_example:/home/eternal/ros2_ws/install/launch_tutorial:/home/eternal/ros2_ws/install/imu_filter_pkg:/opt/ros/humble /usr/bin/cmake /home/eternal/ros2_ws/src/cpp_parameters -DAMENT_CMAKE_SYMLINK_INSTALL=1 -DCMAKE_INSTALL_PREFIX=/home/eternal/ros2_ws/install/cpp_parameters
[0.092s] -- Found ament_cmake: 1.3.10 (/opt/ros/humble/share/ament_cmake/cmake)
[0.415s] -- Override CMake install command with custom implementation using symlinks instead of copying resources
[0.443s] -- Found rclcpp: 16.0.10 (/opt/ros/humble/share/rclcpp/cmake)
[0.524s] -- Found rosidl_generator_c: 3.1.5 (/opt/ros/humble/share/rosidl_generator_c/cmake)
[0.530s] -- Found rosidl_adapter: 3.1.5 (/opt/ros/humble/share/rosidl_adapter/cmake)
[0.550s] -- Found rosidl_generator_cpp: 3.1.5 (/opt/ros/humble/share/rosidl_generator_cpp/cmake)
[0.578s] -- Using all available rosidl_typesupport_c: rosidl_typesupport_fastrtps_c;rosidl_typesupport_introspection_c
[0.624s] -- Using all available rosidl_typesupport_cpp: rosidl_typesupport_fastrtps_cpp;rosidl_typesupport_introspection_cpp
[0.725s] -- Found rmw_implementation_cmake: 6.1.2 (/opt/ros/humble/share/rmw_implementation_cmake/cmake)
[0.728s] -- Found rmw_fastrtps_cpp: 6.2.7 (/opt/ros/humble/share/rmw_fastrtps_cpp/cmake)
[1.000s] -- Using RMW implementation 'rmw_fastrtps_cpp' as default
[1.371s] -- Configuring done
[1.390s] -- Generating done
[1.394s] -- Build files have been written to: /home/eternal/ros2_ws/build/cpp_parameters
[1.431s] Invoked command in '/home/eternal/ros2_ws/build/cpp_parameters' returned '0': CMAKE_PREFIX_PATH=${CMAKE_PREFIX_PATH}:/home/eternal/ros2_ws/install/python_parameters:/home/eternal/ros2_ws/install/py_srvcli:/home/eternal/ros2_ws/install/py_pubsub:/home/eternal/ros2_ws/install/py_launch_example:/home/eternal/ros2_ws/install/launch_tutorial:/home/eternal/ros2_ws/install/imu_filter_pkg:/opt/ros/humble /usr/bin/cmake /home/eternal/ros2_ws/src/cpp_parameters -DAMENT_CMAKE_SYMLINK_INSTALL=1 -DCMAKE_INSTALL_PREFIX=/home/eternal/ros2_ws/install/cpp_parameters
[1.437s] Invoking command in '/home/eternal/ros2_ws/build/cpp_parameters': CMAKE_PREFIX_PATH=${CMAKE_PREFIX_PATH}:/home/eternal/ros2_ws/install/python_parameters:/home/eternal/ros2_ws/install/py_srvcli:/home/eternal/ros2_ws/install/py_pubsub:/home/eternal/ros2_ws/install/py_launch_example:/home/eternal/ros2_ws/install/launch_tutorial:/home/eternal/ros2_ws/install/imu_filter_pkg:/opt/ros/humble /usr/bin/cmake --build /home/eternal/ros2_ws/build/cpp_parameters -- -j16 -l16
[1.555s] [35m[1mConsolidate compiler generated dependencies of target minimal_param_node[0m
[1.608s] [ 50%] [32m[1mLinking CXX executable minimal_param_node[0m
[2.057s] [100%] Built target minimal_param_node
[2.103s] Invoked command in '/home/eternal/ros2_ws/build/cpp_parameters' returned '0': CMAKE_PREFIX_PATH=${CMAKE_PREFIX_PATH}:/home/eternal/ros2_ws/install/python_parameters:/home/eternal/ros2_ws/install/py_srvcli:/home/eternal/ros2_ws/install/py_pubsub:/home/eternal/ros2_ws/install/py_launch_example:/home/eternal/ros2_ws/install/launch_tutorial:/home/eternal/ros2_ws/install/imu_filter_pkg:/opt/ros/humble /usr/bin/cmake --build /home/eternal/ros2_ws/build/cpp_parameters -- -j16 -l16
[2.212s] Invoking command in '/home/eternal/ros2_ws/build/cpp_parameters': CMAKE_PREFIX_PATH=${CMAKE_PREFIX_PATH}:/home/eternal/ros2_ws/install/python_parameters:/home/eternal/ros2_ws/install/py_srvcli:/home/eternal/ros2_ws/install/py_pubsub:/home/eternal/ros2_ws/install/py_launch_example:/home/eternal/ros2_ws/install/launch_tutorial:/home/eternal/ros2_ws/install/imu_filter_pkg:/opt/ros/humble /usr/bin/cmake --install /home/eternal/ros2_ws/build/cpp_parameters
[2.234s] -- Install configuration: ""
[2.236s] -- Execute custom install script
[2.237s] -- Symlinking: /home/eternal/ros2_ws/install/cpp_parameters/lib/cpp_parameters/minimal_param_node
[2.276s] -- Symlinking: /home/eternal/ros2_ws/install/cpp_parameters/share/cpp_parameters/launch/cpp_parameters_launch.py
[2.304s] -- Symlinking: /home/eternal/ros2_ws/install/cpp_parameters/share/ament_index/resource_index/package_run_dependencies/cpp_parameters
[2.339s] -- Symlinking: /home/eternal/ros2_ws/install/cpp_parameters/share/ament_index/resource_index/parent_prefix_path/cpp_parameters
[2.370s] -- Symlinking: /home/eternal/ros2_ws/install/cpp_parameters/share/cpp_parameters/environment/ament_prefix_path.sh
[2.393s] -- Symlinking: /home/eternal/ros2_ws/install/cpp_parameters/share/cpp_parameters/environment/ament_prefix_path.dsv
[2.417s] -- Symlinking: /home/eternal/ros2_ws/install/cpp_parameters/share/cpp_parameters/environment/path.sh
[2.446s] -- Symlinking: /home/eternal/ros2_ws/install/cpp_parameters/share/cpp_parameters/environment/path.dsv
[2.467s] -- Symlinking: /home/eternal/ros2_ws/install/cpp_parameters/share/cpp_parameters/local_setup.bash
[2.487s] -- Symlinking: /home/eternal/ros2_ws/install/cpp_parameters/share/cpp_parameters/local_setup.sh
[2.511s] -- Symlinking: /home/eternal/ros2_ws/install/cpp_parameters/share/cpp_parameters/local_setup.zsh
[2.533s] -- Symlinking: /home/eternal/ros2_ws/install/cpp_parameters/share/cpp_parameters/local_setup.dsv
[2.557s] -- Symlinking: /home/eternal/ros2_ws/install/cpp_parameters/share/cpp_parameters/package.dsv
[2.580s] -- Symlinking: /home/eternal/ros2_ws/install/cpp_parameters/share/ament_index/resource_index/packages/cpp_parameters
[2.601s] -- Symlinking: /home/eternal/ros2_ws/install/cpp_parameters/share/cpp_parameters/cmake/cpp_parametersConfig.cmake
[2.623s] -- Symlinking: /home/eternal/ros2_ws/install/cpp_parameters/share/cpp_parameters/cmake/cpp_parametersConfig-version.cmake
[2.649s] -- Symlinking: /home/eternal/ros2_ws/install/cpp_parameters/share/cpp_parameters/package.xml
[2.675s] Invoked command in '/home/eternal/ros2_ws/build/cpp_parameters' returned '0': CMAKE_PREFIX_PATH=${CMAKE_PREFIX_PATH}:/home/eternal/ros2_ws/install/python_parameters:/home/eternal/ros2_ws/install/py_srvcli:/home/eternal/ros2_ws/install/py_pubsub:/home/eternal/ros2_ws/install/py_launch_example:/home/eternal/ros2_ws/install/launch_tutorial:/home/eternal/ros2_ws/install/imu_filter_pkg:/opt/ros/humble /usr/bin/cmake --install /home/eternal/ros2_ws/build/cpp_parameters
