[0.026s] Invoking command in '/home/eternal/ros2_ws/build/cpp_parameters': CMAKE_PREFIX_PATH=/opt/ros/humble /usr/bin/cmake --build /home/eternal/ros2_ws/build/cpp_parameters -- -j16 -l16
[0.085s] [100%] Built target minimal_param_node
[0.589s] Invoked command in '/home/eternal/ros2_ws/build/cpp_parameters' returned '0': CMAKE_PREFIX_PATH=/opt/ros/humble /usr/bin/cmake --build /home/eternal/ros2_ws/build/cpp_parameters -- -j16 -l16
[0.622s] Invoking command in '/home/eternal/ros2_ws/build/cpp_parameters': CMAKE_PREFIX_PATH=/opt/ros/humble /usr/bin/cmake --install /home/eternal/ros2_ws/build/cpp_parameters
[0.635s] -- Install configuration: ""
[0.636s] -- Execute custom install script
[0.637s] -- Up-to-date symlink: /home/eternal/ros2_ws/install/cpp_parameters/lib/cpp_parameters/minimal_param_node
[0.637s] -- Up-to-date symlink: /home/eternal/ros2_ws/install/cpp_parameters/share/cpp_parameters/launch/cpp_parameters_launch.py
[0.637s] -- Up-to-date symlink: /home/eternal/ros2_ws/install/cpp_parameters/share/ament_index/resource_index/package_run_dependencies/cpp_parameters
[0.638s] -- Up-to-date symlink: /home/eternal/ros2_ws/install/cpp_parameters/share/ament_index/resource_index/parent_prefix_path/cpp_parameters
[0.638s] -- Up-to-date symlink: /home/eternal/ros2_ws/install/cpp_parameters/share/cpp_parameters/environment/ament_prefix_path.sh
[0.638s] -- Up-to-date symlink: /home/eternal/ros2_ws/install/cpp_parameters/share/cpp_parameters/environment/ament_prefix_path.dsv
[0.638s] -- Up-to-date symlink: /home/eternal/ros2_ws/install/cpp_parameters/share/cpp_parameters/environment/path.sh
[0.639s] -- Up-to-date symlink: /home/eternal/ros2_ws/install/cpp_parameters/share/cpp_parameters/environment/path.dsv
[0.640s] -- Up-to-date symlink: /home/eternal/ros2_ws/install/cpp_parameters/share/cpp_parameters/local_setup.bash
[0.640s] -- Up-to-date symlink: /home/eternal/ros2_ws/install/cpp_parameters/share/cpp_parameters/local_setup.sh
[0.640s] -- Up-to-date symlink: /home/eternal/ros2_ws/install/cpp_parameters/share/cpp_parameters/local_setup.zsh
[0.641s] -- Up-to-date symlink: /home/eternal/ros2_ws/install/cpp_parameters/share/cpp_parameters/local_setup.dsv
[0.641s] -- Symlinking: /home/eternal/ros2_ws/install/cpp_parameters/share/cpp_parameters/package.dsv
[0.646s] -- Up-to-date symlink: /home/eternal/ros2_ws/install/cpp_parameters/share/ament_index/resource_index/packages/cpp_parameters
[0.646s] -- Up-to-date symlink: /home/eternal/ros2_ws/install/cpp_parameters/share/cpp_parameters/cmake/cpp_parametersConfig.cmake
[0.646s] -- Up-to-date symlink: /home/eternal/ros2_ws/install/cpp_parameters/share/cpp_parameters/cmake/cpp_parametersConfig-version.cmake
[0.646s] -- Up-to-date symlink: /home/eternal/ros2_ws/install/cpp_parameters/share/cpp_parameters/package.xml
[0.660s] Invoked command in '/home/eternal/ros2_ws/build/cpp_parameters' returned '0': CMAKE_PREFIX_PATH=/opt/ros/humble /usr/bin/cmake --install /home/eternal/ros2_ws/build/cpp_parameters
