[0.024s] Invoking command in '/home/eternal/ros2_ws/build/bag_reading_cpp': CMAKE_PREFIX_PATH=${CMAKE_PREFIX_PATH}:/home/eternal/ros2_ws/install/python_parameters:/home/eternal/ros2_ws/install/py_srvcli:/home/eternal/ros2_ws/install/py_pubsub:/home/eternal/ros2_ws/install/py_launch_example:/home/eternal/ros2_ws/install/launch_tutorial:/home/eternal/ros2_ws/install/imu_filter_pkg:/opt/ros/humble /usr/bin/cmake --build /home/eternal/ros2_ws/build/bag_reading_cpp -- -j16 -l16
[0.104s] [35m[1mConsolidate compiler generated dependencies of target simple_bag_reader_test[0m
[0.117s] [ 33%] Built target imu_filter_node
[0.119s] [ 66%] Built target simple_bag_reader
[0.119s] [ 83%] [32mBuilding CXX object CMakeFiles/simple_bag_reader_test.dir/src/simple_bag_reader_test.cpp.o[0m
[1.786s] [01m[K/home/eternal/ros2_ws/src/bag_reading_cpp/src/simple_bag_reader_test.cpp:[m[K In member function ‘[01m[Kvoid PlaybackNode::apply_filter(const SharedPtr&)[m[K’:
[1.786s] [01m[K/home/eternal/ros2_ws/src/bag_reading_cpp/src/simple_bag_reader_test.cpp:121:22:[m[K [01;35m[Kwarning: [m[Kunused variable ‘[01m[Kalpha_[m[K’ [[01;35m[K]8;;https://gcc.gnu.org/onlinedocs/gcc/Warning-Options.html#index-Wunused-variable-Wunused-variable]8;;[m[K]
[1.787s]   121 |         const double [01;35m[Kalpha_[m[K = 0.03; // Filter coefficient (0 < alpha < 1)
[1.787s]       |                      [01;35m[K^~~~~~[m[K
[2.240s] [100%] [32m[1mLinking CXX executable simple_bag_reader_test[0m
[2.359s] [100%] Built target simple_bag_reader_test
[2.368s] Invoked command in '/home/eternal/ros2_ws/build/bag_reading_cpp' returned '0': CMAKE_PREFIX_PATH=${CMAKE_PREFIX_PATH}:/home/eternal/ros2_ws/install/python_parameters:/home/eternal/ros2_ws/install/py_srvcli:/home/eternal/ros2_ws/install/py_pubsub:/home/eternal/ros2_ws/install/py_launch_example:/home/eternal/ros2_ws/install/launch_tutorial:/home/eternal/ros2_ws/install/imu_filter_pkg:/opt/ros/humble /usr/bin/cmake --build /home/eternal/ros2_ws/build/bag_reading_cpp -- -j16 -l16
[2.401s] Invoking command in '/home/eternal/ros2_ws/build/bag_reading_cpp': CMAKE_PREFIX_PATH=${CMAKE_PREFIX_PATH}:/home/eternal/ros2_ws/install/python_parameters:/home/eternal/ros2_ws/install/py_srvcli:/home/eternal/ros2_ws/install/py_pubsub:/home/eternal/ros2_ws/install/py_launch_example:/home/eternal/ros2_ws/install/launch_tutorial:/home/eternal/ros2_ws/install/imu_filter_pkg:/opt/ros/humble /usr/bin/cmake --install /home/eternal/ros2_ws/build/bag_reading_cpp
[2.405s] -- Install configuration: ""
[2.406s] -- Execute custom install script
[2.406s] -- Up-to-date symlink: /home/eternal/ros2_ws/install/bag_reading_cpp/lib/bag_reading_cpp/simple_bag_reader
[2.406s] -- Up-to-date symlink: /home/eternal/ros2_ws/install/bag_reading_cpp/lib/bag_reading_cpp/simple_bag_reader_test
[2.406s] -- Up-to-date symlink: /home/eternal/ros2_ws/install/bag_reading_cpp/lib/bag_reading_cpp/imu_filter_node
[2.406s] -- Up-to-date symlink: /home/eternal/ros2_ws/install/bag_reading_cpp/share/ament_index/resource_index/package_run_dependencies/bag_reading_cpp
[2.407s] -- Up-to-date symlink: /home/eternal/ros2_ws/install/bag_reading_cpp/share/ament_index/resource_index/parent_prefix_path/bag_reading_cpp
[2.407s] -- Up-to-date symlink: /home/eternal/ros2_ws/install/bag_reading_cpp/share/bag_reading_cpp/environment/ament_prefix_path.sh
[2.407s] -- Up-to-date symlink: /home/eternal/ros2_ws/install/bag_reading_cpp/share/bag_reading_cpp/environment/ament_prefix_path.dsv
[2.407s] -- Up-to-date symlink: /home/eternal/ros2_ws/install/bag_reading_cpp/share/bag_reading_cpp/environment/path.sh
[2.407s] -- Up-to-date symlink: /home/eternal/ros2_ws/install/bag_reading_cpp/share/bag_reading_cpp/environment/path.dsv
[2.407s] -- Up-to-date symlink: /home/eternal/ros2_ws/install/bag_reading_cpp/share/bag_reading_cpp/local_setup.bash
[2.407s] -- Up-to-date symlink: /home/eternal/ros2_ws/install/bag_reading_cpp/share/bag_reading_cpp/local_setup.sh
[2.407s] -- Up-to-date symlink: /home/eternal/ros2_ws/install/bag_reading_cpp/share/bag_reading_cpp/local_setup.zsh
[2.408s] -- Up-to-date symlink: /home/eternal/ros2_ws/install/bag_reading_cpp/share/bag_reading_cpp/local_setup.dsv
[2.408s] -- Symlinking: /home/eternal/ros2_ws/install/bag_reading_cpp/share/bag_reading_cpp/package.dsv
[2.419s] -- Up-to-date symlink: /home/eternal/ros2_ws/install/bag_reading_cpp/share/ament_index/resource_index/packages/bag_reading_cpp
[2.419s] -- Up-to-date symlink: /home/eternal/ros2_ws/install/bag_reading_cpp/share/bag_reading_cpp/cmake/bag_reading_cppConfig.cmake
[2.419s] -- Up-to-date symlink: /home/eternal/ros2_ws/install/bag_reading_cpp/share/bag_reading_cpp/cmake/bag_reading_cppConfig-version.cmake
[2.420s] -- Up-to-date symlink: /home/eternal/ros2_ws/install/bag_reading_cpp/share/bag_reading_cpp/package.xml
[2.422s] Invoked command in '/home/eternal/ros2_ws/build/bag_reading_cpp' returned '0': CMAKE_PREFIX_PATH=${CMAKE_PREFIX_PATH}:/home/eternal/ros2_ws/install/python_parameters:/home/eternal/ros2_ws/install/py_srvcli:/home/eternal/ros2_ws/install/py_pubsub:/home/eternal/ros2_ws/install/py_launch_example:/home/eternal/ros2_ws/install/launch_tutorial:/home/eternal/ros2_ws/install/imu_filter_pkg:/opt/ros/humble /usr/bin/cmake --install /home/eternal/ros2_ws/build/bag_reading_cpp
