[0.022s] Invoking command in '/home/eternal/ros2_ws/build/polygon_plugins': CMAKE_PREFIX_PATH=/home/eternal/ros2_ws/install/polygon_base:/home/eternal/ros2_ws/install/cpp_srvcli:/home/eternal/ros2_ws/install/cpp_pubsub:/home/eternal/ros2_ws/install/tutorial_interfaces:/home/eternal/ros2_ws/install/bag_reading_cpp:/home/eternal/ros2_ws/install/turtlesim:/home/eternal/ros2_ws/install/polygon_plugins:/home/eternal/ros2_ws/install/my_package:/home/eternal/ros2_ws/install/more_interfaces:/home/eternal/ros2_ws/install/cpp_parameters:/home/eternal/ros2_ws/install/cpp_parameter_event_handler:/home/eternal/ros2_ws/install/action_tutorials_cpp:/home/eternal/ros2_ws/install/action_tutorials_interfaces:/home/eternal/ros2_ws/install/python_parameters:/home/eternal/ros2_ws/install/py_srvcli:/home/eternal/ros2_ws/install/py_pubsub:/home/eternal/ros2_ws/install/py_launch_example:/home/eternal/ros2_ws/install/launch_tutorial:/home/eternal/ros2_ws/install/imu_filter_pkg:/opt/ros/humble /usr/bin/cmake /home/eternal/ros2_ws/src/polygon_plugins -DCMAKE_INSTALL_PREFIX=/home/eternal/ros2_ws/install/polygon_plugins
[0.061s] -- Found ament_cmake: 1.3.10 (/opt/ros/humble/share/ament_cmake/cmake)
[0.506s] -- Override CMake install command with custom implementation using symlinks instead of copying resources
[0.532s] -- Found ament_cmake_ros: 0.10.0 (/opt/ros/humble/share/ament_cmake_ros/cmake)
[0.551s] -- Found polygon_base: 0.0.0 (/home/eternal/ros2_ws/install/polygon_base/share/polygon_base/cmake)
[0.551s] -- Found pluginlib: 5.1.0 (/opt/ros/humble/share/pluginlib/cmake)
[0.665s] -- Found ament_lint_auto: 0.12.11 (/opt/ros/humble/share/ament_lint_auto/cmake)
[0.935s] -- Added test 'cppcheck' to perform static code analysis on C / C++ code
[0.936s] -- Configured cppcheck include dirs: $<BUILD_INTERFACE:/home/eternal/ros2_ws/src/polygon_plugins/include>
[0.936s] -- Configured cppcheck exclude dirs and/or files: 
[0.937s] -- Added test 'lint_cmake' to check CMake code style
[0.939s] -- Added test 'uncrustify' to check C / C++ code style
[0.939s] -- Configured uncrustify additional arguments: 
[0.940s] -- Added test 'xmllint' to check XML markup files
[0.946s] -- Configuring done
[0.958s] -- Generating done
[0.961s] -- Build files have been written to: /home/eternal/ros2_ws/build/polygon_plugins
[0.973s] Invoked command in '/home/eternal/ros2_ws/build/polygon_plugins' returned '0': CMAKE_PREFIX_PATH=/home/eternal/ros2_ws/install/polygon_base:/home/eternal/ros2_ws/install/cpp_srvcli:/home/eternal/ros2_ws/install/cpp_pubsub:/home/eternal/ros2_ws/install/tutorial_interfaces:/home/eternal/ros2_ws/install/bag_reading_cpp:/home/eternal/ros2_ws/install/turtlesim:/home/eternal/ros2_ws/install/polygon_plugins:/home/eternal/ros2_ws/install/my_package:/home/eternal/ros2_ws/install/more_interfaces:/home/eternal/ros2_ws/install/cpp_parameters:/home/eternal/ros2_ws/install/cpp_parameter_event_handler:/home/eternal/ros2_ws/install/action_tutorials_cpp:/home/eternal/ros2_ws/install/action_tutorials_interfaces:/home/eternal/ros2_ws/install/python_parameters:/home/eternal/ros2_ws/install/py_srvcli:/home/eternal/ros2_ws/install/py_pubsub:/home/eternal/ros2_ws/install/py_launch_example:/home/eternal/ros2_ws/install/launch_tutorial:/home/eternal/ros2_ws/install/imu_filter_pkg:/opt/ros/humble /usr/bin/cmake /home/eternal/ros2_ws/src/polygon_plugins -DCMAKE_INSTALL_PREFIX=/home/eternal/ros2_ws/install/polygon_plugins
[0.977s] Invoking command in '/home/eternal/ros2_ws/build/polygon_plugins': CMAKE_PREFIX_PATH=/home/eternal/ros2_ws/install/polygon_base:/home/eternal/ros2_ws/install/cpp_srvcli:/home/eternal/ros2_ws/install/cpp_pubsub:/home/eternal/ros2_ws/install/tutorial_interfaces:/home/eternal/ros2_ws/install/bag_reading_cpp:/home/eternal/ros2_ws/install/turtlesim:/home/eternal/ros2_ws/install/polygon_plugins:/home/eternal/ros2_ws/install/my_package:/home/eternal/ros2_ws/install/more_interfaces:/home/eternal/ros2_ws/install/cpp_parameters:/home/eternal/ros2_ws/install/cpp_parameter_event_handler:/home/eternal/ros2_ws/install/action_tutorials_cpp:/home/eternal/ros2_ws/install/action_tutorials_interfaces:/home/eternal/ros2_ws/install/python_parameters:/home/eternal/ros2_ws/install/py_srvcli:/home/eternal/ros2_ws/install/py_pubsub:/home/eternal/ros2_ws/install/py_launch_example:/home/eternal/ros2_ws/install/launch_tutorial:/home/eternal/ros2_ws/install/imu_filter_pkg:/opt/ros/humble /usr/bin/cmake --build /home/eternal/ros2_ws/build/polygon_plugins -- -j16 -l16
[1.084s] [35m[1mConsolidate compiler generated dependencies of target polygon_plugins[0m
[1.125s] [100%] Built target polygon_plugins
[1.155s] Invoked command in '/home/eternal/ros2_ws/build/polygon_plugins' returned '0': CMAKE_PREFIX_PATH=/home/eternal/ros2_ws/install/polygon_base:/home/eternal/ros2_ws/install/cpp_srvcli:/home/eternal/ros2_ws/install/cpp_pubsub:/home/eternal/ros2_ws/install/tutorial_interfaces:/home/eternal/ros2_ws/install/bag_reading_cpp:/home/eternal/ros2_ws/install/turtlesim:/home/eternal/ros2_ws/install/polygon_plugins:/home/eternal/ros2_ws/install/my_package:/home/eternal/ros2_ws/install/more_interfaces:/home/eternal/ros2_ws/install/cpp_parameters:/home/eternal/ros2_ws/install/cpp_parameter_event_handler:/home/eternal/ros2_ws/install/action_tutorials_cpp:/home/eternal/ros2_ws/install/action_tutorials_interfaces:/home/eternal/ros2_ws/install/python_parameters:/home/eternal/ros2_ws/install/py_srvcli:/home/eternal/ros2_ws/install/py_pubsub:/home/eternal/ros2_ws/install/py_launch_example:/home/eternal/ros2_ws/install/launch_tutorial:/home/eternal/ros2_ws/install/imu_filter_pkg:/opt/ros/humble /usr/bin/cmake --build /home/eternal/ros2_ws/build/polygon_plugins -- -j16 -l16
[1.234s] Invoking command in '/home/eternal/ros2_ws/build/polygon_plugins': CMAKE_PREFIX_PATH=/home/eternal/ros2_ws/install/polygon_base:/home/eternal/ros2_ws/install/cpp_srvcli:/home/eternal/ros2_ws/install/cpp_pubsub:/home/eternal/ros2_ws/install/tutorial_interfaces:/home/eternal/ros2_ws/install/bag_reading_cpp:/home/eternal/ros2_ws/install/turtlesim:/home/eternal/ros2_ws/install/polygon_plugins:/home/eternal/ros2_ws/install/my_package:/home/eternal/ros2_ws/install/more_interfaces:/home/eternal/ros2_ws/install/cpp_parameters:/home/eternal/ros2_ws/install/cpp_parameter_event_handler:/home/eternal/ros2_ws/install/action_tutorials_cpp:/home/eternal/ros2_ws/install/action_tutorials_interfaces:/home/eternal/ros2_ws/install/python_parameters:/home/eternal/ros2_ws/install/py_srvcli:/home/eternal/ros2_ws/install/py_pubsub:/home/eternal/ros2_ws/install/py_launch_example:/home/eternal/ros2_ws/install/launch_tutorial:/home/eternal/ros2_ws/install/imu_filter_pkg:/opt/ros/humble /usr/bin/cmake --install /home/eternal/ros2_ws/build/polygon_plugins
[1.253s] -- Install configuration: ""
[1.254s] -- Execute custom install script
[1.255s] -- Up-to-date symlink: /home/eternal/ros2_ws/install/polygon_plugins/share/polygon_plugins//plugins.xml
[1.256s] -- Up-to-date symlink: /home/eternal/ros2_ws/install/polygon_plugins/include/polygon_plugins/polygon_plugins.hpp
[1.256s] -- Up-to-date symlink: /home/eternal/ros2_ws/install/polygon_plugins/include/polygon_plugins/visibility_control.h
[1.256s] -- Up-to-date symlink: /home/eternal/ros2_ws/install/polygon_plugins/share/polygon_plugins/environment/library_path.sh
[1.257s] -- Up-to-date symlink: /home/eternal/ros2_ws/install/polygon_plugins/share/polygon_plugins/environment/library_path.dsv
[1.257s] -- Up-to-date symlink: /home/eternal/ros2_ws/install/polygon_plugins/share/ament_index/resource_index/package_run_dependencies/polygon_plugins
[1.257s] -- Up-to-date symlink: /home/eternal/ros2_ws/install/polygon_plugins/share/ament_index/resource_index/parent_prefix_path/polygon_plugins
[1.258s] -- Up-to-date symlink: /home/eternal/ros2_ws/install/polygon_plugins/share/polygon_plugins/environment/ament_prefix_path.sh
[1.258s] -- Up-to-date symlink: /home/eternal/ros2_ws/install/polygon_plugins/share/polygon_plugins/environment/ament_prefix_path.dsv
[1.258s] -- Up-to-date symlink: /home/eternal/ros2_ws/install/polygon_plugins/share/polygon_plugins/environment/path.sh
[1.259s] -- Up-to-date symlink: /home/eternal/ros2_ws/install/polygon_plugins/share/polygon_plugins/environment/path.dsv
[1.259s] -- Up-to-date symlink: /home/eternal/ros2_ws/install/polygon_plugins/share/polygon_plugins/local_setup.bash
[1.259s] -- Up-to-date symlink: /home/eternal/ros2_ws/install/polygon_plugins/share/polygon_plugins/local_setup.sh
[1.260s] -- Up-to-date symlink: /home/eternal/ros2_ws/install/polygon_plugins/share/polygon_plugins/local_setup.zsh
[1.260s] -- Up-to-date symlink: /home/eternal/ros2_ws/install/polygon_plugins/share/polygon_plugins/local_setup.dsv
[1.260s] -- Symlinking: /home/eternal/ros2_ws/install/polygon_plugins/share/polygon_plugins/package.dsv
[1.284s] -- Up-to-date symlink: /home/eternal/ros2_ws/install/polygon_plugins/share/ament_index/resource_index/packages/polygon_plugins
[1.284s] -- Up-to-date symlink: /home/eternal/ros2_ws/install/polygon_plugins/share/ament_index/resource_index/polygon_base__pluginlib__plugin/polygon_plugins
[1.285s] -- Up-to-date symlink: /home/eternal/ros2_ws/install/polygon_plugins/share/polygon_plugins/cmake/ament_cmake_export_include_directories-extras.cmake
[1.286s] -- Up-to-date symlink: /home/eternal/ros2_ws/install/polygon_plugins/share/polygon_plugins/cmake/ament_cmake_export_libraries-extras.cmake
[1.286s] -- Up-to-date symlink: /home/eternal/ros2_ws/install/polygon_plugins/share/polygon_plugins/cmake/ament_cmake_export_targets-extras.cmake
[1.287s] -- Up-to-date symlink: /home/eternal/ros2_ws/install/polygon_plugins/share/polygon_plugins/cmake/polygon_pluginsConfig.cmake
[1.287s] -- Up-to-date symlink: /home/eternal/ros2_ws/install/polygon_plugins/share/polygon_plugins/cmake/polygon_pluginsConfig-version.cmake
[1.288s] -- Up-to-date symlink: /home/eternal/ros2_ws/install/polygon_plugins/share/polygon_plugins/package.xml
[1.288s] -- Up-to-date: /home/eternal/ros2_ws/install/polygon_plugins/lib/libpolygon_plugins.so
[1.289s] -- Up-to-date: /home/eternal/ros2_ws/install/polygon_plugins/share/polygon_plugins/cmake/export_polygon_pluginsExport.cmake
[1.289s] -- Up-to-date: /home/eternal/ros2_ws/install/polygon_plugins/share/polygon_plugins/cmake/export_polygon_pluginsExport-noconfig.cmake
[1.295s] Invoked command in '/home/eternal/ros2_ws/build/polygon_plugins' returned '0': CMAKE_PREFIX_PATH=/home/eternal/ros2_ws/install/polygon_base:/home/eternal/ros2_ws/install/cpp_srvcli:/home/eternal/ros2_ws/install/cpp_pubsub:/home/eternal/ros2_ws/install/tutorial_interfaces:/home/eternal/ros2_ws/install/bag_reading_cpp:/home/eternal/ros2_ws/install/turtlesim:/home/eternal/ros2_ws/install/polygon_plugins:/home/eternal/ros2_ws/install/my_package:/home/eternal/ros2_ws/install/more_interfaces:/home/eternal/ros2_ws/install/cpp_parameters:/home/eternal/ros2_ws/install/cpp_parameter_event_handler:/home/eternal/ros2_ws/install/action_tutorials_cpp:/home/eternal/ros2_ws/install/action_tutorials_interfaces:/home/eternal/ros2_ws/install/python_parameters:/home/eternal/ros2_ws/install/py_srvcli:/home/eternal/ros2_ws/install/py_pubsub:/home/eternal/ros2_ws/install/py_launch_example:/home/eternal/ros2_ws/install/launch_tutorial:/home/eternal/ros2_ws/install/imu_filter_pkg:/opt/ros/humble /usr/bin/cmake --install /home/eternal/ros2_ws/build/polygon_plugins
