[1.080s] Invoking command in '/home/eternal/ros2_ws/src/py_pubsub': PYTHONPATH=/home/eternal/ros2_ws/build/py_pubsub/prefix_override:/usr/lib/python3/dist-packages/colcon_core/task/python/colcon_distutils_commands:/home/eternal/ros2_ws/install/py_pubsub/lib/python3.10/site-packages:${PYTHONPATH} /usr/bin/python3 -W ignore:setup.py install is deprecated setup.py egg_info --egg-base ../../build/py_pubsub build --build-base /home/eternal/ros2_ws/build/py_pubsub/build install --record /home/eternal/ros2_ws/build/py_pubsub/install.log --single-version-externally-managed install_data
[1.613s] running egg_info
[1.652s] writing ../../build/py_pubsub/py_pubsub.egg-info/PKG-INFO
[1.683s] writing dependency_links to ../../build/py_pubsub/py_pubsub.egg-info/dependency_links.txt
[1.775s] writing entry points to ../../build/py_pubsub/py_pubsub.egg-info/entry_points.txt
[1.836s] writing requirements to ../../build/py_pubsub/py_pubsub.egg-info/requires.txt
[1.872s] writing top-level names to ../../build/py_pubsub/py_pubsub.egg-info/top_level.txt
[1.936s] listing git files failed - pretending there aren't any
[2.020s] reading manifest file '../../build/py_pubsub/py_pubsub.egg-info/SOURCES.txt'
[2.020s] adding license file 'LICENSE'
[2.020s] writing manifest file '../../build/py_pubsub/py_pubsub.egg-info/SOURCES.txt'
[2.020s] running build
[2.020s] running build_py
[2.021s] running install
[2.024s] running install_lib
[2.065s] running install_data
[2.065s] running install_egg_info
[2.104s] removing '/home/eternal/ros2_ws/install/py_pubsub/lib/python3.10/site-packages/py_pubsub-0.0.0-py3.10.egg-info' (and everything under it)
[2.104s] Copying ../../build/py_pubsub/py_pubsub.egg-info to /home/eternal/ros2_ws/install/py_pubsub/lib/python3.10/site-packages/py_pubsub-0.0.0-py3.10.egg-info
[2.104s] running install_scripts
[2.178s] Installing listener script to /home/eternal/ros2_ws/install/py_pubsub/lib/py_pubsub
[2.178s] Installing talker script to /home/eternal/ros2_ws/install/py_pubsub/lib/py_pubsub
[2.178s] writing list of installed files to '/home/eternal/ros2_ws/build/py_pubsub/install.log'
[2.197s] Invoked command in '/home/eternal/ros2_ws/src/py_pubsub' returned '0': PYTHONPATH=/home/eternal/ros2_ws/build/py_pubsub/prefix_override:/usr/lib/python3/dist-packages/colcon_core/task/python/colcon_distutils_commands:/home/eternal/ros2_ws/install/py_pubsub/lib/python3.10/site-packages:${PYTHONPATH} /usr/bin/python3 -W ignore:setup.py install is deprecated setup.py egg_info --egg-base ../../build/py_pubsub build --build-base /home/eternal/ros2_ws/build/py_pubsub/build install --record /home/eternal/ros2_ws/build/py_pubsub/install.log --single-version-externally-managed install_data
