[1.020s] Invoking command in '/home/eternal/ros2_ws/build/my_package': CMAKE_PREFIX_PATH=${CMAKE_PREFIX_PATH}:/home/eternal/ros2_ws/install/python_parameters:/home/eternal/ros2_ws/install/py_srvcli:/home/eternal/ros2_ws/install/py_pubsub:/home/eternal/ros2_ws/install/py_launch_example:/home/eternal/ros2_ws/install/my_package:/home/eternal/ros2_ws/install/launch_tutorial:/home/eternal/ros2_ws/install/imu_filter_pkg:/home/eternal/ros2_ws/install/cpp_parameters:/opt/ros/humble /usr/bin/cmake --build /home/eternal/ros2_ws/build/my_package -- -j16 -l16
[2.877s] [100%] Built target my_node
[2.886s] Invoked command in '/home/eternal/ros2_ws/build/my_package' returned '0': CMAKE_PREFIX_PATH=${CMAKE_PREFIX_PATH}:/home/eternal/ros2_ws/install/python_parameters:/home/eternal/ros2_ws/install/py_srvcli:/home/eternal/ros2_ws/install/py_pubsub:/home/eternal/ros2_ws/install/py_launch_example:/home/eternal/ros2_ws/install/my_package:/home/eternal/ros2_ws/install/launch_tutorial:/home/eternal/ros2_ws/install/imu_filter_pkg:/home/eternal/ros2_ws/install/cpp_parameters:/opt/ros/humble /usr/bin/cmake --build /home/eternal/ros2_ws/build/my_package -- -j16 -l16
[2.918s] Invoking command in '/home/eternal/ros2_ws/build/my_package': CMAKE_PREFIX_PATH=${CMAKE_PREFIX_PATH}:/home/eternal/ros2_ws/install/python_parameters:/home/eternal/ros2_ws/install/py_srvcli:/home/eternal/ros2_ws/install/py_pubsub:/home/eternal/ros2_ws/install/py_launch_example:/home/eternal/ros2_ws/install/my_package:/home/eternal/ros2_ws/install/launch_tutorial:/home/eternal/ros2_ws/install/imu_filter_pkg:/home/eternal/ros2_ws/install/cpp_parameters:/opt/ros/humble /usr/bin/cmake --install /home/eternal/ros2_ws/build/my_package
[2.943s] -- Install configuration: ""
[2.943s] -- Up-to-date: /home/eternal/ros2_ws/install/my_package/lib/my_package/my_node
[2.943s] -- Up-to-date: /home/eternal/ros2_ws/install/my_package/share/ament_index/resource_index/package_run_dependencies/my_package
[2.943s] -- Up-to-date: /home/eternal/ros2_ws/install/my_package/share/ament_index/resource_index/parent_prefix_path/my_package
[2.944s] -- Up-to-date: /home/eternal/ros2_ws/install/my_package/share/my_package/environment/ament_prefix_path.sh
[2.944s] -- Up-to-date: /home/eternal/ros2_ws/install/my_package/share/my_package/environment/ament_prefix_path.dsv
[2.944s] -- Up-to-date: /home/eternal/ros2_ws/install/my_package/share/my_package/environment/path.sh
[2.944s] -- Up-to-date: /home/eternal/ros2_ws/install/my_package/share/my_package/environment/path.dsv
[2.944s] -- Up-to-date: /home/eternal/ros2_ws/install/my_package/share/my_package/local_setup.bash
[2.944s] -- Up-to-date: /home/eternal/ros2_ws/install/my_package/share/my_package/local_setup.sh
[2.944s] -- Up-to-date: /home/eternal/ros2_ws/install/my_package/share/my_package/local_setup.zsh
[2.944s] -- Up-to-date: /home/eternal/ros2_ws/install/my_package/share/my_package/local_setup.dsv
[2.944s] -- Up-to-date: /home/eternal/ros2_ws/install/my_package/share/my_package/package.dsv
[2.944s] -- Up-to-date: /home/eternal/ros2_ws/install/my_package/share/ament_index/resource_index/packages/my_package
[2.944s] -- Up-to-date: /home/eternal/ros2_ws/install/my_package/share/my_package/cmake/my_packageConfig.cmake
[2.944s] -- Up-to-date: /home/eternal/ros2_ws/install/my_package/share/my_package/cmake/my_packageConfig-version.cmake
[2.944s] -- Up-to-date: /home/eternal/ros2_ws/install/my_package/share/my_package/package.xml
