[0.036s] Invoking command in '/home/eternal/ros2_ws/build/bag_reading_cpp': CMAKE_PREFIX_PATH=/opt/ros/humble /usr/bin/cmake /home/eternal/ros2_ws/src/bag_reading_cpp -DCMAKE_INSTALL_PREFIX=/home/eternal/ros2_ws/install/bag_reading_cpp
[2.998s] -- The C compiler identification is GNU 11.4.0
[2.998s] -- The CXX compiler identification is GNU 11.4.0
[2.998s] -- Detecting C compiler ABI info
[2.998s] -- Detecting C compiler ABI info - done
[2.998s] -- Check for working C compiler: /usr/bin/cc - skipped
[2.999s] -- Detecting C compile features
[2.999s] -- Detecting C compile features - done
[2.999s] -- Detecting CXX compiler ABI info
[2.999s] -- Detecting CXX compiler ABI info - done
[2.999s] -- Check for working CXX compiler: /usr/bin/c++ - skipped
[2.999s] -- Detecting CXX compile features
[2.999s] -- Detecting CXX compile features - done
[3.000s] -- Found ament_cmake: 1.3.10 (/opt/ros/humble/share/ament_cmake/cmake)
[3.000s] -- Found Python3: /usr/bin/python3 (found version "3.10.12") found components: Interpreter 
[3.000s] -- Found rclcpp: 16.0.10 (/opt/ros/humble/share/rclcpp/cmake)
[3.000s] -- Found rosidl_generator_c: 3.1.5 (/opt/ros/humble/share/rosidl_generator_c/cmake)
[3.000s] -- Found rosidl_adapter: 3.1.5 (/opt/ros/humble/share/rosidl_adapter/cmake)
[3.000s] -- Found rosidl_generator_cpp: 3.1.5 (/opt/ros/humble/share/rosidl_generator_cpp/cmake)
[3.000s] -- Using all available rosidl_typesupport_c: rosidl_typesupport_fastrtps_c;rosidl_typesupport_introspection_c
[3.002s] -- Using all available rosidl_typesupport_cpp: rosidl_typesupport_fastrtps_cpp;rosidl_typesupport_introspection_cpp
[3.006s] -- Found rmw_implementation_cmake: 6.1.2 (/opt/ros/humble/share/rmw_implementation_cmake/cmake)
[3.007s] -- Found rmw_fastrtps_cpp: 6.2.7 (/opt/ros/humble/share/rmw_fastrtps_cpp/cmake)
[3.007s] -- Found OpenSSL: /usr/lib/x86_64-linux-gnu/libcrypto.so (found version "3.0.2")  
[3.008s] -- Found FastRTPS: /opt/ros/humble/include  
[3.008s] -- Using RMW implementation 'rmw_fastrtps_cpp' as default
[3.008s] -- Looking for pthread.h
[3.008s] -- Looking for pthread.h - found
[3.008s] -- Performing Test CMAKE_HAVE_LIBC_PTHREAD
[3.008s] -- Performing Test CMAKE_HAVE_LIBC_PTHREAD - Success
[3.009s] -- Found Threads: TRUE  
[3.009s] -- Found rosbag2_transport: 0.15.12 (/opt/ros/humble/share/rosbag2_transport/cmake)
[3.009s] -- Found ament_lint_auto: 0.12.11 (/opt/ros/humble/share/ament_lint_auto/cmake)
[3.009s] -- Added test 'cppcheck' to perform static code analysis on C / C++ code
[3.010s] -- Configured cppcheck include dirs: 
[3.010s] -- Configured cppcheck exclude dirs and/or files: 
[3.010s] -- Added test 'lint_cmake' to check CMake code style
[3.010s] -- Added test 'uncrustify' to check C / C++ code style
[3.011s] -- Configured uncrustify additional arguments: 
[3.011s] -- Added test 'xmllint' to check XML markup files
[3.012s] -- Configuring done
[3.012s] -- Generating done
[3.012s] -- Build files have been written to: /home/eternal/ros2_ws/build/bag_reading_cpp
[3.065s] Invoked command in '/home/eternal/ros2_ws/build/bag_reading_cpp' returned '0': CMAKE_PREFIX_PATH=/opt/ros/humble /usr/bin/cmake /home/eternal/ros2_ws/src/bag_reading_cpp -DCMAKE_INSTALL_PREFIX=/home/eternal/ros2_ws/install/bag_reading_cpp
[3.066s] Invoking command in '/home/eternal/ros2_ws/build/bag_reading_cpp': CMAKE_PREFIX_PATH=/opt/ros/humble /usr/bin/cmake --build /home/eternal/ros2_ws/build/bag_reading_cpp -- -j16 -l16
[3.118s] Invoked command in '/home/eternal/ros2_ws/build/bag_reading_cpp' returned '0': CMAKE_PREFIX_PATH=/opt/ros/humble /usr/bin/cmake --build /home/eternal/ros2_ws/build/bag_reading_cpp -- -j16 -l16
[3.196s] Invoking command in '/home/eternal/ros2_ws/build/bag_reading_cpp': CMAKE_PREFIX_PATH=/opt/ros/humble /usr/bin/cmake --install /home/eternal/ros2_ws/build/bag_reading_cpp
[3.216s] -- Install configuration: ""
[3.217s] -- Installing: /home/eternal/ros2_ws/install/bag_reading_cpp/share/ament_index/resource_index/package_run_dependencies/bag_reading_cpp
[3.217s] -- Installing: /home/eternal/ros2_ws/install/bag_reading_cpp/share/ament_index/resource_index/parent_prefix_path/bag_reading_cpp
[3.217s] -- Installing: /home/eternal/ros2_ws/install/bag_reading_cpp/share/bag_reading_cpp/environment/ament_prefix_path.sh
[3.218s] -- Installing: /home/eternal/ros2_ws/install/bag_reading_cpp/share/bag_reading_cpp/environment/ament_prefix_path.dsv
[3.219s] -- Installing: /home/eternal/ros2_ws/install/bag_reading_cpp/share/bag_reading_cpp/environment/path.sh
[3.219s] -- Installing: /home/eternal/ros2_ws/install/bag_reading_cpp/share/bag_reading_cpp/environment/path.dsv
[3.220s] -- Installing: /home/eternal/ros2_ws/install/bag_reading_cpp/share/bag_reading_cpp/local_setup.bash
[3.220s] -- Installing: /home/eternal/ros2_ws/install/bag_reading_cpp/share/bag_reading_cpp/local_setup.sh
[3.220s] -- Installing: /home/eternal/ros2_ws/install/bag_reading_cpp/share/bag_reading_cpp/local_setup.zsh
[3.220s] -- Installing: /home/eternal/ros2_ws/install/bag_reading_cpp/share/bag_reading_cpp/local_setup.dsv
[3.220s] -- Installing: /home/eternal/ros2_ws/install/bag_reading_cpp/share/bag_reading_cpp/package.dsv
[3.220s] -- Installing: /home/eternal/ros2_ws/install/bag_reading_cpp/share/ament_index/resource_index/packages/bag_reading_cpp
[3.220s] -- Installing: /home/eternal/ros2_ws/install/bag_reading_cpp/share/bag_reading_cpp/cmake/bag_reading_cppConfig.cmake
[3.220s] -- Installing: /home/eternal/ros2_ws/install/bag_reading_cpp/share/bag_reading_cpp/cmake/bag_reading_cppConfig-version.cmake
[3.220s] -- Installing: /home/eternal/ros2_ws/install/bag_reading_cpp/share/bag_reading_cpp/package.xml
[3.225s] Invoked command in '/home/eternal/ros2_ws/build/bag_reading_cpp' returned '0': CMAKE_PREFIX_PATH=/opt/ros/humble /usr/bin/cmake --install /home/eternal/ros2_ws/build/bag_reading_cpp
