[0.034s] Invoking command in '/home/eternal/ros2_ws/build/action_tutorials_interfaces': CMAKE_PREFIX_PATH=/opt/ros/humble /usr/bin/cmake --build /home/eternal/ros2_ws/build/action_tutorials_interfaces -- -j16 -l16
[2.824s] [  3%] Built target action_tutorials_interfaces__cpp
[2.824s] [ 12%] Built target action_tutorials_interfaces__rosidl_generator_c
[2.824s] [ 12%] Built target ament_cmake_python_copy_action_tutorials_interfaces
[2.824s] [ 22%] Built target action_tutorials_interfaces__rosidl_typesupport_fastrtps_cpp
[2.824s] [ 32%] Built target action_tutorials_interfaces__rosidl_typesupport_introspection_cpp
[2.824s] [ 41%] Built target action_tutorials_interfaces__rosidl_typesupport_cpp
[2.824s] [ 58%] Built target action_tutorials_interfaces__rosidl_typesupport_c
[2.824s] [ 61%] Built target action_tutorials_interfaces__rosidl_typesupport_introspection_c
[2.824s] [ 70%] Built target action_tutorials_interfaces__rosidl_typesupport_fastrtps_c
[2.824s] [ 70%] Built target action_tutorials_interfaces
[2.824s] [ 74%] Built target action_tutorials_interfaces__py
[2.824s] [ 80%] Built target action_tutorials_interfaces__rosidl_generator_py
[2.824s] [ 87%] Built target action_tutorials_interfaces__rosidl_typesupport_introspection_c__pyext
[2.824s] [ 93%] Built target action_tutorials_interfaces__rosidl_typesupport_fastrtps_c__pyext
[2.824s] [100%] Built target action_tutorials_interfaces__rosidl_typesupport_c__pyext
[2.824s] running egg_info
[2.824s] writing action_tutorials_interfaces.egg-info/PKG-INFO
[2.824s] writing dependency_links to action_tutorials_interfaces.egg-info/dependency_links.txt
[2.824s] writing top-level names to action_tutorials_interfaces.egg-info/top_level.txt
[2.824s] reading manifest file 'action_tutorials_interfaces.egg-info/SOURCES.txt'
[2.824s] writing manifest file 'action_tutorials_interfaces.egg-info/SOURCES.txt'
[2.824s] [100%] Built target ament_cmake_python_build_action_tutorials_interfaces_egg
[2.826s] listing git files failed - pretending there aren't any
[2.840s] Invoked command in '/home/eternal/ros2_ws/build/action_tutorials_interfaces' returned '0': CMAKE_PREFIX_PATH=/opt/ros/humble /usr/bin/cmake --build /home/eternal/ros2_ws/build/action_tutorials_interfaces -- -j16 -l16
