[0.055s] Invoking command in '/home/eternal/ros2_ws/build/cpp_parameters': CMAKE_PREFIX_PATH=/opt/ros/humble /usr/bin/cmake --build /home/eternal/ros2_ws/build/cpp_parameters -- -j16 -l16
[0.202s] [100%] Built target minimal_param_node
[0.250s] Invoked command in '/home/eternal/ros2_ws/build/cpp_parameters' returned '0': CMAKE_PREFIX_PATH=/opt/ros/humble /usr/bin/cmake --build /home/eternal/ros2_ws/build/cpp_parameters -- -j16 -l16
[0.352s] Invoking command in '/home/eternal/ros2_ws/build/cpp_parameters': CMAKE_PREFIX_PATH=/opt/ros/humble /usr/bin/cmake --install /home/eternal/ros2_ws/build/cpp_parameters
[0.368s] -- Install configuration: ""
[0.369s] -- Execute custom install script
[0.369s] -- Up-to-date symlink: /home/eternal/ros2_ws/install/cpp_parameters/lib/cpp_parameters/minimal_param_node
[0.370s] -- Up-to-date symlink: /home/eternal/ros2_ws/install/cpp_parameters/share/cpp_parameters/launch/cpp_parameters_launch.py
[0.371s] -- Up-to-date symlink: /home/eternal/ros2_ws/install/cpp_parameters/share/ament_index/resource_index/package_run_dependencies/cpp_parameters
[0.372s] -- Up-to-date symlink: /home/eternal/ros2_ws/install/cpp_parameters/share/ament_index/resource_index/parent_prefix_path/cpp_parameters
[0.373s] -- Up-to-date symlink: /home/eternal/ros2_ws/install/cpp_parameters/share/cpp_parameters/environment/ament_prefix_path.sh
[0.373s] -- Up-to-date symlink: /home/eternal/ros2_ws/install/cpp_parameters/share/cpp_parameters/environment/ament_prefix_path.dsv
[0.374s] -- Up-to-date symlink: /home/eternal/ros2_ws/install/cpp_parameters/share/cpp_parameters/environment/path.sh
[0.375s] -- Up-to-date symlink: /home/eternal/ros2_ws/install/cpp_parameters/share/cpp_parameters/environment/path.dsv
[0.375s] -- Up-to-date symlink: /home/eternal/ros2_ws/install/cpp_parameters/share/cpp_parameters/local_setup.bash
[0.376s] -- Up-to-date symlink: /home/eternal/ros2_ws/install/cpp_parameters/share/cpp_parameters/local_setup.sh
[0.376s] -- Up-to-date symlink: /home/eternal/ros2_ws/install/cpp_parameters/share/cpp_parameters/local_setup.zsh
[0.376s] -- Up-to-date symlink: /home/eternal/ros2_ws/install/cpp_parameters/share/cpp_parameters/local_setup.dsv
[0.376s] -- Symlinking: /home/eternal/ros2_ws/install/cpp_parameters/share/cpp_parameters/package.dsv
[0.387s] -- Up-to-date symlink: /home/eternal/ros2_ws/install/cpp_parameters/share/ament_index/resource_index/packages/cpp_parameters
[0.388s] -- Up-to-date symlink: /home/eternal/ros2_ws/install/cpp_parameters/share/cpp_parameters/cmake/cpp_parametersConfig.cmake
[0.388s] -- Up-to-date symlink: /home/eternal/ros2_ws/install/cpp_parameters/share/cpp_parameters/cmake/cpp_parametersConfig-version.cmake
[0.388s] -- Up-to-date symlink: /home/eternal/ros2_ws/install/cpp_parameters/share/cpp_parameters/package.xml
[0.430s] Invoked command in '/home/eternal/ros2_ws/build/cpp_parameters' returned '0': CMAKE_PREFIX_PATH=/opt/ros/humble /usr/bin/cmake --install /home/eternal/ros2_ws/build/cpp_parameters
