[0.035s] Invoking command in '/home/eternal/ros2_ws/build/polygon_plugins': CMAKE_PREFIX_PATH=/home/eternal/ros2_ws/install/polygon_base:/home/eternal/ros2_ws/install/cpp_srvcli:/home/eternal/ros2_ws/install/cpp_pubsub:/home/eternal/ros2_ws/install/tutorial_interfaces:/home/eternal/ros2_ws/install/bag_reading_cpp:/home/eternal/ros2_ws/install/turtlesim:/home/eternal/ros2_ws/install/polygon_plugins:/home/eternal/ros2_ws/install/my_package:/home/eternal/ros2_ws/install/more_interfaces:/home/eternal/ros2_ws/install/cpp_parameters:/home/eternal/ros2_ws/install/cpp_parameter_event_handler:/home/eternal/ros2_ws/install/action_tutorials_cpp:/home/eternal/ros2_ws/install/action_tutorials_interfaces:/home/eternal/ros2_ws/install/python_parameters:/home/eternal/ros2_ws/install/py_srvcli:/home/eternal/ros2_ws/install/py_pubsub:/home/eternal/ros2_ws/install/py_launch_example:/home/eternal/ros2_ws/install/launch_tutorial:/home/eternal/ros2_ws/install/imu_filter_pkg:/opt/ros/humble /usr/bin/cmake /home/eternal/ros2_ws/src/polygon_plugins -DAMENT_CMAKE_SYMLINK_INSTALL=1 -DCMAKE_INSTALL_PREFIX=/home/eternal/ros2_ws/install/polygon_plugins
[0.081s] -- Found ament_cmake: 1.3.10 (/opt/ros/humble/share/ament_cmake/cmake)
[0.479s] -- Override CMake install command with custom implementation using symlinks instead of copying resources
[0.499s] -- Found ament_cmake_ros: 0.10.0 (/opt/ros/humble/share/ament_cmake_ros/cmake)
[0.511s] -- Found polygon_base: 0.0.0 (/home/eternal/ros2_ws/install/polygon_base/share/polygon_base/cmake)
[0.513s] -- Found pluginlib: 5.1.0 (/opt/ros/humble/share/pluginlib/cmake)
[0.585s] -- Found ament_lint_auto: 0.12.11 (/opt/ros/humble/share/ament_lint_auto/cmake)
[0.791s] -- Added test 'cppcheck' to perform static code analysis on C / C++ code
[0.791s] -- Configured cppcheck include dirs: $<BUILD_INTERFACE:/home/eternal/ros2_ws/src/polygon_plugins/include>
[0.792s] -- Configured cppcheck exclude dirs and/or files: 
[0.792s] -- Added test 'lint_cmake' to check CMake code style
[0.794s] -- Added test 'uncrustify' to check C / C++ code style
[0.795s] -- Configured uncrustify additional arguments: 
[0.796s] -- Added test 'xmllint' to check XML markup files
[0.802s] -- Configuring done
[0.812s] -- Generating done
[0.814s] -- Build files have been written to: /home/eternal/ros2_ws/build/polygon_plugins
[0.824s] Invoked command in '/home/eternal/ros2_ws/build/polygon_plugins' returned '0': CMAKE_PREFIX_PATH=/home/eternal/ros2_ws/install/polygon_base:/home/eternal/ros2_ws/install/cpp_srvcli:/home/eternal/ros2_ws/install/cpp_pubsub:/home/eternal/ros2_ws/install/tutorial_interfaces:/home/eternal/ros2_ws/install/bag_reading_cpp:/home/eternal/ros2_ws/install/turtlesim:/home/eternal/ros2_ws/install/polygon_plugins:/home/eternal/ros2_ws/install/my_package:/home/eternal/ros2_ws/install/more_interfaces:/home/eternal/ros2_ws/install/cpp_parameters:/home/eternal/ros2_ws/install/cpp_parameter_event_handler:/home/eternal/ros2_ws/install/action_tutorials_cpp:/home/eternal/ros2_ws/install/action_tutorials_interfaces:/home/eternal/ros2_ws/install/python_parameters:/home/eternal/ros2_ws/install/py_srvcli:/home/eternal/ros2_ws/install/py_pubsub:/home/eternal/ros2_ws/install/py_launch_example:/home/eternal/ros2_ws/install/launch_tutorial:/home/eternal/ros2_ws/install/imu_filter_pkg:/opt/ros/humble /usr/bin/cmake /home/eternal/ros2_ws/src/polygon_plugins -DAMENT_CMAKE_SYMLINK_INSTALL=1 -DCMAKE_INSTALL_PREFIX=/home/eternal/ros2_ws/install/polygon_plugins
[0.827s] Invoking command in '/home/eternal/ros2_ws/build/polygon_plugins': CMAKE_PREFIX_PATH=/home/eternal/ros2_ws/install/polygon_base:/home/eternal/ros2_ws/install/cpp_srvcli:/home/eternal/ros2_ws/install/cpp_pubsub:/home/eternal/ros2_ws/install/tutorial_interfaces:/home/eternal/ros2_ws/install/bag_reading_cpp:/home/eternal/ros2_ws/install/turtlesim:/home/eternal/ros2_ws/install/polygon_plugins:/home/eternal/ros2_ws/install/my_package:/home/eternal/ros2_ws/install/more_interfaces:/home/eternal/ros2_ws/install/cpp_parameters:/home/eternal/ros2_ws/install/cpp_parameter_event_handler:/home/eternal/ros2_ws/install/action_tutorials_cpp:/home/eternal/ros2_ws/install/action_tutorials_interfaces:/home/eternal/ros2_ws/install/python_parameters:/home/eternal/ros2_ws/install/py_srvcli:/home/eternal/ros2_ws/install/py_pubsub:/home/eternal/ros2_ws/install/py_launch_example:/home/eternal/ros2_ws/install/launch_tutorial:/home/eternal/ros2_ws/install/imu_filter_pkg:/opt/ros/humble /usr/bin/cmake --build /home/eternal/ros2_ws/build/polygon_plugins -- -j16 -l16
[0.922s] [35m[1mConsolidate compiler generated dependencies of target polygon_plugins[0m
[0.947s] [100%] Built target polygon_plugins
[0.971s] Invoked command in '/home/eternal/ros2_ws/build/polygon_plugins' returned '0': CMAKE_PREFIX_PATH=/home/eternal/ros2_ws/install/polygon_base:/home/eternal/ros2_ws/install/cpp_srvcli:/home/eternal/ros2_ws/install/cpp_pubsub:/home/eternal/ros2_ws/install/tutorial_interfaces:/home/eternal/ros2_ws/install/bag_reading_cpp:/home/eternal/ros2_ws/install/turtlesim:/home/eternal/ros2_ws/install/polygon_plugins:/home/eternal/ros2_ws/install/my_package:/home/eternal/ros2_ws/install/more_interfaces:/home/eternal/ros2_ws/install/cpp_parameters:/home/eternal/ros2_ws/install/cpp_parameter_event_handler:/home/eternal/ros2_ws/install/action_tutorials_cpp:/home/eternal/ros2_ws/install/action_tutorials_interfaces:/home/eternal/ros2_ws/install/python_parameters:/home/eternal/ros2_ws/install/py_srvcli:/home/eternal/ros2_ws/install/py_pubsub:/home/eternal/ros2_ws/install/py_launch_example:/home/eternal/ros2_ws/install/launch_tutorial:/home/eternal/ros2_ws/install/imu_filter_pkg:/opt/ros/humble /usr/bin/cmake --build /home/eternal/ros2_ws/build/polygon_plugins -- -j16 -l16
[1.046s] Invoking command in '/home/eternal/ros2_ws/build/polygon_plugins': CMAKE_PREFIX_PATH=/home/eternal/ros2_ws/install/polygon_base:/home/eternal/ros2_ws/install/cpp_srvcli:/home/eternal/ros2_ws/install/cpp_pubsub:/home/eternal/ros2_ws/install/tutorial_interfaces:/home/eternal/ros2_ws/install/bag_reading_cpp:/home/eternal/ros2_ws/install/turtlesim:/home/eternal/ros2_ws/install/polygon_plugins:/home/eternal/ros2_ws/install/my_package:/home/eternal/ros2_ws/install/more_interfaces:/home/eternal/ros2_ws/install/cpp_parameters:/home/eternal/ros2_ws/install/cpp_parameter_event_handler:/home/eternal/ros2_ws/install/action_tutorials_cpp:/home/eternal/ros2_ws/install/action_tutorials_interfaces:/home/eternal/ros2_ws/install/python_parameters:/home/eternal/ros2_ws/install/py_srvcli:/home/eternal/ros2_ws/install/py_pubsub:/home/eternal/ros2_ws/install/py_launch_example:/home/eternal/ros2_ws/install/launch_tutorial:/home/eternal/ros2_ws/install/imu_filter_pkg:/opt/ros/humble /usr/bin/cmake --install /home/eternal/ros2_ws/build/polygon_plugins
[1.061s] -- Install configuration: ""
[1.062s] -- Execute custom install script
[1.062s] -- Symlinking: /home/eternal/ros2_ws/install/polygon_plugins/share/polygon_plugins//plugins.xml
[1.085s] -- Symlinking: /home/eternal/ros2_ws/install/polygon_plugins/include/polygon_plugins/polygon_plugins.hpp
[1.104s] -- Symlinking: /home/eternal/ros2_ws/install/polygon_plugins/include/polygon_plugins/visibility_control.h
[1.121s] -- Symlinking: /home/eternal/ros2_ws/install/polygon_plugins/share/polygon_plugins/environment/library_path.sh
[1.136s] -- Symlinking: /home/eternal/ros2_ws/install/polygon_plugins/share/polygon_plugins/environment/library_path.dsv
[1.152s] -- Symlinking: /home/eternal/ros2_ws/install/polygon_plugins/share/ament_index/resource_index/package_run_dependencies/polygon_plugins
[1.167s] -- Symlinking: /home/eternal/ros2_ws/install/polygon_plugins/share/ament_index/resource_index/parent_prefix_path/polygon_plugins
[1.187s] -- Symlinking: /home/eternal/ros2_ws/install/polygon_plugins/share/polygon_plugins/environment/ament_prefix_path.sh
[1.204s] -- Symlinking: /home/eternal/ros2_ws/install/polygon_plugins/share/polygon_plugins/environment/ament_prefix_path.dsv
[1.222s] -- Symlinking: /home/eternal/ros2_ws/install/polygon_plugins/share/polygon_plugins/environment/path.sh
[1.236s] -- Symlinking: /home/eternal/ros2_ws/install/polygon_plugins/share/polygon_plugins/environment/path.dsv
[1.253s] -- Symlinking: /home/eternal/ros2_ws/install/polygon_plugins/share/polygon_plugins/local_setup.bash
[1.273s] -- Symlinking: /home/eternal/ros2_ws/install/polygon_plugins/share/polygon_plugins/local_setup.sh
[1.294s] -- Symlinking: /home/eternal/ros2_ws/install/polygon_plugins/share/polygon_plugins/local_setup.zsh
[1.311s] -- Symlinking: /home/eternal/ros2_ws/install/polygon_plugins/share/polygon_plugins/local_setup.dsv
[1.327s] -- Symlinking: /home/eternal/ros2_ws/install/polygon_plugins/share/polygon_plugins/package.dsv
[1.342s] -- Symlinking: /home/eternal/ros2_ws/install/polygon_plugins/share/ament_index/resource_index/packages/polygon_plugins
[1.359s] -- Symlinking: /home/eternal/ros2_ws/install/polygon_plugins/share/ament_index/resource_index/polygon_base__pluginlib__plugin/polygon_plugins
[1.373s] -- Symlinking: /home/eternal/ros2_ws/install/polygon_plugins/share/polygon_plugins/cmake/ament_cmake_export_include_directories-extras.cmake
[1.390s] -- Symlinking: /home/eternal/ros2_ws/install/polygon_plugins/share/polygon_plugins/cmake/ament_cmake_export_libraries-extras.cmake
[1.408s] -- Symlinking: /home/eternal/ros2_ws/install/polygon_plugins/share/polygon_plugins/cmake/ament_cmake_export_targets-extras.cmake
[1.421s] -- Symlinking: /home/eternal/ros2_ws/install/polygon_plugins/share/polygon_plugins/cmake/polygon_pluginsConfig.cmake
[1.437s] -- Symlinking: /home/eternal/ros2_ws/install/polygon_plugins/share/polygon_plugins/cmake/polygon_pluginsConfig-version.cmake
[1.460s] -- Symlinking: /home/eternal/ros2_ws/install/polygon_plugins/share/polygon_plugins/package.xml
[1.475s] -- Up-to-date: /home/eternal/ros2_ws/install/polygon_plugins/lib/libpolygon_plugins.so
[1.476s] -- Up-to-date: /home/eternal/ros2_ws/install/polygon_plugins/share/polygon_plugins/cmake/export_polygon_pluginsExport.cmake
[1.476s] -- Up-to-date: /home/eternal/ros2_ws/install/polygon_plugins/share/polygon_plugins/cmake/export_polygon_pluginsExport-noconfig.cmake
[1.481s] Invoked command in '/home/eternal/ros2_ws/build/polygon_plugins' returned '0': CMAKE_PREFIX_PATH=/home/eternal/ros2_ws/install/polygon_base:/home/eternal/ros2_ws/install/cpp_srvcli:/home/eternal/ros2_ws/install/cpp_pubsub:/home/eternal/ros2_ws/install/tutorial_interfaces:/home/eternal/ros2_ws/install/bag_reading_cpp:/home/eternal/ros2_ws/install/turtlesim:/home/eternal/ros2_ws/install/polygon_plugins:/home/eternal/ros2_ws/install/my_package:/home/eternal/ros2_ws/install/more_interfaces:/home/eternal/ros2_ws/install/cpp_parameters:/home/eternal/ros2_ws/install/cpp_parameter_event_handler:/home/eternal/ros2_ws/install/action_tutorials_cpp:/home/eternal/ros2_ws/install/action_tutorials_interfaces:/home/eternal/ros2_ws/install/python_parameters:/home/eternal/ros2_ws/install/py_srvcli:/home/eternal/ros2_ws/install/py_pubsub:/home/eternal/ros2_ws/install/py_launch_example:/home/eternal/ros2_ws/install/launch_tutorial:/home/eternal/ros2_ws/install/imu_filter_pkg:/opt/ros/humble /usr/bin/cmake --install /home/eternal/ros2_ws/build/polygon_plugins
