[0.057s] Invoking command in '/home/eternal/ros2_ws/build/cpp_parameter_event_handler': CMAKE_PREFIX_PATH=/opt/ros/humble /usr/bin/cmake --build /home/eternal/ros2_ws/build/cpp_parameter_event_handler -- -j16 -l16
[0.220s] [100%] Built target parameter_event_handler
[0.253s] Invoked command in '/home/eternal/ros2_ws/build/cpp_parameter_event_handler' returned '0': CMAKE_PREFIX_PATH=/opt/ros/humble /usr/bin/cmake --build /home/eternal/ros2_ws/build/cpp_parameter_event_handler -- -j16 -l16
[0.332s] Invoking command in '/home/eternal/ros2_ws/build/cpp_parameter_event_handler': CMAKE_PREFIX_PATH=/opt/ros/humble /usr/bin/cmake --install /home/eternal/ros2_ws/build/cpp_parameter_event_handler
[0.351s] -- Install configuration: ""
[0.360s] -- Execute custom install script
[0.360s] -- Up-to-date symlink: /home/eternal/ros2_ws/install/cpp_parameter_event_handler/lib/cpp_parameter_event_handler/parameter_event_handler
[0.361s] -- Up-to-date symlink: /home/eternal/ros2_ws/install/cpp_parameter_event_handler/share/ament_index/resource_index/package_run_dependencies/cpp_parameter_event_handler
[0.362s] -- Up-to-date symlink: /home/eternal/ros2_ws/install/cpp_parameter_event_handler/share/ament_index/resource_index/parent_prefix_path/cpp_parameter_event_handler
[0.363s] -- Up-to-date symlink: /home/eternal/ros2_ws/install/cpp_parameter_event_handler/share/cpp_parameter_event_handler/environment/ament_prefix_path.sh
[0.363s] -- Up-to-date symlink: /home/eternal/ros2_ws/install/cpp_parameter_event_handler/share/cpp_parameter_event_handler/environment/ament_prefix_path.dsv
[0.364s] -- Up-to-date symlink: /home/eternal/ros2_ws/install/cpp_parameter_event_handler/share/cpp_parameter_event_handler/environment/path.sh
[0.364s] -- Up-to-date symlink: /home/eternal/ros2_ws/install/cpp_parameter_event_handler/share/cpp_parameter_event_handler/environment/path.dsv
[0.364s] -- Up-to-date symlink: /home/eternal/ros2_ws/install/cpp_parameter_event_handler/share/cpp_parameter_event_handler/local_setup.bash
[0.364s] -- Up-to-date symlink: /home/eternal/ros2_ws/install/cpp_parameter_event_handler/share/cpp_parameter_event_handler/local_setup.sh
[0.365s] -- Up-to-date symlink: /home/eternal/ros2_ws/install/cpp_parameter_event_handler/share/cpp_parameter_event_handler/local_setup.zsh
[0.365s] -- Up-to-date symlink: /home/eternal/ros2_ws/install/cpp_parameter_event_handler/share/cpp_parameter_event_handler/local_setup.dsv
[0.367s] -- Symlinking: /home/eternal/ros2_ws/install/cpp_parameter_event_handler/share/cpp_parameter_event_handler/package.dsv
[0.383s] -- Up-to-date symlink: /home/eternal/ros2_ws/install/cpp_parameter_event_handler/share/ament_index/resource_index/packages/cpp_parameter_event_handler
[0.383s] -- Up-to-date symlink: /home/eternal/ros2_ws/install/cpp_parameter_event_handler/share/cpp_parameter_event_handler/cmake/cpp_parameter_event_handlerConfig.cmake
[0.383s] -- Up-to-date symlink: /home/eternal/ros2_ws/install/cpp_parameter_event_handler/share/cpp_parameter_event_handler/cmake/cpp_parameter_event_handlerConfig-version.cmake
[0.384s] -- Up-to-date symlink: /home/eternal/ros2_ws/install/cpp_parameter_event_handler/share/cpp_parameter_event_handler/package.xml
[0.410s] Invoked command in '/home/eternal/ros2_ws/build/cpp_parameter_event_handler' returned '0': CMAKE_PREFIX_PATH=/opt/ros/humble /usr/bin/cmake --install /home/eternal/ros2_ws/build/cpp_parameter_event_handler
