[0.045s] Invoking command in '/home/eternal/ros2_ws/build/action_tutorials_cpp': CMAKE_PREFIX_PATH=/opt/ros/humble /usr/bin/cmake --build /home/eternal/ros2_ws/build/action_tutorials_cpp -- -j16 -l16
[0.166s] [ 25%] Built target fibonacci_action_client
[0.170s] [ 50%] Built target fibonacci_action_server
[0.176s] [ 75%] Built target action_client
[0.179s] [100%] Built target action_server
[0.205s] Invoked command in '/home/eternal/ros2_ws/build/action_tutorials_cpp' returned '0': CMAKE_PREFIX_PATH=/opt/ros/humble /usr/bin/cmake --build /home/eternal/ros2_ws/build/action_tutorials_cpp -- -j16 -l16
[0.317s] Invoking command in '/home/eternal/ros2_ws/build/action_tutorials_cpp': CMAKE_PREFIX_PATH=/opt/ros/humble /usr/bin/cmake --install /home/eternal/ros2_ws/build/action_tutorials_cpp
[0.327s] -- Install configuration: ""
[0.328s] -- Execute custom install script
[0.329s] -- Up-to-date symlink: /home/eternal/ros2_ws/install/action_tutorials_cpp/lib/action_tutorials_cpp/fibonacci_action_client
[0.331s] -- Up-to-date symlink: /home/eternal/ros2_ws/install/action_tutorials_cpp/lib/libaction_client.so
[0.335s] -- Up-to-date symlink: /home/eternal/ros2_ws/install/action_tutorials_cpp/lib/action_tutorials_cpp/fibonacci_action_server
[0.340s] -- Up-to-date symlink: /home/eternal/ros2_ws/install/action_tutorials_cpp/lib/libaction_server.so
[0.341s] -- Up-to-date symlink: /home/eternal/ros2_ws/install/action_tutorials_cpp/share/ament_index/resource_index/package_run_dependencies/action_tutorials_cpp
[0.341s] -- Up-to-date symlink: /home/eternal/ros2_ws/install/action_tutorials_cpp/share/ament_index/resource_index/parent_prefix_path/action_tutorials_cpp
[0.341s] -- Up-to-date symlink: /home/eternal/ros2_ws/install/action_tutorials_cpp/share/action_tutorials_cpp/environment/ament_prefix_path.sh
[0.341s] -- Up-to-date symlink: /home/eternal/ros2_ws/install/action_tutorials_cpp/share/action_tutorials_cpp/environment/ament_prefix_path.dsv
[0.342s] -- Up-to-date symlink: /home/eternal/ros2_ws/install/action_tutorials_cpp/share/action_tutorials_cpp/environment/path.sh
[0.342s] -- Up-to-date symlink: /home/eternal/ros2_ws/install/action_tutorials_cpp/share/action_tutorials_cpp/environment/path.dsv
[0.342s] -- Up-to-date symlink: /home/eternal/ros2_ws/install/action_tutorials_cpp/share/action_tutorials_cpp/local_setup.bash
[0.342s] -- Up-to-date symlink: /home/eternal/ros2_ws/install/action_tutorials_cpp/share/action_tutorials_cpp/local_setup.sh
[0.342s] -- Up-to-date symlink: /home/eternal/ros2_ws/install/action_tutorials_cpp/share/action_tutorials_cpp/local_setup.zsh
[0.343s] -- Up-to-date symlink: /home/eternal/ros2_ws/install/action_tutorials_cpp/share/action_tutorials_cpp/local_setup.dsv
[0.343s] -- Symlinking: /home/eternal/ros2_ws/install/action_tutorials_cpp/share/action_tutorials_cpp/package.dsv
[0.353s] -- Up-to-date symlink: /home/eternal/ros2_ws/install/action_tutorials_cpp/share/ament_index/resource_index/packages/action_tutorials_cpp
[0.353s] -- Up-to-date symlink: /home/eternal/ros2_ws/install/action_tutorials_cpp/share/ament_index/resource_index/rclcpp_components/action_tutorials_cpp
[0.353s] -- Up-to-date symlink: /home/eternal/ros2_ws/install/action_tutorials_cpp/share/action_tutorials_cpp/cmake/action_tutorials_cppConfig.cmake
[0.354s] -- Up-to-date symlink: /home/eternal/ros2_ws/install/action_tutorials_cpp/share/action_tutorials_cpp/cmake/action_tutorials_cppConfig-version.cmake
[0.354s] -- Up-to-date symlink: /home/eternal/ros2_ws/install/action_tutorials_cpp/share/action_tutorials_cpp/package.xml
[0.400s] Invoked command in '/home/eternal/ros2_ws/build/action_tutorials_cpp' returned '0': CMAKE_PREFIX_PATH=/opt/ros/humble /usr/bin/cmake --install /home/eternal/ros2_ws/build/action_tutorials_cpp
