[1.128s] Invoking command in '/home/eternal/ros2_ws/src/imu_filter_pkg': PYTHONPATH=/home/eternal/ros2_ws/build/imu_filter_pkg/prefix_override:/usr/lib/python3/dist-packages/colcon_core/task/python/colcon_distutils_commands:/home/eternal/ros2_ws/install/imu_filter_pkg/lib/python3.10/site-packages:${PYTHONPATH} /usr/bin/python3 -W ignore:setup.py install is deprecated setup.py egg_info --egg-base ../../build/imu_filter_pkg build --build-base /home/eternal/ros2_ws/build/imu_filter_pkg/build install --record /home/eternal/ros2_ws/build/imu_filter_pkg/install.log --single-version-externally-managed install_data
[1.663s] running egg_info
[1.701s] writing ../../build/imu_filter_pkg/imu_filter_pkg.egg-info/PKG-INFO
[1.732s] writing dependency_links to ../../build/imu_filter_pkg/imu_filter_pkg.egg-info/dependency_links.txt
[1.824s] writing entry points to ../../build/imu_filter_pkg/imu_filter_pkg.egg-info/entry_points.txt
[1.886s] writing requirements to ../../build/imu_filter_pkg/imu_filter_pkg.egg-info/requires.txt
[1.921s] writing top-level names to ../../build/imu_filter_pkg/imu_filter_pkg.egg-info/top_level.txt
[1.987s] listing git files failed - pretending there aren't any
[2.065s] reading manifest file '../../build/imu_filter_pkg/imu_filter_pkg.egg-info/SOURCES.txt'
[2.065s] adding license file 'LICENSE'
[2.065s] writing manifest file '../../build/imu_filter_pkg/imu_filter_pkg.egg-info/SOURCES.txt'
[2.065s] running build
[2.065s] running build_py
[2.066s] running install
[2.070s] running install_lib
[2.110s] running install_data
[2.111s] running install_egg_info
[2.150s] removing '/home/eternal/ros2_ws/install/imu_filter_pkg/lib/python3.10/site-packages/imu_filter_pkg-0.0.0-py3.10.egg-info' (and everything under it)
[2.150s] Copying ../../build/imu_filter_pkg/imu_filter_pkg.egg-info to /home/eternal/ros2_ws/install/imu_filter_pkg/lib/python3.10/site-packages/imu_filter_pkg-0.0.0-py3.10.egg-info
[2.150s] running install_scripts
[2.224s] Installing imu_filter_node script to /home/eternal/ros2_ws/install/imu_filter_pkg/lib/imu_filter_pkg
[2.224s] writing list of installed files to '/home/eternal/ros2_ws/build/imu_filter_pkg/install.log'
[2.244s] Invoked command in '/home/eternal/ros2_ws/src/imu_filter_pkg' returned '0': PYTHONPATH=/home/eternal/ros2_ws/build/imu_filter_pkg/prefix_override:/usr/lib/python3/dist-packages/colcon_core/task/python/colcon_distutils_commands:/home/eternal/ros2_ws/install/imu_filter_pkg/lib/python3.10/site-packages:${PYTHONPATH} /usr/bin/python3 -W ignore:setup.py install is deprecated setup.py egg_info --egg-base ../../build/imu_filter_pkg build --build-base /home/eternal/ros2_ws/build/imu_filter_pkg/build install --record /home/eternal/ros2_ws/build/imu_filter_pkg/install.log --single-version-externally-managed install_data
