[0.073s] Invoking command in '/home/eternal/ros2_ws/build/cpp_srvcli': CMAKE_PREFIX_PATH=/opt/ros/humble /usr/bin/cmake --build /home/eternal/ros2_ws/build/cpp_srvcli -- -j16 -l16
[0.220s] [ 50%] Built target client
[0.223s] [100%] Built target server
[0.267s] Invoked command in '/home/eternal/ros2_ws/build/cpp_srvcli' returned '0': CMAKE_PREFIX_PATH=/opt/ros/humble /usr/bin/cmake --build /home/eternal/ros2_ws/build/cpp_srvcli -- -j16 -l16
[0.363s] Invoking command in '/home/eternal/ros2_ws/build/cpp_srvcli': CMAKE_PREFIX_PATH=/opt/ros/humble /usr/bin/cmake --install /home/eternal/ros2_ws/build/cpp_srvcli
[0.378s] -- Install configuration: ""
[0.378s] -- Execute custom install script
[0.378s] -- Up-to-date symlink: /home/eternal/ros2_ws/install/cpp_srvcli/lib/cpp_srvcli/server
[0.378s] -- Up-to-date symlink: /home/eternal/ros2_ws/install/cpp_srvcli/lib/cpp_srvcli/client
[0.378s] -- Up-to-date symlink: /home/eternal/ros2_ws/install/cpp_srvcli/share/ament_index/resource_index/package_run_dependencies/cpp_srvcli
[0.379s] -- Up-to-date symlink: /home/eternal/ros2_ws/install/cpp_srvcli/share/ament_index/resource_index/parent_prefix_path/cpp_srvcli
[0.379s] -- Up-to-date symlink: /home/eternal/ros2_ws/install/cpp_srvcli/share/cpp_srvcli/environment/ament_prefix_path.sh
[0.379s] -- Up-to-date symlink: /home/eternal/ros2_ws/install/cpp_srvcli/share/cpp_srvcli/environment/ament_prefix_path.dsv
[0.379s] -- Up-to-date symlink: /home/eternal/ros2_ws/install/cpp_srvcli/share/cpp_srvcli/environment/path.sh
[0.379s] -- Up-to-date symlink: /home/eternal/ros2_ws/install/cpp_srvcli/share/cpp_srvcli/environment/path.dsv
[0.379s] -- Up-to-date symlink: /home/eternal/ros2_ws/install/cpp_srvcli/share/cpp_srvcli/local_setup.bash
[0.379s] -- Up-to-date symlink: /home/eternal/ros2_ws/install/cpp_srvcli/share/cpp_srvcli/local_setup.sh
[0.379s] -- Up-to-date symlink: /home/eternal/ros2_ws/install/cpp_srvcli/share/cpp_srvcli/local_setup.zsh
[0.380s] -- Up-to-date symlink: /home/eternal/ros2_ws/install/cpp_srvcli/share/cpp_srvcli/local_setup.dsv
[0.380s] -- Symlinking: /home/eternal/ros2_ws/install/cpp_srvcli/share/cpp_srvcli/package.dsv
[0.399s] -- Up-to-date symlink: /home/eternal/ros2_ws/install/cpp_srvcli/share/ament_index/resource_index/packages/cpp_srvcli
[0.399s] -- Up-to-date symlink: /home/eternal/ros2_ws/install/cpp_srvcli/share/cpp_srvcli/cmake/cpp_srvcliConfig.cmake
[0.400s] -- Up-to-date symlink: /home/eternal/ros2_ws/install/cpp_srvcli/share/cpp_srvcli/cmake/cpp_srvcliConfig-version.cmake
[0.400s] -- Up-to-date symlink: /home/eternal/ros2_ws/install/cpp_srvcli/share/cpp_srvcli/package.xml
[0.455s] Invoked command in '/home/eternal/ros2_ws/build/cpp_srvcli' returned '0': CMAKE_PREFIX_PATH=/opt/ros/humble /usr/bin/cmake --install /home/eternal/ros2_ws/build/cpp_srvcli
