[01m[K/home/eternal/ros2_ws/src/bag_reading_cpp/src/imu_filter_accel_node.cpp:[m[K In constructor ‘[01m[KPlaybackNode::PlaybackNode(const string&)[m[K’:
[01m[K/home/eternal/ros2_ws/src/bag_reading_cpp/src/imu_filter_accel_node.cpp:18:37:[m[K [01;35m[Kwarning: [m[Kunused parameter ‘[01m[Kbag_filename[m[K’ [[01;35m[K]8;;https://gcc.gnu.org/onlinedocs/gcc/Warning-Options.html#index-Wunused-parameter-Wunused-parameter]8;;[m[K]
   18 |     PlaybackNode([01;35m[Kconst std::string &bag_filename[m[K)
      |                  [01;35m[K~~~~~~~~~~~~~~~~~~~^~~~~~~~~~~~[m[K
In file included from [01m[K/usr/include/x86_64-linux-gnu/c++/11/bits/c++allocator.h:33[m[K,
                 from [01m[K/usr/include/c++/11/bits/allocator.h:46[m[K,
                 from [01m[K/usr/include/c++/11/unordered_map:40[m[K,
                 from [01m[K/usr/include/c++/11/functional:61[m[K,
                 from [01m[K/home/eternal/ros2_ws/src/bag_reading_cpp/src/imu_filter_accel_node.cpp:2[m[K:
/usr/include/c++/11/ext/new_allocator.h: In instantiation of ‘[01m[Kvoid __gnu_cxx::new_allocator<_Tp>::construct(_Up*, _Args&& ...) [with _Up = PlaybackNode; _Args = {}; _Tp = PlaybackNode][m[K’:
[01m[K/usr/include/c++/11/bits/alloc_traits.h:516:17:[m[K   required from ‘[01m[Kstatic void std::allocator_traits<std::allocator<_Tp1> >::construct(std::allocator_traits<std::allocator<_Tp1> >::allocator_type&, _Up*, _Args&& ...) [with _Up = PlaybackNode; _Args = {}; _Tp = PlaybackNode; std::allocator_traits<std::allocator<_Tp1> >::allocator_type = std::allocator<PlaybackNode>][m[K’
[01m[K/usr/include/c++/11/bits/shared_ptr_base.h:519:39:[m[K   required from ‘[01m[Kstd::_Sp_counted_ptr_inplace<_Tp, _Alloc, _Lp>::_Sp_counted_ptr_inplace(_Alloc, _Args&& ...) [with _Args = {}; _Tp = PlaybackNode; _Alloc = std::allocator<PlaybackNode>; __gnu_cxx::_Lock_policy _Lp = __gnu_cxx::_S_atomic][m[K’
[01m[K/usr/include/c++/11/bits/shared_ptr_base.h:650:16:[m[K   required from ‘[01m[Kstd::__shared_count<_Lp>::__shared_count(_Tp*&, std::_Sp_alloc_shared_tag<_Alloc>, _Args&& ...) [with _Tp = PlaybackNode; _Alloc = std::allocator<PlaybackNode>; _Args = {}; __gnu_cxx::_Lock_policy _Lp = __gnu_cxx::_S_atomic][m[K’
[01m[K/usr/include/c++/11/bits/shared_ptr_base.h:1342:14:[m[K   required from ‘[01m[Kstd::__shared_ptr<_Tp, _Lp>::__shared_ptr(std::_Sp_alloc_shared_tag<_Tp>, _Args&& ...) [with _Alloc = std::allocator<PlaybackNode>; _Args = {}; _Tp = PlaybackNode; __gnu_cxx::_Lock_policy _Lp = __gnu_cxx::_S_atomic][m[K’
[01m[K/usr/include/c++/11/bits/shared_ptr.h:409:59:[m[K   required from ‘[01m[Kstd::shared_ptr<_Tp>::shared_ptr(std::_Sp_alloc_shared_tag<_Tp>, _Args&& ...) [with _Alloc = std::allocator<PlaybackNode>; _Args = {}; _Tp = PlaybackNode][m[K’
[01m[K/usr/include/c++/11/bits/shared_ptr.h:862:14:[m[K   required from ‘[01m[Kstd::shared_ptr<_Tp> std::allocate_shared(const _Alloc&, _Args&& ...) [with _Tp = PlaybackNode; _Alloc = std::allocator<PlaybackNode>; _Args = {}][m[K’
[01m[K/usr/include/c++/11/bits/shared_ptr.h:878:39:[m[K   required from ‘[01m[Kstd::shared_ptr<_Tp> std::make_shared(_Args&& ...) [with _Tp = PlaybackNode; _Args = {}][m[K’
[01m[K/home/eternal/ros2_ws/src/bag_reading_cpp/src/imu_filter_accel_node.cpp:74:47:[m[K   required from here
[01m[K/usr/include/c++/11/ext/new_allocator.h:162:11:[m[K [01;31m[Kerror: [m[Kno matching function for call to ‘[01m[KPlaybackNode::PlaybackNode()[m[K’
  162 |         { [01;31m[K::new((void *)__p) _Up(std::forward<_Args>(__args)...)[m[K; }
      |           [01;31m[K^~~~~~~~~~~~~~~~~~~~~~~~~~~~~~~~~~~~~~~~~~~~~~~~~~~~~~[m[K
[01m[K/home/eternal/ros2_ws/src/bag_reading_cpp/src/imu_filter_accel_node.cpp:18:5:[m[K [01;36m[Knote: [m[Kcandidate: ‘[01m[KPlaybackNode::PlaybackNode(const string&)[m[K’
   18 |     [01;36m[KPlaybackNode[m[K(const std::string &bag_filename)
      |     [01;36m[K^~~~~~~~~~~~[m[K
[01m[K/home/eternal/ros2_ws/src/bag_reading_cpp/src/imu_filter_accel_node.cpp:18:5:[m[K [01;36m[Knote: [m[K  candidate expects 1 argument, 0 provided
gmake[2]: *** [CMakeFiles/imu_filter_accel_node.dir/build.make:76: CMakeFiles/imu_filter_accel_node.dir/src/imu_filter_accel_node.cpp.o] Error 1
gmake[1]: *** [CMakeFiles/Makefile2:193: CMakeFiles/imu_filter_accel_node.dir/all] Error 2
gmake: *** [Makefile:146: all] Error 2
