[0.018s] Invoking command in '/home/eternal/ros2_ws/build/bag_reading_cpp': CMAKE_PREFIX_PATH=${CMAKE_PREFIX_PATH}:/home/eternal/ros2_ws/install/python_parameters:/home/eternal/ros2_ws/install/py_srvcli:/home/eternal/ros2_ws/install/py_pubsub:/home/eternal/ros2_ws/install/py_launch_example:/home/eternal/ros2_ws/install/launch_tutorial:/home/eternal/ros2_ws/install/imu_filter_pkg:/opt/ros/humble /usr/bin/cmake --build /home/eternal/ros2_ws/build/bag_reading_cpp -- -j16 -l16
[0.068s] [ 33%] Built target simple_bag_reader
[0.069s] [ 50%] [32mBuilding CXX object CMakeFiles/imu_filter_accel_node.dir/src/imu_filter_accel_node.cpp.o[0m
[0.072s] [ 83%] Built target simple_bag_reader_test
[1.586s] [01m[K/home/eternal/ros2_ws/src/bag_reading_cpp/src/imu_filter_accel_node.cpp:[m[K In constructor ‘[01m[KPlaybackNode::PlaybackNode(const string&)[m[K’:
[1.586s] [01m[K/home/eternal/ros2_ws/src/bag_reading_cpp/src/imu_filter_accel_node.cpp:18:37:[m[K [01;35m[Kwarning: [m[Kunused parameter ‘[01m[Kbag_filename[m[K’ [[01;35m[K]8;;https://gcc.gnu.org/onlinedocs/gcc/Warning-Options.html#index-Wunused-parameter-Wunused-parameter]8;;[m[K]
[1.586s]    18 |     PlaybackNode([01;35m[Kconst std::string &bag_filename[m[K)
[1.586s]       |                  [01;35m[K~~~~~~~~~~~~~~~~~~~^~~~~~~~~~~~[m[K
[2.068s] In file included from [01m[K/usr/include/x86_64-linux-gnu/c++/11/bits/c++allocator.h:33[m[K,
[2.068s]                  from [01m[K/usr/include/c++/11/bits/allocator.h:46[m[K,
[2.068s]                  from [01m[K/usr/include/c++/11/unordered_map:40[m[K,
[2.068s]                  from [01m[K/usr/include/c++/11/functional:61[m[K,
[2.068s]                  from [01m[K/home/eternal/ros2_ws/src/bag_reading_cpp/src/imu_filter_accel_node.cpp:2[m[K:
[2.069s] /usr/include/c++/11/ext/new_allocator.h: In instantiation of ‘[01m[Kvoid __gnu_cxx::new_allocator<_Tp>::construct(_Up*, _Args&& ...) [with _Up = PlaybackNode; _Args = {}; _Tp = PlaybackNode][m[K’:
[2.069s] [01m[K/usr/include/c++/11/bits/alloc_traits.h:516:17:[m[K   required from ‘[01m[Kstatic void std::allocator_traits<std::allocator<_Tp1> >::construct(std::allocator_traits<std::allocator<_Tp1> >::allocator_type&, _Up*, _Args&& ...) [with _Up = PlaybackNode; _Args = {}; _Tp = PlaybackNode; std::allocator_traits<std::allocator<_Tp1> >::allocator_type = std::allocator<PlaybackNode>][m[K’
[2.069s] [01m[K/usr/include/c++/11/bits/shared_ptr_base.h:519:39:[m[K   required from ‘[01m[Kstd::_Sp_counted_ptr_inplace<_Tp, _Alloc, _Lp>::_Sp_counted_ptr_inplace(_Alloc, _Args&& ...) [with _Args = {}; _Tp = PlaybackNode; _Alloc = std::allocator<PlaybackNode>; __gnu_cxx::_Lock_policy _Lp = __gnu_cxx::_S_atomic][m[K’
[2.069s] [01m[K/usr/include/c++/11/bits/shared_ptr_base.h:650:16:[m[K   required from ‘[01m[Kstd::__shared_count<_Lp>::__shared_count(_Tp*&, std::_Sp_alloc_shared_tag<_Alloc>, _Args&& ...) [with _Tp = PlaybackNode; _Alloc = std::allocator<PlaybackNode>; _Args = {}; __gnu_cxx::_Lock_policy _Lp = __gnu_cxx::_S_atomic][m[K’
[2.069s] [01m[K/usr/include/c++/11/bits/shared_ptr_base.h:1342:14:[m[K   required from ‘[01m[Kstd::__shared_ptr<_Tp, _Lp>::__shared_ptr(std::_Sp_alloc_shared_tag<_Tp>, _Args&& ...) [with _Alloc = std::allocator<PlaybackNode>; _Args = {}; _Tp = PlaybackNode; __gnu_cxx::_Lock_policy _Lp = __gnu_cxx::_S_atomic][m[K’
[2.069s] [01m[K/usr/include/c++/11/bits/shared_ptr.h:409:59:[m[K   required from ‘[01m[Kstd::shared_ptr<_Tp>::shared_ptr(std::_Sp_alloc_shared_tag<_Tp>, _Args&& ...) [with _Alloc = std::allocator<PlaybackNode>; _Args = {}; _Tp = PlaybackNode][m[K’
[2.069s] [01m[K/usr/include/c++/11/bits/shared_ptr.h:862:14:[m[K   required from ‘[01m[Kstd::shared_ptr<_Tp> std::allocate_shared(const _Alloc&, _Args&& ...) [with _Tp = PlaybackNode; _Alloc = std::allocator<PlaybackNode>; _Args = {}][m[K’
[2.069s] [01m[K/usr/include/c++/11/bits/shared_ptr.h:878:39:[m[K   required from ‘[01m[Kstd::shared_ptr<_Tp> std::make_shared(_Args&& ...) [with _Tp = PlaybackNode; _Args = {}][m[K’
[2.069s] [01m[K/home/eternal/ros2_ws/src/bag_reading_cpp/src/imu_filter_accel_node.cpp:74:47:[m[K   required from here
[2.069s] [01m[K/usr/include/c++/11/ext/new_allocator.h:162:11:[m[K [01;31m[Kerror: [m[Kno matching function for call to ‘[01m[KPlaybackNode::PlaybackNode()[m[K’
[2.069s]   162 |         { [01;31m[K::new((void *)__p) _Up(std::forward<_Args>(__args)...)[m[K; }
[2.069s]       |           [01;31m[K^~~~~~~~~~~~~~~~~~~~~~~~~~~~~~~~~~~~~~~~~~~~~~~~~~~~~~[m[K
[2.069s] [01m[K/home/eternal/ros2_ws/src/bag_reading_cpp/src/imu_filter_accel_node.cpp:18:5:[m[K [01;36m[Knote: [m[Kcandidate: ‘[01m[KPlaybackNode::PlaybackNode(const string&)[m[K’
[2.069s]    18 |     [01;36m[KPlaybackNode[m[K(const std::string &bag_filename)
[2.069s]       |     [01;36m[K^~~~~~~~~~~~[m[K
[2.069s] [01m[K/home/eternal/ros2_ws/src/bag_reading_cpp/src/imu_filter_accel_node.cpp:18:5:[m[K [01;36m[Knote: [m[K  candidate expects 1 argument, 0 provided
[3.094s] gmake[2]: *** [CMakeFiles/imu_filter_accel_node.dir/build.make:76: CMakeFiles/imu_filter_accel_node.dir/src/imu_filter_accel_node.cpp.o] Error 1
[3.094s] gmake[1]: *** [CMakeFiles/Makefile2:193: CMakeFiles/imu_filter_accel_node.dir/all] Error 2
[3.095s] gmake: *** [Makefile:146: all] Error 2
[3.096s] Invoked command in '/home/eternal/ros2_ws/build/bag_reading_cpp' returned '2': CMAKE_PREFIX_PATH=${CMAKE_PREFIX_PATH}:/home/eternal/ros2_ws/install/python_parameters:/home/eternal/ros2_ws/install/py_srvcli:/home/eternal/ros2_ws/install/py_pubsub:/home/eternal/ros2_ws/install/py_launch_example:/home/eternal/ros2_ws/install/launch_tutorial:/home/eternal/ros2_ws/install/imu_filter_pkg:/opt/ros/humble /usr/bin/cmake --build /home/eternal/ros2_ws/build/bag_reading_cpp -- -j16 -l16
