[2.807s] Invoking command in '/home/eternal/ros2_ws/build/turtlesim': CMAKE_PREFIX_PATH=/opt/ros/humble /usr/bin/cmake --build /home/eternal/ros2_ws/build/turtlesim -- -j16 -l16
[2.853s] [  1%] Built target turtlesim__cpp
[2.855s] [ 11%] Built target turtlesim__rosidl_generator_c
[2.860s] [ 11%] Built target ament_cmake_python_copy_turtlesim
[2.874s] [ 24%] Built target turtlesim__rosidl_typesupport_introspection_cpp
[2.874s] [ 40%] Built target turtlesim__rosidl_typesupport_introspection_c
[2.874s] [ 42%] Built target turtlesim__rosidl_typesupport_fastrtps_cpp
[2.874s] [ 51%] Built target turtlesim__rosidl_typesupport_c
[2.875s] [ 62%] Built target turtlesim__rosidl_typesupport_cpp
[2.876s] [ 71%] Built target turtlesim__rosidl_typesupport_fastrtps_c
[2.893s] [ 73%] Built target mimic
[2.896s] [ 79%] Built target turtlesim_node
[2.899s] [ 81%] Built target draw_square
[2.900s] [ 83%] Built target turtle_teleop_key
[2.907s] [ 83%] Built target turtlesim
[2.925s] [ 84%] Built target turtlesim__py
[2.943s] [ 93%] Built target turtlesim__rosidl_generator_py
[2.963s] [ 95%] Built target turtlesim__rosidl_typesupport_fastrtps_c__pyext
[2.964s] [ 97%] Built target turtlesim__rosidl_typesupport_introspection_c__pyext
[2.965s] [100%] Built target turtlesim__rosidl_typesupport_c__pyext
[3.228s] running egg_info
[3.267s] writing turtlesim.egg-info/PKG-INFO
[3.298s] writing dependency_links to turtlesim.egg-info/dependency_links.txt
[3.485s] writing top-level names to turtlesim.egg-info/top_level.txt
[3.556s] listing git files failed - pretending there aren't any
[3.631s] reading manifest file 'turtlesim.egg-info/SOURCES.txt'
[3.632s] writing manifest file 'turtlesim.egg-info/SOURCES.txt'
[3.659s] [100%] Built target ament_cmake_python_build_turtlesim_egg
