[0.027s] Invoking command in '/home/eternal/ros2_ws/build/learning_tf2_cpp': CMAKE_PREFIX_PATH=/opt/ros/humble /usr/bin/cmake --build /home/eternal/ros2_ws/build/learning_tf2_cpp -- -j16 -l16
[0.585s] Invoked command in '/home/eternal/ros2_ws/build/learning_tf2_cpp' returned '0': CMAKE_PREFIX_PATH=/opt/ros/humble /usr/bin/cmake --build /home/eternal/ros2_ws/build/learning_tf2_cpp -- -j16 -l16
[0.618s] Invoking command in '/home/eternal/ros2_ws/build/learning_tf2_cpp': CMAKE_PREFIX_PATH=/opt/ros/humble /usr/bin/cmake --install /home/eternal/ros2_ws/build/learning_tf2_cpp
[0.627s] -- Install configuration: ""
[0.628s] -- Up-to-date: /home/eternal/ros2_ws/install/learning_tf2_cpp/share/ament_index/resource_index/package_run_dependencies/learning_tf2_cpp
[0.629s] -- Up-to-date: /home/eternal/ros2_ws/install/learning_tf2_cpp/share/ament_index/resource_index/parent_prefix_path/learning_tf2_cpp
[0.629s] -- Up-to-date: /home/eternal/ros2_ws/install/learning_tf2_cpp/share/learning_tf2_cpp/environment/ament_prefix_path.sh
[0.629s] -- Up-to-date: /home/eternal/ros2_ws/install/learning_tf2_cpp/share/learning_tf2_cpp/environment/ament_prefix_path.dsv
[0.629s] -- Up-to-date: /home/eternal/ros2_ws/install/learning_tf2_cpp/share/learning_tf2_cpp/environment/path.sh
[0.629s] -- Up-to-date: /home/eternal/ros2_ws/install/learning_tf2_cpp/share/learning_tf2_cpp/environment/path.dsv
[0.629s] -- Up-to-date: /home/eternal/ros2_ws/install/learning_tf2_cpp/share/learning_tf2_cpp/local_setup.bash
[0.629s] -- Up-to-date: /home/eternal/ros2_ws/install/learning_tf2_cpp/share/learning_tf2_cpp/local_setup.sh
[0.630s] -- Up-to-date: /home/eternal/ros2_ws/install/learning_tf2_cpp/share/learning_tf2_cpp/local_setup.zsh
[0.631s] -- Up-to-date: /home/eternal/ros2_ws/install/learning_tf2_cpp/share/learning_tf2_cpp/local_setup.dsv
[0.632s] -- Installing: /home/eternal/ros2_ws/install/learning_tf2_cpp/share/learning_tf2_cpp/package.dsv
[0.633s] -- Up-to-date: /home/eternal/ros2_ws/install/learning_tf2_cpp/share/ament_index/resource_index/packages/learning_tf2_cpp
[0.634s] -- Up-to-date: /home/eternal/ros2_ws/install/learning_tf2_cpp/share/learning_tf2_cpp/cmake/learning_tf2_cppConfig.cmake
[0.634s] -- Up-to-date: /home/eternal/ros2_ws/install/learning_tf2_cpp/share/learning_tf2_cpp/cmake/learning_tf2_cppConfig-version.cmake
[0.635s] -- Up-to-date: /home/eternal/ros2_ws/install/learning_tf2_cpp/share/learning_tf2_cpp/package.xml
[0.640s] Invoked command in '/home/eternal/ros2_ws/build/learning_tf2_cpp' returned '0': CMAKE_PREFIX_PATH=/opt/ros/humble /usr/bin/cmake --install /home/eternal/ros2_ws/build/learning_tf2_cpp
