[0.045s] Invoking command in '/home/eternal/ros2_ws/build/polygon_base': CMAKE_PREFIX_PATH=/opt/ros/humble /usr/bin/cmake --build /home/eternal/ros2_ws/build/polygon_base -- -j16 -l16
[0.158s] [100%] Built target area_node
[0.195s] Invoked command in '/home/eternal/ros2_ws/build/polygon_base' returned '0': CMAKE_PREFIX_PATH=/opt/ros/humble /usr/bin/cmake --build /home/eternal/ros2_ws/build/polygon_base -- -j16 -l16
[0.266s] Invoking command in '/home/eternal/ros2_ws/build/polygon_base': CMAKE_PREFIX_PATH=/opt/ros/humble /usr/bin/cmake --install /home/eternal/ros2_ws/build/polygon_base
[0.283s] -- Install configuration: ""
[0.284s] -- Execute custom install script
[0.284s] -- Up-to-date symlink: /home/eternal/ros2_ws/install/polygon_base/include/polygon_base/regular_polygon.hpp
[0.285s] -- Up-to-date symlink: /home/eternal/ros2_ws/install/polygon_base/lib/polygon_base/area_node
[0.286s] -- Up-to-date symlink: /home/eternal/ros2_ws/install/polygon_base/share/ament_index/resource_index/package_run_dependencies/polygon_base
[0.286s] -- Up-to-date symlink: /home/eternal/ros2_ws/install/polygon_base/share/ament_index/resource_index/parent_prefix_path/polygon_base
[0.287s] -- Up-to-date symlink: /home/eternal/ros2_ws/install/polygon_base/share/polygon_base/environment/ament_prefix_path.sh
[0.289s] -- Up-to-date symlink: /home/eternal/ros2_ws/install/polygon_base/share/polygon_base/environment/ament_prefix_path.dsv
[0.291s] -- Up-to-date symlink: /home/eternal/ros2_ws/install/polygon_base/share/polygon_base/environment/path.sh
[0.293s] -- Up-to-date symlink: /home/eternal/ros2_ws/install/polygon_base/share/polygon_base/environment/path.dsv
[0.294s] -- Up-to-date symlink: /home/eternal/ros2_ws/install/polygon_base/share/polygon_base/local_setup.bash
[0.294s] -- Up-to-date symlink: /home/eternal/ros2_ws/install/polygon_base/share/polygon_base/local_setup.sh
[0.294s] -- Up-to-date symlink: /home/eternal/ros2_ws/install/polygon_base/share/polygon_base/local_setup.zsh
[0.294s] -- Up-to-date symlink: /home/eternal/ros2_ws/install/polygon_base/share/polygon_base/local_setup.dsv
[0.294s] -- Symlinking: /home/eternal/ros2_ws/install/polygon_base/share/polygon_base/package.dsv
[0.325s] -- Up-to-date symlink: /home/eternal/ros2_ws/install/polygon_base/share/ament_index/resource_index/packages/polygon_base
[0.326s] -- Up-to-date symlink: /home/eternal/ros2_ws/install/polygon_base/share/polygon_base/cmake/ament_cmake_export_include_directories-extras.cmake
[0.327s] -- Up-to-date symlink: /home/eternal/ros2_ws/install/polygon_base/share/polygon_base/cmake/polygon_baseConfig.cmake
[0.327s] -- Up-to-date symlink: /home/eternal/ros2_ws/install/polygon_base/share/polygon_base/cmake/polygon_baseConfig-version.cmake
[0.327s] -- Up-to-date symlink: /home/eternal/ros2_ws/install/polygon_base/share/polygon_base/package.xml
[0.329s] Invoked command in '/home/eternal/ros2_ws/build/polygon_base' returned '0': CMAKE_PREFIX_PATH=/opt/ros/humble /usr/bin/cmake --install /home/eternal/ros2_ws/build/polygon_base
