[3.667s] Invoking command in '/home/eternal/ros2_ws/src/launch_tutorial': PYTHONPATH=/home/eternal/ros2_ws/build/launch_tutorial/prefix_override:/usr/lib/python3/dist-packages/colcon_core/task/python/colcon_distutils_commands:/home/eternal/ros2_ws/install/launch_tutorial/lib/python3.10/site-packages:${PYTHONPATH} /usr/bin/python3 -W ignore:setup.py install is deprecated setup.py egg_info --egg-base ../../build/launch_tutorial build --build-base /home/eternal/ros2_ws/build/launch_tutorial/build install --record /home/eternal/ros2_ws/build/launch_tutorial/install.log --single-version-externally-managed install_data
[4.221s] running egg_info
[4.260s] writing ../../build/launch_tutorial/launch_tutorial.egg-info/PKG-INFO
[4.293s] writing dependency_links to ../../build/launch_tutorial/launch_tutorial.egg-info/dependency_links.txt
[4.455s] writing requirements to ../../build/launch_tutorial/launch_tutorial.egg-info/requires.txt
[4.492s] writing top-level names to ../../build/launch_tutorial/launch_tutorial.egg-info/top_level.txt
[4.558s] listing git files failed - pretending there aren't any
[4.636s] reading manifest file '../../build/launch_tutorial/launch_tutorial.egg-info/SOURCES.txt'
[4.636s] adding license file 'LICENSE'
[4.637s] writing manifest file '../../build/launch_tutorial/launch_tutorial.egg-info/SOURCES.txt'
[4.637s] running build
[4.637s] running build_py
[4.638s] running install
[4.643s] running install_lib
[4.687s] running install_data
[4.688s] running install_egg_info
[4.728s] removing '/home/eternal/ros2_ws/install/launch_tutorial/lib/python3.10/site-packages/launch_tutorial-0.0.0-py3.10.egg-info' (and everything under it)
[4.728s] Copying ../../build/launch_tutorial/launch_tutorial.egg-info to /home/eternal/ros2_ws/install/launch_tutorial/lib/python3.10/site-packages/launch_tutorial-0.0.0-py3.10.egg-info
[4.728s] running install_scripts
[4.805s] writing list of installed files to '/home/eternal/ros2_ws/build/launch_tutorial/install.log'
[4.835s] Invoked command in '/home/eternal/ros2_ws/src/launch_tutorial' returned '0': PYTHONPATH=/home/eternal/ros2_ws/build/launch_tutorial/prefix_override:/usr/lib/python3/dist-packages/colcon_core/task/python/colcon_distutils_commands:/home/eternal/ros2_ws/install/launch_tutorial/lib/python3.10/site-packages:${PYTHONPATH} /usr/bin/python3 -W ignore:setup.py install is deprecated setup.py egg_info --egg-base ../../build/launch_tutorial build --build-base /home/eternal/ros2_ws/build/launch_tutorial/build install --record /home/eternal/ros2_ws/build/launch_tutorial/install.log --single-version-externally-managed install_data
