[3.035s] Invoking command in '/home/eternal/ros2_ws/build/turtlesim': CMAKE_PREFIX_PATH=/opt/ros/humble /usr/bin/cmake /home/eternal/ros2_ws/src/ros_tutorials/turtlesim -DCMAKE_INSTALL_PREFIX=/home/eternal/ros2_ws/install/turtlesim
[3.054s] -- The C compiler identification is GNU 11.4.0
[3.162s] -- The CXX compiler identification is GNU 11.4.0
[3.181s] -- Detecting C compiler ABI info
[3.316s] -- Detecting C compiler ABI info - done
[3.326s] -- Check for working C compiler: /usr/bin/cc - skipped
[3.331s] -- Detecting C compile features
[3.331s] -- Detecting C compile features - done
[3.335s] -- Detecting CXX compiler ABI info
[3.422s] -- Detecting CXX compiler ABI info - done
[3.443s] -- Check for working CXX compiler: /usr/bin/c++ - skipped
[3.443s] -- Detecting CXX compile features
[3.444s] -- Detecting CXX compile features - done
[3.449s] -- Found ament_cmake: 1.3.10 (/opt/ros/humble/share/ament_cmake/cmake)
[4.977s] -- Found Python3: /usr/bin/python3 (found version "3.10.12") found components: Interpreter 
[5.167s] -- Found ament_index_cpp: 1.4.0 (/opt/ros/humble/share/ament_index_cpp/cmake)
[5.171s] -- Found geometry_msgs: 4.2.4 (/opt/ros/humble/share/geometry_msgs/cmake)
[5.219s] -- Found rosidl_generator_c: 3.1.5 (/opt/ros/humble/share/rosidl_generator_c/cmake)
[5.220s] -- Found rosidl_adapter: 3.1.5 (/opt/ros/humble/share/rosidl_adapter/cmake)
[5.234s] -- Found rosidl_generator_cpp: 3.1.5 (/opt/ros/humble/share/rosidl_generator_cpp/cmake)
[5.241s] -- Using all available rosidl_typesupport_c: rosidl_typesupport_fastrtps_c;rosidl_typesupport_introspection_c
[5.258s] -- Using all available rosidl_typesupport_cpp: rosidl_typesupport_fastrtps_cpp;rosidl_typesupport_introspection_cpp
[5.376s] -- Found rclcpp: 16.0.10 (/opt/ros/humble/share/rclcpp/cmake)
[5.430s] -- Found rmw_implementation_cmake: 6.1.2 (/opt/ros/humble/share/rmw_implementation_cmake/cmake)
[5.433s] -- Found rmw_fastrtps_cpp: 6.2.7 (/opt/ros/humble/share/rmw_fastrtps_cpp/cmake)
[5.579s] -- Found OpenSSL: /usr/lib/x86_64-linux-gnu/libcrypto.so (found version "3.0.2")  
[5.648s] -- Found FastRTPS: /opt/ros/humble/include  
[5.741s] -- Using RMW implementation 'rmw_fastrtps_cpp' as default
[5.755s] -- Looking for pthread.h
[5.926s] -- Looking for pthread.h - found
[5.927s] -- Performing Test CMAKE_HAVE_LIBC_PTHREAD
[6.076s] -- Performing Test CMAKE_HAVE_LIBC_PTHREAD - Success
[6.079s] -- Found Threads: TRUE  
[6.161s] -- Found rclcpp_action: 16.0.10 (/opt/ros/humble/share/rclcpp_action/cmake)
[6.230s] -- Found rosidl_default_generators: 1.2.0 (/opt/ros/humble/share/rosidl_default_generators/cmake)
[6.240s] -- Found std_srvs: 4.2.4 (/opt/ros/humble/share/std_srvs/cmake)
[6.694s] -- Found ament_cmake_ros: 0.10.0 (/opt/ros/humble/share/ament_cmake_ros/cmake)
[7.097s] -- Using all available rosidl_typesupport_c: rosidl_typesupport_fastrtps_c;rosidl_typesupport_introspection_c
[7.231s] -- Using all available rosidl_typesupport_cpp: rosidl_typesupport_fastrtps_cpp;rosidl_typesupport_introspection_cpp
[7.252s] -- Found PythonInterp: /usr/bin/python3 (found suitable version "3.10.12", minimum required is "3.6") 
[7.252s] -- Found python_cmake_module: 0.10.0 (/opt/ros/humble/share/python_cmake_module/cmake)
[7.271s] -- Found PythonLibs: /usr/lib/x86_64-linux-gnu/libpython3.10.so (found suitable version "3.10.12", minimum required is "3.5") 
[7.271s] -- Using PYTHON_EXECUTABLE: /usr/bin/python3
[7.271s] -- Using PYTHON_INCLUDE_DIRS: /usr/include/python3.10
[7.271s] -- Using PYTHON_LIBRARIES: /usr/lib/x86_64-linux-gnu/libpython3.10.so
[7.288s] -- Found PythonExtra: .so  
[7.339s] -- Configuring done
[7.409s] -- Generating done
[7.412s] -- Build files have been written to: /home/eternal/ros2_ws/build/turtlesim
[7.430s] Invoked command in '/home/eternal/ros2_ws/build/turtlesim' returned '0': CMAKE_PREFIX_PATH=/opt/ros/humble /usr/bin/cmake /home/eternal/ros2_ws/src/ros_tutorials/turtlesim -DCMAKE_INSTALL_PREFIX=/home/eternal/ros2_ws/install/turtlesim
[7.431s] Invoking command in '/home/eternal/ros2_ws/build/turtlesim': CMAKE_PREFIX_PATH=/opt/ros/humble /usr/bin/cmake --build /home/eternal/ros2_ws/build/turtlesim -- -j16 -l16
[7.519s] [  1%] [34m[1mGenerating C code for ROS interfaces[0m
[7.519s] [  2%] [34m[1mGenerating C++ code for ROS interfaces[0m
[7.519s] [  2%] Built target ament_cmake_python_copy_turtlesim
[8.012s] running egg_info
[8.013s] creating turtlesim.egg-info
[8.058s] writing turtlesim.egg-info/PKG-INFO
[8.100s] writing dependency_links to turtlesim.egg-info/dependency_links.txt
[8.319s] [  2%] Built target turtlesim__cpp
[8.323s] writing top-level names to turtlesim.egg-info/top_level.txt
[8.323s] writing manifest file 'turtlesim.egg-info/SOURCES.txt'
[8.329s] [  4%] [34m[1mGenerating C++ type support dispatch for ROS interfaces[0m
[8.329s] [  4%] [34m[1mGenerating C++ type support for eProsima Fast-RTPS[0m
[8.329s] [  5%] [34m[1mGenerating C++ introspection for ROS interfaces[0m
[8.405s] listing git files failed - pretending there aren't any
[8.495s] reading manifest file 'turtlesim.egg-info/SOURCES.txt'
[8.495s] writing manifest file 'turtlesim.egg-info/SOURCES.txt'
[8.540s] [  5%] Built target ament_cmake_python_build_turtlesim_egg
[8.555s] [  9%] [32mBuilding C object CMakeFiles/turtlesim__rosidl_generator_c.dir/rosidl_generator_c/turtlesim/srv/detail/spawn__functions.c.o[0m
[8.555s] [  9%] [32mBuilding C object CMakeFiles/turtlesim__rosidl_generator_c.dir/rosidl_generator_c/turtlesim/msg/detail/pose__functions.c.o[0m
[8.555s] [  9%] [32mBuilding C object CMakeFiles/turtlesim__rosidl_generator_c.dir/rosidl_generator_c/turtlesim/srv/detail/set_pen__functions.c.o[0m
[8.556s] [  9%] [32mBuilding C object CMakeFiles/turtlesim__rosidl_generator_c.dir/rosidl_generator_c/turtlesim/msg/detail/color__functions.c.o[0m
[8.556s] [ 10%] [32mBuilding C object CMakeFiles/turtlesim__rosidl_generator_c.dir/rosidl_generator_c/turtlesim/action/detail/rotate_absolute__functions.c.o[0m
[8.557s] [ 11%] [32mBuilding C object CMakeFiles/turtlesim__rosidl_generator_c.dir/rosidl_generator_c/turtlesim/srv/detail/teleport_relative__functions.c.o[0m
[8.561s] [ 12%] [32mBuilding C object CMakeFiles/turtlesim__rosidl_generator_c.dir/rosidl_generator_c/turtlesim/srv/detail/kill__functions.c.o[0m
[8.563s] [ 13%] [32mBuilding C object CMakeFiles/turtlesim__rosidl_generator_c.dir/rosidl_generator_c/turtlesim/srv/detail/teleport_absolute__functions.c.o[0m
[8.711s] [ 14%] [32m[1mLinking C shared library libturtlesim__rosidl_generator_c.so[0m
[8.755s] [ 14%] Built target turtlesim__rosidl_generator_c
[8.766s] [ 17%] [34m[1mGenerating C type support for eProsima Fast-RTPS[0m
[8.766s] [ 17%] [34m[1mGenerating C introspection for ROS interfaces[0m
[8.766s] [ 17%] [34m[1mGenerating C type support dispatch for ROS interfaces[0m
[8.900s] [ 19%] [32mBuilding CXX object CMakeFiles/turtlesim__rosidl_typesupport_introspection_cpp.dir/rosidl_typesupport_introspection_cpp/turtlesim/msg/detail/pose__type_support.cpp.o[0m
[8.900s] [ 19%] [32mBuilding CXX object CMakeFiles/turtlesim__rosidl_typesupport_introspection_cpp.dir/rosidl_typesupport_introspection_cpp/turtlesim/msg/detail/color__type_support.cpp.o[0m
[8.900s] [ 20%] [32mBuilding CXX object CMakeFiles/turtlesim__rosidl_typesupport_introspection_cpp.dir/rosidl_typesupport_introspection_cpp/turtlesim/srv/detail/kill__type_support.cpp.o[0m
[8.905s] [ 21%] [32mBuilding CXX object CMakeFiles/turtlesim__rosidl_typesupport_introspection_cpp.dir/rosidl_typesupport_introspection_cpp/turtlesim/srv/detail/set_pen__type_support.cpp.o[0m
[8.906s] [ 22%] [32mBuilding CXX object CMakeFiles/turtlesim__rosidl_typesupport_introspection_cpp.dir/rosidl_typesupport_introspection_cpp/turtlesim/srv/detail/spawn__type_support.cpp.o[0m
[8.906s] [ 23%] [32mBuilding CXX object CMakeFiles/turtlesim__rosidl_typesupport_introspection_cpp.dir/rosidl_typesupport_introspection_cpp/turtlesim/srv/detail/teleport_absolute__type_support.cpp.o[0m
[8.910s] [ 24%] [32mBuilding CXX object CMakeFiles/turtlesim__rosidl_typesupport_introspection_cpp.dir/rosidl_typesupport_introspection_cpp/turtlesim/action/detail/rotate_absolute__type_support.cpp.o[0m
[8.911s] [ 25%] [32mBuilding CXX object CMakeFiles/turtlesim__rosidl_typesupport_introspection_cpp.dir/rosidl_typesupport_introspection_cpp/turtlesim/srv/detail/teleport_relative__type_support.cpp.o[0m
[8.972s] [ 26%] [32mBuilding CXX object CMakeFiles/turtlesim__rosidl_typesupport_cpp.dir/rosidl_typesupport_cpp/turtlesim/action/rotate_absolute__type_support.cpp.o[0m
[8.975s] [ 27%] [32mBuilding CXX object CMakeFiles/turtlesim__rosidl_typesupport_cpp.dir/rosidl_typesupport_cpp/turtlesim/msg/color__type_support.cpp.o[0m
[8.976s] [ 28%] [32mBuilding CXX object CMakeFiles/turtlesim__rosidl_typesupport_cpp.dir/rosidl_typesupport_cpp/turtlesim/msg/pose__type_support.cpp.o[0m
[8.977s] [ 29%] [32mBuilding CXX object CMakeFiles/turtlesim__rosidl_typesupport_cpp.dir/rosidl_typesupport_cpp/turtlesim/srv/kill__type_support.cpp.o[0m
[9.417s] [ 31%] [32mBuilding CXX object CMakeFiles/turtlesim__rosidl_typesupport_cpp.dir/rosidl_typesupport_cpp/turtlesim/srv/teleport_absolute__type_support.cpp.o[0m
[9.417s] [ 31%] [32mBuilding CXX object CMakeFiles/turtlesim__rosidl_typesupport_fastrtps_cpp.dir/rosidl_typesupport_fastrtps_cpp/turtlesim/action/detail/dds_fastrtps/rotate_absolute__type_support.cpp.o[0m
[9.421s] [ 32%] [32mBuilding CXX object CMakeFiles/turtlesim__rosidl_typesupport_cpp.dir/rosidl_typesupport_cpp/turtlesim/srv/spawn__type_support.cpp.o[0m
[9.423s] [ 33%] [32mBuilding CXX object CMakeFiles/turtlesim__rosidl_typesupport_cpp.dir/rosidl_typesupport_cpp/turtlesim/srv/set_pen__type_support.cpp.o[0m
[9.464s] [ 34%] [32mBuilding CXX object CMakeFiles/turtlesim__rosidl_typesupport_cpp.dir/rosidl_typesupport_cpp/turtlesim/srv/teleport_relative__type_support.cpp.o[0m
[9.480s] [ 35%] [32mBuilding CXX object CMakeFiles/turtlesim__rosidl_typesupport_fastrtps_cpp.dir/rosidl_typesupport_fastrtps_cpp/turtlesim/msg/detail/dds_fastrtps/pose__type_support.cpp.o[0m
[9.482s] [ 36%] [32mBuilding CXX object CMakeFiles/turtlesim__rosidl_typesupport_fastrtps_cpp.dir/rosidl_typesupport_fastrtps_cpp/turtlesim/msg/detail/dds_fastrtps/color__type_support.cpp.o[0m
[9.501s] [ 37%] [32mBuilding CXX object CMakeFiles/turtlesim__rosidl_typesupport_fastrtps_cpp.dir/rosidl_typesupport_fastrtps_cpp/turtlesim/srv/detail/dds_fastrtps/kill__type_support.cpp.o[0m
[9.544s] [ 39%] [32mBuilding CXX object CMakeFiles/turtlesim__rosidl_typesupport_fastrtps_cpp.dir/rosidl_typesupport_fastrtps_cpp/turtlesim/srv/detail/dds_fastrtps/spawn__type_support.cpp.o[0m
[9.545s] [ 39%] [32mBuilding CXX object CMakeFiles/turtlesim__rosidl_typesupport_fastrtps_cpp.dir/rosidl_typesupport_fastrtps_cpp/turtlesim/srv/detail/dds_fastrtps/set_pen__type_support.cpp.o[0m
[9.593s] [ 40%] [32mBuilding CXX object CMakeFiles/turtlesim__rosidl_typesupport_fastrtps_cpp.dir/rosidl_typesupport_fastrtps_cpp/turtlesim/srv/detail/dds_fastrtps/teleport_absolute__type_support.cpp.o[0m
[9.686s] [ 41%] [32mBuilding CXX object CMakeFiles/turtlesim__rosidl_typesupport_c.dir/rosidl_typesupport_c/turtlesim/action/rotate_absolute__type_support.cpp.o[0m
[9.738s] [ 42%] [32mBuilding CXX object CMakeFiles/turtlesim__rosidl_typesupport_c.dir/rosidl_typesupport_c/turtlesim/msg/color__type_support.cpp.o[0m
[9.742s] [ 43%] [32m[1mLinking CXX shared library libturtlesim__rosidl_typesupport_introspection_cpp.so[0m
[9.757s] [ 44%] [32mBuilding CXX object CMakeFiles/turtlesim__rosidl_typesupport_fastrtps_cpp.dir/rosidl_typesupport_fastrtps_cpp/turtlesim/srv/detail/dds_fastrtps/teleport_relative__type_support.cpp.o[0m
[9.785s] [ 45%] [32mBuilding CXX object CMakeFiles/turtlesim__rosidl_typesupport_c.dir/rosidl_typesupport_c/turtlesim/msg/pose__type_support.cpp.o[0m
[9.790s] [ 46%] [32mBuilding CXX object CMakeFiles/turtlesim__rosidl_typesupport_c.dir/rosidl_typesupport_c/turtlesim/srv/kill__type_support.cpp.o[0m
[9.859s] [ 47%] [32mBuilding CXX object CMakeFiles/turtlesim__rosidl_typesupport_c.dir/rosidl_typesupport_c/turtlesim/srv/set_pen__type_support.cpp.o[0m
[9.875s] [ 48%] [32mBuilding CXX object CMakeFiles/turtlesim__rosidl_typesupport_c.dir/rosidl_typesupport_c/turtlesim/srv/spawn__type_support.cpp.o[0m
[9.890s] [ 48%] Built target turtlesim__rosidl_typesupport_introspection_cpp
[9.924s] [ 49%] [32mBuilding CXX object CMakeFiles/turtlesim__rosidl_typesupport_c.dir/rosidl_typesupport_c/turtlesim/srv/teleport_absolute__type_support.cpp.o[0m
[9.941s] [ 50%] [32mBuilding CXX object CMakeFiles/turtlesim__rosidl_typesupport_c.dir/rosidl_typesupport_c/turtlesim/srv/teleport_relative__type_support.cpp.o[0m
[9.967s] [ 51%] [32m[1mLinking CXX shared library libturtlesim__rosidl_typesupport_cpp.so[0m
[9.997s] [ 52%] [32m[1mLinking CXX shared library libturtlesim__rosidl_typesupport_c.so[0m
[10.015s] [ 53%] [32mBuilding C object CMakeFiles/turtlesim__rosidl_typesupport_introspection_c.dir/rosidl_typesupport_introspection_c/turtlesim/action/detail/rotate_absolute__type_support.c.o[0m
[10.018s] [ 54%] [32mBuilding C object CMakeFiles/turtlesim__rosidl_typesupport_introspection_c.dir/rosidl_typesupport_introspection_c/turtlesim/srv/detail/set_pen__type_support.c.o[0m
[10.018s] [ 55%] [32mBuilding C object CMakeFiles/turtlesim__rosidl_typesupport_introspection_c.dir/rosidl_typesupport_introspection_c/turtlesim/srv/detail/kill__type_support.c.o[0m
[10.019s] [ 56%] [32mBuilding C object CMakeFiles/turtlesim__rosidl_typesupport_introspection_c.dir/rosidl_typesupport_introspection_c/turtlesim/msg/detail/color__type_support.c.o[0m
[10.019s] [ 57%] [32mBuilding C object CMakeFiles/turtlesim__rosidl_typesupport_introspection_c.dir/rosidl_typesupport_introspection_c/turtlesim/msg/detail/pose__type_support.c.o[0m
[10.032s] [ 58%] [32mBuilding CXX object CMakeFiles/turtlesim__rosidl_typesupport_fastrtps_c.dir/rosidl_typesupport_fastrtps_c/turtlesim/action/detail/rotate_absolute__type_support_c.cpp.o[0m
[10.041s] [ 58%] Built target turtlesim__rosidl_typesupport_cpp
[10.054s] [ 59%] [32mBuilding CXX object CMakeFiles/turtlesim__rosidl_typesupport_fastrtps_c.dir/rosidl_typesupport_fastrtps_c/turtlesim/msg/detail/color__type_support_c.cpp.o[0m
[10.065s] [ 60%] [32mBuilding CXX object CMakeFiles/turtlesim__rosidl_typesupport_fastrtps_c.dir/rosidl_typesupport_fastrtps_c/turtlesim/msg/detail/pose__type_support_c.cpp.o[0m
[10.072s] [ 61%] [32mBuilding C object CMakeFiles/turtlesim__rosidl_typesupport_introspection_c.dir/rosidl_typesupport_introspection_c/turtlesim/srv/detail/spawn__type_support.c.o[0m
[10.076s] [ 61%] Built target turtlesim__rosidl_typesupport_c
[10.076s] [ 62%] [32mBuilding CXX object CMakeFiles/turtlesim__rosidl_typesupport_fastrtps_c.dir/rosidl_typesupport_fastrtps_c/turtlesim/srv/detail/kill__type_support_c.cpp.o[0m
[10.089s] [ 63%] [34m[1mGenerating include/turtlesim/moc_turtle_frame.cpp[0m
[10.105s] [ 64%] [32mBuilding CXX object CMakeFiles/turtlesim__rosidl_typesupport_fastrtps_c.dir/rosidl_typesupport_fastrtps_c/turtlesim/srv/detail/set_pen__type_support_c.cpp.o[0m
[10.108s] [ 65%] [32mBuilding CXX object CMakeFiles/turtle_teleop_key.dir/tutorials/teleop_turtle_key.cpp.o[0m
[10.111s] [ 66%] [32mBuilding CXX object CMakeFiles/draw_square.dir/tutorials/draw_square.cpp.o[0m
[10.113s] [ 67%] [32mBuilding CXX object CMakeFiles/mimic.dir/tutorials/mimic.cpp.o[0m
[10.118s] [ 68%] [32mBuilding C object CMakeFiles/turtlesim__rosidl_typesupport_introspection_c.dir/rosidl_typesupport_introspection_c/turtlesim/srv/detail/teleport_absolute__type_support.c.o[0m
[10.169s] [ 70%] [32mBuilding C object CMakeFiles/turtlesim__rosidl_typesupport_introspection_c.dir/rosidl_typesupport_introspection_c/turtlesim/srv/detail/teleport_relative__type_support.c.o[0m
[10.170s] [ 70%] [32mBuilding CXX object CMakeFiles/turtlesim__rosidl_typesupport_fastrtps_c.dir/rosidl_typesupport_fastrtps_c/turtlesim/srv/detail/spawn__type_support_c.cpp.o[0m
[10.188s] [ 71%] [32mBuilding CXX object CMakeFiles/turtlesim__rosidl_typesupport_fastrtps_c.dir/rosidl_typesupport_fastrtps_c/turtlesim/srv/detail/teleport_absolute__type_support_c.cpp.o[0m
[10.222s] [ 72%] [32mBuilding CXX object CMakeFiles/turtlesim__rosidl_typesupport_fastrtps_c.dir/rosidl_typesupport_fastrtps_c/turtlesim/srv/detail/teleport_relative__type_support_c.cpp.o[0m
[10.236s] [ 73%] [32m[1mLinking C shared library libturtlesim__rosidl_typesupport_introspection_c.so[0m
[10.270s] [ 74%] [32mBuilding CXX object CMakeFiles/turtlesim_node.dir/src/turtlesim.cpp.o[0m
[10.309s] [ 74%] Built target turtlesim__rosidl_typesupport_introspection_c
[10.319s] [ 75%] [32mBuilding CXX object CMakeFiles/turtlesim_node.dir/src/turtle.cpp.o[0m
[10.328s] [ 76%] [32mBuilding CXX object CMakeFiles/turtlesim_node.dir/include/turtlesim/moc_turtle_frame.cpp.o[0m
[10.333s] [ 77%] [32mBuilding CXX object CMakeFiles/turtlesim_node.dir/src/turtle_frame.cpp.o[0m
[10.625s] [ 78%] [32m[1mLinking CXX shared library libturtlesim__rosidl_typesupport_fastrtps_cpp.so[0m
[10.758s] [ 78%] Built target turtlesim__rosidl_typesupport_fastrtps_cpp
[10.839s] [ 79%] [32m[1mLinking CXX shared library libturtlesim__rosidl_typesupport_fastrtps_c.so[0m
[10.985s] [ 79%] Built target turtlesim__rosidl_typesupport_fastrtps_c
[11.029s] [ 79%] Built target turtlesim
[11.085s] [ 80%] [34m[1mGenerating Python code for ROS interfaces[0m
[13.492s] [ 80%] Built target turtlesim__py
[13.543s] [ 81%] [32mBuilding C object CMakeFiles/turtlesim__rosidl_generator_py.dir/rosidl_generator_py/turtlesim/action/_rotate_absolute_s.c.o[0m
[13.550s] [ 82%] [32mBuilding C object CMakeFiles/turtlesim__rosidl_generator_py.dir/rosidl_generator_py/turtlesim/msg/_pose_s.c.o[0m
[13.550s] [ 83%] [32mBuilding C object CMakeFiles/turtlesim__rosidl_generator_py.dir/rosidl_generator_py/turtlesim/msg/_color_s.c.o[0m
[13.555s] [ 84%] [32mBuilding C object CMakeFiles/turtlesim__rosidl_generator_py.dir/rosidl_generator_py/turtlesim/srv/_set_pen_s.c.o[0m
[13.555s] [ 85%] [32mBuilding C object CMakeFiles/turtlesim__rosidl_generator_py.dir/rosidl_generator_py/turtlesim/srv/_kill_s.c.o[0m
[13.557s] [ 86%] [32mBuilding C object CMakeFiles/turtlesim__rosidl_generator_py.dir/rosidl_generator_py/turtlesim/srv/_teleport_relative_s.c.o[0m
[13.558s] [ 87%] [32mBuilding C object CMakeFiles/turtlesim__rosidl_generator_py.dir/rosidl_generator_py/turtlesim/srv/_teleport_absolute_s.c.o[0m
[13.560s] [ 88%] [32mBuilding C object CMakeFiles/turtlesim__rosidl_generator_py.dir/rosidl_generator_py/turtlesim/srv/_spawn_s.c.o[0m
[13.846s] [ 89%] [32m[1mLinking C shared library rosidl_generator_py/turtlesim/libturtlesim__rosidl_generator_py.so[0m
[13.948s] [ 89%] Built target turtlesim__rosidl_generator_py
[13.994s] [ 90%] [32mBuilding C object CMakeFiles/turtlesim__rosidl_typesupport_introspection_c__pyext.dir/rosidl_generator_py/turtlesim/_turtlesim_s.ep.rosidl_typesupport_introspection_c.c.o[0m
[13.997s] [ 91%] [32mBuilding C object CMakeFiles/turtlesim__rosidl_typesupport_fastrtps_c__pyext.dir/rosidl_generator_py/turtlesim/_turtlesim_s.ep.rosidl_typesupport_fastrtps_c.c.o[0m
[14.002s] [ 92%] [32mBuilding C object CMakeFiles/turtlesim__rosidl_typesupport_c__pyext.dir/rosidl_generator_py/turtlesim/_turtlesim_s.ep.rosidl_typesupport_c.c.o[0m
[14.321s] [ 93%] [32m[1mLinking C shared library rosidl_generator_py/turtlesim/turtlesim_s__rosidl_typesupport_introspection_c.cpython-310-x86_64-linux-gnu.so[0m
[14.337s] [ 94%] [32m[1mLinking C shared library rosidl_generator_py/turtlesim/turtlesim_s__rosidl_typesupport_fastrtps_c.cpython-310-x86_64-linux-gnu.so[0m
[14.350s] [ 95%] [32m[1mLinking C shared library rosidl_generator_py/turtlesim/turtlesim_s__rosidl_typesupport_c.cpython-310-x86_64-linux-gnu.so[0m
[14.419s] [ 95%] Built target turtlesim__rosidl_typesupport_introspection_c__pyext
[14.446s] [ 95%] Built target turtlesim__rosidl_typesupport_fastrtps_c__pyext
[14.446s] [ 95%] Built target turtlesim__rosidl_typesupport_c__pyext
[17.868s] [ 96%] [32m[1mLinking CXX executable turtle_teleop_key[0m
[18.094s] [ 96%] Built target turtle_teleop_key
[19.211s] [ 97%] [32m[1mLinking CXX executable draw_square[0m
[19.274s] [ 98%] [32m[1mLinking CXX executable mimic[0m
[19.562s] [ 98%] Built target draw_square
[19.582s] [ 98%] Built target mimic
[21.901s] [100%] [32m[1mLinking CXX executable turtlesim_node[0m
[23.331s] [100%] Built target turtlesim_node
[23.342s] Invoked command in '/home/eternal/ros2_ws/build/turtlesim' returned '0': CMAKE_PREFIX_PATH=/opt/ros/humble /usr/bin/cmake --build /home/eternal/ros2_ws/build/turtlesim -- -j16 -l16
[23.702s] Invoking command in '/home/eternal/ros2_ws/build/turtlesim': CMAKE_PREFIX_PATH=/opt/ros/humble /usr/bin/cmake --install /home/eternal/ros2_ws/build/turtlesim
[23.708s] -- Install configuration: ""
[23.708s] -- Installing: /home/eternal/ros2_ws/install/turtlesim/share/ament_index/resource_index/rosidl_interfaces/turtlesim
[23.708s] -- Installing: /home/eternal/ros2_ws/install/turtlesim/include/turtlesim/turtlesim
[23.708s] -- Installing: /home/eternal/ros2_ws/install/turtlesim/include/turtlesim/turtlesim/action
[23.708s] -- Installing: /home/eternal/ros2_ws/install/turtlesim/include/turtlesim/turtlesim/action/rotate_absolute.h
[23.708s] -- Installing: /home/eternal/ros2_ws/install/turtlesim/include/turtlesim/turtlesim/action/detail
[23.708s] -- Installing: /home/eternal/ros2_ws/install/turtlesim/include/turtlesim/turtlesim/action/detail/rotate_absolute__functions.h
[23.708s] -- Installing: /home/eternal/ros2_ws/install/turtlesim/include/turtlesim/turtlesim/action/detail/rotate_absolute__struct.h
[23.708s] -- Installing: /home/eternal/ros2_ws/install/turtlesim/include/turtlesim/turtlesim/action/detail/rotate_absolute__type_support.h
[23.708s] -- Installing: /home/eternal/ros2_ws/install/turtlesim/include/turtlesim/turtlesim/action/detail/rotate_absolute__functions.c
[23.708s] -- Installing: /home/eternal/ros2_ws/install/turtlesim/include/turtlesim/turtlesim/msg
[23.708s] -- Installing: /home/eternal/ros2_ws/install/turtlesim/include/turtlesim/turtlesim/msg/detail
[23.709s] -- Installing: /home/eternal/ros2_ws/install/turtlesim/include/turtlesim/turtlesim/msg/detail/pose__type_support.h
[23.709s] -- Installing: /home/eternal/ros2_ws/install/turtlesim/include/turtlesim/turtlesim/msg/detail/color__functions.h
[23.709s] -- Installing: /home/eternal/ros2_ws/install/turtlesim/include/turtlesim/turtlesim/msg/detail/color__struct.h
[23.709s] -- Installing: /home/eternal/ros2_ws/install/turtlesim/include/turtlesim/turtlesim/msg/detail/pose__functions.c
[23.709s] -- Installing: /home/eternal/ros2_ws/install/turtlesim/include/turtlesim/turtlesim/msg/detail/color__functions.c
[23.709s] -- Installing: /home/eternal/ros2_ws/install/turtlesim/include/turtlesim/turtlesim/msg/detail/pose__struct.h
[23.709s] -- Installing: /home/eternal/ros2_ws/install/turtlesim/include/turtlesim/turtlesim/msg/detail/color__type_support.h
[23.709s] -- Installing: /home/eternal/ros2_ws/install/turtlesim/include/turtlesim/turtlesim/msg/detail/pose__functions.h
[23.709s] -- Installing: /home/eternal/ros2_ws/install/turtlesim/include/turtlesim/turtlesim/msg/rosidl_generator_c__visibility_control.h
[23.709s] -- Installing: /home/eternal/ros2_ws/install/turtlesim/include/turtlesim/turtlesim/msg/pose.h
[23.709s] -- Installing: /home/eternal/ros2_ws/install/turtlesim/include/turtlesim/turtlesim/msg/color.h
[23.709s] -- Installing: /home/eternal/ros2_ws/install/turtlesim/include/turtlesim/turtlesim/srv
[23.709s] -- Installing: /home/eternal/ros2_ws/install/turtlesim/include/turtlesim/turtlesim/srv/spawn.h
[23.709s] -- Installing: /home/eternal/ros2_ws/install/turtlesim/include/turtlesim/turtlesim/srv/detail
[23.709s] -- Installing: /home/eternal/ros2_ws/install/turtlesim/include/turtlesim/turtlesim/srv/detail/spawn__functions.c
[23.709s] -- Installing: /home/eternal/ros2_ws/install/turtlesim/include/turtlesim/turtlesim/srv/detail/kill__struct.h
[23.709s] -- Installing: /home/eternal/ros2_ws/install/turtlesim/include/turtlesim/turtlesim/srv/detail/kill__type_support.h
[23.709s] -- Installing: /home/eternal/ros2_ws/install/turtlesim/include/turtlesim/turtlesim/srv/detail/teleport_absolute__functions.h
[23.709s] -- Installing: /home/eternal/ros2_ws/install/turtlesim/include/turtlesim/turtlesim/srv/detail/teleport_relative__struct.h
[23.709s] -- Installing: /home/eternal/ros2_ws/install/turtlesim/include/turtlesim/turtlesim/srv/detail/teleport_absolute__type_support.h
[23.709s] -- Installing: /home/eternal/ros2_ws/install/turtlesim/include/turtlesim/turtlesim/srv/detail/kill__functions.c
[23.709s] -- Installing: /home/eternal/ros2_ws/install/turtlesim/include/turtlesim/turtlesim/srv/detail/teleport_relative__functions.c
[23.709s] -- Installing: /home/eternal/ros2_ws/install/turtlesim/include/turtlesim/turtlesim/srv/detail/set_pen__struct.h
[23.709s] -- Installing: /home/eternal/ros2_ws/install/turtlesim/include/turtlesim/turtlesim/srv/detail/teleport_relative__functions.h
[23.709s] -- Installing: /home/eternal/ros2_ws/install/turtlesim/include/turtlesim/turtlesim/srv/detail/set_pen__type_support.h
[23.709s] -- Installing: /home/eternal/ros2_ws/install/turtlesim/include/turtlesim/turtlesim/srv/detail/teleport_absolute__struct.h
[23.709s] -- Installing: /home/eternal/ros2_ws/install/turtlesim/include/turtlesim/turtlesim/srv/detail/spawn__struct.h
[23.710s] -- Installing: /home/eternal/ros2_ws/install/turtlesim/include/turtlesim/turtlesim/srv/detail/spawn__type_support.h
[23.710s] -- Installing: /home/eternal/ros2_ws/install/turtlesim/include/turtlesim/turtlesim/srv/detail/teleport_relative__type_support.h
[23.710s] -- Installing: /home/eternal/ros2_ws/install/turtlesim/include/turtlesim/turtlesim/srv/detail/set_pen__functions.h
[23.710s] -- Installing: /home/eternal/ros2_ws/install/turtlesim/include/turtlesim/turtlesim/srv/detail/teleport_absolute__functions.c
[23.710s] -- Installing: /home/eternal/ros2_ws/install/turtlesim/include/turtlesim/turtlesim/srv/detail/spawn__functions.h
[23.710s] -- Installing: /home/eternal/ros2_ws/install/turtlesim/include/turtlesim/turtlesim/srv/detail/set_pen__functions.c
[23.710s] -- Installing: /home/eternal/ros2_ws/install/turtlesim/include/turtlesim/turtlesim/srv/detail/kill__functions.h
[23.710s] -- Installing: /home/eternal/ros2_ws/install/turtlesim/include/turtlesim/turtlesim/srv/teleport_absolute.h
[23.710s] -- Installing: /home/eternal/ros2_ws/install/turtlesim/include/turtlesim/turtlesim/srv/teleport_relative.h
[23.710s] -- Installing: /home/eternal/ros2_ws/install/turtlesim/include/turtlesim/turtlesim/srv/set_pen.h
[23.710s] -- Installing: /home/eternal/ros2_ws/install/turtlesim/include/turtlesim/turtlesim/srv/kill.h
[23.710s] -- Installing: /home/eternal/ros2_ws/install/turtlesim/share/turtlesim/environment/library_path.sh
[23.710s] -- Installing: /home/eternal/ros2_ws/install/turtlesim/share/turtlesim/environment/library_path.dsv
[23.710s] -- Installing: /home/eternal/ros2_ws/install/turtlesim/lib/libturtlesim__rosidl_generator_c.so
[23.710s] -- Set runtime path of "/home/eternal/ros2_ws/install/turtlesim/lib/libturtlesim__rosidl_generator_c.so" to ""
[23.710s] -- Up-to-date: /home/eternal/ros2_ws/install/turtlesim/include/turtlesim/turtlesim
[23.711s] -- Up-to-date: /home/eternal/ros2_ws/install/turtlesim/include/turtlesim/turtlesim/action
[23.711s] -- Up-to-date: /home/eternal/ros2_ws/install/turtlesim/include/turtlesim/turtlesim/action/detail
[23.711s] -- Installing: /home/eternal/ros2_ws/install/turtlesim/include/turtlesim/turtlesim/action/detail/rotate_absolute__rosidl_typesupport_fastrtps_c.h
[23.711s] -- Up-to-date: /home/eternal/ros2_ws/install/turtlesim/include/turtlesim/turtlesim/msg
[23.711s] -- Up-to-date: /home/eternal/ros2_ws/install/turtlesim/include/turtlesim/turtlesim/msg/detail
[23.711s] -- Installing: /home/eternal/ros2_ws/install/turtlesim/include/turtlesim/turtlesim/msg/detail/pose__rosidl_typesupport_fastrtps_c.h
[23.711s] -- Installing: /home/eternal/ros2_ws/install/turtlesim/include/turtlesim/turtlesim/msg/detail/color__rosidl_typesupport_fastrtps_c.h
[23.711s] -- Installing: /home/eternal/ros2_ws/install/turtlesim/include/turtlesim/turtlesim/msg/rosidl_typesupport_fastrtps_c__visibility_control.h
[23.711s] -- Up-to-date: /home/eternal/ros2_ws/install/turtlesim/include/turtlesim/turtlesim/srv
[23.711s] -- Up-to-date: /home/eternal/ros2_ws/install/turtlesim/include/turtlesim/turtlesim/srv/detail
[23.711s] -- Installing: /home/eternal/ros2_ws/install/turtlesim/include/turtlesim/turtlesim/srv/detail/teleport_relative__rosidl_typesupport_fastrtps_c.h
[23.711s] -- Installing: /home/eternal/ros2_ws/install/turtlesim/include/turtlesim/turtlesim/srv/detail/set_pen__rosidl_typesupport_fastrtps_c.h
[23.711s] -- Installing: /home/eternal/ros2_ws/install/turtlesim/include/turtlesim/turtlesim/srv/detail/spawn__rosidl_typesupport_fastrtps_c.h
[23.711s] -- Installing: /home/eternal/ros2_ws/install/turtlesim/include/turtlesim/turtlesim/srv/detail/teleport_absolute__rosidl_typesupport_fastrtps_c.h
[23.711s] -- Installing: /home/eternal/ros2_ws/install/turtlesim/include/turtlesim/turtlesim/srv/detail/kill__rosidl_typesupport_fastrtps_c.h
[23.711s] -- Installing: /home/eternal/ros2_ws/install/turtlesim/lib/libturtlesim__rosidl_typesupport_fastrtps_c.so
[23.711s] -- Set runtime path of "/home/eternal/ros2_ws/install/turtlesim/lib/libturtlesim__rosidl_typesupport_fastrtps_c.so" to ""
[23.711s] -- Up-to-date: /home/eternal/ros2_ws/install/turtlesim/include/turtlesim/turtlesim
[23.711s] -- Up-to-date: /home/eternal/ros2_ws/install/turtlesim/include/turtlesim/turtlesim/action
[23.711s] -- Up-to-date: /home/eternal/ros2_ws/install/turtlesim/include/turtlesim/turtlesim/action/detail
[23.711s] -- Installing: /home/eternal/ros2_ws/install/turtlesim/include/turtlesim/turtlesim/action/detail/rotate_absolute__traits.hpp
[23.712s] -- Installing: /home/eternal/ros2_ws/install/turtlesim/include/turtlesim/turtlesim/action/detail/rotate_absolute__builder.hpp
[23.712s] -- Installing: /home/eternal/ros2_ws/install/turtlesim/include/turtlesim/turtlesim/action/detail/rotate_absolute__struct.hpp
[23.712s] -- Installing: /home/eternal/ros2_ws/install/turtlesim/include/turtlesim/turtlesim/action/rotate_absolute.hpp
[23.712s] -- Up-to-date: /home/eternal/ros2_ws/install/turtlesim/include/turtlesim/turtlesim/msg
[23.712s] -- Up-to-date: /home/eternal/ros2_ws/install/turtlesim/include/turtlesim/turtlesim/msg/detail
[23.712s] -- Installing: /home/eternal/ros2_ws/install/turtlesim/include/turtlesim/turtlesim/msg/detail/color__traits.hpp
[23.712s] -- Installing: /home/eternal/ros2_ws/install/turtlesim/include/turtlesim/turtlesim/msg/detail/pose__builder.hpp
[23.712s] -- Installing: /home/eternal/ros2_ws/install/turtlesim/include/turtlesim/turtlesim/msg/detail/color__struct.hpp
[23.712s] -- Installing: /home/eternal/ros2_ws/install/turtlesim/include/turtlesim/turtlesim/msg/detail/pose__struct.hpp
[23.712s] -- Installing: /home/eternal/ros2_ws/install/turtlesim/include/turtlesim/turtlesim/msg/detail/color__builder.hpp
[23.712s] -- Installing: /home/eternal/ros2_ws/install/turtlesim/include/turtlesim/turtlesim/msg/detail/pose__traits.hpp
[23.712s] -- Installing: /home/eternal/ros2_ws/install/turtlesim/include/turtlesim/turtlesim/msg/pose.hpp
[23.712s] -- Installing: /home/eternal/ros2_ws/install/turtlesim/include/turtlesim/turtlesim/msg/color.hpp
[23.712s] -- Up-to-date: /home/eternal/ros2_ws/install/turtlesim/include/turtlesim/turtlesim/srv
[23.712s] -- Installing: /home/eternal/ros2_ws/install/turtlesim/include/turtlesim/turtlesim/srv/teleport_absolute.hpp
[23.712s] -- Up-to-date: /home/eternal/ros2_ws/install/turtlesim/include/turtlesim/turtlesim/srv/detail
[23.712s] -- Installing: /home/eternal/ros2_ws/install/turtlesim/include/turtlesim/turtlesim/srv/detail/teleport_absolute__struct.hpp
[23.712s] -- Installing: /home/eternal/ros2_ws/install/turtlesim/include/turtlesim/turtlesim/srv/detail/teleport_absolute__traits.hpp
[23.712s] -- Installing: /home/eternal/ros2_ws/install/turtlesim/include/turtlesim/turtlesim/srv/detail/teleport_relative__traits.hpp
[23.712s] -- Installing: /home/eternal/ros2_ws/install/turtlesim/include/turtlesim/turtlesim/srv/detail/teleport_relative__struct.hpp
[23.713s] -- Installing: /home/eternal/ros2_ws/install/turtlesim/include/turtlesim/turtlesim/srv/detail/teleport_relative__builder.hpp
[23.713s] -- Installing: /home/eternal/ros2_ws/install/turtlesim/include/turtlesim/turtlesim/srv/detail/kill__struct.hpp
[23.713s] -- Installing: /home/eternal/ros2_ws/install/turtlesim/include/turtlesim/turtlesim/srv/detail/spawn__traits.hpp
[23.713s] -- Installing: /home/eternal/ros2_ws/install/turtlesim/include/turtlesim/turtlesim/srv/detail/kill__builder.hpp
[23.713s] -- Installing: /home/eternal/ros2_ws/install/turtlesim/include/turtlesim/turtlesim/srv/detail/set_pen__struct.hpp
[23.713s] -- Installing: /home/eternal/ros2_ws/install/turtlesim/include/turtlesim/turtlesim/srv/detail/teleport_absolute__builder.hpp
[23.713s] -- Installing: /home/eternal/ros2_ws/install/turtlesim/include/turtlesim/turtlesim/srv/detail/spawn__builder.hpp
[23.713s] -- Installing: /home/eternal/ros2_ws/install/turtlesim/include/turtlesim/turtlesim/srv/detail/kill__traits.hpp
[23.713s] -- Installing: /home/eternal/ros2_ws/install/turtlesim/include/turtlesim/turtlesim/srv/detail/set_pen__traits.hpp
[23.713s] -- Installing: /home/eternal/ros2_ws/install/turtlesim/include/turtlesim/turtlesim/srv/detail/set_pen__builder.hpp
[23.713s] -- Installing: /home/eternal/ros2_ws/install/turtlesim/include/turtlesim/turtlesim/srv/detail/spawn__struct.hpp
[23.713s] -- Installing: /home/eternal/ros2_ws/install/turtlesim/include/turtlesim/turtlesim/srv/teleport_relative.hpp
[23.713s] -- Installing: /home/eternal/ros2_ws/install/turtlesim/include/turtlesim/turtlesim/srv/spawn.hpp
[23.713s] -- Installing: /home/eternal/ros2_ws/install/turtlesim/include/turtlesim/turtlesim/srv/kill.hpp
[23.713s] -- Installing: /home/eternal/ros2_ws/install/turtlesim/include/turtlesim/turtlesim/srv/set_pen.hpp
[23.713s] -- Up-to-date: /home/eternal/ros2_ws/install/turtlesim/include/turtlesim/turtlesim
[23.714s] -- Up-to-date: /home/eternal/ros2_ws/install/turtlesim/include/turtlesim/turtlesim/action
[23.714s] -- Up-to-date: /home/eternal/ros2_ws/install/turtlesim/include/turtlesim/turtlesim/action/detail
[23.714s] -- Installing: /home/eternal/ros2_ws/install/turtlesim/include/turtlesim/turtlesim/action/detail/rotate_absolute__rosidl_typesupport_fastrtps_cpp.hpp
[23.714s] -- Installing: /home/eternal/ros2_ws/install/turtlesim/include/turtlesim/turtlesim/action/detail/dds_fastrtps
[23.714s] -- Up-to-date: /home/eternal/ros2_ws/install/turtlesim/include/turtlesim/turtlesim/msg
[23.714s] -- Up-to-date: /home/eternal/ros2_ws/install/turtlesim/include/turtlesim/turtlesim/msg/detail
[23.714s] -- Installing: /home/eternal/ros2_ws/install/turtlesim/include/turtlesim/turtlesim/msg/detail/color__rosidl_typesupport_fastrtps_cpp.hpp
[23.714s] -- Installing: /home/eternal/ros2_ws/install/turtlesim/include/turtlesim/turtlesim/msg/detail/dds_fastrtps
[23.714s] -- Installing: /home/eternal/ros2_ws/install/turtlesim/include/turtlesim/turtlesim/msg/detail/pose__rosidl_typesupport_fastrtps_cpp.hpp
[23.714s] -- Installing: /home/eternal/ros2_ws/install/turtlesim/include/turtlesim/turtlesim/msg/rosidl_typesupport_fastrtps_cpp__visibility_control.h
[23.714s] -- Up-to-date: /home/eternal/ros2_ws/install/turtlesim/include/turtlesim/turtlesim/srv
[23.714s] -- Up-to-date: /home/eternal/ros2_ws/install/turtlesim/include/turtlesim/turtlesim/srv/detail
[23.715s] -- Installing: /home/eternal/ros2_ws/install/turtlesim/include/turtlesim/turtlesim/srv/detail/teleport_relative__rosidl_typesupport_fastrtps_cpp.hpp
[23.715s] -- Installing: /home/eternal/ros2_ws/install/turtlesim/include/turtlesim/turtlesim/srv/detail/teleport_absolute__rosidl_typesupport_fastrtps_cpp.hpp
[23.715s] -- Installing: /home/eternal/ros2_ws/install/turtlesim/include/turtlesim/turtlesim/srv/detail/kill__rosidl_typesupport_fastrtps_cpp.hpp
[23.715s] -- Installing: /home/eternal/ros2_ws/install/turtlesim/include/turtlesim/turtlesim/srv/detail/dds_fastrtps
[23.715s] -- Installing: /home/eternal/ros2_ws/install/turtlesim/include/turtlesim/turtlesim/srv/detail/set_pen__rosidl_typesupport_fastrtps_cpp.hpp
[23.715s] -- Installing: /home/eternal/ros2_ws/install/turtlesim/include/turtlesim/turtlesim/srv/detail/spawn__rosidl_typesupport_fastrtps_cpp.hpp
[23.715s] -- Installing: /home/eternal/ros2_ws/install/turtlesim/lib/libturtlesim__rosidl_typesupport_fastrtps_cpp.so
[23.715s] -- Set runtime path of "/home/eternal/ros2_ws/install/turtlesim/lib/libturtlesim__rosidl_typesupport_fastrtps_cpp.so" to ""
[23.715s] -- Up-to-date: /home/eternal/ros2_ws/install/turtlesim/include/turtlesim/turtlesim
[23.715s] -- Up-to-date: /home/eternal/ros2_ws/install/turtlesim/include/turtlesim/turtlesim/action
[23.715s] -- Up-to-date: /home/eternal/ros2_ws/install/turtlesim/include/turtlesim/turtlesim/action/detail
[23.715s] -- Installing: /home/eternal/ros2_ws/install/turtlesim/include/turtlesim/turtlesim/action/detail/rotate_absolute__rosidl_typesupport_introspection_c.h
[23.715s] -- Installing: /home/eternal/ros2_ws/install/turtlesim/include/turtlesim/turtlesim/action/detail/rotate_absolute__type_support.c
[23.715s] -- Up-to-date: /home/eternal/ros2_ws/install/turtlesim/include/turtlesim/turtlesim/msg
[23.715s] -- Up-to-date: /home/eternal/ros2_ws/install/turtlesim/include/turtlesim/turtlesim/msg/detail
[23.715s] -- Installing: /home/eternal/ros2_ws/install/turtlesim/include/turtlesim/turtlesim/msg/detail/pose__type_support.c
[23.715s] -- Installing: /home/eternal/ros2_ws/install/turtlesim/include/turtlesim/turtlesim/msg/detail/pose__rosidl_typesupport_introspection_c.h
[23.715s] -- Installing: /home/eternal/ros2_ws/install/turtlesim/include/turtlesim/turtlesim/msg/detail/color__type_support.c
[23.715s] -- Installing: /home/eternal/ros2_ws/install/turtlesim/include/turtlesim/turtlesim/msg/detail/color__rosidl_typesupport_introspection_c.h
[23.715s] -- Installing: /home/eternal/ros2_ws/install/turtlesim/include/turtlesim/turtlesim/msg/rosidl_typesupport_introspection_c__visibility_control.h
[23.715s] -- Up-to-date: /home/eternal/ros2_ws/install/turtlesim/include/turtlesim/turtlesim/srv
[23.715s] -- Up-to-date: /home/eternal/ros2_ws/install/turtlesim/include/turtlesim/turtlesim/srv/detail
[23.716s] -- Installing: /home/eternal/ros2_ws/install/turtlesim/include/turtlesim/turtlesim/srv/detail/kill__rosidl_typesupport_introspection_c.h
[23.716s] -- Installing: /home/eternal/ros2_ws/install/turtlesim/include/turtlesim/turtlesim/srv/detail/set_pen__type_support.c
[23.716s] -- Installing: /home/eternal/ros2_ws/install/turtlesim/include/turtlesim/turtlesim/srv/detail/set_pen__rosidl_typesupport_introspection_c.h
[23.716s] -- Installing: /home/eternal/ros2_ws/install/turtlesim/include/turtlesim/turtlesim/srv/detail/teleport_absolute__type_support.c
[23.716s] -- Installing: /home/eternal/ros2_ws/install/turtlesim/include/turtlesim/turtlesim/srv/detail/kill__type_support.c
[23.716s] -- Installing: /home/eternal/ros2_ws/install/turtlesim/include/turtlesim/turtlesim/srv/detail/teleport_absolute__rosidl_typesupport_introspection_c.h
[23.716s] -- Installing: /home/eternal/ros2_ws/install/turtlesim/include/turtlesim/turtlesim/srv/detail/teleport_relative__type_support.c
[23.716s] -- Installing: /home/eternal/ros2_ws/install/turtlesim/include/turtlesim/turtlesim/srv/detail/spawn__type_support.c
[23.716s] -- Installing: /home/eternal/ros2_ws/install/turtlesim/include/turtlesim/turtlesim/srv/detail/spawn__rosidl_typesupport_introspection_c.h
[23.716s] -- Installing: /home/eternal/ros2_ws/install/turtlesim/include/turtlesim/turtlesim/srv/detail/teleport_relative__rosidl_typesupport_introspection_c.h
[23.716s] -- Installing: /home/eternal/ros2_ws/install/turtlesim/lib/libturtlesim__rosidl_typesupport_introspection_c.so
[23.716s] -- Set runtime path of "/home/eternal/ros2_ws/install/turtlesim/lib/libturtlesim__rosidl_typesupport_introspection_c.so" to ""
[23.716s] -- Installing: /home/eternal/ros2_ws/install/turtlesim/lib/libturtlesim__rosidl_typesupport_c.so
[23.716s] -- Set runtime path of "/home/eternal/ros2_ws/install/turtlesim/lib/libturtlesim__rosidl_typesupport_c.so" to ""
[23.716s] -- Up-to-date: /home/eternal/ros2_ws/install/turtlesim/include/turtlesim/turtlesim
[23.716s] -- Up-to-date: /home/eternal/ros2_ws/install/turtlesim/include/turtlesim/turtlesim/action
[23.716s] -- Up-to-date: /home/eternal/ros2_ws/install/turtlesim/include/turtlesim/turtlesim/action/detail
[23.716s] -- Installing: /home/eternal/ros2_ws/install/turtlesim/include/turtlesim/turtlesim/action/detail/rotate_absolute__rosidl_typesupport_introspection_cpp.hpp
[23.716s] -- Installing: /home/eternal/ros2_ws/install/turtlesim/include/turtlesim/turtlesim/action/detail/rotate_absolute__type_support.cpp
[23.716s] -- Up-to-date: /home/eternal/ros2_ws/install/turtlesim/include/turtlesim/turtlesim/msg
[23.716s] -- Up-to-date: /home/eternal/ros2_ws/install/turtlesim/include/turtlesim/turtlesim/msg/detail
[23.717s] -- Installing: /home/eternal/ros2_ws/install/turtlesim/include/turtlesim/turtlesim/msg/detail/color__rosidl_typesupport_introspection_cpp.hpp
[23.717s] -- Installing: /home/eternal/ros2_ws/install/turtlesim/include/turtlesim/turtlesim/msg/detail/color__type_support.cpp
[23.717s] -- Installing: /home/eternal/ros2_ws/install/turtlesim/include/turtlesim/turtlesim/msg/detail/pose__rosidl_typesupport_introspection_cpp.hpp
[23.717s] -- Installing: /home/eternal/ros2_ws/install/turtlesim/include/turtlesim/turtlesim/msg/detail/pose__type_support.cpp
[23.717s] -- Up-to-date: /home/eternal/ros2_ws/install/turtlesim/include/turtlesim/turtlesim/srv
[23.717s] -- Up-to-date: /home/eternal/ros2_ws/install/turtlesim/include/turtlesim/turtlesim/srv/detail
[23.717s] -- Installing: /home/eternal/ros2_ws/install/turtlesim/include/turtlesim/turtlesim/srv/detail/teleport_absolute__type_support.cpp
[23.717s] -- Installing: /home/eternal/ros2_ws/install/turtlesim/include/turtlesim/turtlesim/srv/detail/teleport_relative__rosidl_typesupport_introspection_cpp.hpp
[23.717s] -- Installing: /home/eternal/ros2_ws/install/turtlesim/include/turtlesim/turtlesim/srv/detail/set_pen__rosidl_typesupport_introspection_cpp.hpp
[23.717s] -- Installing: /home/eternal/ros2_ws/install/turtlesim/include/turtlesim/turtlesim/srv/detail/kill__type_support.cpp
[23.717s] -- Installing: /home/eternal/ros2_ws/install/turtlesim/include/turtlesim/turtlesim/srv/detail/set_pen__type_support.cpp
[23.717s] -- Installing: /home/eternal/ros2_ws/install/turtlesim/include/turtlesim/turtlesim/srv/detail/spawn__type_support.cpp
[23.717s] -- Installing: /home/eternal/ros2_ws/install/turtlesim/include/turtlesim/turtlesim/srv/detail/spawn__rosidl_typesupport_introspection_cpp.hpp
[23.717s] -- Installing: /home/eternal/ros2_ws/install/turtlesim/include/turtlesim/turtlesim/srv/detail/kill__rosidl_typesupport_introspection_cpp.hpp
[23.717s] -- Installing: /home/eternal/ros2_ws/install/turtlesim/include/turtlesim/turtlesim/srv/detail/teleport_absolute__rosidl_typesupport_introspection_cpp.hpp
[23.717s] -- Installing: /home/eternal/ros2_ws/install/turtlesim/include/turtlesim/turtlesim/srv/detail/teleport_relative__type_support.cpp
[23.717s] -- Installing: /home/eternal/ros2_ws/install/turtlesim/lib/libturtlesim__rosidl_typesupport_introspection_cpp.so
[23.717s] -- Set runtime path of "/home/eternal/ros2_ws/install/turtlesim/lib/libturtlesim__rosidl_typesupport_introspection_cpp.so" to ""
[23.717s] -- Installing: /home/eternal/ros2_ws/install/turtlesim/lib/libturtlesim__rosidl_typesupport_cpp.so
[23.718s] -- Set runtime path of "/home/eternal/ros2_ws/install/turtlesim/lib/libturtlesim__rosidl_typesupport_cpp.so" to ""
[23.718s] -- Installing: /home/eternal/ros2_ws/install/turtlesim/share/turtlesim/environment/pythonpath.sh
[23.718s] -- Installing: /home/eternal/ros2_ws/install/turtlesim/share/turtlesim/environment/pythonpath.dsv
[23.718s] -- Installing: /home/eternal/ros2_ws/install/turtlesim/local/lib/python3.10/dist-packages/turtlesim-1.4.2-py3.10.egg-info
[23.718s] -- Installing: /home/eternal/ros2_ws/install/turtlesim/local/lib/python3.10/dist-packages/turtlesim-1.4.2-py3.10.egg-info/SOURCES.txt
[23.718s] -- Installing: /home/eternal/ros2_ws/install/turtlesim/local/lib/python3.10/dist-packages/turtlesim-1.4.2-py3.10.egg-info/dependency_links.txt
[23.718s] -- Installing: /home/eternal/ros2_ws/install/turtlesim/local/lib/python3.10/dist-packages/turtlesim-1.4.2-py3.10.egg-info/top_level.txt
[23.718s] -- Installing: /home/eternal/ros2_ws/install/turtlesim/local/lib/python3.10/dist-packages/turtlesim-1.4.2-py3.10.egg-info/PKG-INFO
[23.718s] -- Installing: /home/eternal/ros2_ws/install/turtlesim/local/lib/python3.10/dist-packages/turtlesim
[23.718s] -- Installing: /home/eternal/ros2_ws/install/turtlesim/local/lib/python3.10/dist-packages/turtlesim/_turtlesim_s.ep.rosidl_typesupport_c.c
[23.718s] -- Installing: /home/eternal/ros2_ws/install/turtlesim/local/lib/python3.10/dist-packages/turtlesim/action
[23.718s] -- Installing: /home/eternal/ros2_ws/install/turtlesim/local/lib/python3.10/dist-packages/turtlesim/action/__init__.py
[23.718s] -- Installing: /home/eternal/ros2_ws/install/turtlesim/local/lib/python3.10/dist-packages/turtlesim/action/_rotate_absolute_s.c
[23.719s] -- Installing: /home/eternal/ros2_ws/install/turtlesim/local/lib/python3.10/dist-packages/turtlesim/action/_rotate_absolute.py
[23.719s] -- Installing: /home/eternal/ros2_ws/install/turtlesim/local/lib/python3.10/dist-packages/turtlesim/libturtlesim__rosidl_generator_py.so
[23.719s] -- Installing: /home/eternal/ros2_ws/install/turtlesim/local/lib/python3.10/dist-packages/turtlesim/__init__.py
[23.719s] -- Installing: /home/eternal/ros2_ws/install/turtlesim/local/lib/python3.10/dist-packages/turtlesim/_turtlesim_s.ep.rosidl_typesupport_introspection_c.c
[23.719s] -- Installing: /home/eternal/ros2_ws/install/turtlesim/local/lib/python3.10/dist-packages/turtlesim/turtlesim_s__rosidl_typesupport_c.cpython-310-x86_64-linux-gnu.so
[23.719s] -- Installing: /home/eternal/ros2_ws/install/turtlesim/local/lib/python3.10/dist-packages/turtlesim/turtlesim_s__rosidl_typesupport_introspection_c.cpython-310-x86_64-linux-gnu.so
[23.719s] -- Installing: /home/eternal/ros2_ws/install/turtlesim/local/lib/python3.10/dist-packages/turtlesim/msg
[23.719s] -- Installing: /home/eternal/ros2_ws/install/turtlesim/local/lib/python3.10/dist-packages/turtlesim/msg/_pose_s.c
[23.719s] -- Installing: /home/eternal/ros2_ws/install/turtlesim/local/lib/python3.10/dist-packages/turtlesim/msg/_color.py
[23.719s] -- Installing: /home/eternal/ros2_ws/install/turtlesim/local/lib/python3.10/dist-packages/turtlesim/msg/__init__.py
[23.720s] -- Installing: /home/eternal/ros2_ws/install/turtlesim/local/lib/python3.10/dist-packages/turtlesim/msg/_color_s.c
[23.720s] -- Installing: /home/eternal/ros2_ws/install/turtlesim/local/lib/python3.10/dist-packages/turtlesim/msg/_pose.py
[23.720s] -- Installing: /home/eternal/ros2_ws/install/turtlesim/local/lib/python3.10/dist-packages/turtlesim/_turtlesim_s.ep.rosidl_typesupport_fastrtps_c.c
[23.720s] -- Installing: /home/eternal/ros2_ws/install/turtlesim/local/lib/python3.10/dist-packages/turtlesim/turtlesim_s__rosidl_typesupport_fastrtps_c.cpython-310-x86_64-linux-gnu.so
[23.720s] -- Installing: /home/eternal/ros2_ws/install/turtlesim/local/lib/python3.10/dist-packages/turtlesim/srv
[23.720s] -- Installing: /home/eternal/ros2_ws/install/turtlesim/local/lib/python3.10/dist-packages/turtlesim/srv/_spawn_s.c
[23.720s] -- Installing: /home/eternal/ros2_ws/install/turtlesim/local/lib/python3.10/dist-packages/turtlesim/srv/_set_pen_s.c
[23.720s] -- Installing: /home/eternal/ros2_ws/install/turtlesim/local/lib/python3.10/dist-packages/turtlesim/srv/__init__.py
[23.720s] -- Installing: /home/eternal/ros2_ws/install/turtlesim/local/lib/python3.10/dist-packages/turtlesim/srv/_teleport_relative_s.c
[23.720s] -- Installing: /home/eternal/ros2_ws/install/turtlesim/local/lib/python3.10/dist-packages/turtlesim/srv/_set_pen.py
[23.720s] -- Installing: /home/eternal/ros2_ws/install/turtlesim/local/lib/python3.10/dist-packages/turtlesim/srv/_teleport_relative.py
[23.720s] -- Installing: /home/eternal/ros2_ws/install/turtlesim/local/lib/python3.10/dist-packages/turtlesim/srv/_teleport_absolute_s.c
[23.720s] -- Installing: /home/eternal/ros2_ws/install/turtlesim/local/lib/python3.10/dist-packages/turtlesim/srv/_kill.py
[23.720s] -- Installing: /home/eternal/ros2_ws/install/turtlesim/local/lib/python3.10/dist-packages/turtlesim/srv/_teleport_absolute.py
[23.720s] -- Installing: /home/eternal/ros2_ws/install/turtlesim/local/lib/python3.10/dist-packages/turtlesim/srv/_spawn.py
[23.720s] -- Installing: /home/eternal/ros2_ws/install/turtlesim/local/lib/python3.10/dist-packages/turtlesim/srv/_kill_s.c
[23.754s] Listing '/home/eternal/ros2_ws/install/turtlesim/local/lib/python3.10/dist-packages/turtlesim'...
[23.754s] Compiling '/home/eternal/ros2_ws/install/turtlesim/local/lib/python3.10/dist-packages/turtlesim/__init__.py'...
[23.754s] Listing '/home/eternal/ros2_ws/install/turtlesim/local/lib/python3.10/dist-packages/turtlesim/action'...
[23.754s] Compiling '/home/eternal/ros2_ws/install/turtlesim/local/lib/python3.10/dist-packages/turtlesim/action/__init__.py'...
[23.754s] Compiling '/home/eternal/ros2_ws/install/turtlesim/local/lib/python3.10/dist-packages/turtlesim/action/_rotate_absolute.py'...
[23.754s] Listing '/home/eternal/ros2_ws/install/turtlesim/local/lib/python3.10/dist-packages/turtlesim/msg'...
[23.754s] Compiling '/home/eternal/ros2_ws/install/turtlesim/local/lib/python3.10/dist-packages/turtlesim/msg/__init__.py'...
[23.754s] Compiling '/home/eternal/ros2_ws/install/turtlesim/local/lib/python3.10/dist-packages/turtlesim/msg/_color.py'...
[23.755s] Compiling '/home/eternal/ros2_ws/install/turtlesim/local/lib/python3.10/dist-packages/turtlesim/msg/_pose.py'...
[23.755s] Listing '/home/eternal/ros2_ws/install/turtlesim/local/lib/python3.10/dist-packages/turtlesim/srv'...
[23.755s] Compiling '/home/eternal/ros2_ws/install/turtlesim/local/lib/python3.10/dist-packages/turtlesim/srv/__init__.py'...
[23.755s] Compiling '/home/eternal/ros2_ws/install/turtlesim/local/lib/python3.10/dist-packages/turtlesim/srv/_kill.py'...
[23.755s] Compiling '/home/eternal/ros2_ws/install/turtlesim/local/lib/python3.10/dist-packages/turtlesim/srv/_set_pen.py'...
[23.755s] Compiling '/home/eternal/ros2_ws/install/turtlesim/local/lib/python3.10/dist-packages/turtlesim/srv/_spawn.py'...
[23.755s] Compiling '/home/eternal/ros2_ws/install/turtlesim/local/lib/python3.10/dist-packages/turtlesim/srv/_teleport_absolute.py'...
[23.755s] Compiling '/home/eternal/ros2_ws/install/turtlesim/local/lib/python3.10/dist-packages/turtlesim/srv/_teleport_relative.py'...
[23.758s] -- Installing: /home/eternal/ros2_ws/install/turtlesim/local/lib/python3.10/dist-packages/turtlesim/turtlesim_s__rosidl_typesupport_fastrtps_c.cpython-310-x86_64-linux-gnu.so
[23.758s] -- Set runtime path of "/home/eternal/ros2_ws/install/turtlesim/local/lib/python3.10/dist-packages/turtlesim/turtlesim_s__rosidl_typesupport_fastrtps_c.cpython-310-x86_64-linux-gnu.so" to ""
[23.758s] -- Installing: /home/eternal/ros2_ws/install/turtlesim/local/lib/python3.10/dist-packages/turtlesim/turtlesim_s__rosidl_typesupport_introspection_c.cpython-310-x86_64-linux-gnu.so
[23.758s] -- Set runtime path of "/home/eternal/ros2_ws/install/turtlesim/local/lib/python3.10/dist-packages/turtlesim/turtlesim_s__rosidl_typesupport_introspection_c.cpython-310-x86_64-linux-gnu.so" to ""
[23.758s] -- Installing: /home/eternal/ros2_ws/install/turtlesim/local/lib/python3.10/dist-packages/turtlesim/turtlesim_s__rosidl_typesupport_c.cpython-310-x86_64-linux-gnu.so
[23.758s] -- Set runtime path of "/home/eternal/ros2_ws/install/turtlesim/local/lib/python3.10/dist-packages/turtlesim/turtlesim_s__rosidl_typesupport_c.cpython-310-x86_64-linux-gnu.so" to ""
[23.758s] -- Installing: /home/eternal/ros2_ws/install/turtlesim/lib/libturtlesim__rosidl_generator_py.so
[23.758s] -- Set runtime path of "/home/eternal/ros2_ws/install/turtlesim/lib/libturtlesim__rosidl_generator_py.so" to ""
[23.758s] -- Installing: /home/eternal/ros2_ws/install/turtlesim/share/turtlesim/action/RotateAbsolute.idl
[23.758s] -- Installing: /home/eternal/ros2_ws/install/turtlesim/share/turtlesim/msg/Color.idl
[23.758s] -- Installing: /home/eternal/ros2_ws/install/turtlesim/share/turtlesim/msg/Pose.idl
[23.758s] -- Installing: /home/eternal/ros2_ws/install/turtlesim/share/turtlesim/srv/Kill.idl
[23.758s] -- Installing: /home/eternal/ros2_ws/install/turtlesim/share/turtlesim/srv/SetPen.idl
[23.758s] -- Installing: /home/eternal/ros2_ws/install/turtlesim/share/turtlesim/srv/Spawn.idl
[23.759s] -- Installing: /home/eternal/ros2_ws/install/turtlesim/share/turtlesim/srv/TeleportAbsolute.idl
[23.759s] -- Installing: /home/eternal/ros2_ws/install/turtlesim/share/turtlesim/srv/TeleportRelative.idl
[23.759s] -- Installing: /home/eternal/ros2_ws/install/turtlesim/share/turtlesim/action/RotateAbsolute.action
[23.759s] -- Installing: /home/eternal/ros2_ws/install/turtlesim/share/turtlesim/msg/Color.msg
[23.759s] -- Installing: /home/eternal/ros2_ws/install/turtlesim/share/turtlesim/msg/Pose.msg
[23.759s] -- Installing: /home/eternal/ros2_ws/install/turtlesim/share/turtlesim/srv/Kill.srv
[23.759s] -- Installing: /home/eternal/ros2_ws/install/turtlesim/share/turtlesim/srv/Kill_Request.msg
[23.759s] -- Installing: /home/eternal/ros2_ws/install/turtlesim/share/turtlesim/srv/Kill_Response.msg
[23.759s] -- Installing: /home/eternal/ros2_ws/install/turtlesim/share/turtlesim/srv/SetPen.srv
[23.759s] -- Installing: /home/eternal/ros2_ws/install/turtlesim/share/turtlesim/srv/SetPen_Request.msg
[23.759s] -- Installing: /home/eternal/ros2_ws/install/turtlesim/share/turtlesim/srv/SetPen_Response.msg
[23.759s] -- Installing: /home/eternal/ros2_ws/install/turtlesim/share/turtlesim/srv/Spawn.srv
[23.759s] -- Installing: /home/eternal/ros2_ws/install/turtlesim/share/turtlesim/srv/Spawn_Request.msg
[23.759s] -- Installing: /home/eternal/ros2_ws/install/turtlesim/share/turtlesim/srv/Spawn_Response.msg
[23.759s] -- Installing: /home/eternal/ros2_ws/install/turtlesim/share/turtlesim/srv/TeleportAbsolute.srv
[23.759s] -- Installing: /home/eternal/ros2_ws/install/turtlesim/share/turtlesim/srv/TeleportAbsolute_Request.msg
[23.759s] -- Installing: /home/eternal/ros2_ws/install/turtlesim/share/turtlesim/srv/TeleportAbsolute_Response.msg
[23.759s] -- Installing: /home/eternal/ros2_ws/install/turtlesim/share/turtlesim/srv/TeleportRelative.srv
[23.759s] -- Installing: /home/eternal/ros2_ws/install/turtlesim/share/turtlesim/srv/TeleportRelative_Request.msg
[23.759s] -- Installing: /home/eternal/ros2_ws/install/turtlesim/share/turtlesim/srv/TeleportRelative_Response.msg
[23.759s] -- Installing: /home/eternal/ros2_ws/install/turtlesim/lib/turtlesim/turtlesim_node
[23.763s] -- Set runtime path of "/home/eternal/ros2_ws/install/turtlesim/lib/turtlesim/turtlesim_node" to ""
[23.763s] -- Installing: /home/eternal/ros2_ws/install/turtlesim/lib/turtlesim/turtle_teleop_key
[23.764s] -- Set runtime path of "/home/eternal/ros2_ws/install/turtlesim/lib/turtlesim/turtle_teleop_key" to ""
[23.764s] -- Installing: /home/eternal/ros2_ws/install/turtlesim/lib/turtlesim/draw_square
[23.767s] -- Set runtime path of "/home/eternal/ros2_ws/install/turtlesim/lib/turtlesim/draw_square" to ""
[23.767s] -- Installing: /home/eternal/ros2_ws/install/turtlesim/lib/turtlesim/mimic
[23.768s] -- Set runtime path of "/home/eternal/ros2_ws/install/turtlesim/lib/turtlesim/mimic" to ""
[23.768s] -- Installing: /home/eternal/ros2_ws/install/turtlesim/share/turtlesim/images
[23.768s] -- Installing: /home/eternal/ros2_ws/install/turtlesim/share/turtlesim/images/galactic.png
[23.770s] -- Installing: /home/eternal/ros2_ws/install/turtlesim/share/turtlesim/images/rolling.png
[23.770s] -- Installing: /home/eternal/ros2_ws/install/turtlesim/share/turtlesim/images/foxy.png
[23.770s] -- Installing: /home/eternal/ros2_ws/install/turtlesim/share/turtlesim/images/ardent.png
[23.771s] -- Installing: /home/eternal/ros2_ws/install/turtlesim/share/turtlesim/images/bouncy.png
[23.771s] -- Installing: /home/eternal/ros2_ws/install/turtlesim/share/turtlesim/images/humble.png
[23.771s] -- Installing: /home/eternal/ros2_ws/install/turtlesim/share/turtlesim/images/crystal.png
[23.771s] -- Installing: /home/eternal/ros2_ws/install/turtlesim/share/turtlesim/images/dashing.png
[23.771s] -- Installing: /home/eternal/ros2_ws/install/turtlesim/share/turtlesim/images/eloquent.png
[23.772s] -- Installing: /home/eternal/ros2_ws/install/turtlesim/share/turtlesim/launch
[23.772s] -- Installing: /home/eternal/ros2_ws/install/turtlesim/share/turtlesim/launch/multisim.launch.py
[23.772s] -- Installing: /home/eternal/ros2_ws/install/turtlesim/share/ament_index/resource_index/package_run_dependencies/turtlesim
[23.772s] -- Installing: /home/eternal/ros2_ws/install/turtlesim/share/ament_index/resource_index/parent_prefix_path/turtlesim
[23.772s] -- Installing: /home/eternal/ros2_ws/install/turtlesim/share/turtlesim/environment/ament_prefix_path.sh
[23.772s] -- Installing: /home/eternal/ros2_ws/install/turtlesim/share/turtlesim/environment/ament_prefix_path.dsv
[23.772s] -- Installing: /home/eternal/ros2_ws/install/turtlesim/share/turtlesim/environment/path.sh
[23.772s] -- Installing: /home/eternal/ros2_ws/install/turtlesim/share/turtlesim/environment/path.dsv
[23.772s] -- Installing: /home/eternal/ros2_ws/install/turtlesim/share/turtlesim/local_setup.bash
[23.772s] -- Installing: /home/eternal/ros2_ws/install/turtlesim/share/turtlesim/local_setup.sh
[23.772s] -- Installing: /home/eternal/ros2_ws/install/turtlesim/share/turtlesim/local_setup.zsh
[23.772s] -- Installing: /home/eternal/ros2_ws/install/turtlesim/share/turtlesim/local_setup.dsv
[23.773s] -- Installing: /home/eternal/ros2_ws/install/turtlesim/share/turtlesim/package.dsv
[23.773s] -- Installing: /home/eternal/ros2_ws/install/turtlesim/share/ament_index/resource_index/packages/turtlesim
[23.773s] -- Installing: /home/eternal/ros2_ws/install/turtlesim/share/turtlesim/cmake/export_turtlesim__rosidl_generator_cExport.cmake
[23.773s] -- Installing: /home/eternal/ros2_ws/install/turtlesim/share/turtlesim/cmake/export_turtlesim__rosidl_generator_cExport-noconfig.cmake
[23.773s] -- Installing: /home/eternal/ros2_ws/install/turtlesim/share/turtlesim/cmake/export_turtlesim__rosidl_typesupport_fastrtps_cExport.cmake
[23.773s] -- Installing: /home/eternal/ros2_ws/install/turtlesim/share/turtlesim/cmake/export_turtlesim__rosidl_typesupport_fastrtps_cExport-noconfig.cmake
[23.773s] -- Installing: /home/eternal/ros2_ws/install/turtlesim/share/turtlesim/cmake/export_turtlesim__rosidl_generator_cppExport.cmake
[23.773s] -- Installing: /home/eternal/ros2_ws/install/turtlesim/share/turtlesim/cmake/export_turtlesim__rosidl_typesupport_fastrtps_cppExport.cmake
[23.773s] -- Installing: /home/eternal/ros2_ws/install/turtlesim/share/turtlesim/cmake/export_turtlesim__rosidl_typesupport_fastrtps_cppExport-noconfig.cmake
[23.773s] -- Installing: /home/eternal/ros2_ws/install/turtlesim/share/turtlesim/cmake/turtlesim__rosidl_typesupport_introspection_cExport.cmake
[23.773s] -- Installing: /home/eternal/ros2_ws/install/turtlesim/share/turtlesim/cmake/turtlesim__rosidl_typesupport_introspection_cExport-noconfig.cmake
[23.773s] -- Installing: /home/eternal/ros2_ws/install/turtlesim/share/turtlesim/cmake/turtlesim__rosidl_typesupport_cExport.cmake
[23.773s] -- Installing: /home/eternal/ros2_ws/install/turtlesim/share/turtlesim/cmake/turtlesim__rosidl_typesupport_cExport-noconfig.cmake
[23.773s] -- Installing: /home/eternal/ros2_ws/install/turtlesim/share/turtlesim/cmake/turtlesim__rosidl_typesupport_introspection_cppExport.cmake
[23.774s] -- Installing: /home/eternal/ros2_ws/install/turtlesim/share/turtlesim/cmake/turtlesim__rosidl_typesupport_introspection_cppExport-noconfig.cmake
[23.774s] -- Installing: /home/eternal/ros2_ws/install/turtlesim/share/turtlesim/cmake/turtlesim__rosidl_typesupport_cppExport.cmake
[23.774s] -- Installing: /home/eternal/ros2_ws/install/turtlesim/share/turtlesim/cmake/turtlesim__rosidl_typesupport_cppExport-noconfig.cmake
[23.774s] -- Installing: /home/eternal/ros2_ws/install/turtlesim/share/turtlesim/cmake/export_turtlesim__rosidl_generator_pyExport.cmake
[23.774s] -- Installing: /home/eternal/ros2_ws/install/turtlesim/share/turtlesim/cmake/export_turtlesim__rosidl_generator_pyExport-noconfig.cmake
[23.774s] -- Installing: /home/eternal/ros2_ws/install/turtlesim/share/turtlesim/cmake/rosidl_cmake-extras.cmake
[23.774s] -- Installing: /home/eternal/ros2_ws/install/turtlesim/share/turtlesim/cmake/ament_cmake_export_dependencies-extras.cmake
[23.774s] -- Installing: /home/eternal/ros2_ws/install/turtlesim/share/turtlesim/cmake/ament_cmake_export_include_directories-extras.cmake
[23.774s] -- Installing: /home/eternal/ros2_ws/install/turtlesim/share/turtlesim/cmake/ament_cmake_export_libraries-extras.cmake
[23.774s] -- Installing: /home/eternal/ros2_ws/install/turtlesim/share/turtlesim/cmake/ament_cmake_export_targets-extras.cmake
[23.774s] -- Installing: /home/eternal/ros2_ws/install/turtlesim/share/turtlesim/cmake/rosidl_cmake_export_typesupport_targets-extras.cmake
[23.774s] -- Installing: /home/eternal/ros2_ws/install/turtlesim/share/turtlesim/cmake/rosidl_cmake_export_typesupport_libraries-extras.cmake
[23.774s] -- Installing: /home/eternal/ros2_ws/install/turtlesim/share/turtlesim/cmake/turtlesimConfig.cmake
[23.774s] -- Installing: /home/eternal/ros2_ws/install/turtlesim/share/turtlesim/cmake/turtlesimConfig-version.cmake
[23.774s] -- Installing: /home/eternal/ros2_ws/install/turtlesim/share/turtlesim/package.xml
[23.776s] Invoked command in '/home/eternal/ros2_ws/build/turtlesim' returned '0': CMAKE_PREFIX_PATH=/opt/ros/humble /usr/bin/cmake --install /home/eternal/ros2_ws/build/turtlesim
