running egg_info
creating ../../build/imu_filter_pkg/imu_filter_pkg.egg-info
writing ../../build/imu_filter_pkg/imu_filter_pkg.egg-info/PKG-INFO
writing dependency_links to ../../build/imu_filter_pkg/imu_filter_pkg.egg-info/dependency_links.txt
writing entry points to ../../build/imu_filter_pkg/imu_filter_pkg.egg-info/entry_points.txt
writing requirements to ../../build/imu_filter_pkg/imu_filter_pkg.egg-info/requires.txt
writing top-level names to ../../build/imu_filter_pkg/imu_filter_pkg.egg-info/top_level.txt
writing manifest file '../../build/imu_filter_pkg/imu_filter_pkg.egg-info/SOURCES.txt'
listing git files failed - pretending there aren't any
reading manifest file '../../build/imu_filter_pkg/imu_filter_pkg.egg-info/SOURCES.txt'
adding license file 'LICENSE'
writing manifest file '../../build/imu_filter_pkg/imu_filter_pkg.egg-info/SOURCES.txt'
running build
running build_py
creating /home/eternal/ros2_ws/build/imu_filter_pkg/build
creating /home/eternal/ros2_ws/build/imu_filter_pkg/build/lib
creating /home/eternal/ros2_ws/build/imu_filter_pkg/build/lib/imu_filter_pkg
copying imu_filter_pkg/__init__.py -> /home/eternal/ros2_ws/build/imu_filter_pkg/build/lib/imu_filter_pkg
copying imu_filter_pkg/imu_filter_node.py -> /home/eternal/ros2_ws/build/imu_filter_pkg/build/lib/imu_filter_pkg
running install
running install_lib
creating /home/eternal/ros2_ws/install/imu_filter_pkg/lib/python3.10/site-packages/imu_filter_pkg
copying /home/eternal/ros2_ws/build/imu_filter_pkg/build/lib/imu_filter_pkg/__init__.py -> /home/eternal/ros2_ws/install/imu_filter_pkg/lib/python3.10/site-packages/imu_filter_pkg
copying /home/eternal/ros2_ws/build/imu_filter_pkg/build/lib/imu_filter_pkg/imu_filter_node.py -> /home/eternal/ros2_ws/install/imu_filter_pkg/lib/python3.10/site-packages/imu_filter_pkg
byte-compiling /home/eternal/ros2_ws/install/imu_filter_pkg/lib/python3.10/site-packages/imu_filter_pkg/__init__.py to __init__.cpython-310.pyc
byte-compiling /home/eternal/ros2_ws/install/imu_filter_pkg/lib/python3.10/site-packages/imu_filter_pkg/imu_filter_node.py to imu_filter_node.cpython-310.pyc
running install_data
creating /home/eternal/ros2_ws/install/imu_filter_pkg/share/ament_index
creating /home/eternal/ros2_ws/install/imu_filter_pkg/share/ament_index/resource_index
creating /home/eternal/ros2_ws/install/imu_filter_pkg/share/ament_index/resource_index/packages
copying resource/imu_filter_pkg -> /home/eternal/ros2_ws/install/imu_filter_pkg/share/ament_index/resource_index/packages
copying package.xml -> /home/eternal/ros2_ws/install/imu_filter_pkg/share/imu_filter_pkg
running install_egg_info
Copying ../../build/imu_filter_pkg/imu_filter_pkg.egg-info to /home/eternal/ros2_ws/install/imu_filter_pkg/lib/python3.10/site-packages/imu_filter_pkg-0.0.0-py3.10.egg-info
running install_scripts
Installing imu_filter_node script to /home/eternal/ros2_ws/install/imu_filter_pkg/lib/imu_filter_pkg
writing list of installed files to '/home/eternal/ros2_ws/build/imu_filter_pkg/install.log'
