[0.090s] Invoking command in '/home/eternal/ros2_ws/build/polygon_plugins': AMENT_PREFIX_PATH=/home/eternal/ros2_ws/install/polygon_base:${AMENT_PREFIX_PATH} CMAKE_PREFIX_PATH=/home/eternal/ros2_ws/install/polygon_base:/opt/ros/humble /usr/bin/cmake --build /home/eternal/ros2_ws/build/polygon_plugins -- -j16 -l16
[0.195s] [100%] Built target polygon_plugins
[0.220s] Invoked command in '/home/eternal/ros2_ws/build/polygon_plugins' returned '0': AMENT_PREFIX_PATH=/home/eternal/ros2_ws/install/polygon_base:${AMENT_PREFIX_PATH} CMAKE_PREFIX_PATH=/home/eternal/ros2_ws/install/polygon_base:/opt/ros/humble /usr/bin/cmake --build /home/eternal/ros2_ws/build/polygon_plugins -- -j16 -l16
[0.271s] Invoking command in '/home/eternal/ros2_ws/build/polygon_plugins': AMENT_PREFIX_PATH=/home/eternal/ros2_ws/install/polygon_base:${AMENT_PREFIX_PATH} CMAKE_PREFIX_PATH=/home/eternal/ros2_ws/install/polygon_base:/opt/ros/humble /usr/bin/cmake --install /home/eternal/ros2_ws/build/polygon_plugins
[0.289s] -- Install configuration: ""
[0.291s] -- Execute custom install script
[0.292s] -- Up-to-date symlink: /home/eternal/ros2_ws/install/polygon_plugins/share/polygon_plugins//plugins.xml
[0.293s] -- Up-to-date symlink: /home/eternal/ros2_ws/install/polygon_plugins/include/polygon_plugins/polygon_plugins.hpp
[0.293s] -- Up-to-date symlink: /home/eternal/ros2_ws/install/polygon_plugins/include/polygon_plugins/visibility_control.h
[0.293s] -- Up-to-date symlink: /home/eternal/ros2_ws/install/polygon_plugins/share/polygon_plugins/environment/library_path.sh
[0.294s] -- Up-to-date symlink: /home/eternal/ros2_ws/install/polygon_plugins/share/polygon_plugins/environment/library_path.dsv
[0.294s] -- Up-to-date symlink: /home/eternal/ros2_ws/install/polygon_plugins/share/ament_index/resource_index/package_run_dependencies/polygon_plugins
[0.295s] -- Up-to-date symlink: /home/eternal/ros2_ws/install/polygon_plugins/share/ament_index/resource_index/parent_prefix_path/polygon_plugins
[0.295s] -- Up-to-date symlink: /home/eternal/ros2_ws/install/polygon_plugins/share/polygon_plugins/environment/ament_prefix_path.sh
[0.295s] -- Up-to-date symlink: /home/eternal/ros2_ws/install/polygon_plugins/share/polygon_plugins/environment/ament_prefix_path.dsv
[0.295s] -- Up-to-date symlink: /home/eternal/ros2_ws/install/polygon_plugins/share/polygon_plugins/environment/path.sh
[0.296s] -- Up-to-date symlink: /home/eternal/ros2_ws/install/polygon_plugins/share/polygon_plugins/environment/path.dsv
[0.296s] -- Up-to-date symlink: /home/eternal/ros2_ws/install/polygon_plugins/share/polygon_plugins/local_setup.bash
[0.296s] -- Up-to-date symlink: /home/eternal/ros2_ws/install/polygon_plugins/share/polygon_plugins/local_setup.sh
[0.297s] -- Up-to-date symlink: /home/eternal/ros2_ws/install/polygon_plugins/share/polygon_plugins/local_setup.zsh
[0.297s] -- Up-to-date symlink: /home/eternal/ros2_ws/install/polygon_plugins/share/polygon_plugins/local_setup.dsv
[0.297s] -- Symlinking: /home/eternal/ros2_ws/install/polygon_plugins/share/polygon_plugins/package.dsv
[0.315s] -- Up-to-date symlink: /home/eternal/ros2_ws/install/polygon_plugins/share/ament_index/resource_index/packages/polygon_plugins
[0.316s] -- Up-to-date symlink: /home/eternal/ros2_ws/install/polygon_plugins/share/ament_index/resource_index/polygon_base__pluginlib__plugin/polygon_plugins
[0.316s] -- Up-to-date symlink: /home/eternal/ros2_ws/install/polygon_plugins/share/polygon_plugins/cmake/ament_cmake_export_include_directories-extras.cmake
[0.316s] -- Up-to-date symlink: /home/eternal/ros2_ws/install/polygon_plugins/share/polygon_plugins/cmake/ament_cmake_export_libraries-extras.cmake
[0.316s] -- Up-to-date symlink: /home/eternal/ros2_ws/install/polygon_plugins/share/polygon_plugins/cmake/ament_cmake_export_targets-extras.cmake
[0.317s] -- Up-to-date symlink: /home/eternal/ros2_ws/install/polygon_plugins/share/polygon_plugins/cmake/polygon_pluginsConfig.cmake
[0.317s] -- Up-to-date symlink: /home/eternal/ros2_ws/install/polygon_plugins/share/polygon_plugins/cmake/polygon_pluginsConfig-version.cmake
[0.317s] -- Up-to-date symlink: /home/eternal/ros2_ws/install/polygon_plugins/share/polygon_plugins/package.xml
[0.317s] -- Up-to-date: /home/eternal/ros2_ws/install/polygon_plugins/lib/libpolygon_plugins.so
[0.317s] -- Up-to-date: /home/eternal/ros2_ws/install/polygon_plugins/share/polygon_plugins/cmake/export_polygon_pluginsExport.cmake
[0.318s] -- Up-to-date: /home/eternal/ros2_ws/install/polygon_plugins/share/polygon_plugins/cmake/export_polygon_pluginsExport-noconfig.cmake
[0.321s] Invoked command in '/home/eternal/ros2_ws/build/polygon_plugins' returned '0': AMENT_PREFIX_PATH=/home/eternal/ros2_ws/install/polygon_base:${AMENT_PREFIX_PATH} CMAKE_PREFIX_PATH=/home/eternal/ros2_ws/install/polygon_base:/opt/ros/humble /usr/bin/cmake --install /home/eternal/ros2_ws/build/polygon_plugins
