[0.047s] Invoking command in '/home/eternal/ros2_ws/build/polygon_base': CMAKE_PREFIX_PATH=/opt/ros/humble /usr/bin/cmake --build /home/eternal/ros2_ws/build/polygon_base -- -j16 -l16
[0.174s] [100%] Built target area_node
[0.205s] Invoked command in '/home/eternal/ros2_ws/build/polygon_base' returned '0': CMAKE_PREFIX_PATH=/opt/ros/humble /usr/bin/cmake --build /home/eternal/ros2_ws/build/polygon_base -- -j16 -l16
[0.284s] Invoking command in '/home/eternal/ros2_ws/build/polygon_base': CMAKE_PREFIX_PATH=/opt/ros/humble /usr/bin/cmake --install /home/eternal/ros2_ws/build/polygon_base
[0.301s] -- Install configuration: ""
[0.303s] -- Execute custom install script
[0.303s] -- Up-to-date symlink: /home/eternal/ros2_ws/install/polygon_base/include/polygon_base/regular_polygon.hpp
[0.303s] -- Up-to-date symlink: /home/eternal/ros2_ws/install/polygon_base/lib/polygon_base/area_node
[0.303s] -- Up-to-date symlink: /home/eternal/ros2_ws/install/polygon_base/share/ament_index/resource_index/package_run_dependencies/polygon_base
[0.304s] -- Up-to-date symlink: /home/eternal/ros2_ws/install/polygon_base/share/ament_index/resource_index/parent_prefix_path/polygon_base
[0.304s] -- Up-to-date symlink: /home/eternal/ros2_ws/install/polygon_base/share/polygon_base/environment/ament_prefix_path.sh
[0.304s] -- Up-to-date symlink: /home/eternal/ros2_ws/install/polygon_base/share/polygon_base/environment/ament_prefix_path.dsv
[0.304s] -- Up-to-date symlink: /home/eternal/ros2_ws/install/polygon_base/share/polygon_base/environment/path.sh
[0.304s] -- Up-to-date symlink: /home/eternal/ros2_ws/install/polygon_base/share/polygon_base/environment/path.dsv
[0.305s] -- Up-to-date symlink: /home/eternal/ros2_ws/install/polygon_base/share/polygon_base/local_setup.bash
[0.305s] -- Up-to-date symlink: /home/eternal/ros2_ws/install/polygon_base/share/polygon_base/local_setup.sh
[0.307s] -- Up-to-date symlink: /home/eternal/ros2_ws/install/polygon_base/share/polygon_base/local_setup.zsh
[0.308s] -- Up-to-date symlink: /home/eternal/ros2_ws/install/polygon_base/share/polygon_base/local_setup.dsv
[0.308s] -- Symlinking: /home/eternal/ros2_ws/install/polygon_base/share/polygon_base/package.dsv
[0.330s] -- Up-to-date symlink: /home/eternal/ros2_ws/install/polygon_base/share/ament_index/resource_index/packages/polygon_base
[0.331s] -- Up-to-date symlink: /home/eternal/ros2_ws/install/polygon_base/share/polygon_base/cmake/ament_cmake_export_include_directories-extras.cmake
[0.333s] -- Up-to-date symlink: /home/eternal/ros2_ws/install/polygon_base/share/polygon_base/cmake/polygon_baseConfig.cmake
[0.334s] -- Up-to-date symlink: /home/eternal/ros2_ws/install/polygon_base/share/polygon_base/cmake/polygon_baseConfig-version.cmake
[0.335s] -- Up-to-date symlink: /home/eternal/ros2_ws/install/polygon_base/share/polygon_base/package.xml
[0.370s] Invoked command in '/home/eternal/ros2_ws/build/polygon_base' returned '0': CMAKE_PREFIX_PATH=/opt/ros/humble /usr/bin/cmake --install /home/eternal/ros2_ws/build/polygon_base
