[0.079s] Invoking command in '/home/eternal/ros2_ws/build/polygon_base': CMAKE_PREFIX_PATH=${CMAKE_PREFIX_PATH}:/home/eternal/ros2_ws/install/python_parameters:/home/eternal/ros2_ws/install/py_srvcli:/home/eternal/ros2_ws/install/py_pubsub:/home/eternal/ros2_ws/install/py_launch_example:/home/eternal/ros2_ws/install/launch_tutorial:/home/eternal/ros2_ws/install/imu_filter_pkg:/opt/ros/humble /usr/bin/cmake --build /home/eternal/ros2_ws/build/polygon_base -- -j16 -l16
[0.203s] [100%] Built target area_node
[0.235s] Invoked command in '/home/eternal/ros2_ws/build/polygon_base' returned '0': CMAKE_PREFIX_PATH=${CMAKE_PREFIX_PATH}:/home/eternal/ros2_ws/install/python_parameters:/home/eternal/ros2_ws/install/py_srvcli:/home/eternal/ros2_ws/install/py_pubsub:/home/eternal/ros2_ws/install/py_launch_example:/home/eternal/ros2_ws/install/launch_tutorial:/home/eternal/ros2_ws/install/imu_filter_pkg:/opt/ros/humble /usr/bin/cmake --build /home/eternal/ros2_ws/build/polygon_base -- -j16 -l16
[0.324s] Invoking command in '/home/eternal/ros2_ws/build/polygon_base': CMAKE_PREFIX_PATH=${CMAKE_PREFIX_PATH}:/home/eternal/ros2_ws/install/python_parameters:/home/eternal/ros2_ws/install/py_srvcli:/home/eternal/ros2_ws/install/py_pubsub:/home/eternal/ros2_ws/install/py_launch_example:/home/eternal/ros2_ws/install/launch_tutorial:/home/eternal/ros2_ws/install/imu_filter_pkg:/opt/ros/humble /usr/bin/cmake --install /home/eternal/ros2_ws/build/polygon_base
[0.346s] -- Install configuration: ""
[0.347s] -- Execute custom install script
[0.348s] -- Up-to-date symlink: /home/eternal/ros2_ws/install/polygon_base/include/polygon_base/regular_polygon.hpp
[0.349s] -- Up-to-date symlink: /home/eternal/ros2_ws/install/polygon_base/lib/polygon_base/area_node
[0.349s] -- Up-to-date symlink: /home/eternal/ros2_ws/install/polygon_base/share/ament_index/resource_index/package_run_dependencies/polygon_base
[0.350s] -- Up-to-date symlink: /home/eternal/ros2_ws/install/polygon_base/share/ament_index/resource_index/parent_prefix_path/polygon_base
[0.351s] -- Up-to-date symlink: /home/eternal/ros2_ws/install/polygon_base/share/polygon_base/environment/ament_prefix_path.sh
[0.351s] -- Up-to-date symlink: /home/eternal/ros2_ws/install/polygon_base/share/polygon_base/environment/ament_prefix_path.dsv
[0.352s] -- Up-to-date symlink: /home/eternal/ros2_ws/install/polygon_base/share/polygon_base/environment/path.sh
[0.352s] -- Up-to-date symlink: /home/eternal/ros2_ws/install/polygon_base/share/polygon_base/environment/path.dsv
[0.352s] -- Up-to-date symlink: /home/eternal/ros2_ws/install/polygon_base/share/polygon_base/local_setup.bash
[0.352s] -- Up-to-date symlink: /home/eternal/ros2_ws/install/polygon_base/share/polygon_base/local_setup.sh
[0.352s] -- Up-to-date symlink: /home/eternal/ros2_ws/install/polygon_base/share/polygon_base/local_setup.zsh
[0.352s] -- Up-to-date symlink: /home/eternal/ros2_ws/install/polygon_base/share/polygon_base/local_setup.dsv
[0.352s] -- Symlinking: /home/eternal/ros2_ws/install/polygon_base/share/polygon_base/package.dsv
[0.378s] -- Up-to-date symlink: /home/eternal/ros2_ws/install/polygon_base/share/ament_index/resource_index/packages/polygon_base
[0.380s] -- Up-to-date symlink: /home/eternal/ros2_ws/install/polygon_base/share/polygon_base/cmake/ament_cmake_export_include_directories-extras.cmake
[0.383s] -- Up-to-date symlink: /home/eternal/ros2_ws/install/polygon_base/share/polygon_base/cmake/polygon_baseConfig.cmake
[0.383s] -- Up-to-date symlink: /home/eternal/ros2_ws/install/polygon_base/share/polygon_base/cmake/polygon_baseConfig-version.cmake
[0.383s] -- Up-to-date symlink: /home/eternal/ros2_ws/install/polygon_base/share/polygon_base/package.xml
[0.394s] Invoked command in '/home/eternal/ros2_ws/build/polygon_base' returned '0': CMAKE_PREFIX_PATH=${CMAKE_PREFIX_PATH}:/home/eternal/ros2_ws/install/python_parameters:/home/eternal/ros2_ws/install/py_srvcli:/home/eternal/ros2_ws/install/py_pubsub:/home/eternal/ros2_ws/install/py_launch_example:/home/eternal/ros2_ws/install/launch_tutorial:/home/eternal/ros2_ws/install/imu_filter_pkg:/opt/ros/humble /usr/bin/cmake --install /home/eternal/ros2_ws/build/polygon_base
