[3.687s] Invoking command in '/home/eternal/ros2_ws/src/py_launch_example': PYTHONPATH=/home/eternal/ros2_ws/build/py_launch_example/prefix_override:/usr/lib/python3/dist-packages/colcon_core/task/python/colcon_distutils_commands:/home/eternal/ros2_ws/install/py_launch_example/lib/python3.10/site-packages:${PYTHONPATH} /usr/bin/python3 -W ignore:setup.py install is deprecated setup.py egg_info --egg-base ../../build/py_launch_example build --build-base /home/eternal/ros2_ws/build/py_launch_example/build install --record /home/eternal/ros2_ws/build/py_launch_example/install.log --single-version-externally-managed install_data
[4.230s] running egg_info
[4.287s] writing ../../build/py_launch_example/py_launch_example.egg-info/PKG-INFO
[4.350s] writing dependency_links to ../../build/py_launch_example/py_launch_example.egg-info/dependency_links.txt
[4.640s] writing requirements to ../../build/py_launch_example/py_launch_example.egg-info/requires.txt
[4.707s] writing top-level names to ../../build/py_launch_example/py_launch_example.egg-info/top_level.txt
[4.792s] listing git files failed - pretending there aren't any
[4.871s] reading manifest file '../../build/py_launch_example/py_launch_example.egg-info/SOURCES.txt'
[4.871s] adding license file 'LICENSE'
[4.871s] writing manifest file '../../build/py_launch_example/py_launch_example.egg-info/SOURCES.txt'
[4.872s] running build
[4.872s] running build_py
[4.872s] running install
[4.875s] running install_lib
[4.916s] running install_data
[4.916s] running install_egg_info
[4.959s] removing '/home/eternal/ros2_ws/install/py_launch_example/lib/python3.10/site-packages/py_launch_example-0.0.0-py3.10.egg-info' (and everything under it)
[4.959s] Copying ../../build/py_launch_example/py_launch_example.egg-info to /home/eternal/ros2_ws/install/py_launch_example/lib/python3.10/site-packages/py_launch_example-0.0.0-py3.10.egg-info
[4.959s] running install_scripts
[5.036s] writing list of installed files to '/home/eternal/ros2_ws/build/py_launch_example/install.log'
[5.061s] Invoked command in '/home/eternal/ros2_ws/src/py_launch_example' returned '0': PYTHONPATH=/home/eternal/ros2_ws/build/py_launch_example/prefix_override:/usr/lib/python3/dist-packages/colcon_core/task/python/colcon_distutils_commands:/home/eternal/ros2_ws/install/py_launch_example/lib/python3.10/site-packages:${PYTHONPATH} /usr/bin/python3 -W ignore:setup.py install is deprecated setup.py egg_info --egg-base ../../build/py_launch_example build --build-base /home/eternal/ros2_ws/build/py_launch_example/build install --record /home/eternal/ros2_ws/build/py_launch_example/install.log --single-version-externally-managed install_data
