[1.047s] Invoking command in '/home/eternal/ros2_ws/build/more_interfaces': CMAKE_PREFIX_PATH=/opt/ros/humble /usr/bin/cmake --build /home/eternal/ros2_ws/build/more_interfaces -- -j16 -l16
[2.916s] listing git files failed - pretending there aren't any
[2.916s] [35m[1mConsolidate compiler generated dependencies of target more_interfaces__rosidl_generator_c[0m
[2.916s] [  9%] Built target more_interfaces__rosidl_generator_c
[2.916s] [ 12%] Built target more_interfaces__cpp
[2.916s] [35m[1mConsolidate compiler generated dependencies of target more_interfaces__rosidl_typesupport_introspection_c[0m
[2.916s] [35m[1mConsolidate compiler generated dependencies of target more_interfaces__rosidl_typesupport_c[0m
[2.916s] [ 12%] Built target ament_cmake_python_copy_more_interfaces
[2.916s] [35m[1mConsolidate compiler generated dependencies of target more_interfaces__rosidl_typesupport_introspection_cpp[0m
[2.916s] [35m[1mConsolidate compiler generated dependencies of target more_interfaces__rosidl_typesupport_fastrtps_cpp[0m
[2.916s] [35m[1mConsolidate compiler generated dependencies of target more_interfaces__rosidl_typesupport_fastrtps_c[0m
[2.916s] [35m[1mConsolidate compiler generated dependencies of target more_interfaces__rosidl_typesupport_cpp[0m
[2.916s] [ 21%] Built target more_interfaces__rosidl_typesupport_c
[2.916s] [ 30%] Built target more_interfaces__rosidl_typesupport_introspection_c
[2.916s] [ 39%] Built target more_interfaces__rosidl_typesupport_fastrtps_cpp
[2.916s] [ 48%] Built target more_interfaces__rosidl_typesupport_fastrtps_c
[2.916s] [ 57%] Built target more_interfaces__rosidl_typesupport_introspection_cpp
[2.916s] [ 66%] Built target more_interfaces__rosidl_typesupport_cpp
[2.916s] [35m[1mConsolidate compiler generated dependencies of target publish_address_book[0m
[2.916s] [ 66%] Built target more_interfaces
[2.916s] [ 72%] Built target publish_address_book
[2.916s] [ 75%] Built target more_interfaces__py
[2.916s] [35m[1mConsolidate compiler generated dependencies of target more_interfaces__rosidl_generator_py[0m
[2.917s] [ 81%] Built target more_interfaces__rosidl_generator_py
[2.917s] [35m[1mConsolidate compiler generated dependencies of target more_interfaces__rosidl_typesupport_c__pyext[0m
[2.917s] [35m[1mConsolidate compiler generated dependencies of target more_interfaces__rosidl_typesupport_introspection_c__pyext[0m
[2.917s] [35m[1mConsolidate compiler generated dependencies of target more_interfaces__rosidl_typesupport_fastrtps_c__pyext[0m
[2.917s] [ 87%] Built target more_interfaces__rosidl_typesupport_introspection_c__pyext
[2.917s] [ 93%] Built target more_interfaces__rosidl_typesupport_c__pyext
[2.917s] [100%] Built target more_interfaces__rosidl_typesupport_fastrtps_c__pyext
[2.917s] running egg_info
[2.917s] writing more_interfaces.egg-info/PKG-INFO
[2.917s] writing dependency_links to more_interfaces.egg-info/dependency_links.txt
[2.917s] writing top-level names to more_interfaces.egg-info/top_level.txt
[2.917s] reading manifest file 'more_interfaces.egg-info/SOURCES.txt'
[2.917s] writing manifest file 'more_interfaces.egg-info/SOURCES.txt'
[2.917s] [100%] Built target ament_cmake_python_build_more_interfaces_egg
[2.930s] Invoked command in '/home/eternal/ros2_ws/build/more_interfaces' returned '0': CMAKE_PREFIX_PATH=/opt/ros/humble /usr/bin/cmake --build /home/eternal/ros2_ws/build/more_interfaces -- -j16 -l16
[3.031s] Invoking command in '/home/eternal/ros2_ws/build/more_interfaces': CMAKE_PREFIX_PATH=/opt/ros/humble /usr/bin/cmake --install /home/eternal/ros2_ws/build/more_interfaces
[3.043s] -- Install configuration: ""
[3.043s] -- Up-to-date: /home/eternal/ros2_ws/install/more_interfaces/share/ament_index/resource_index/rosidl_interfaces/more_interfaces
[3.043s] -- Up-to-date: /home/eternal/ros2_ws/install/more_interfaces/include/more_interfaces/more_interfaces
[3.043s] -- Up-to-date: /home/eternal/ros2_ws/install/more_interfaces/include/more_interfaces/more_interfaces/msg
[3.043s] -- Up-to-date: /home/eternal/ros2_ws/install/more_interfaces/include/more_interfaces/more_interfaces/msg/detail
[3.043s] -- Up-to-date: /home/eternal/ros2_ws/install/more_interfaces/include/more_interfaces/more_interfaces/msg/detail/address_book__functions.h
[3.043s] -- Up-to-date: /home/eternal/ros2_ws/install/more_interfaces/include/more_interfaces/more_interfaces/msg/detail/address_book__type_support.h
[3.043s] -- Up-to-date: /home/eternal/ros2_ws/install/more_interfaces/include/more_interfaces/more_interfaces/msg/detail/address_book__struct.h
[3.043s] -- Up-to-date: /home/eternal/ros2_ws/install/more_interfaces/include/more_interfaces/more_interfaces/msg/detail/address_book__functions.c
[3.043s] -- Up-to-date: /home/eternal/ros2_ws/install/more_interfaces/include/more_interfaces/more_interfaces/msg/rosidl_generator_c__visibility_control.h
[3.043s] -- Up-to-date: /home/eternal/ros2_ws/install/more_interfaces/include/more_interfaces/more_interfaces/msg/address_book.h
[3.043s] -- Up-to-date: /home/eternal/ros2_ws/install/more_interfaces/share/more_interfaces/environment/library_path.sh
[3.043s] -- Up-to-date: /home/eternal/ros2_ws/install/more_interfaces/share/more_interfaces/environment/library_path.dsv
[3.043s] -- Up-to-date: /home/eternal/ros2_ws/install/more_interfaces/lib/libmore_interfaces__rosidl_generator_c.so
[3.044s] -- Up-to-date: /home/eternal/ros2_ws/install/more_interfaces/include/more_interfaces/more_interfaces
[3.044s] -- Up-to-date: /home/eternal/ros2_ws/install/more_interfaces/include/more_interfaces/more_interfaces/msg
[3.044s] -- Up-to-date: /home/eternal/ros2_ws/install/more_interfaces/include/more_interfaces/more_interfaces/msg/detail
[3.044s] -- Up-to-date: /home/eternal/ros2_ws/install/more_interfaces/include/more_interfaces/more_interfaces/msg/detail/address_book__rosidl_typesupport_fastrtps_c.h
[3.044s] -- Up-to-date: /home/eternal/ros2_ws/install/more_interfaces/include/more_interfaces/more_interfaces/msg/rosidl_typesupport_fastrtps_c__visibility_control.h
[3.044s] -- Up-to-date: /home/eternal/ros2_ws/install/more_interfaces/lib/libmore_interfaces__rosidl_typesupport_fastrtps_c.so
[3.044s] -- Up-to-date: /home/eternal/ros2_ws/install/more_interfaces/include/more_interfaces/more_interfaces
[3.044s] -- Up-to-date: /home/eternal/ros2_ws/install/more_interfaces/include/more_interfaces/more_interfaces/msg
[3.044s] -- Up-to-date: /home/eternal/ros2_ws/install/more_interfaces/include/more_interfaces/more_interfaces/msg/detail
[3.044s] -- Up-to-date: /home/eternal/ros2_ws/install/more_interfaces/include/more_interfaces/more_interfaces/msg/detail/address_book__type_support.c
[3.044s] -- Up-to-date: /home/eternal/ros2_ws/install/more_interfaces/include/more_interfaces/more_interfaces/msg/detail/address_book__rosidl_typesupport_introspection_c.h
[3.044s] -- Up-to-date: /home/eternal/ros2_ws/install/more_interfaces/include/more_interfaces/more_interfaces/msg/rosidl_typesupport_introspection_c__visibility_control.h
[3.044s] -- Up-to-date: /home/eternal/ros2_ws/install/more_interfaces/lib/libmore_interfaces__rosidl_typesupport_introspection_c.so
[3.046s] -- Up-to-date: /home/eternal/ros2_ws/install/more_interfaces/lib/libmore_interfaces__rosidl_typesupport_c.so
[3.046s] -- Up-to-date: /home/eternal/ros2_ws/install/more_interfaces/include/more_interfaces/more_interfaces
[3.046s] -- Up-to-date: /home/eternal/ros2_ws/install/more_interfaces/include/more_interfaces/more_interfaces/msg
[3.046s] -- Up-to-date: /home/eternal/ros2_ws/install/more_interfaces/include/more_interfaces/more_interfaces/msg/address_book.hpp
[3.046s] -- Up-to-date: /home/eternal/ros2_ws/install/more_interfaces/include/more_interfaces/more_interfaces/msg/detail
[3.046s] -- Up-to-date: /home/eternal/ros2_ws/install/more_interfaces/include/more_interfaces/more_interfaces/msg/detail/address_book__traits.hpp
[3.046s] -- Up-to-date: /home/eternal/ros2_ws/install/more_interfaces/include/more_interfaces/more_interfaces/msg/detail/address_book__builder.hpp
[3.046s] -- Up-to-date: /home/eternal/ros2_ws/install/more_interfaces/include/more_interfaces/more_interfaces/msg/detail/address_book__struct.hpp
[3.046s] -- Up-to-date: /home/eternal/ros2_ws/install/more_interfaces/include/more_interfaces/more_interfaces
[3.047s] -- Up-to-date: /home/eternal/ros2_ws/install/more_interfaces/include/more_interfaces/more_interfaces/msg
[3.047s] -- Up-to-date: /home/eternal/ros2_ws/install/more_interfaces/include/more_interfaces/more_interfaces/msg/detail
[3.047s] -- Up-to-date: /home/eternal/ros2_ws/install/more_interfaces/include/more_interfaces/more_interfaces/msg/detail/address_book__rosidl_typesupport_fastrtps_cpp.hpp
[3.047s] -- Up-to-date: /home/eternal/ros2_ws/install/more_interfaces/include/more_interfaces/more_interfaces/msg/detail/dds_fastrtps
[3.047s] -- Up-to-date: /home/eternal/ros2_ws/install/more_interfaces/include/more_interfaces/more_interfaces/msg/rosidl_typesupport_fastrtps_cpp__visibility_control.h
[3.048s] -- Up-to-date: /home/eternal/ros2_ws/install/more_interfaces/lib/libmore_interfaces__rosidl_typesupport_fastrtps_cpp.so
[3.048s] -- Up-to-date: /home/eternal/ros2_ws/install/more_interfaces/include/more_interfaces/more_interfaces
[3.048s] -- Up-to-date: /home/eternal/ros2_ws/install/more_interfaces/include/more_interfaces/more_interfaces/msg
[3.048s] -- Up-to-date: /home/eternal/ros2_ws/install/more_interfaces/include/more_interfaces/more_interfaces/msg/detail
[3.048s] -- Up-to-date: /home/eternal/ros2_ws/install/more_interfaces/include/more_interfaces/more_interfaces/msg/detail/address_book__type_support.cpp
[3.050s] -- Up-to-date: /home/eternal/ros2_ws/install/more_interfaces/include/more_interfaces/more_interfaces/msg/detail/address_book__rosidl_typesupport_introspection_cpp.hpp
[3.051s] -- Up-to-date: /home/eternal/ros2_ws/install/more_interfaces/lib/libmore_interfaces__rosidl_typesupport_introspection_cpp.so
[3.051s] -- Up-to-date: /home/eternal/ros2_ws/install/more_interfaces/lib/libmore_interfaces__rosidl_typesupport_cpp.so
[3.051s] -- Up-to-date: /home/eternal/ros2_ws/install/more_interfaces/share/more_interfaces/environment/pythonpath.sh
[3.051s] -- Up-to-date: /home/eternal/ros2_ws/install/more_interfaces/share/more_interfaces/environment/pythonpath.dsv
[3.051s] -- Up-to-date: /home/eternal/ros2_ws/install/more_interfaces/local/lib/python3.10/dist-packages/more_interfaces-0.0.0-py3.10.egg-info
[3.051s] -- Installing: /home/eternal/ros2_ws/install/more_interfaces/local/lib/python3.10/dist-packages/more_interfaces-0.0.0-py3.10.egg-info/SOURCES.txt
[3.051s] -- Installing: /home/eternal/ros2_ws/install/more_interfaces/local/lib/python3.10/dist-packages/more_interfaces-0.0.0-py3.10.egg-info/dependency_links.txt
[3.051s] -- Installing: /home/eternal/ros2_ws/install/more_interfaces/local/lib/python3.10/dist-packages/more_interfaces-0.0.0-py3.10.egg-info/top_level.txt
[3.051s] -- Installing: /home/eternal/ros2_ws/install/more_interfaces/local/lib/python3.10/dist-packages/more_interfaces-0.0.0-py3.10.egg-info/PKG-INFO
[3.051s] -- Up-to-date: /home/eternal/ros2_ws/install/more_interfaces/local/lib/python3.10/dist-packages/more_interfaces
[3.051s] -- Up-to-date: /home/eternal/ros2_ws/install/more_interfaces/local/lib/python3.10/dist-packages/more_interfaces/more_interfaces_s__rosidl_typesupport_fastrtps_c.cpython-310-x86_64-linux-gnu.so
[3.051s] -- Up-to-date: /home/eternal/ros2_ws/install/more_interfaces/local/lib/python3.10/dist-packages/more_interfaces/more_interfaces_s__rosidl_typesupport_introspection_c.cpython-310-x86_64-linux-gnu.so
[3.051s] -- Up-to-date: /home/eternal/ros2_ws/install/more_interfaces/local/lib/python3.10/dist-packages/more_interfaces/__init__.py
[3.052s] -- Up-to-date: /home/eternal/ros2_ws/install/more_interfaces/local/lib/python3.10/dist-packages/more_interfaces/more_interfaces_s__rosidl_typesupport_c.cpython-310-x86_64-linux-gnu.so
[3.052s] -- Up-to-date: /home/eternal/ros2_ws/install/more_interfaces/local/lib/python3.10/dist-packages/more_interfaces/_more_interfaces_s.ep.rosidl_typesupport_fastrtps_c.c
[3.052s] -- Up-to-date: /home/eternal/ros2_ws/install/more_interfaces/local/lib/python3.10/dist-packages/more_interfaces/msg
[3.052s] -- Up-to-date: /home/eternal/ros2_ws/install/more_interfaces/local/lib/python3.10/dist-packages/more_interfaces/msg/_address_book_s.c
[3.052s] -- Up-to-date: /home/eternal/ros2_ws/install/more_interfaces/local/lib/python3.10/dist-packages/more_interfaces/msg/__init__.py
[3.052s] -- Up-to-date: /home/eternal/ros2_ws/install/more_interfaces/local/lib/python3.10/dist-packages/more_interfaces/msg/_address_book.py
[3.052s] -- Up-to-date: /home/eternal/ros2_ws/install/more_interfaces/local/lib/python3.10/dist-packages/more_interfaces/_more_interfaces_s.ep.rosidl_typesupport_c.c
[3.052s] -- Up-to-date: /home/eternal/ros2_ws/install/more_interfaces/local/lib/python3.10/dist-packages/more_interfaces/libmore_interfaces__rosidl_generator_py.so
[3.052s] -- Up-to-date: /home/eternal/ros2_ws/install/more_interfaces/local/lib/python3.10/dist-packages/more_interfaces/_more_interfaces_s.ep.rosidl_typesupport_introspection_c.c
[3.081s] Listing '/home/eternal/ros2_ws/install/more_interfaces/local/lib/python3.10/dist-packages/more_interfaces'...
[3.081s] Listing '/home/eternal/ros2_ws/install/more_interfaces/local/lib/python3.10/dist-packages/more_interfaces/msg'...
[3.091s] -- Up-to-date: /home/eternal/ros2_ws/install/more_interfaces/local/lib/python3.10/dist-packages/more_interfaces/more_interfaces_s__rosidl_typesupport_fastrtps_c.cpython-310-x86_64-linux-gnu.so
[3.091s] -- Up-to-date: /home/eternal/ros2_ws/install/more_interfaces/local/lib/python3.10/dist-packages/more_interfaces/more_interfaces_s__rosidl_typesupport_introspection_c.cpython-310-x86_64-linux-gnu.so
[3.091s] -- Up-to-date: /home/eternal/ros2_ws/install/more_interfaces/local/lib/python3.10/dist-packages/more_interfaces/more_interfaces_s__rosidl_typesupport_c.cpython-310-x86_64-linux-gnu.so
[3.091s] -- Up-to-date: /home/eternal/ros2_ws/install/more_interfaces/lib/libmore_interfaces__rosidl_generator_py.so
[3.091s] -- Up-to-date: /home/eternal/ros2_ws/install/more_interfaces/share/more_interfaces/msg/AddressBook.idl
[3.091s] -- Up-to-date: /home/eternal/ros2_ws/install/more_interfaces/share/more_interfaces/msg/AddressBook.msg
[3.091s] -- Up-to-date: /home/eternal/ros2_ws/install/more_interfaces/lib/more_interfaces/publish_address_book
[3.091s] -- Up-to-date: /home/eternal/ros2_ws/install/more_interfaces/share/ament_index/resource_index/package_run_dependencies/more_interfaces
[3.091s] -- Up-to-date: /home/eternal/ros2_ws/install/more_interfaces/share/ament_index/resource_index/parent_prefix_path/more_interfaces
[3.091s] -- Up-to-date: /home/eternal/ros2_ws/install/more_interfaces/share/more_interfaces/environment/ament_prefix_path.sh
[3.091s] -- Up-to-date: /home/eternal/ros2_ws/install/more_interfaces/share/more_interfaces/environment/ament_prefix_path.dsv
[3.091s] -- Up-to-date: /home/eternal/ros2_ws/install/more_interfaces/share/more_interfaces/environment/path.sh
[3.091s] -- Up-to-date: /home/eternal/ros2_ws/install/more_interfaces/share/more_interfaces/environment/path.dsv
[3.091s] -- Up-to-date: /home/eternal/ros2_ws/install/more_interfaces/share/more_interfaces/local_setup.bash
[3.092s] -- Up-to-date: /home/eternal/ros2_ws/install/more_interfaces/share/more_interfaces/local_setup.sh
[3.092s] -- Up-to-date: /home/eternal/ros2_ws/install/more_interfaces/share/more_interfaces/local_setup.zsh
[3.092s] -- Up-to-date: /home/eternal/ros2_ws/install/more_interfaces/share/more_interfaces/local_setup.dsv
[3.092s] -- Installing: /home/eternal/ros2_ws/install/more_interfaces/share/more_interfaces/package.dsv
[3.092s] -- Up-to-date: /home/eternal/ros2_ws/install/more_interfaces/share/ament_index/resource_index/packages/more_interfaces
[3.092s] -- Up-to-date: /home/eternal/ros2_ws/install/more_interfaces/share/more_interfaces/cmake/export_more_interfaces__rosidl_generator_cExport.cmake
[3.092s] -- Up-to-date: /home/eternal/ros2_ws/install/more_interfaces/share/more_interfaces/cmake/export_more_interfaces__rosidl_generator_cExport-noconfig.cmake
[3.092s] -- Up-to-date: /home/eternal/ros2_ws/install/more_interfaces/share/more_interfaces/cmake/export_more_interfaces__rosidl_typesupport_fastrtps_cExport.cmake
[3.092s] -- Up-to-date: /home/eternal/ros2_ws/install/more_interfaces/share/more_interfaces/cmake/export_more_interfaces__rosidl_typesupport_fastrtps_cExport-noconfig.cmake
[3.092s] -- Up-to-date: /home/eternal/ros2_ws/install/more_interfaces/share/more_interfaces/cmake/more_interfaces__rosidl_typesupport_introspection_cExport.cmake
[3.092s] -- Up-to-date: /home/eternal/ros2_ws/install/more_interfaces/share/more_interfaces/cmake/more_interfaces__rosidl_typesupport_introspection_cExport-noconfig.cmake
[3.092s] -- Up-to-date: /home/eternal/ros2_ws/install/more_interfaces/share/more_interfaces/cmake/more_interfaces__rosidl_typesupport_cExport.cmake
[3.092s] -- Up-to-date: /home/eternal/ros2_ws/install/more_interfaces/share/more_interfaces/cmake/more_interfaces__rosidl_typesupport_cExport-noconfig.cmake
[3.092s] -- Up-to-date: /home/eternal/ros2_ws/install/more_interfaces/share/more_interfaces/cmake/export_more_interfaces__rosidl_generator_cppExport.cmake
[3.092s] -- Up-to-date: /home/eternal/ros2_ws/install/more_interfaces/share/more_interfaces/cmake/export_more_interfaces__rosidl_typesupport_fastrtps_cppExport.cmake
[3.092s] -- Up-to-date: /home/eternal/ros2_ws/install/more_interfaces/share/more_interfaces/cmake/export_more_interfaces__rosidl_typesupport_fastrtps_cppExport-noconfig.cmake
[3.092s] -- Up-to-date: /home/eternal/ros2_ws/install/more_interfaces/share/more_interfaces/cmake/more_interfaces__rosidl_typesupport_introspection_cppExport.cmake
[3.092s] -- Up-to-date: /home/eternal/ros2_ws/install/more_interfaces/share/more_interfaces/cmake/more_interfaces__rosidl_typesupport_introspection_cppExport-noconfig.cmake
[3.092s] -- Up-to-date: /home/eternal/ros2_ws/install/more_interfaces/share/more_interfaces/cmake/more_interfaces__rosidl_typesupport_cppExport.cmake
[3.092s] -- Up-to-date: /home/eternal/ros2_ws/install/more_interfaces/share/more_interfaces/cmake/more_interfaces__rosidl_typesupport_cppExport-noconfig.cmake
[3.093s] -- Up-to-date: /home/eternal/ros2_ws/install/more_interfaces/share/more_interfaces/cmake/export_more_interfaces__rosidl_generator_pyExport.cmake
[3.093s] -- Up-to-date: /home/eternal/ros2_ws/install/more_interfaces/share/more_interfaces/cmake/export_more_interfaces__rosidl_generator_pyExport-noconfig.cmake
[3.093s] -- Up-to-date: /home/eternal/ros2_ws/install/more_interfaces/share/more_interfaces/cmake/rosidl_cmake-extras.cmake
[3.093s] -- Up-to-date: /home/eternal/ros2_ws/install/more_interfaces/share/more_interfaces/cmake/ament_cmake_export_include_directories-extras.cmake
[3.093s] -- Up-to-date: /home/eternal/ros2_ws/install/more_interfaces/share/more_interfaces/cmake/ament_cmake_export_libraries-extras.cmake
[3.093s] -- Up-to-date: /home/eternal/ros2_ws/install/more_interfaces/share/more_interfaces/cmake/ament_cmake_export_targets-extras.cmake
[3.093s] -- Up-to-date: /home/eternal/ros2_ws/install/more_interfaces/share/more_interfaces/cmake/rosidl_cmake_export_typesupport_targets-extras.cmake
[3.093s] -- Up-to-date: /home/eternal/ros2_ws/install/more_interfaces/share/more_interfaces/cmake/ament_cmake_export_dependencies-extras.cmake
[3.093s] -- Up-to-date: /home/eternal/ros2_ws/install/more_interfaces/share/more_interfaces/cmake/rosidl_cmake_export_typesupport_libraries-extras.cmake
[3.093s] -- Up-to-date: /home/eternal/ros2_ws/install/more_interfaces/share/more_interfaces/cmake/more_interfacesConfig.cmake
[3.093s] -- Up-to-date: /home/eternal/ros2_ws/install/more_interfaces/share/more_interfaces/cmake/more_interfacesConfig-version.cmake
[3.093s] -- Up-to-date: /home/eternal/ros2_ws/install/more_interfaces/share/more_interfaces/package.xml
[3.114s] Invoked command in '/home/eternal/ros2_ws/build/more_interfaces' returned '0': CMAKE_PREFIX_PATH=/opt/ros/humble /usr/bin/cmake --install /home/eternal/ros2_ws/build/more_interfaces
