[0.976s] Invoking command in '/home/eternal/ros2_ws/build/more_interfaces': CMAKE_PREFIX_PATH=/opt/ros/humble /usr/bin/cmake --build /home/eternal/ros2_ws/build/more_interfaces -- -j16 -l16
[2.817s] [  6%] Built target more_interfaces__cpp
[2.817s] [ 12%] Built target more_interfaces__rosidl_generator_c
[2.817s] [ 12%] Built target ament_cmake_python_copy_more_interfaces
[2.817s] [ 21%] Built target more_interfaces__rosidl_typesupport_introspection_c
[2.817s] [ 30%] Built target more_interfaces__rosidl_typesupport_fastrtps_cpp
[2.817s] [ 39%] Built target more_interfaces__rosidl_typesupport_c
[2.817s] [ 48%] Built target more_interfaces__rosidl_typesupport_fastrtps_c
[2.817s] [ 57%] Built target more_interfaces__rosidl_typesupport_introspection_cpp
[2.817s] [ 66%] Built target more_interfaces__rosidl_typesupport_cpp
[2.817s] [ 66%] Built target more_interfaces
[2.817s] [ 72%] Built target publish_address_book
[2.817s] [ 75%] Built target more_interfaces__py
[2.817s] [ 81%] Built target more_interfaces__rosidl_generator_py
[2.817s] [ 87%] Built target more_interfaces__rosidl_typesupport_introspection_c__pyext
[2.817s] [ 93%] Built target more_interfaces__rosidl_typesupport_c__pyext
[2.817s] [100%] Built target more_interfaces__rosidl_typesupport_fastrtps_c__pyext
[2.818s] running egg_info
[2.818s] writing more_interfaces.egg-info/PKG-INFO
[2.818s] writing dependency_links to more_interfaces.egg-info/dependency_links.txt
[2.818s] writing top-level names to more_interfaces.egg-info/top_level.txt
[2.818s] reading manifest file 'more_interfaces.egg-info/SOURCES.txt'
[2.818s] writing manifest file 'more_interfaces.egg-info/SOURCES.txt'
[2.818s] [100%] Built target ament_cmake_python_build_more_interfaces_egg
[2.818s] listing git files failed - pretending there aren't any
[2.825s] Invoked command in '/home/eternal/ros2_ws/build/more_interfaces' returned '0': CMAKE_PREFIX_PATH=/opt/ros/humble /usr/bin/cmake --build /home/eternal/ros2_ws/build/more_interfaces -- -j16 -l16
