[0.045s] Invoking command in '/home/eternal/ros2_ws/build/polygon_base': CMAKE_PREFIX_PATH=${CMAKE_PREFIX_PATH}:/home/eternal/ros2_ws/install/learning_tf2_py:/home/eternal/ros2_ws/install/python_parameters:/home/eternal/ros2_ws/install/py_srvcli:/home/eternal/ros2_ws/install/py_pubsub:/home/eternal/ros2_ws/install/py_launch_example:/home/eternal/ros2_ws/install/launch_tutorial:/home/eternal/ros2_ws/install/imu_filter_pkg:/opt/ros/humble /usr/bin/cmake --build /home/eternal/ros2_ws/build/polygon_base -- -j16 -l16
[0.166s] [100%] Built target area_node
[0.700s] Invoked command in '/home/eternal/ros2_ws/build/polygon_base' returned '0': CMAKE_PREFIX_PATH=${CMAKE_PREFIX_PATH}:/home/eternal/ros2_ws/install/learning_tf2_py:/home/eternal/ros2_ws/install/python_parameters:/home/eternal/ros2_ws/install/py_srvcli:/home/eternal/ros2_ws/install/py_pubsub:/home/eternal/ros2_ws/install/py_launch_example:/home/eternal/ros2_ws/install/launch_tutorial:/home/eternal/ros2_ws/install/imu_filter_pkg:/opt/ros/humble /usr/bin/cmake --build /home/eternal/ros2_ws/build/polygon_base -- -j16 -l16
[0.730s] Invoking command in '/home/eternal/ros2_ws/build/polygon_base': CMAKE_PREFIX_PATH=${CMAKE_PREFIX_PATH}:/home/eternal/ros2_ws/install/learning_tf2_py:/home/eternal/ros2_ws/install/python_parameters:/home/eternal/ros2_ws/install/py_srvcli:/home/eternal/ros2_ws/install/py_pubsub:/home/eternal/ros2_ws/install/py_launch_example:/home/eternal/ros2_ws/install/launch_tutorial:/home/eternal/ros2_ws/install/imu_filter_pkg:/opt/ros/humble /usr/bin/cmake --install /home/eternal/ros2_ws/build/polygon_base
[0.748s] -- Install configuration: ""
[0.749s] -- Execute custom install script
[0.749s] -- Up-to-date symlink: /home/eternal/ros2_ws/install/polygon_base/include/polygon_base/regular_polygon.hpp
[0.749s] -- Up-to-date symlink: /home/eternal/ros2_ws/install/polygon_base/lib/polygon_base/area_node
[0.750s] -- Up-to-date symlink: /home/eternal/ros2_ws/install/polygon_base/share/ament_index/resource_index/package_run_dependencies/polygon_base
[0.750s] -- Up-to-date symlink: /home/eternal/ros2_ws/install/polygon_base/share/ament_index/resource_index/parent_prefix_path/polygon_base
[0.750s] -- Up-to-date symlink: /home/eternal/ros2_ws/install/polygon_base/share/polygon_base/environment/ament_prefix_path.sh
[0.750s] -- Up-to-date symlink: /home/eternal/ros2_ws/install/polygon_base/share/polygon_base/environment/ament_prefix_path.dsv
[0.750s] -- Up-to-date symlink: /home/eternal/ros2_ws/install/polygon_base/share/polygon_base/environment/path.sh
[0.750s] -- Up-to-date symlink: /home/eternal/ros2_ws/install/polygon_base/share/polygon_base/environment/path.dsv
[0.750s] -- Up-to-date symlink: /home/eternal/ros2_ws/install/polygon_base/share/polygon_base/local_setup.bash
[0.750s] -- Up-to-date symlink: /home/eternal/ros2_ws/install/polygon_base/share/polygon_base/local_setup.sh
[0.750s] -- Up-to-date symlink: /home/eternal/ros2_ws/install/polygon_base/share/polygon_base/local_setup.zsh
[0.750s] -- Up-to-date symlink: /home/eternal/ros2_ws/install/polygon_base/share/polygon_base/local_setup.dsv
[0.750s] -- Symlinking: /home/eternal/ros2_ws/install/polygon_base/share/polygon_base/package.dsv
[0.757s] -- Up-to-date symlink: /home/eternal/ros2_ws/install/polygon_base/share/ament_index/resource_index/packages/polygon_base
[0.758s] -- Up-to-date symlink: /home/eternal/ros2_ws/install/polygon_base/share/polygon_base/cmake/ament_cmake_export_include_directories-extras.cmake
[0.758s] -- Up-to-date symlink: /home/eternal/ros2_ws/install/polygon_base/share/polygon_base/cmake/polygon_baseConfig.cmake
[0.758s] -- Up-to-date symlink: /home/eternal/ros2_ws/install/polygon_base/share/polygon_base/cmake/polygon_baseConfig-version.cmake
[0.758s] -- Up-to-date symlink: /home/eternal/ros2_ws/install/polygon_base/share/polygon_base/package.xml
[0.800s] Invoked command in '/home/eternal/ros2_ws/build/polygon_base' returned '0': CMAKE_PREFIX_PATH=${CMAKE_PREFIX_PATH}:/home/eternal/ros2_ws/install/learning_tf2_py:/home/eternal/ros2_ws/install/python_parameters:/home/eternal/ros2_ws/install/py_srvcli:/home/eternal/ros2_ws/install/py_pubsub:/home/eternal/ros2_ws/install/py_launch_example:/home/eternal/ros2_ws/install/launch_tutorial:/home/eternal/ros2_ws/install/imu_filter_pkg:/opt/ros/humble /usr/bin/cmake --install /home/eternal/ros2_ws/build/polygon_base
